<?xml version="1.0" encoding="UTF-8"?>
<!-- Generated by org.testng.reporters.JUnitXMLReporter -->
<testsuite hostname="DESKTOP-JEV6767" ignored="0" name=" CVS PhotoPageTest" tests="10" failures="2" timestamp="07 Mar 2019 07:47:29 GMT" time="179.038" errors="0">
  <testcase name="verifyPhotoUploadTest" time="6.629" classname="com.cvs.qa.testcases.PhotoPageTest">
    <skipped/>
  </testcase> <!-- verifyPhotoUploadTest -->
  <testcase name="verifyPhotoUploadTest" time="12.614" classname="com.cvs.qa.testcases.PhotoPageTest">
    <skipped/>
  </testcase> <!-- verifyPhotoUploadTest -->
  <testcase name="verifyPhotoUploadTest" time="12.904" classname="com.cvs.qa.testcases.PhotoPageTest">
    <skipped/>
  </testcase> <!-- verifyPhotoUploadTest -->
  <testcase name="verifyPhotoUploadTest" time="13.023" classname="com.cvs.qa.testcases.PhotoPageTest">
    <failure type="org.openqa.selenium.ElementNotVisibleException" message="element not interactable
  (Session info: chrome=72.0.3626.119)
  (Driver info: chromedriver=2.42.591088 (7b2b2dca23cca0862f674758c9a3933e685c27d5),platform=Windows NT 10.0.17134 x86_64) (WARNING: The server did not provide any stacktrace information)
Command duration or timeout: 0 milliseconds
Build info: version: &amp;apos;3.14.0&amp;apos;, revision: &amp;apos;aacccce0&amp;apos;, time: &amp;apos;2018-08-02T20:19:58.91Z&amp;apos;
System info: host: &amp;apos;DESKTOP-JEV6767&amp;apos;, ip: &amp;apos;192.168.1.3&amp;apos;, os.name: &amp;apos;Windows 10&amp;apos;, os.arch: &amp;apos;amd64&amp;apos;, os.version: &amp;apos;10.0&amp;apos;, java.version: &amp;apos;1.8.0_171&amp;apos;
Driver info: org.openqa.selenium.chrome.ChromeDriver
Capabilities {acceptInsecureCerts: false, acceptSslCerts: false, applicationCacheEnabled: false, browserConnectionEnabled: false, browserName: chrome, chrome: {chromedriverVersion: 2.42.591088 (7b2b2dca23cca0..., userDataDir: C:\Users\JAVALE~1\AppData\L...}, cssSelectorsEnabled: true, databaseEnabled: false, goog:chromeOptions: {debuggerAddress: localhost:63201}, handlesAlerts: true, hasTouchScreen: false, javascriptEnabled: true, locationContextEnabled: true, mobileEmulationEnabled: false, nativeEvents: true, networkConnectionEnabled: false, pageLoadStrategy: normal, platform: XP, platformName: XP, rotatable: false, setWindowRect: true, takesHeapSnapshot: true, takesScreenshot: true, unexpectedAlertBehaviour: , unhandledPromptBehavior: , version: 72.0.3626.119, webStorageEnabled: true}
Session ID: 2c3a22dc97b5c9cf3389e4cbdb3489a7">
      <![CDATA[org.openqa.selenium.ElementNotVisibleException: element not interactable
  (Session info: chrome=72.0.3626.119)
  (Driver info: chromedriver=2.42.591088 (7b2b2dca23cca0862f674758c9a3933e685c27d5),platform=Windows NT 10.0.17134 x86_64) (WARNING: The server did not provide any stacktrace information)
Command duration or timeout: 0 milliseconds
Build info: version: '3.14.0', revision: 'aacccce0', time: '2018-08-02T20:19:58.91Z'
System info: host: 'DESKTOP-JEV6767', ip: '192.168.1.3', os.name: 'Windows 10', os.arch: 'amd64', os.version: '10.0', java.version: '1.8.0_171'
Driver info: org.openqa.selenium.chrome.ChromeDriver
Capabilities {acceptInsecureCerts: false, acceptSslCerts: false, applicationCacheEnabled: false, browserConnectionEnabled: false, browserName: chrome, chrome: {chromedriverVersion: 2.42.591088 (7b2b2dca23cca0..., userDataDir: C:\Users\JAVALE~1\AppData\L...}, cssSelectorsEnabled: true, databaseEnabled: false, goog:chromeOptions: {debuggerAddress: localhost:63201}, handlesAlerts: true, hasTouchScreen: false, javascriptEnabled: true, locationContextEnabled: true, mobileEmulationEnabled: false, nativeEvents: true, networkConnectionEnabled: false, pageLoadStrategy: normal, platform: XP, platformName: XP, rotatable: false, setWindowRect: true, takesHeapSnapshot: true, takesScreenshot: true, unexpectedAlertBehaviour: , unhandledPromptBehavior: , version: 72.0.3626.119, webStorageEnabled: true}
Session ID: 2c3a22dc97b5c9cf3389e4cbdb3489a7
at org.openqa.selenium.remote.ErrorHandler.createThrowable(ErrorHandler.java:214)
at org.openqa.selenium.remote.ErrorHandler.throwIfResponseFailed(ErrorHandler.java:166)
at org.openqa.selenium.remote.http.JsonHttpResponseCodec.reconstructValue(JsonHttpResponseCodec.java:40)
at org.openqa.selenium.remote.http.AbstractHttpResponseCodec.decode(AbstractHttpResponseCodec.java:80)
at org.openqa.selenium.remote.http.AbstractHttpResponseCodec.decode(AbstractHttpResponseCodec.java:44)
at org.openqa.selenium.remote.HttpCommandExecutor.execute(HttpCommandExecutor.java:158)
at org.openqa.selenium.remote.service.DriverCommandExecutor.execute(DriverCommandExecutor.java:83)
at org.openqa.selenium.remote.RemoteWebDriver.execute(RemoteWebDriver.java:548)
at org.openqa.selenium.remote.RemoteWebElement.execute(RemoteWebElement.java:276)
at org.openqa.selenium.remote.RemoteWebElement.click(RemoteWebElement.java:83)
at org.openqa.selenium.support.events.EventFiringWebDriver$EventFiringWebElement.lambda$new$0(EventFiringWebDriver.java:403)
at com.sun.proxy.$Proxy13.click(Unknown Source)
at org.openqa.selenium.support.events.EventFiringWebDriver$EventFiringWebElement.click(EventFiringWebDriver.java:416)
at org.openqa.selenium.support.pagefactory.internal.LocatingElementHandler.invoke(LocatingElementHandler.java:51)
at com.sun.proxy.$Proxy12.click(Unknown Source)
at com.cvs.qa.pages.Photo.uploadPhoto(Photo.java:86)
at com.cvs.qa.testcases.PhotoPageTest.verifyPhotoUploadTest(PhotoPageTest.java:47)
... Removed 35 stack frames]]>
    </failure>
  </testcase> <!-- verifyPhotoUploadTest -->
  <testcase name="verifyPhotoPageTitleTest" time="7.271" classname="com.cvs.qa.testcases.PhotoPageTest"/>
  <testcase name="verifyShopNowPicLinkTest" time="7.817" classname="com.cvs.qa.testcases.PhotoPageTest"/>
  <testcase name="verifyPhotoPageHomeTitleTest" time="11.069" classname="com.cvs.qa.testcases.PhotoPageTest">
    <skipped/>
  </testcase> <!-- verifyPhotoPageHomeTitleTest -->
  <testcase name="verifyPhotoPageHomeTitleTest" time="13.209" classname="com.cvs.qa.testcases.PhotoPageTest">
    <skipped/>
  </testcase> <!-- verifyPhotoPageHomeTitleTest -->
  <testcase name="verifyPhotoPageHomeTitleTest" time="11.084" classname="com.cvs.qa.testcases.PhotoPageTest">
    <skipped/>
  </testcase> <!-- verifyPhotoPageHomeTitleTest -->
  <testcase name="verifyPhotoPageHomeTitleTest" time="12.504" classname="com.cvs.qa.testcases.PhotoPageTest">
    <failure type="java.lang.AssertionError" message="expected [Photo Printing Services | Print Photos Online | CVS Photo] but found [CVS Photo: Photo Prints | Passport Photos | Photo Cards | Photo Books]">
      <![CDATA[java.lang.AssertionError: expected [Photo Printing Services | Print Photos Online | CVS Photo] but found [CVS Photo: Photo Prints | Passport Photos | Photo Cards | Photo Books]
at com.cvs.qa.testcases.PhotoPageTest.verifyPhotoPageHomeTitleTest(PhotoPageTest.java:41)
... Removed 31 stack frames]]>
    </failure>
  </testcase> <!-- verifyPhotoPageHomeTitleTest -->
</testsuite> <!--  CVS PhotoPageTest -->
