<?xml version="1.0" encoding="UTF-8"?>
<!-- Generated by org.testng.reporters.JUnitXMLReporter -->
<testsuite hostname="DESKTOP-JEV6767" ignored="0" name=" CVS RegistrationPageTest" tests="17" failures="6" timestamp="31 Jan 2019 07:14:41 GMT" time="288.178" errors="0">
  <testcase name="verifyRegistrationPageTitle" time="3.075" classname="com.cvs.qa.testcases.RegistrationTest"/>
  <testcase name="registerCustomer" time="12.173" classname="com.cvs.qa.testcases.RegistrationTest">
    <skipped/>
  </testcase> <!-- registerCustomer -->
  <testcase name="registerCustomer" time="10.829" classname="com.cvs.qa.testcases.RegistrationTest">
    <skipped/>
  </testcase> <!-- registerCustomer -->
  <testcase name="registerCustomer" time="10.773" classname="com.cvs.qa.testcases.RegistrationTest">
    <skipped/>
  </testcase> <!-- registerCustomer -->
  <testcase name="registerCustomer" time="9.765" classname="com.cvs.qa.testcases.RegistrationTest">
    <failure type="org.openqa.selenium.WebDriverException" message="unknown error: Element &amp;lt;button type=&amp;quot;button&amp;quot; id=&amp;quot;continueAccount&amp;quot; ng-class=&amp;quot;{&amp;apos;disabled-button&amp;apos;: basicInfoForm.$invalid || profileExists || profileCheck || !digitsMatch || !match || showErrorConfirmPassword || !secAnsGood || passwordValidationFailure,
						&amp;apos;enabled-button&amp;apos;: basicInfoForm.$valid &amp;amp;amp;&amp;amp;amp; !profileExists}&amp;quot; ng-click=&amp;quot;contProfileForm(basicInfoFormDetail)&amp;quot; ng-hide=&amp;quot;blur&amp;quot; ng-disabled=&amp;quot;basicInfoForm.$invalid || profileExists || profileCheck || !digitsMatch || !match || showErrorConfirmPassword || !secAnsGood || passwordValidationFailure&amp;quot; class=&amp;quot;ng-binding disabled-button&amp;quot; disabled=&amp;quot;disabled&amp;quot;&amp;gt;...&amp;lt;/button&amp;gt; is not clickable at point (759, 606). Other element would receive the click: &amp;lt;div class=&amp;quot;col-xs-12&amp;quot; ng-hide=&amp;quot;!displayFormFields(&amp;apos;continueButton&amp;apos;)&amp;quot; style=&amp;quot;&amp;quot;&amp;gt;...&amp;lt;/div&amp;gt;
  (Session info: chrome=71.0.3578.98)
  (Driver info: chromedriver=2.42.591088 (7b2b2dca23cca0862f674758c9a3933e685c27d5),platform=Windows NT 10.0.17134 x86_64) (WARNING: The server did not provide any stacktrace information)
Command duration or timeout: 0 milliseconds
Build info: version: &amp;apos;3.14.0&amp;apos;, revision: &amp;apos;aacccce0&amp;apos;, time: &amp;apos;2018-08-02T20:19:58.91Z&amp;apos;
System info: host: &amp;apos;DESKTOP-JEV6767&amp;apos;, ip: &amp;apos;192.168.1.6&amp;apos;, os.name: &amp;apos;Windows 10&amp;apos;, os.arch: &amp;apos;amd64&amp;apos;, os.version: &amp;apos;10.0&amp;apos;, java.version: &amp;apos;1.8.0_171&amp;apos;
Driver info: org.openqa.selenium.chrome.ChromeDriver
Capabilities {acceptInsecureCerts: false, acceptSslCerts: false, applicationCacheEnabled: false, browserConnectionEnabled: false, browserName: chrome, chrome: {chromedriverVersion: 2.42.591088 (7b2b2dca23cca0..., userDataDir: C:\Users\JAVALE~1\AppData\L...}, cssSelectorsEnabled: true, databaseEnabled: false, goog:chromeOptions: {debuggerAddress: localhost:53883}, handlesAlerts: true, hasTouchScreen: false, javascriptEnabled: true, locationContextEnabled: true, mobileEmulationEnabled: false, nativeEvents: true, networkConnectionEnabled: false, pageLoadStrategy: normal, platform: XP, platformName: XP, rotatable: false, setWindowRect: true, takesHeapSnapshot: true, takesScreenshot: true, unexpectedAlertBehaviour: , unhandledPromptBehavior: , version: 71.0.3578.98, webStorageEnabled: true}
Session ID: 0425357d9d29ba08bf515becbba64949">
      <![CDATA[org.openqa.selenium.WebDriverException: unknown error: Element <button type="button" id="continueAccount" ng-class="{'disabled-button': basicInfoForm.$invalid || profileExists || profileCheck || !digitsMatch || !match || showErrorConfirmPassword || !secAnsGood || passwordValidationFailure,
'enabled-button': basicInfoForm.$valid &amp;&amp; !profileExists}" ng-click="contProfileForm(basicInfoFormDetail)" ng-hide="blur" ng-disabled="basicInfoForm.$invalid || profileExists || profileCheck || !digitsMatch || !match || showErrorConfirmPassword || !secAnsGood || passwordValidationFailure" class="ng-binding disabled-button" disabled="disabled">...</button> is not clickable at point (759, 606). Other element would receive the click: <div class="col-xs-12" ng-hide="!displayFormFields('continueButton')" style="">...</div>
  (Session info: chrome=71.0.3578.98)
  (Driver info: chromedriver=2.42.591088 (7b2b2dca23cca0862f674758c9a3933e685c27d5),platform=Windows NT 10.0.17134 x86_64) (WARNING: The server did not provide any stacktrace information)
Command duration or timeout: 0 milliseconds
Build info: version: '3.14.0', revision: 'aacccce0', time: '2018-08-02T20:19:58.91Z'
System info: host: 'DESKTOP-JEV6767', ip: '192.168.1.6', os.name: 'Windows 10', os.arch: 'amd64', os.version: '10.0', java.version: '1.8.0_171'
Driver info: org.openqa.selenium.chrome.ChromeDriver
Capabilities {acceptInsecureCerts: false, acceptSslCerts: false, applicationCacheEnabled: false, browserConnectionEnabled: false, browserName: chrome, chrome: {chromedriverVersion: 2.42.591088 (7b2b2dca23cca0..., userDataDir: C:\Users\JAVALE~1\AppData\L...}, cssSelectorsEnabled: true, databaseEnabled: false, goog:chromeOptions: {debuggerAddress: localhost:53883}, handlesAlerts: true, hasTouchScreen: false, javascriptEnabled: true, locationContextEnabled: true, mobileEmulationEnabled: false, nativeEvents: true, networkConnectionEnabled: false, pageLoadStrategy: normal, platform: XP, platformName: XP, rotatable: false, setWindowRect: true, takesHeapSnapshot: true, takesScreenshot: true, unexpectedAlertBehaviour: , unhandledPromptBehavior: , version: 71.0.3578.98, webStorageEnabled: true}
Session ID: 0425357d9d29ba08bf515becbba64949
at org.openqa.selenium.remote.ErrorHandler.createThrowable(ErrorHandler.java:214)
at org.openqa.selenium.remote.ErrorHandler.throwIfResponseFailed(ErrorHandler.java:166)
at org.openqa.selenium.remote.http.JsonHttpResponseCodec.reconstructValue(JsonHttpResponseCodec.java:40)
at org.openqa.selenium.remote.http.AbstractHttpResponseCodec.decode(AbstractHttpResponseCodec.java:80)
at org.openqa.selenium.remote.http.AbstractHttpResponseCodec.decode(AbstractHttpResponseCodec.java:44)
at org.openqa.selenium.remote.HttpCommandExecutor.execute(HttpCommandExecutor.java:158)
at org.openqa.selenium.remote.service.DriverCommandExecutor.execute(DriverCommandExecutor.java:83)
at org.openqa.selenium.remote.RemoteWebDriver.execute(RemoteWebDriver.java:548)
at org.openqa.selenium.remote.RemoteWebElement.execute(RemoteWebElement.java:276)
at org.openqa.selenium.remote.RemoteWebElement.click(RemoteWebElement.java:83)
at org.openqa.selenium.support.events.EventFiringWebDriver$EventFiringWebElement.lambda$new$0(EventFiringWebDriver.java:403)
at com.sun.proxy.$Proxy13.click(Unknown Source)
at org.openqa.selenium.support.events.EventFiringWebDriver$EventFiringWebElement.click(EventFiringWebDriver.java:416)
at org.openqa.selenium.support.pagefactory.internal.LocatingElementHandler.invoke(LocatingElementHandler.java:51)
at com.sun.proxy.$Proxy12.click(Unknown Source)
at com.cvs.qa.pages.Registration.clickContinue(Registration.java:153)
at com.cvs.qa.testcases.RegistrationTest.registerCustomer(RegistrationTest.java:59)
... Removed 35 stack frames]]>
    </failure>
  </testcase> <!-- registerCustomer -->
  <testcase name="registerMultipleCustomer" time="7.38" classname="com.cvs.qa.testcases.RegistrationTest">
    <skipped/>
  </testcase> <!-- registerMultipleCustomer -->
  <testcase name="registerMultipleCustomer" time="6.923" classname="com.cvs.qa.testcases.RegistrationTest">
    <skipped/>
  </testcase> <!-- registerMultipleCustomer -->
  <testcase name="registerMultipleCustomer" time="7.138" classname="com.cvs.qa.testcases.RegistrationTest">
    <skipped/>
  </testcase> <!-- registerMultipleCustomer -->
  <testcase name="registerMultipleCustomer" time="6.995" classname="com.cvs.qa.testcases.RegistrationTest">
    <failure type="org.openqa.selenium.WebDriverException" message="unknown error: Element &amp;lt;button type=&amp;quot;button&amp;quot; id=&amp;quot;continueAccount&amp;quot; ng-class=&amp;quot;{&amp;apos;disabled-button&amp;apos;: basicInfoForm.$invalid || profileExists || profileCheck || !digitsMatch || !match || showErrorConfirmPassword || !secAnsGood || passwordValidationFailure,
						&amp;apos;enabled-button&amp;apos;: basicInfoForm.$valid &amp;amp;amp;&amp;amp;amp; !profileExists}&amp;quot; ng-click=&amp;quot;contProfileForm(basicInfoFormDetail)&amp;quot; ng-hide=&amp;quot;blur&amp;quot; ng-disabled=&amp;quot;basicInfoForm.$invalid || profileExists || profileCheck || !digitsMatch || !match || showErrorConfirmPassword || !secAnsGood || passwordValidationFailure&amp;quot; class=&amp;quot;ng-binding disabled-button&amp;quot; disabled=&amp;quot;disabled&amp;quot;&amp;gt;...&amp;lt;/button&amp;gt; is not clickable at point (759, 606). Other element would receive the click: &amp;lt;div class=&amp;quot;col-xs-12&amp;quot; ng-hide=&amp;quot;!displayFormFields(&amp;apos;continueButton&amp;apos;)&amp;quot; style=&amp;quot;&amp;quot;&amp;gt;...&amp;lt;/div&amp;gt;
  (Session info: chrome=71.0.3578.98)
  (Driver info: chromedriver=2.42.591088 (7b2b2dca23cca0862f674758c9a3933e685c27d5),platform=Windows NT 10.0.17134 x86_64) (WARNING: The server did not provide any stacktrace information)
Command duration or timeout: 0 milliseconds
Build info: version: &amp;apos;3.14.0&amp;apos;, revision: &amp;apos;aacccce0&amp;apos;, time: &amp;apos;2018-08-02T20:19:58.91Z&amp;apos;
System info: host: &amp;apos;DESKTOP-JEV6767&amp;apos;, ip: &amp;apos;192.168.1.6&amp;apos;, os.name: &amp;apos;Windows 10&amp;apos;, os.arch: &amp;apos;amd64&amp;apos;, os.version: &amp;apos;10.0&amp;apos;, java.version: &amp;apos;1.8.0_171&amp;apos;
Driver info: org.openqa.selenium.chrome.ChromeDriver
Capabilities {acceptInsecureCerts: false, acceptSslCerts: false, applicationCacheEnabled: false, browserConnectionEnabled: false, browserName: chrome, chrome: {chromedriverVersion: 2.42.591088 (7b2b2dca23cca0..., userDataDir: C:\Users\JAVALE~1\AppData\L...}, cssSelectorsEnabled: true, databaseEnabled: false, goog:chromeOptions: {debuggerAddress: localhost:54086}, handlesAlerts: true, hasTouchScreen: false, javascriptEnabled: true, locationContextEnabled: true, mobileEmulationEnabled: false, nativeEvents: true, networkConnectionEnabled: false, pageLoadStrategy: normal, platform: XP, platformName: XP, rotatable: false, setWindowRect: true, takesHeapSnapshot: true, takesScreenshot: true, unexpectedAlertBehaviour: , unhandledPromptBehavior: , version: 71.0.3578.98, webStorageEnabled: true}
Session ID: b0570138359c5c37701f506b36f34873">
      <![CDATA[org.openqa.selenium.WebDriverException: unknown error: Element <button type="button" id="continueAccount" ng-class="{'disabled-button': basicInfoForm.$invalid || profileExists || profileCheck || !digitsMatch || !match || showErrorConfirmPassword || !secAnsGood || passwordValidationFailure,
'enabled-button': basicInfoForm.$valid &amp;&amp; !profileExists}" ng-click="contProfileForm(basicInfoFormDetail)" ng-hide="blur" ng-disabled="basicInfoForm.$invalid || profileExists || profileCheck || !digitsMatch || !match || showErrorConfirmPassword || !secAnsGood || passwordValidationFailure" class="ng-binding disabled-button" disabled="disabled">...</button> is not clickable at point (759, 606). Other element would receive the click: <div class="col-xs-12" ng-hide="!displayFormFields('continueButton')" style="">...</div>
  (Session info: chrome=71.0.3578.98)
  (Driver info: chromedriver=2.42.591088 (7b2b2dca23cca0862f674758c9a3933e685c27d5),platform=Windows NT 10.0.17134 x86_64) (WARNING: The server did not provide any stacktrace information)
Command duration or timeout: 0 milliseconds
Build info: version: '3.14.0', revision: 'aacccce0', time: '2018-08-02T20:19:58.91Z'
System info: host: 'DESKTOP-JEV6767', ip: '192.168.1.6', os.name: 'Windows 10', os.arch: 'amd64', os.version: '10.0', java.version: '1.8.0_171'
Driver info: org.openqa.selenium.chrome.ChromeDriver
Capabilities {acceptInsecureCerts: false, acceptSslCerts: false, applicationCacheEnabled: false, browserConnectionEnabled: false, browserName: chrome, chrome: {chromedriverVersion: 2.42.591088 (7b2b2dca23cca0..., userDataDir: C:\Users\JAVALE~1\AppData\L...}, cssSelectorsEnabled: true, databaseEnabled: false, goog:chromeOptions: {debuggerAddress: localhost:54086}, handlesAlerts: true, hasTouchScreen: false, javascriptEnabled: true, locationContextEnabled: true, mobileEmulationEnabled: false, nativeEvents: true, networkConnectionEnabled: false, pageLoadStrategy: normal, platform: XP, platformName: XP, rotatable: false, setWindowRect: true, takesHeapSnapshot: true, takesScreenshot: true, unexpectedAlertBehaviour: , unhandledPromptBehavior: , version: 71.0.3578.98, webStorageEnabled: true}
Session ID: b0570138359c5c37701f506b36f34873
at org.openqa.selenium.remote.ErrorHandler.createThrowable(ErrorHandler.java:214)
at org.openqa.selenium.remote.ErrorHandler.throwIfResponseFailed(ErrorHandler.java:166)
at org.openqa.selenium.remote.http.JsonHttpResponseCodec.reconstructValue(JsonHttpResponseCodec.java:40)
at org.openqa.selenium.remote.http.AbstractHttpResponseCodec.decode(AbstractHttpResponseCodec.java:80)
at org.openqa.selenium.remote.http.AbstractHttpResponseCodec.decode(AbstractHttpResponseCodec.java:44)
at org.openqa.selenium.remote.HttpCommandExecutor.execute(HttpCommandExecutor.java:158)
at org.openqa.selenium.remote.service.DriverCommandExecutor.execute(DriverCommandExecutor.java:83)
at org.openqa.selenium.remote.RemoteWebDriver.execute(RemoteWebDriver.java:548)
at org.openqa.selenium.remote.RemoteWebElement.execute(RemoteWebElement.java:276)
at org.openqa.selenium.remote.RemoteWebElement.click(RemoteWebElement.java:83)
at org.openqa.selenium.support.events.EventFiringWebDriver$EventFiringWebElement.lambda$new$0(EventFiringWebDriver.java:403)
at com.sun.proxy.$Proxy13.click(Unknown Source)
at org.openqa.selenium.support.events.EventFiringWebDriver$EventFiringWebElement.click(EventFiringWebDriver.java:416)
at org.openqa.selenium.support.pagefactory.internal.LocatingElementHandler.invoke(LocatingElementHandler.java:51)
at com.sun.proxy.$Proxy12.click(Unknown Source)
at com.cvs.qa.pages.Registration.clickContinue(Registration.java:153)
at com.cvs.qa.testcases.RegistrationTest.registerMultipleCustomer(RegistrationTest.java:80)
... Removed 35 stack frames]]>
    </failure>
  </testcase> <!-- registerMultipleCustomer -->
  <testcase name="registerMultipleCustomer" time="13.825" classname="com.cvs.qa.testcases.RegistrationTest"/>
  <testcase name="registerMultipleCustomer" time="6.622" classname="com.cvs.qa.testcases.RegistrationTest">
    <failure type="org.openqa.selenium.WebDriverException" message="unknown error: Element &amp;lt;button type=&amp;quot;button&amp;quot; id=&amp;quot;continueAccount&amp;quot; ng-class=&amp;quot;{&amp;apos;disabled-button&amp;apos;: basicInfoForm.$invalid || profileExists || profileCheck || !digitsMatch || !match || showErrorConfirmPassword || !secAnsGood || passwordValidationFailure,
						&amp;apos;enabled-button&amp;apos;: basicInfoForm.$valid &amp;amp;amp;&amp;amp;amp; !profileExists}&amp;quot; ng-click=&amp;quot;contProfileForm(basicInfoFormDetail)&amp;quot; ng-hide=&amp;quot;blur&amp;quot; ng-disabled=&amp;quot;basicInfoForm.$invalid || profileExists || profileCheck || !digitsMatch || !match || showErrorConfirmPassword || !secAnsGood || passwordValidationFailure&amp;quot; class=&amp;quot;ng-binding disabled-button&amp;quot; disabled=&amp;quot;disabled&amp;quot;&amp;gt;...&amp;lt;/button&amp;gt; is not clickable at point (759, 606). Other element would receive the click: &amp;lt;div class=&amp;quot;col-xs-12&amp;quot; ng-hide=&amp;quot;!displayFormFields(&amp;apos;continueButton&amp;apos;)&amp;quot; style=&amp;quot;&amp;quot;&amp;gt;...&amp;lt;/div&amp;gt;
  (Session info: chrome=71.0.3578.98)
  (Driver info: chromedriver=2.42.591088 (7b2b2dca23cca0862f674758c9a3933e685c27d5),platform=Windows NT 10.0.17134 x86_64) (WARNING: The server did not provide any stacktrace information)
Command duration or timeout: 0 milliseconds
Build info: version: &amp;apos;3.14.0&amp;apos;, revision: &amp;apos;aacccce0&amp;apos;, time: &amp;apos;2018-08-02T20:19:58.91Z&amp;apos;
System info: host: &amp;apos;DESKTOP-JEV6767&amp;apos;, ip: &amp;apos;192.168.1.6&amp;apos;, os.name: &amp;apos;Windows 10&amp;apos;, os.arch: &amp;apos;amd64&amp;apos;, os.version: &amp;apos;10.0&amp;apos;, java.version: &amp;apos;1.8.0_171&amp;apos;
Driver info: org.openqa.selenium.chrome.ChromeDriver
Capabilities {acceptInsecureCerts: false, acceptSslCerts: false, applicationCacheEnabled: false, browserConnectionEnabled: false, browserName: chrome, chrome: {chromedriverVersion: 2.42.591088 (7b2b2dca23cca0..., userDataDir: C:\Users\JAVALE~1\AppData\L...}, cssSelectorsEnabled: true, databaseEnabled: false, goog:chromeOptions: {debuggerAddress: localhost:54186}, handlesAlerts: true, hasTouchScreen: false, javascriptEnabled: true, locationContextEnabled: true, mobileEmulationEnabled: false, nativeEvents: true, networkConnectionEnabled: false, pageLoadStrategy: normal, platform: XP, platformName: XP, rotatable: false, setWindowRect: true, takesHeapSnapshot: true, takesScreenshot: true, unexpectedAlertBehaviour: , unhandledPromptBehavior: , version: 71.0.3578.98, webStorageEnabled: true}
Session ID: 1c53c91c12ccf0e10e37b83338df34c2">
      <![CDATA[org.openqa.selenium.WebDriverException: unknown error: Element <button type="button" id="continueAccount" ng-class="{'disabled-button': basicInfoForm.$invalid || profileExists || profileCheck || !digitsMatch || !match || showErrorConfirmPassword || !secAnsGood || passwordValidationFailure,
'enabled-button': basicInfoForm.$valid &amp;&amp; !profileExists}" ng-click="contProfileForm(basicInfoFormDetail)" ng-hide="blur" ng-disabled="basicInfoForm.$invalid || profileExists || profileCheck || !digitsMatch || !match || showErrorConfirmPassword || !secAnsGood || passwordValidationFailure" class="ng-binding disabled-button" disabled="disabled">...</button> is not clickable at point (759, 606). Other element would receive the click: <div class="col-xs-12" ng-hide="!displayFormFields('continueButton')" style="">...</div>
  (Session info: chrome=71.0.3578.98)
  (Driver info: chromedriver=2.42.591088 (7b2b2dca23cca0862f674758c9a3933e685c27d5),platform=Windows NT 10.0.17134 x86_64) (WARNING: The server did not provide any stacktrace information)
Command duration or timeout: 0 milliseconds
Build info: version: '3.14.0', revision: 'aacccce0', time: '2018-08-02T20:19:58.91Z'
System info: host: 'DESKTOP-JEV6767', ip: '192.168.1.6', os.name: 'Windows 10', os.arch: 'amd64', os.version: '10.0', java.version: '1.8.0_171'
Driver info: org.openqa.selenium.chrome.ChromeDriver
Capabilities {acceptInsecureCerts: false, acceptSslCerts: false, applicationCacheEnabled: false, browserConnectionEnabled: false, browserName: chrome, chrome: {chromedriverVersion: 2.42.591088 (7b2b2dca23cca0..., userDataDir: C:\Users\JAVALE~1\AppData\L...}, cssSelectorsEnabled: true, databaseEnabled: false, goog:chromeOptions: {debuggerAddress: localhost:54186}, handlesAlerts: true, hasTouchScreen: false, javascriptEnabled: true, locationContextEnabled: true, mobileEmulationEnabled: false, nativeEvents: true, networkConnectionEnabled: false, pageLoadStrategy: normal, platform: XP, platformName: XP, rotatable: false, setWindowRect: true, takesHeapSnapshot: true, takesScreenshot: true, unexpectedAlertBehaviour: , unhandledPromptBehavior: , version: 71.0.3578.98, webStorageEnabled: true}
Session ID: 1c53c91c12ccf0e10e37b83338df34c2
at org.openqa.selenium.remote.ErrorHandler.createThrowable(ErrorHandler.java:214)
at org.openqa.selenium.remote.ErrorHandler.throwIfResponseFailed(ErrorHandler.java:166)
at org.openqa.selenium.remote.http.JsonHttpResponseCodec.reconstructValue(JsonHttpResponseCodec.java:40)
at org.openqa.selenium.remote.http.AbstractHttpResponseCodec.decode(AbstractHttpResponseCodec.java:80)
at org.openqa.selenium.remote.http.AbstractHttpResponseCodec.decode(AbstractHttpResponseCodec.java:44)
at org.openqa.selenium.remote.HttpCommandExecutor.execute(HttpCommandExecutor.java:158)
at org.openqa.selenium.remote.service.DriverCommandExecutor.execute(DriverCommandExecutor.java:83)
at org.openqa.selenium.remote.RemoteWebDriver.execute(RemoteWebDriver.java:548)
at org.openqa.selenium.remote.RemoteWebElement.execute(RemoteWebElement.java:276)
at org.openqa.selenium.remote.RemoteWebElement.click(RemoteWebElement.java:83)
at org.openqa.selenium.support.events.EventFiringWebDriver$EventFiringWebElement.lambda$new$0(EventFiringWebDriver.java:403)
at com.sun.proxy.$Proxy13.click(Unknown Source)
at org.openqa.selenium.support.events.EventFiringWebDriver$EventFiringWebElement.click(EventFiringWebDriver.java:416)
at org.openqa.selenium.support.pagefactory.internal.LocatingElementHandler.invoke(LocatingElementHandler.java:51)
at com.sun.proxy.$Proxy12.click(Unknown Source)
at com.cvs.qa.pages.Registration.clickContinue(Registration.java:153)
at com.cvs.qa.testcases.RegistrationTest.registerMultipleCustomer(RegistrationTest.java:80)
... Removed 35 stack frames]]>
    </failure>
  </testcase> <!-- registerMultipleCustomer -->
  <testcase name="registerMultipleCustomer" time="6.931" classname="com.cvs.qa.testcases.RegistrationTest">
    <failure type="org.openqa.selenium.WebDriverException" message="unknown error: Element &amp;lt;button type=&amp;quot;button&amp;quot; id=&amp;quot;continueAccount&amp;quot; ng-class=&amp;quot;{&amp;apos;disabled-button&amp;apos;: basicInfoForm.$invalid || profileExists || profileCheck || !digitsMatch || !match || showErrorConfirmPassword || !secAnsGood || passwordValidationFailure,
						&amp;apos;enabled-button&amp;apos;: basicInfoForm.$valid &amp;amp;amp;&amp;amp;amp; !profileExists}&amp;quot; ng-click=&amp;quot;contProfileForm(basicInfoFormDetail)&amp;quot; ng-hide=&amp;quot;blur&amp;quot; ng-disabled=&amp;quot;basicInfoForm.$invalid || profileExists || profileCheck || !digitsMatch || !match || showErrorConfirmPassword || !secAnsGood || passwordValidationFailure&amp;quot; class=&amp;quot;ng-binding disabled-button&amp;quot; disabled=&amp;quot;disabled&amp;quot;&amp;gt;...&amp;lt;/button&amp;gt; is not clickable at point (759, 606). Other element would receive the click: &amp;lt;div class=&amp;quot;col-xs-12&amp;quot; ng-hide=&amp;quot;!displayFormFields(&amp;apos;continueButton&amp;apos;)&amp;quot; style=&amp;quot;&amp;quot;&amp;gt;...&amp;lt;/div&amp;gt;
  (Session info: chrome=71.0.3578.98)
  (Driver info: chromedriver=2.42.591088 (7b2b2dca23cca0862f674758c9a3933e685c27d5),platform=Windows NT 10.0.17134 x86_64) (WARNING: The server did not provide any stacktrace information)
Command duration or timeout: 0 milliseconds
Build info: version: &amp;apos;3.14.0&amp;apos;, revision: &amp;apos;aacccce0&amp;apos;, time: &amp;apos;2018-08-02T20:19:58.91Z&amp;apos;
System info: host: &amp;apos;DESKTOP-JEV6767&amp;apos;, ip: &amp;apos;192.168.1.6&amp;apos;, os.name: &amp;apos;Windows 10&amp;apos;, os.arch: &amp;apos;amd64&amp;apos;, os.version: &amp;apos;10.0&amp;apos;, java.version: &amp;apos;1.8.0_171&amp;apos;
Driver info: org.openqa.selenium.chrome.ChromeDriver
Capabilities {acceptInsecureCerts: false, acceptSslCerts: false, applicationCacheEnabled: false, browserConnectionEnabled: false, browserName: chrome, chrome: {chromedriverVersion: 2.42.591088 (7b2b2dca23cca0..., userDataDir: C:\Users\JAVALE~1\AppData\L...}, cssSelectorsEnabled: true, databaseEnabled: false, goog:chromeOptions: {debuggerAddress: localhost:54269}, handlesAlerts: true, hasTouchScreen: false, javascriptEnabled: true, locationContextEnabled: true, mobileEmulationEnabled: false, nativeEvents: true, networkConnectionEnabled: false, pageLoadStrategy: normal, platform: XP, platformName: XP, rotatable: false, setWindowRect: true, takesHeapSnapshot: true, takesScreenshot: true, unexpectedAlertBehaviour: , unhandledPromptBehavior: , version: 71.0.3578.98, webStorageEnabled: true}
Session ID: f23be98aa5cf00444691b9f8b5c04a3a">
      <![CDATA[org.openqa.selenium.WebDriverException: unknown error: Element <button type="button" id="continueAccount" ng-class="{'disabled-button': basicInfoForm.$invalid || profileExists || profileCheck || !digitsMatch || !match || showErrorConfirmPassword || !secAnsGood || passwordValidationFailure,
'enabled-button': basicInfoForm.$valid &amp;&amp; !profileExists}" ng-click="contProfileForm(basicInfoFormDetail)" ng-hide="blur" ng-disabled="basicInfoForm.$invalid || profileExists || profileCheck || !digitsMatch || !match || showErrorConfirmPassword || !secAnsGood || passwordValidationFailure" class="ng-binding disabled-button" disabled="disabled">...</button> is not clickable at point (759, 606). Other element would receive the click: <div class="col-xs-12" ng-hide="!displayFormFields('continueButton')" style="">...</div>
  (Session info: chrome=71.0.3578.98)
  (Driver info: chromedriver=2.42.591088 (7b2b2dca23cca0862f674758c9a3933e685c27d5),platform=Windows NT 10.0.17134 x86_64) (WARNING: The server did not provide any stacktrace information)
Command duration or timeout: 0 milliseconds
Build info: version: '3.14.0', revision: 'aacccce0', time: '2018-08-02T20:19:58.91Z'
System info: host: 'DESKTOP-JEV6767', ip: '192.168.1.6', os.name: 'Windows 10', os.arch: 'amd64', os.version: '10.0', java.version: '1.8.0_171'
Driver info: org.openqa.selenium.chrome.ChromeDriver
Capabilities {acceptInsecureCerts: false, acceptSslCerts: false, applicationCacheEnabled: false, browserConnectionEnabled: false, browserName: chrome, chrome: {chromedriverVersion: 2.42.591088 (7b2b2dca23cca0..., userDataDir: C:\Users\JAVALE~1\AppData\L...}, cssSelectorsEnabled: true, databaseEnabled: false, goog:chromeOptions: {debuggerAddress: localhost:54269}, handlesAlerts: true, hasTouchScreen: false, javascriptEnabled: true, locationContextEnabled: true, mobileEmulationEnabled: false, nativeEvents: true, networkConnectionEnabled: false, pageLoadStrategy: normal, platform: XP, platformName: XP, rotatable: false, setWindowRect: true, takesHeapSnapshot: true, takesScreenshot: true, unexpectedAlertBehaviour: , unhandledPromptBehavior: , version: 71.0.3578.98, webStorageEnabled: true}
Session ID: f23be98aa5cf00444691b9f8b5c04a3a
at org.openqa.selenium.remote.ErrorHandler.createThrowable(ErrorHandler.java:214)
at org.openqa.selenium.remote.ErrorHandler.throwIfResponseFailed(ErrorHandler.java:166)
at org.openqa.selenium.remote.http.JsonHttpResponseCodec.reconstructValue(JsonHttpResponseCodec.java:40)
at org.openqa.selenium.remote.http.AbstractHttpResponseCodec.decode(AbstractHttpResponseCodec.java:80)
at org.openqa.selenium.remote.http.AbstractHttpResponseCodec.decode(AbstractHttpResponseCodec.java:44)
at org.openqa.selenium.remote.HttpCommandExecutor.execute(HttpCommandExecutor.java:158)
at org.openqa.selenium.remote.service.DriverCommandExecutor.execute(DriverCommandExecutor.java:83)
at org.openqa.selenium.remote.RemoteWebDriver.execute(RemoteWebDriver.java:548)
at org.openqa.selenium.remote.RemoteWebElement.execute(RemoteWebElement.java:276)
at org.openqa.selenium.remote.RemoteWebElement.click(RemoteWebElement.java:83)
at org.openqa.selenium.support.events.EventFiringWebDriver$EventFiringWebElement.lambda$new$0(EventFiringWebDriver.java:403)
at com.sun.proxy.$Proxy13.click(Unknown Source)
at org.openqa.selenium.support.events.EventFiringWebDriver$EventFiringWebElement.click(EventFiringWebDriver.java:416)
at org.openqa.selenium.support.pagefactory.internal.LocatingElementHandler.invoke(LocatingElementHandler.java:51)
at com.sun.proxy.$Proxy12.click(Unknown Source)
at com.cvs.qa.pages.Registration.clickContinue(Registration.java:153)
at com.cvs.qa.testcases.RegistrationTest.registerMultipleCustomer(RegistrationTest.java:80)
... Removed 35 stack frames]]>
    </failure>
  </testcase> <!-- registerMultipleCustomer -->
  <testcase name="registerMultipleCustomer" time="13.073" classname="com.cvs.qa.testcases.RegistrationTest"/>
  <testcase name="registerMultipleCustomer" time="7.049" classname="com.cvs.qa.testcases.RegistrationTest">
    <failure type="org.openqa.selenium.WebDriverException" message="unknown error: Element &amp;lt;button type=&amp;quot;button&amp;quot; id=&amp;quot;continueAccount&amp;quot; ng-class=&amp;quot;{&amp;apos;disabled-button&amp;apos;: basicInfoForm.$invalid || profileExists || profileCheck || !digitsMatch || !match || showErrorConfirmPassword || !secAnsGood || passwordValidationFailure,
						&amp;apos;enabled-button&amp;apos;: basicInfoForm.$valid &amp;amp;amp;&amp;amp;amp; !profileExists}&amp;quot; ng-click=&amp;quot;contProfileForm(basicInfoFormDetail)&amp;quot; ng-hide=&amp;quot;blur&amp;quot; ng-disabled=&amp;quot;basicInfoForm.$invalid || profileExists || profileCheck || !digitsMatch || !match || showErrorConfirmPassword || !secAnsGood || passwordValidationFailure&amp;quot; class=&amp;quot;ng-binding disabled-button&amp;quot; disabled=&amp;quot;disabled&amp;quot;&amp;gt;...&amp;lt;/button&amp;gt; is not clickable at point (759, 606). Other element would receive the click: &amp;lt;div class=&amp;quot;col-xs-12&amp;quot; ng-hide=&amp;quot;!displayFormFields(&amp;apos;continueButton&amp;apos;)&amp;quot; style=&amp;quot;&amp;quot;&amp;gt;...&amp;lt;/div&amp;gt;
  (Session info: chrome=71.0.3578.98)
  (Driver info: chromedriver=2.42.591088 (7b2b2dca23cca0862f674758c9a3933e685c27d5),platform=Windows NT 10.0.17134 x86_64) (WARNING: The server did not provide any stacktrace information)
Command duration or timeout: 0 milliseconds
Build info: version: &amp;apos;3.14.0&amp;apos;, revision: &amp;apos;aacccce0&amp;apos;, time: &amp;apos;2018-08-02T20:19:58.91Z&amp;apos;
System info: host: &amp;apos;DESKTOP-JEV6767&amp;apos;, ip: &amp;apos;192.168.1.6&amp;apos;, os.name: &amp;apos;Windows 10&amp;apos;, os.arch: &amp;apos;amd64&amp;apos;, os.version: &amp;apos;10.0&amp;apos;, java.version: &amp;apos;1.8.0_171&amp;apos;
Driver info: org.openqa.selenium.chrome.ChromeDriver
Capabilities {acceptInsecureCerts: false, acceptSslCerts: false, applicationCacheEnabled: false, browserConnectionEnabled: false, browserName: chrome, chrome: {chromedriverVersion: 2.42.591088 (7b2b2dca23cca0..., userDataDir: C:\Users\JAVALE~1\AppData\L...}, cssSelectorsEnabled: true, databaseEnabled: false, goog:chromeOptions: {debuggerAddress: localhost:54372}, handlesAlerts: true, hasTouchScreen: false, javascriptEnabled: true, locationContextEnabled: true, mobileEmulationEnabled: false, nativeEvents: true, networkConnectionEnabled: false, pageLoadStrategy: normal, platform: XP, platformName: XP, rotatable: false, setWindowRect: true, takesHeapSnapshot: true, takesScreenshot: true, unexpectedAlertBehaviour: , unhandledPromptBehavior: , version: 71.0.3578.98, webStorageEnabled: true}
Session ID: b34ddf1297406aed06f4c40e1119f49e">
      <![CDATA[org.openqa.selenium.WebDriverException: unknown error: Element <button type="button" id="continueAccount" ng-class="{'disabled-button': basicInfoForm.$invalid || profileExists || profileCheck || !digitsMatch || !match || showErrorConfirmPassword || !secAnsGood || passwordValidationFailure,
'enabled-button': basicInfoForm.$valid &amp;&amp; !profileExists}" ng-click="contProfileForm(basicInfoFormDetail)" ng-hide="blur" ng-disabled="basicInfoForm.$invalid || profileExists || profileCheck || !digitsMatch || !match || showErrorConfirmPassword || !secAnsGood || passwordValidationFailure" class="ng-binding disabled-button" disabled="disabled">...</button> is not clickable at point (759, 606). Other element would receive the click: <div class="col-xs-12" ng-hide="!displayFormFields('continueButton')" style="">...</div>
  (Session info: chrome=71.0.3578.98)
  (Driver info: chromedriver=2.42.591088 (7b2b2dca23cca0862f674758c9a3933e685c27d5),platform=Windows NT 10.0.17134 x86_64) (WARNING: The server did not provide any stacktrace information)
Command duration or timeout: 0 milliseconds
Build info: version: '3.14.0', revision: 'aacccce0', time: '2018-08-02T20:19:58.91Z'
System info: host: 'DESKTOP-JEV6767', ip: '192.168.1.6', os.name: 'Windows 10', os.arch: 'amd64', os.version: '10.0', java.version: '1.8.0_171'
Driver info: org.openqa.selenium.chrome.ChromeDriver
Capabilities {acceptInsecureCerts: false, acceptSslCerts: false, applicationCacheEnabled: false, browserConnectionEnabled: false, browserName: chrome, chrome: {chromedriverVersion: 2.42.591088 (7b2b2dca23cca0..., userDataDir: C:\Users\JAVALE~1\AppData\L...}, cssSelectorsEnabled: true, databaseEnabled: false, goog:chromeOptions: {debuggerAddress: localhost:54372}, handlesAlerts: true, hasTouchScreen: false, javascriptEnabled: true, locationContextEnabled: true, mobileEmulationEnabled: false, nativeEvents: true, networkConnectionEnabled: false, pageLoadStrategy: normal, platform: XP, platformName: XP, rotatable: false, setWindowRect: true, takesHeapSnapshot: true, takesScreenshot: true, unexpectedAlertBehaviour: , unhandledPromptBehavior: , version: 71.0.3578.98, webStorageEnabled: true}
Session ID: b34ddf1297406aed06f4c40e1119f49e
at org.openqa.selenium.remote.ErrorHandler.createThrowable(ErrorHandler.java:214)
at org.openqa.selenium.remote.ErrorHandler.throwIfResponseFailed(ErrorHandler.java:166)
at org.openqa.selenium.remote.http.JsonHttpResponseCodec.reconstructValue(JsonHttpResponseCodec.java:40)
at org.openqa.selenium.remote.http.AbstractHttpResponseCodec.decode(AbstractHttpResponseCodec.java:80)
at org.openqa.selenium.remote.http.AbstractHttpResponseCodec.decode(AbstractHttpResponseCodec.java:44)
at org.openqa.selenium.remote.HttpCommandExecutor.execute(HttpCommandExecutor.java:158)
at org.openqa.selenium.remote.service.DriverCommandExecutor.execute(DriverCommandExecutor.java:83)
at org.openqa.selenium.remote.RemoteWebDriver.execute(RemoteWebDriver.java:548)
at org.openqa.selenium.remote.RemoteWebElement.execute(RemoteWebElement.java:276)
at org.openqa.selenium.remote.RemoteWebElement.click(RemoteWebElement.java:83)
at org.openqa.selenium.support.events.EventFiringWebDriver$EventFiringWebElement.lambda$new$0(EventFiringWebDriver.java:403)
at com.sun.proxy.$Proxy13.click(Unknown Source)
at org.openqa.selenium.support.events.EventFiringWebDriver$EventFiringWebElement.click(EventFiringWebDriver.java:416)
at org.openqa.selenium.support.pagefactory.internal.LocatingElementHandler.invoke(LocatingElementHandler.java:51)
at com.sun.proxy.$Proxy12.click(Unknown Source)
at com.cvs.qa.pages.Registration.clickContinue(Registration.java:153)
at com.cvs.qa.testcases.RegistrationTest.registerMultipleCustomer(RegistrationTest.java:80)
... Removed 35 stack frames]]>
    </failure>
  </testcase> <!-- registerMultipleCustomer -->
  <testcase name="registerMultipleCustomer" time="9.02" classname="com.cvs.qa.testcases.RegistrationTest">
    <failure type="org.openqa.selenium.WebDriverException" message="unknown error: Element &amp;lt;button type=&amp;quot;button&amp;quot; id=&amp;quot;continueAccount&amp;quot; ng-class=&amp;quot;{&amp;apos;disabled-button&amp;apos;: basicInfoForm.$invalid || profileExists || profileCheck || !digitsMatch || !match || showErrorConfirmPassword || !secAnsGood || passwordValidationFailure,
						&amp;apos;enabled-button&amp;apos;: basicInfoForm.$valid &amp;amp;amp;&amp;amp;amp; !profileExists}&amp;quot; ng-click=&amp;quot;contProfileForm(basicInfoFormDetail)&amp;quot; ng-hide=&amp;quot;blur&amp;quot; ng-disabled=&amp;quot;basicInfoForm.$invalid || profileExists || profileCheck || !digitsMatch || !match || showErrorConfirmPassword || !secAnsGood || passwordValidationFailure&amp;quot; class=&amp;quot;ng-binding disabled-button&amp;quot; disabled=&amp;quot;disabled&amp;quot;&amp;gt;...&amp;lt;/button&amp;gt; is not clickable at point (759, 606). Other element would receive the click: &amp;lt;div class=&amp;quot;col-xs-12&amp;quot; ng-hide=&amp;quot;!displayFormFields(&amp;apos;continueButton&amp;apos;)&amp;quot; style=&amp;quot;&amp;quot;&amp;gt;...&amp;lt;/div&amp;gt;
  (Session info: chrome=71.0.3578.98)
  (Driver info: chromedriver=2.42.591088 (7b2b2dca23cca0862f674758c9a3933e685c27d5),platform=Windows NT 10.0.17134 x86_64) (WARNING: The server did not provide any stacktrace information)
Command duration or timeout: 0 milliseconds
Build info: version: &amp;apos;3.14.0&amp;apos;, revision: &amp;apos;aacccce0&amp;apos;, time: &amp;apos;2018-08-02T20:19:58.91Z&amp;apos;
System info: host: &amp;apos;DESKTOP-JEV6767&amp;apos;, ip: &amp;apos;192.168.1.6&amp;apos;, os.name: &amp;apos;Windows 10&amp;apos;, os.arch: &amp;apos;amd64&amp;apos;, os.version: &amp;apos;10.0&amp;apos;, java.version: &amp;apos;1.8.0_171&amp;apos;
Driver info: org.openqa.selenium.chrome.ChromeDriver
Capabilities {acceptInsecureCerts: false, acceptSslCerts: false, applicationCacheEnabled: false, browserConnectionEnabled: false, browserName: chrome, chrome: {chromedriverVersion: 2.42.591088 (7b2b2dca23cca0..., userDataDir: C:\Users\JAVALE~1\AppData\L...}, cssSelectorsEnabled: true, databaseEnabled: false, goog:chromeOptions: {debuggerAddress: localhost:54427}, handlesAlerts: true, hasTouchScreen: false, javascriptEnabled: true, locationContextEnabled: true, mobileEmulationEnabled: false, nativeEvents: true, networkConnectionEnabled: false, pageLoadStrategy: normal, platform: XP, platformName: XP, rotatable: false, setWindowRect: true, takesHeapSnapshot: true, takesScreenshot: true, unexpectedAlertBehaviour: , unhandledPromptBehavior: , version: 71.0.3578.98, webStorageEnabled: true}
Session ID: 747f99f48f7c40e5ffda234cc46fc935">
      <![CDATA[org.openqa.selenium.WebDriverException: unknown error: Element <button type="button" id="continueAccount" ng-class="{'disabled-button': basicInfoForm.$invalid || profileExists || profileCheck || !digitsMatch || !match || showErrorConfirmPassword || !secAnsGood || passwordValidationFailure,
'enabled-button': basicInfoForm.$valid &amp;&amp; !profileExists}" ng-click="contProfileForm(basicInfoFormDetail)" ng-hide="blur" ng-disabled="basicInfoForm.$invalid || profileExists || profileCheck || !digitsMatch || !match || showErrorConfirmPassword || !secAnsGood || passwordValidationFailure" class="ng-binding disabled-button" disabled="disabled">...</button> is not clickable at point (759, 606). Other element would receive the click: <div class="col-xs-12" ng-hide="!displayFormFields('continueButton')" style="">...</div>
  (Session info: chrome=71.0.3578.98)
  (Driver info: chromedriver=2.42.591088 (7b2b2dca23cca0862f674758c9a3933e685c27d5),platform=Windows NT 10.0.17134 x86_64) (WARNING: The server did not provide any stacktrace information)
Command duration or timeout: 0 milliseconds
Build info: version: '3.14.0', revision: 'aacccce0', time: '2018-08-02T20:19:58.91Z'
System info: host: 'DESKTOP-JEV6767', ip: '192.168.1.6', os.name: 'Windows 10', os.arch: 'amd64', os.version: '10.0', java.version: '1.8.0_171'
Driver info: org.openqa.selenium.chrome.ChromeDriver
Capabilities {acceptInsecureCerts: false, acceptSslCerts: false, applicationCacheEnabled: false, browserConnectionEnabled: false, browserName: chrome, chrome: {chromedriverVersion: 2.42.591088 (7b2b2dca23cca0..., userDataDir: C:\Users\JAVALE~1\AppData\L...}, cssSelectorsEnabled: true, databaseEnabled: false, goog:chromeOptions: {debuggerAddress: localhost:54427}, handlesAlerts: true, hasTouchScreen: false, javascriptEnabled: true, locationContextEnabled: true, mobileEmulationEnabled: false, nativeEvents: true, networkConnectionEnabled: false, pageLoadStrategy: normal, platform: XP, platformName: XP, rotatable: false, setWindowRect: true, takesHeapSnapshot: true, takesScreenshot: true, unexpectedAlertBehaviour: , unhandledPromptBehavior: , version: 71.0.3578.98, webStorageEnabled: true}
Session ID: 747f99f48f7c40e5ffda234cc46fc935
at org.openqa.selenium.remote.ErrorHandler.createThrowable(ErrorHandler.java:214)
at org.openqa.selenium.remote.ErrorHandler.throwIfResponseFailed(ErrorHandler.java:166)
at org.openqa.selenium.remote.http.JsonHttpResponseCodec.reconstructValue(JsonHttpResponseCodec.java:40)
at org.openqa.selenium.remote.http.AbstractHttpResponseCodec.decode(AbstractHttpResponseCodec.java:80)
at org.openqa.selenium.remote.http.AbstractHttpResponseCodec.decode(AbstractHttpResponseCodec.java:44)
at org.openqa.selenium.remote.HttpCommandExecutor.execute(HttpCommandExecutor.java:158)
at org.openqa.selenium.remote.service.DriverCommandExecutor.execute(DriverCommandExecutor.java:83)
at org.openqa.selenium.remote.RemoteWebDriver.execute(RemoteWebDriver.java:548)
at org.openqa.selenium.remote.RemoteWebElement.execute(RemoteWebElement.java:276)
at org.openqa.selenium.remote.RemoteWebElement.click(RemoteWebElement.java:83)
at org.openqa.selenium.support.events.EventFiringWebDriver$EventFiringWebElement.lambda$new$0(EventFiringWebDriver.java:403)
at com.sun.proxy.$Proxy13.click(Unknown Source)
at org.openqa.selenium.support.events.EventFiringWebDriver$EventFiringWebElement.click(EventFiringWebDriver.java:416)
at org.openqa.selenium.support.pagefactory.internal.LocatingElementHandler.invoke(LocatingElementHandler.java:51)
at com.sun.proxy.$Proxy12.click(Unknown Source)
at com.cvs.qa.pages.Registration.clickContinue(Registration.java:153)
at com.cvs.qa.testcases.RegistrationTest.registerMultipleCustomer(RegistrationTest.java:80)
... Removed 35 stack frames]]>
    </failure>
  </testcase> <!-- registerMultipleCustomer -->
  <testcase name="registerMultipleCustomer" time="16.04" classname="com.cvs.qa.testcases.RegistrationTest"/>
  <testcase name="registerMultipleCustomer" time="14.965" classname="com.cvs.qa.testcases.RegistrationTest"/>
</testsuite> <!--  CVS RegistrationPageTest -->
