<?xml version="1.0" encoding="UTF-8"?>
<!-- Generated by org.testng.reporters.JUnitXMLReporter -->
<testsuite hostname="DESKTOP-JEV6767" ignored="0" name=" CVS HomePageTest" tests="15" failures="1" timestamp="05 Nov 2018 03:04:07 GMT" time="236.743" errors="0">
  <testcase name="verifyHomePageTitleTest" time="0.043" classname="com.cvs.qa.testcases.HomePageTest"/>
  <testcase name="verifyHomePageLogoTest" time="0.181" classname="com.cvs.qa.testcases.HomePageTest"/>
  <testcase name="verifySearchBoxTest" time="0.48" classname="com.cvs.qa.testcases.HomePageTest"/>
  <testcase name="verifyPharmacyLinkTest" time="2.524" classname="com.cvs.qa.testcases.HomePageTest"/>
  <testcase name="verifyMinuteClinicLinkTest" time="4.135" classname="com.cvs.qa.testcases.HomePageTest"/>
  <testcase name="verifyShopLinkTest" time="4.996" classname="com.cvs.qa.testcases.HomePageTest"/>
  <testcase name="verifyExtraCareLinkTest" time="2.961" classname="com.cvs.qa.testcases.HomePageTest"/>
  <testcase name="verifyContactLensesTest" time="3.418" classname="com.cvs.qa.testcases.HomePageTest"/>
  <testcase name="verifyPhotoLinkTest" time="20.532" classname="com.cvs.qa.testcases.HomePageTest">
    <skipped/>
  </testcase> <!-- verifyPhotoLinkTest -->
  <testcase name="verifyPhotoLinkTest" time="8.582" classname="com.cvs.qa.testcases.HomePageTest"/>
  <testcase name="verifyStoreLocatorTest" time="6.86" classname="com.cvs.qa.testcases.HomePageTest"/>
  <testcase name="verifyStoreLocator24HrsStoreTest" time="20.443" classname="com.cvs.qa.testcases.HomePageTest">
    <skipped/>
  </testcase> <!-- verifyStoreLocator24HrsStoreTest -->
  <testcase name="verifyStoreLocator24HrsStoreTest" time="20.349" classname="com.cvs.qa.testcases.HomePageTest">
    <skipped/>
  </testcase> <!-- verifyStoreLocator24HrsStoreTest -->
  <testcase name="verifyStoreLocator24HrsStoreTest" time="20.389" classname="com.cvs.qa.testcases.HomePageTest">
    <skipped/>
  </testcase> <!-- verifyStoreLocator24HrsStoreTest -->
  <testcase name="verifyStoreLocator24HrsStoreTest" time="9.293" classname="com.cvs.qa.testcases.HomePageTest">
    <failure type="org.openqa.selenium.ElementNotVisibleException" message="element not interactable
  (Session info: chrome=70.0.3538.77)
  (Driver info: chromedriver=2.42.591088 (7b2b2dca23cca0862f674758c9a3933e685c27d5),platform=Windows NT 10.0.17134 x86_64) (WARNING: The server did not provide any stacktrace information)
Command duration or timeout: 0 milliseconds
Build info: version: &amp;apos;3.14.0&amp;apos;, revision: &amp;apos;aacccce0&amp;apos;, time: &amp;apos;2018-08-02T20:19:58.91Z&amp;apos;
System info: host: &amp;apos;DESKTOP-JEV6767&amp;apos;, ip: &amp;apos;192.168.1.6&amp;apos;, os.name: &amp;apos;Windows 10&amp;apos;, os.arch: &amp;apos;amd64&amp;apos;, os.version: &amp;apos;10.0&amp;apos;, java.version: &amp;apos;1.8.0_171&amp;apos;
Driver info: org.openqa.selenium.chrome.ChromeDriver
Capabilities {acceptInsecureCerts: false, acceptSslCerts: false, applicationCacheEnabled: false, browserConnectionEnabled: false, browserName: chrome, chrome: {chromedriverVersion: 2.42.591088 (7b2b2dca23cca0..., userDataDir: C:\Users\JAVALE~1\AppData\L...}, cssSelectorsEnabled: true, databaseEnabled: false, goog:chromeOptions: {debuggerAddress: localhost:63837}, handlesAlerts: true, hasTouchScreen: false, javascriptEnabled: true, locationContextEnabled: true, mobileEmulationEnabled: false, nativeEvents: true, networkConnectionEnabled: false, pageLoadStrategy: normal, platform: XP, platformName: XP, rotatable: false, setWindowRect: true, takesHeapSnapshot: true, takesScreenshot: true, unexpectedAlertBehaviour: , unhandledPromptBehavior: , version: 70.0.3538.77, webStorageEnabled: true}
Session ID: 1ecad6754f0ab4fc98def88552f54652">
      <![CDATA[org.openqa.selenium.ElementNotVisibleException: element not interactable
  (Session info: chrome=70.0.3538.77)
  (Driver info: chromedriver=2.42.591088 (7b2b2dca23cca0862f674758c9a3933e685c27d5),platform=Windows NT 10.0.17134 x86_64) (WARNING: The server did not provide any stacktrace information)
Command duration or timeout: 0 milliseconds
Build info: version: '3.14.0', revision: 'aacccce0', time: '2018-08-02T20:19:58.91Z'
System info: host: 'DESKTOP-JEV6767', ip: '192.168.1.6', os.name: 'Windows 10', os.arch: 'amd64', os.version: '10.0', java.version: '1.8.0_171'
Driver info: org.openqa.selenium.chrome.ChromeDriver
Capabilities {acceptInsecureCerts: false, acceptSslCerts: false, applicationCacheEnabled: false, browserConnectionEnabled: false, browserName: chrome, chrome: {chromedriverVersion: 2.42.591088 (7b2b2dca23cca0..., userDataDir: C:\Users\JAVALE~1\AppData\L...}, cssSelectorsEnabled: true, databaseEnabled: false, goog:chromeOptions: {debuggerAddress: localhost:63837}, handlesAlerts: true, hasTouchScreen: false, javascriptEnabled: true, locationContextEnabled: true, mobileEmulationEnabled: false, nativeEvents: true, networkConnectionEnabled: false, pageLoadStrategy: normal, platform: XP, platformName: XP, rotatable: false, setWindowRect: true, takesHeapSnapshot: true, takesScreenshot: true, unexpectedAlertBehaviour: , unhandledPromptBehavior: , version: 70.0.3538.77, webStorageEnabled: true}
Session ID: 1ecad6754f0ab4fc98def88552f54652
at org.openqa.selenium.remote.ErrorHandler.createThrowable(ErrorHandler.java:214)
at org.openqa.selenium.remote.ErrorHandler.throwIfResponseFailed(ErrorHandler.java:166)
at org.openqa.selenium.remote.http.JsonHttpResponseCodec.reconstructValue(JsonHttpResponseCodec.java:40)
at org.openqa.selenium.remote.http.AbstractHttpResponseCodec.decode(AbstractHttpResponseCodec.java:80)
at org.openqa.selenium.remote.http.AbstractHttpResponseCodec.decode(AbstractHttpResponseCodec.java:44)
at org.openqa.selenium.remote.HttpCommandExecutor.execute(HttpCommandExecutor.java:158)
at org.openqa.selenium.remote.service.DriverCommandExecutor.execute(DriverCommandExecutor.java:83)
at org.openqa.selenium.remote.RemoteWebDriver.execute(RemoteWebDriver.java:548)
at org.openqa.selenium.remote.RemoteWebElement.execute(RemoteWebElement.java:276)
at org.openqa.selenium.remote.RemoteWebElement.click(RemoteWebElement.java:83)
at org.openqa.selenium.support.events.EventFiringWebDriver$EventFiringWebElement.lambda$new$0(EventFiringWebDriver.java:403)
at com.sun.proxy.$Proxy13.click(Unknown Source)
at org.openqa.selenium.support.events.EventFiringWebDriver$EventFiringWebElement.click(EventFiringWebDriver.java:416)
at org.openqa.selenium.support.pagefactory.internal.LocatingElementHandler.invoke(LocatingElementHandler.java:51)
at com.sun.proxy.$Proxy12.click(Unknown Source)
at com.cvs.qa.pages.HomePage.verifyStoreLocatorUsing24Hrs(HomePage.java:114)
at com.cvs.qa.testcases.HomePageTest.verifyStoreLocator24HrsStoreTest(HomePageTest.java:82)
... Removed 35 stack frames]]>
    </failure>
  </testcase> <!-- verifyStoreLocator24HrsStoreTest -->
</testsuite> <!--  CVS HomePageTest -->
