<!DOCTYPE html PUBLIC "-//W3C//DTD XHTML 1.1//EN" "http://www.w3.org/TR/xhtml11/DTD/xhtml11.dtd">
<html xmlns="http://www.w3.org/1999/xhtml">
<head>
<meta http-equiv="content-type" content="text/html; charset=UTF-8"/>
<title>TestNG Report</title>
<style type="text/css">table {margin-bottom:10px;border-collapse:collapse;empty-cells:show}th,td {border:1px solid #009;padding:.25em .5em}th {vertical-align:bottom}td {vertical-align:top}table a {font-weight:bold}.stripe td {background-color: #E6EBF9}.num {text-align:right}.passedodd td {background-color: #3F3}.passedeven td {background-color: #0A0}.skippedodd td {background-color: #DDD}.skippedeven td {background-color: #CCC}.failedodd td,.attn {background-color: #F33}.failedeven td,.stripe .attn {background-color: #D00}.stacktrace {white-space:pre;font-family:monospace}.totop {font-size:85%;text-align:center;border-bottom:2px solid #000}.invisible {display:none}</style>
</head>
<body>
<table>
<tr><th>Test</th><th># Passed</th><th># Skipped</th><th># Failed</th><th>Time (ms)</th><th>Included Groups</th><th>Excluded Groups</th></tr>
<tr><th colspan="7">CVS Pharmacy Application Test Automation Test Suite</th></tr>
<tr><td><a href="#t0"> CVS HomePageTest</a></td><td class="num">11</td><td class="num">0</td><td class="num">0</td><td class="num">103,629</td><td></td><td></td></tr>
<tr class="stripe"><td><a href="#t1"> CVS LogInPageTest</a></td><td class="num">8</td><td class="num">0</td><td class="num">0</td><td class="num">82,110</td><td></td><td></td></tr>
<tr><td><a href="#t2"> CVS RegistrationPageTest</a></td><td class="num">9</td><td class="num attn">1</td><td class="num">0</td><td class="num">204,503</td><td></td><td></td></tr>
<tr class="stripe"><td><a href="#t3"> CVS MinuteClinicPageTest</a></td><td class="num">2</td><td class="num attn">3</td><td class="num attn">1</td><td class="num">104,233</td><td></td><td></td></tr>
<tr><td><a href="#t4"> CVS ClinicLocatorTest</a></td><td class="num">0</td><td class="num">0</td><td class="num">0</td><td class="num">0</td><td></td><td></td></tr>
<tr class="stripe"><td><a href="#t5"> CVS ContactLensesPageTest</a></td><td class="num">11</td><td class="num">0</td><td class="num">0</td><td class="num">140,180</td><td></td><td></td></tr>
<tr><td><a href="#t6"> CVS ExtraCareTest</a></td><td class="num">2</td><td class="num attn">3</td><td class="num attn">1</td><td class="num">148,339</td><td></td><td></td></tr>
<tr class="stripe"><td><a href="#t7"> CVS PhotoPageTest</a></td><td class="num">2</td><td class="num attn">6</td><td class="num attn">2</td><td class="num">146,877</td><td></td><td></td></tr>
<tr><td><a href="#t8"> CVS ShopPageTest</a></td><td class="num">5</td><td class="num">0</td><td class="num">0</td><td class="num">60,662</td><td></td><td></td></tr>
<tr class="stripe"><td><a href="#t9"> CVS SignUp4DealTest</a></td><td class="num">8</td><td class="num attn">4</td><td class="num attn">1</td><td class="num">246,128</td><td></td><td></td></tr>
<tr><td><a href="#t10"> CVS PharmacyPageTest</a></td><td class="num">0</td><td class="num attn">1</td><td class="num">0</td><td class="num">3</td><td></td><td></td></tr>
<tr><th>Total</th><th class="num">58</th><th class="num attn">18</th><th class="num attn">5</th><th class="num">1,236,664</th><th colspan="2"></th></tr>
</table>
<table id='summary'><thead><tr><th>Class</th><th>Method</th><th>Start</th><th>Time (ms)</th></tr></thead><tbody><tr><th colspan="4">CVS Pharmacy Application Test Automation Test Suite</th></tr></tbody><tbody id="t0"><tr><th colspan="4"> CVS HomePageTest &#8212; passed</th></tr><tr class="passedeven"><td rowspan="11">com.cvs.qa.testcases.HomePageTest</td><td><a href="#m0">verifyContactLensesTest</a></td><td rowspan="1">1549271541303</td><td rowspan="1">2161</td></tr><tr class="passedeven"><td><a href="#m1">verifyExtraCareLinkTest</a></td><td rowspan="1">1549271533386</td><td rowspan="1">996</td></tr><tr class="passedeven"><td><a href="#m2">verifyHomePageLogoTest</a></td><td rowspan="1">1549271493587</td><td rowspan="1">64</td></tr><tr class="passedeven"><td><a href="#m3">verifyHomePageTitleTest</a></td><td rowspan="1">1549271486937</td><td rowspan="1">209</td></tr><tr class="passedeven"><td><a href="#m4">verifyMinuteClinicLinkTest</a></td><td rowspan="1">1549271515364</td><td rowspan="1">3912</td></tr><tr class="passedeven"><td><a href="#m5">verifyPharmacyLinkTest</a></td><td rowspan="1">1549271505422</td><td rowspan="1">3989</td></tr><tr class="passedeven"><td><a href="#m6">verifyPhotoLinkTest</a></td><td rowspan="1">1549271550223</td><td rowspan="1">5001</td></tr><tr class="passedeven"><td><a href="#m7">verifySearchBoxTest</a></td><td rowspan="1">1549271499407</td><td rowspan="1">205</td></tr><tr class="passedeven"><td><a href="#m8">verifyShopLinkTest</a></td><td rowspan="1">1549271525239</td><td rowspan="1">2186</td></tr><tr class="passedeven"><td><a href="#m9">verifyStoreLocator24HrsStoreTest</a></td><td rowspan="1">1549271575449</td><td rowspan="1">8048</td></tr><tr class="passedeven"><td><a href="#m10">verifyStoreLocatorTest</a></td><td rowspan="1">1549271561138</td><td rowspan="1">8500</td></tr></tbody>
<tbody id="t1"><tr><th colspan="4"> CVS LogInPageTest &#8212; passed</th></tr><tr class="passedeven"><td rowspan="8">com.cvs.qa.testcases.LogInTest</td><td><a href="#m11">verifyLogInExcelData</a></td><td rowspan="3">1549271600546</td><td rowspan="3">2700</td></tr><tr class="passedeven"><td><a href="#m12">verifyLogInExcelData</a></td></tr><tr class="passedeven"><td><a href="#m13">verifyLogInExcelData</a></td></tr><tr class="passedeven"><td><a href="#m14">verifyLogInTest</a></td><td rowspan="1">1549271617847</td><td rowspan="1">2708</td></tr><tr class="passedeven"><td><a href="#m15">verifyTopPanelLogInTest</a></td><td rowspan="1">1549271661500</td><td rowspan="1">2737</td></tr><tr class="passedeven"><td><a href="#m16">verifyTopPanelLogInTestExcelDataTest</a></td><td rowspan="3">1549271644193</td><td rowspan="3">2666</td></tr><tr class="passedeven"><td><a href="#m17">verifyTopPanelLogInTestExcelDataTest</a></td></tr><tr class="passedeven"><td><a href="#m18">verifyTopPanelLogInTestExcelDataTest</a></td></tr></tbody>
<tbody id="t2"><tr><th colspan="4"> CVS RegistrationPageTest &#8212; skipped</th></tr><tr class="skippedeven"><td rowspan="1">com.cvs.qa.testcases.RegistrationTest</td><td><a href="#m19">registerMultipleCustomer</a></td><td rowspan="1">1549271785158</td><td rowspan="1">23059</td></tr><tr><th colspan="4"> CVS RegistrationPageTest &#8212; passed</th></tr><tr class="passedeven"><td rowspan="9">com.cvs.qa.testcases.RegistrationTest</td><td><a href="#m20">registerCustomer</a></td><td rowspan="1">1549271680509</td><td rowspan="1">16765</td></tr><tr class="passedeven"><td><a href="#m21">registerMultipleCustomer</a></td><td rowspan="7">1549271746451</td><td rowspan="7">13477</td></tr><tr class="passedeven"><td><a href="#m22">registerMultipleCustomer</a></td></tr><tr class="passedeven"><td><a href="#m23">registerMultipleCustomer</a></td></tr><tr class="passedeven"><td><a href="#m24">registerMultipleCustomer</a></td></tr><tr class="passedeven"><td><a href="#m25">registerMultipleCustomer</a></td></tr><tr class="passedeven"><td><a href="#m26">registerMultipleCustomer</a></td></tr><tr class="passedeven"><td><a href="#m27">registerMultipleCustomer</a></td></tr><tr class="passedeven"><td><a href="#m28">verifyRegistrationPageTitle</a></td><td rowspan="1">1549271671793</td><td rowspan="1">2672</td></tr></tbody>
<tbody id="t3"><tr><th colspan="4"> CVS MinuteClinicPageTest &#8212; failed</th></tr><tr class="failedeven"><td rowspan="1">com.cvs.qa.testcases.MinuteClinicTest</td><td><a href="#m29">verifyClinicLocatorPageTitleTest</a></td><td rowspan="1">1549271969947</td><td rowspan="1">4674</td></tr><tr><th colspan="4"> CVS MinuteClinicPageTest &#8212; skipped</th></tr><tr class="skippedeven"><td rowspan="3">com.cvs.qa.testcases.MinuteClinicTest</td><td><a href="#m30">verifyClinicLocatorPageTitleTest</a></td><td rowspan="3">1549271921879</td><td rowspan="3">5211</td></tr><tr class="skippedeven"><td><a href="#m31">verifyClinicLocatorPageTitleTest</a></td></tr><tr class="skippedeven"><td><a href="#m32">verifyClinicLocatorPageTitleTest</a></td></tr><tr><th colspan="4"> CVS MinuteClinicPageTest &#8212; passed</th></tr><tr class="passedeven"><td rowspan="2">com.cvs.qa.testcases.MinuteClinicTest</td><td><a href="#m33">verifyMinuteClinicPageTitleTest</a></td><td rowspan="1">1549271878390</td><td rowspan="1">24659</td></tr><tr class="passedeven"><td><a href="#m34">verifyZipCodeLocaterTest</a></td><td rowspan="1">1549271909104</td><td rowspan="1">6633</td></tr></tbody>
<tbody id="t4"><tr><th colspan="4" class="invisible"/></tr></tbody>
<tbody id="t5"><tr><th colspan="4"> CVS ContactLensesPageTest &#8212; passed</th></tr><tr class="passedeven"><td rowspan="11">com.cvs.qa.testcases.ContactLensesPageTest</td><td><a href="#m35">verifyAcuvueDefine30PKTest</a></td><td rowspan="1">1549271996906</td><td rowspan="1">7763</td></tr><tr class="passedeven"><td><a href="#m36">verifyAcuvueDefine90PKTest</a></td><td rowspan="1">1549272010404</td><td rowspan="1">4842</td></tr><tr class="passedeven"><td><a href="#m37">verifyDropDownMenuContactLensBrandsTest</a></td><td rowspan="1">1549271988825</td><td rowspan="1">2154</td></tr><tr class="passedeven"><td><a href="#m38">veriyAcuvueElementListTest</a></td><td rowspan="1">1549272039487</td><td rowspan="1">39956</td></tr><tr class="passedeven"><td><a href="#m39">veriyAirOptixAquaElementListTest</a></td><td rowspan="1">1549272085030</td><td rowspan="1">2846</td></tr><tr class="passedeven"><td><a href="#m40">veriyAirOptixBrandLabelClickTest</a></td><td rowspan="1">1549272093824</td><td rowspan="1">2811</td></tr><tr class="passedeven"><td><a href="#m41">veriyAirOptixBrandMouseHoverTest</a></td><td rowspan="1">1549272031407</td><td rowspan="1">2237</td></tr><tr class="passedeven"><td><a href="#m42">veriyAirOptixBrandTest</a></td><td rowspan="1">1549272021085</td><td rowspan="1">4551</td></tr><tr class="passedeven"><td><a href="#m43">veriyContactLensesPageTitleTest</a></td><td rowspan="1">1549271980570</td><td rowspan="1">1957</td></tr><tr class="passedeven"><td><a href="#m44">veriyLensTypeElementListTest</a></td><td rowspan="1">1549272110942</td><td rowspan="1">4036</td></tr><tr class="passedeven"><td><a href="#m45">veriyLensTypeTest</a></td><td rowspan="1">1549272102507</td><td rowspan="1">2579</td></tr></tbody>
<tbody id="t6"><tr><th colspan="4"> CVS ExtraCareTest &#8212; failed</th></tr><tr class="failedeven"><td rowspan="1">com.cvs.qa.testcases.ExtraCareTest</td><td><a href="#m46">verifyExtraCareSignInTest</a></td><td rowspan="1">1549272227312</td><td rowspan="1">27294</td></tr><tr><th colspan="4"> CVS ExtraCareTest &#8212; skipped</th></tr><tr class="skippedeven"><td rowspan="3">com.cvs.qa.testcases.ExtraCareTest</td><td><a href="#m47">verifyExtraCareSignInTest</a></td><td rowspan="3">1549272194068</td><td rowspan="3">27361</td></tr><tr class="skippedeven"><td><a href="#m48">verifyExtraCareSignInTest</a></td></tr><tr class="skippedeven"><td><a href="#m49">verifyExtraCareSignInTest</a></td></tr><tr><th colspan="4"> CVS ExtraCareTest &#8212; passed</th></tr><tr class="passedeven"><td rowspan="2">com.cvs.qa.testcases.ExtraCareTest</td><td><a href="#m50">verifyExtraCarePageTitleTest</a></td><td rowspan="1">1549272120701</td><td rowspan="1">1186</td></tr><tr class="passedeven"><td><a href="#m51">verifyExtraCareShoppingCartTest</a></td><td rowspan="1">1549272260593</td><td rowspan="1">2617</td></tr></tbody>
<tbody id="t7"><tr><th colspan="4"> CVS PhotoPageTest &#8212; failed</th></tr><tr class="failedeven"><td rowspan="2">com.cvs.qa.testcases.PhotoPageTest</td><td><a href="#m52">verifyPhotoPageHomeTitleTest</a></td><td rowspan="1">1549272400806</td><td rowspan="1">9045</td></tr><tr class="failedeven"><td><a href="#m53">verifyPhotoUploadTest</a></td><td rowspan="1">1549272314458</td><td rowspan="1">6127</td></tr><tr><th colspan="4"> CVS PhotoPageTest &#8212; skipped</th></tr><tr class="skippedeven"><td rowspan="6">com.cvs.qa.testcases.PhotoPageTest</td><td><a href="#m54">verifyPhotoPageHomeTitleTest</a></td><td rowspan="3">1549272367082</td><td rowspan="3">10954</td></tr><tr class="skippedeven"><td><a href="#m55">verifyPhotoPageHomeTitleTest</a></td></tr><tr class="skippedeven"><td><a href="#m56">verifyPhotoPageHomeTitleTest</a></td></tr><tr class="skippedeven"><td><a href="#m57">verifyPhotoUploadTest</a></td><td rowspan="3">1549272269170</td><td rowspan="3">10886</td></tr><tr class="skippedeven"><td><a href="#m58">verifyPhotoUploadTest</a></td></tr><tr class="skippedeven"><td><a href="#m59">verifyPhotoUploadTest</a></td></tr><tr><th colspan="4"> CVS PhotoPageTest &#8212; passed</th></tr><tr class="passedeven"><td rowspan="2">com.cvs.qa.testcases.PhotoPageTest</td><td><a href="#m60">verifyPhotoPageTitleTest</a></td><td rowspan="1">1549272326551</td><td rowspan="1">4251</td></tr><tr class="passedeven"><td><a href="#m61">verifyShopNowPicLinkTest</a></td><td rowspan="1">1549272336899</td><td rowspan="1">8010</td></tr></tbody>
<tbody id="t8"><tr><th colspan="4"> CVS ShopPageTest &#8212; passed</th></tr><tr class="passedeven"><td rowspan="5">com.cvs.qa.testcases.ShopPageTest</td><td><a href="#m62">verifyAddCSLW2CartTest</a></td><td rowspan="1">1549272462480</td><td rowspan="1">5518</td></tr><tr class="passedeven"><td><a href="#m63">verifyClickonShopAllCategoriesTest</a></td><td rowspan="1">1549272439638</td><td rowspan="1">4860</td></tr><tr class="passedeven"><td><a href="#m64">verifyClickonVitaminLink</a></td><td rowspan="1">1549272450884</td><td rowspan="1">5199</td></tr><tr class="passedeven"><td><a href="#m65">verifyShopPageLinkTest</a></td><td rowspan="1">1549272431532</td><td rowspan="1">2369</td></tr><tr class="passedeven"><td><a href="#m66">verifyShopPageTitleTest</a></td><td rowspan="1">1549272415885</td><td rowspan="1">8855</td></tr></tbody>
<tbody id="t9"><tr><th colspan="4"> CVS SignUp4DealTest &#8212; failed</th></tr><tr class="failedeven"><td rowspan="1">com.cvs.qa.testcases.SignUp4DealTest</td><td><a href="#m67">verifyPageTitleTest</a></td><td rowspan="1">1549272519081</td><td rowspan="1">21023</td></tr><tr><th colspan="4"> CVS SignUp4DealTest &#8212; skipped</th></tr><tr class="skippedeven"><td rowspan="4">com.cvs.qa.testcases.SignUp4DealTest</td><td><a href="#m68">verifyPageTitleTest</a></td><td rowspan="3">1549272476674</td><td rowspan="3">20733</td></tr><tr class="skippedeven"><td><a href="#m69">verifyPageTitleTest</a></td></tr><tr class="skippedeven"><td><a href="#m70">verifyPageTitleTest</a></td></tr><tr class="skippedeven"><td><a href="#m71">verifySignU4DealsExcelDataTest</a></td><td rowspan="1">1549272672921</td><td rowspan="1">26217</td></tr><tr><th colspan="4"> CVS SignUp4DealTest &#8212; passed</th></tr><tr class="passedeven"><td rowspan="8">com.cvs.qa.testcases.SignUp4DealTest</td><td><a href="#m72">verifySignU4DealsExcelDataTest</a></td><td rowspan="7">1549272563907</td><td rowspan="7">14708</td></tr><tr class="passedeven"><td><a href="#m73">verifySignU4DealsExcelDataTest</a></td></tr><tr class="passedeven"><td><a href="#m74">verifySignU4DealsExcelDataTest</a></td></tr><tr class="passedeven"><td><a href="#m75">verifySignU4DealsExcelDataTest</a></td></tr><tr class="passedeven"><td><a href="#m76">verifySignU4DealsExcelDataTest</a></td></tr><tr class="passedeven"><td><a href="#m77">verifySignU4DealsExcelDataTest</a></td></tr><tr class="passedeven"><td><a href="#m78">verifySignU4DealsExcelDataTest</a></td></tr><tr class="passedeven"><td><a href="#m79">verifySignUp4DealsTest</a></td><td rowspan="1">1549272546600</td><td rowspan="1">11466</td></tr></tbody>
<tbody id="t10"><tr><th colspan="4"> CVS PharmacyPageTest &#8212; failed (configuration methods)</th></tr><tr class="failedeven"><td rowspan="1">com.cvs.qa.testcases.PharmacyTest</td><td><a href="#m80">setUp</a></td><td rowspan="1">1549272717901</td><td rowspan="1">0</td></tr><tr><th colspan="4"> CVS PharmacyPageTest &#8212; skipped (configuration methods)</th></tr><tr class="skippedeven"><td rowspan="1">com.cvs.qa.testcases.PharmacyTest</td><td><a href="#m81">tearDown</a></td><td rowspan="1">1549272717902</td><td rowspan="1">0</td></tr><tr><th colspan="4"> CVS PharmacyPageTest &#8212; skipped</th></tr><tr class="skippedeven"><td rowspan="1">com.cvs.qa.testcases.PharmacyTest</td><td><a href="#m82">verifyTransferingRX2CVS</a></td><td rowspan="1">1549272717902</td><td rowspan="1">0</td></tr></tbody>
</table>
<h2> CVS HomePageTest</h2><h3 id="m0">com.cvs.qa.testcases.HomePageTest#verifyContactLensesTest</h3><table class="result"><tr><th class="invisible"/></tr></table><p class="totop"><a href="#summary">back to summary</a></p>
<h3 id="m1">com.cvs.qa.testcases.HomePageTest#verifyExtraCareLinkTest</h3><table class="result"><tr><th class="invisible"/></tr></table><p class="totop"><a href="#summary">back to summary</a></p>
<h3 id="m2">com.cvs.qa.testcases.HomePageTest#verifyHomePageLogoTest</h3><table class="result"><tr><th class="invisible"/></tr></table><p class="totop"><a href="#summary">back to summary</a></p>
<h3 id="m3">com.cvs.qa.testcases.HomePageTest#verifyHomePageTitleTest</h3><table class="result"><tr><th class="invisible"/></tr></table><p class="totop"><a href="#summary">back to summary</a></p>
<h3 id="m4">com.cvs.qa.testcases.HomePageTest#verifyMinuteClinicLinkTest</h3><table class="result"><tr><th class="invisible"/></tr></table><p class="totop"><a href="#summary">back to summary</a></p>
<h3 id="m5">com.cvs.qa.testcases.HomePageTest#verifyPharmacyLinkTest</h3><table class="result"><tr><th class="invisible"/></tr></table><p class="totop"><a href="#summary">back to summary</a></p>
<h3 id="m6">com.cvs.qa.testcases.HomePageTest#verifyPhotoLinkTest</h3><table class="result"><tr><th class="invisible"/></tr></table><p class="totop"><a href="#summary">back to summary</a></p>
<h3 id="m7">com.cvs.qa.testcases.HomePageTest#verifySearchBoxTest</h3><table class="result"><tr><th class="invisible"/></tr></table><p class="totop"><a href="#summary">back to summary</a></p>
<h3 id="m8">com.cvs.qa.testcases.HomePageTest#verifyShopLinkTest</h3><table class="result"><tr><th class="invisible"/></tr></table><p class="totop"><a href="#summary">back to summary</a></p>
<h3 id="m9">com.cvs.qa.testcases.HomePageTest#verifyStoreLocator24HrsStoreTest</h3><table class="result"><tr><th class="invisible"/></tr></table><p class="totop"><a href="#summary">back to summary</a></p>
<h3 id="m10">com.cvs.qa.testcases.HomePageTest#verifyStoreLocatorTest</h3><table class="result"><tr><th class="invisible"/></tr></table><p class="totop"><a href="#summary">back to summary</a></p>
<h2> CVS LogInPageTest</h2><h3 id="m11">com.cvs.qa.testcases.LogInTest#verifyLogInExcelData</h3><table class="result"><tr class="param"><th>Parameter #1</th><th>Parameter #2</th></tr><tr class="param stripe"><td>shuwaibliaquat@ymail.com</td><td>truelove12345</td></tr></table><p class="totop"><a href="#summary">back to summary</a></p>
<h3 id="m12">com.cvs.qa.testcases.LogInTest#verifyLogInExcelData</h3><table class="result"><tr class="param"><th>Parameter #1</th><th>Parameter #2</th></tr><tr class="param stripe"><td>shuwaibliaquat@hotmail.com</td><td>hhb12345</td></tr></table><p class="totop"><a href="#summary">back to summary</a></p>
<h3 id="m13">com.cvs.qa.testcases.LogInTest#verifyLogInExcelData</h3><table class="result"><tr class="param"><th>Parameter #1</th><th>Parameter #2</th></tr><tr class="param stripe"><td>nishat055@gmail.com</td><td>apple123456</td></tr></table><p class="totop"><a href="#summary">back to summary</a></p>
<h3 id="m14">com.cvs.qa.testcases.LogInTest#verifyLogInTest</h3><table class="result"><tr><th class="invisible"/></tr></table><p class="totop"><a href="#summary">back to summary</a></p>
<h3 id="m15">com.cvs.qa.testcases.LogInTest#verifyTopPanelLogInTest</h3><table class="result"><tr><th class="invisible"/></tr></table><p class="totop"><a href="#summary">back to summary</a></p>
<h3 id="m16">com.cvs.qa.testcases.LogInTest#verifyTopPanelLogInTestExcelDataTest</h3><table class="result"><tr class="param"><th>Parameter #1</th><th>Parameter #2</th></tr><tr class="param stripe"><td>shuwaibliaquat@ymail.com</td><td>truelove12345</td></tr></table><p class="totop"><a href="#summary">back to summary</a></p>
<h3 id="m17">com.cvs.qa.testcases.LogInTest#verifyTopPanelLogInTestExcelDataTest</h3><table class="result"><tr class="param"><th>Parameter #1</th><th>Parameter #2</th></tr><tr class="param stripe"><td>nishat055@gmail.com</td><td>apple123456</td></tr></table><p class="totop"><a href="#summary">back to summary</a></p>
<h3 id="m18">com.cvs.qa.testcases.LogInTest#verifyTopPanelLogInTestExcelDataTest</h3><table class="result"><tr class="param"><th>Parameter #1</th><th>Parameter #2</th></tr><tr class="param stripe"><td>shuwaibliaquat@hotmail.com</td><td>hhb12345</td></tr></table><p class="totop"><a href="#summary">back to summary</a></p>
<h2> CVS RegistrationPageTest</h2><h3 id="m19">com.cvs.qa.testcases.RegistrationTest#registerMultipleCustomer</h3><table class="result"><tr class="param"><th>Parameter #1</th><th>Parameter #2</th><th>Parameter #3</th><th>Parameter #4</th><th>Parameter #5</th><th>Parameter #6</th><th>Parameter #7</th><th>Parameter #8</th><th>Parameter #9</th><th>Parameter #10</th><th>Parameter #11</th><th>Parameter #12</th><th>Parameter #13</th><th>Parameter #14</th><th>Parameter #15</th><th>Parameter #16</th></tr><tr class="param stripe"><td>Rafquat</td><td>Hossain</td><td>shuwaibliaquat59@hotmail.com</td><td>Apple12349</td><td>Apple12349</td><td>google</td><td>115 Wayne Ave</td><td>5th</td><td>Sussex</td><td>NY</td><td>07507</td><td>2019814576</td><td>05</td><td>30</td><td>1989</td><td>Male</td></tr><tr><th colspan="16">Exception</th></tr><tr><td colspan="16"><div class="stacktrace">org.openqa.selenium.ElementNotVisibleException: element not interactable
  (Session info: chrome=71.0.3578.98)
  (Driver info: chromedriver=2.42.591088 (7b2b2dca23cca0862f674758c9a3933e685c27d5),platform=Windows NT 10.0.17134 x86_64) (WARNING: The server did not provide any stacktrace information)
Command duration or timeout: 0 milliseconds
Build info: version: &apos;3.14.0&apos;, revision: &apos;aacccce0&apos;, time: &apos;2018-08-02T20:19:58.91Z&apos;
System info: host: &apos;DESKTOP-JEV6767&apos;, ip: &apos;192.168.1.7&apos;, os.name: &apos;Windows 10&apos;, os.arch: &apos;amd64&apos;, os.version: &apos;10.0&apos;, java.version: &apos;1.8.0_171&apos;
Driver info: org.openqa.selenium.chrome.ChromeDriver
Capabilities {acceptInsecureCerts: false, acceptSslCerts: false, applicationCacheEnabled: false, browserConnectionEnabled: false, browserName: chrome, chrome: {chromedriverVersion: 2.42.591088 (7b2b2dca23cca0..., userDataDir: C:\Users\JAVALE~1\AppData\L...}, cssSelectorsEnabled: true, databaseEnabled: false, goog:chromeOptions: {debuggerAddress: localhost:58862}, handlesAlerts: true, hasTouchScreen: false, javascriptEnabled: true, locationContextEnabled: true, mobileEmulationEnabled: false, nativeEvents: true, networkConnectionEnabled: false, pageLoadStrategy: normal, platform: XP, platformName: XP, rotatable: false, setWindowRect: true, takesHeapSnapshot: true, takesScreenshot: true, unexpectedAlertBehaviour: , unhandledPromptBehavior: , version: 71.0.3578.98, webStorageEnabled: true}
Session ID: c0d63160065b346abddfaae9d59e0ad0
	at org.openqa.selenium.remote.ErrorHandler.createThrowable(ErrorHandler.java:214)
	at org.openqa.selenium.remote.ErrorHandler.throwIfResponseFailed(ErrorHandler.java:166)
	at org.openqa.selenium.remote.http.JsonHttpResponseCodec.reconstructValue(JsonHttpResponseCodec.java:40)
	at org.openqa.selenium.remote.http.AbstractHttpResponseCodec.decode(AbstractHttpResponseCodec.java:80)
	at org.openqa.selenium.remote.http.AbstractHttpResponseCodec.decode(AbstractHttpResponseCodec.java:44)
	at org.openqa.selenium.remote.HttpCommandExecutor.execute(HttpCommandExecutor.java:158)
	at org.openqa.selenium.remote.service.DriverCommandExecutor.execute(DriverCommandExecutor.java:83)
	at org.openqa.selenium.remote.RemoteWebDriver.execute(RemoteWebDriver.java:548)
	at org.openqa.selenium.remote.RemoteWebElement.execute(RemoteWebElement.java:276)
	at org.openqa.selenium.remote.RemoteWebElement.sendKeys(RemoteWebElement.java:100)
	at org.openqa.selenium.support.events.EventFiringWebDriver$EventFiringWebElement.lambda$new$0(EventFiringWebDriver.java:403)
	at com.sun.proxy.$Proxy12.sendKeys(Unknown Source)
	at org.openqa.selenium.support.events.EventFiringWebDriver$EventFiringWebElement.sendKeys(EventFiringWebDriver.java:428)
	at org.openqa.selenium.support.pagefactory.internal.LocatingElementHandler.invoke(LocatingElementHandler.java:51)
	at com.sun.proxy.$Proxy11.sendKeys(Unknown Source)
	at com.cvs.qa.pages.Registration.registrationForm(Registration.java:89)
	at com.cvs.qa.testcases.RegistrationTest.registerMultipleCustomer(RegistrationTest.java:75)
... Removed 38 stack frames</div></td></tr></table><p class="totop"><a href="#summary">back to summary</a></p>
<h3 id="m20">com.cvs.qa.testcases.RegistrationTest#registerCustomer</h3><table class="result"><tr><th class="invisible"/></tr></table><p class="totop"><a href="#summary">back to summary</a></p>
<h3 id="m21">com.cvs.qa.testcases.RegistrationTest#registerMultipleCustomer</h3><table class="result"><tr class="param"><th>Parameter #1</th><th>Parameter #2</th><th>Parameter #3</th><th>Parameter #4</th><th>Parameter #5</th><th>Parameter #6</th><th>Parameter #7</th><th>Parameter #8</th><th>Parameter #9</th><th>Parameter #10</th><th>Parameter #11</th><th>Parameter #12</th><th>Parameter #13</th><th>Parameter #14</th><th>Parameter #15</th><th>Parameter #16</th></tr><tr class="param stripe"><td>Linie</td><td>Liaquat</td><td>shuwaibliaquat56@hotmail.com</td><td>Apple12347</td><td>Apple12347</td><td>yahoo</td><td>113 Wayne Ave</td><td>3rd</td><td>Woodland Park</td><td>DC</td><td>07505</td><td>2019814576</td><td>03</td><td>28</td><td>1989</td><td>Female</td></tr></table><p class="totop"><a href="#summary">back to summary</a></p>
<h3 id="m22">com.cvs.qa.testcases.RegistrationTest#registerMultipleCustomer</h3><table class="result"><tr class="param"><th>Parameter #1</th><th>Parameter #2</th><th>Parameter #3</th><th>Parameter #4</th><th>Parameter #5</th><th>Parameter #6</th><th>Parameter #7</th><th>Parameter #8</th><th>Parameter #9</th><th>Parameter #10</th><th>Parameter #11</th><th>Parameter #12</th><th>Parameter #13</th><th>Parameter #14</th><th>Parameter #15</th><th>Parameter #16</th></tr><tr class="param stripe"><td>Naushad</td><td>Chowdhury</td><td>shuwaibliaquat123@hotmail.com</td><td>Apple12346</td><td>Apple12346</td><td>Shabana</td><td>112 Wayne Ave</td><td>2nd</td><td>Clifton</td><td>NJ</td><td>07504</td><td>2019814576</td><td>02</td><td>27</td><td>1989</td><td>Male</td></tr></table><p class="totop"><a href="#summary">back to summary</a></p>
<h3 id="m23">com.cvs.qa.testcases.RegistrationTest#registerMultipleCustomer</h3><table class="result"><tr class="param"><th>Parameter #1</th><th>Parameter #2</th><th>Parameter #3</th><th>Parameter #4</th><th>Parameter #5</th><th>Parameter #6</th><th>Parameter #7</th><th>Parameter #8</th><th>Parameter #9</th><th>Parameter #10</th><th>Parameter #11</th><th>Parameter #12</th><th>Parameter #13</th><th>Parameter #14</th><th>Parameter #15</th><th>Parameter #16</th></tr><tr class="param stripe"><td>Adnan</td><td>Liaquat</td><td>shuwaibliaquat100@hotmail.com</td><td>Apple12350</td><td>Apple12350</td><td>tommy</td><td>116 Wayne Ave</td><td>6th</td><td>Troy</td><td>MI</td><td>48212</td><td>2019814576</td><td>06</td><td>30</td><td>1989</td><td>Male</td></tr></table><p class="totop"><a href="#summary">back to summary</a></p>
<h3 id="m24">com.cvs.qa.testcases.RegistrationTest#registerMultipleCustomer</h3><table class="result"><tr class="param"><th>Parameter #1</th><th>Parameter #2</th><th>Parameter #3</th><th>Parameter #4</th><th>Parameter #5</th><th>Parameter #6</th><th>Parameter #7</th><th>Parameter #8</th><th>Parameter #9</th><th>Parameter #10</th><th>Parameter #11</th><th>Parameter #12</th><th>Parameter #13</th><th>Parameter #14</th><th>Parameter #15</th><th>Parameter #16</th></tr><tr class="param stripe"><td>Rafquat</td><td>Hossain</td><td>shuwaibliaquat59@hotmail.com</td><td>Apple12349</td><td>Apple12349</td><td>google</td><td>115 Wayne Ave</td><td>5th</td><td>Sussex</td><td>NY</td><td>07507</td><td>2019814576</td><td>05</td><td>30</td><td>1989</td><td>Male</td></tr></table><p class="totop"><a href="#summary">back to summary</a></p>
<h3 id="m25">com.cvs.qa.testcases.RegistrationTest#registerMultipleCustomer</h3><table class="result"><tr class="param"><th>Parameter #1</th><th>Parameter #2</th><th>Parameter #3</th><th>Parameter #4</th><th>Parameter #5</th><th>Parameter #6</th><th>Parameter #7</th><th>Parameter #8</th><th>Parameter #9</th><th>Parameter #10</th><th>Parameter #11</th><th>Parameter #12</th><th>Parameter #13</th><th>Parameter #14</th><th>Parameter #15</th><th>Parameter #16</th></tr><tr class="param stripe"><td>Muhith</td><td>Mahmood</td><td>shuwaibliaquat1@hotmail.com</td><td>Apple12348</td><td>Apple12348</td><td>hotmail</td><td>114 Wayne Ave</td><td>4th</td><td>Paterson</td><td>NJ</td><td>07506</td><td>2019814576</td><td>04</td><td>29</td><td>1989</td><td>Male</td></tr></table><p class="totop"><a href="#summary">back to summary</a></p>
<h3 id="m26">com.cvs.qa.testcases.RegistrationTest#registerMultipleCustomer</h3><table class="result"><tr class="param"><th>Parameter #1</th><th>Parameter #2</th><th>Parameter #3</th><th>Parameter #4</th><th>Parameter #5</th><th>Parameter #6</th><th>Parameter #7</th><th>Parameter #8</th><th>Parameter #9</th><th>Parameter #10</th><th>Parameter #11</th><th>Parameter #12</th><th>Parameter #13</th><th>Parameter #14</th><th>Parameter #15</th><th>Parameter #16</th></tr><tr class="param stripe"><td>Shuwaib</td><td>Liaquat</td><td>shuwaibliaquat12@hotmail.com</td><td>Apple12345</td><td>Apple12345</td><td>Krish</td><td>111 Wayne Ave</td><td>1st</td><td>Paterson</td><td>NJ</td><td>07503</td><td>2019814576</td><td>01</td><td>26</td><td>1989</td><td>Male</td></tr></table><p class="totop"><a href="#summary">back to summary</a></p>
<h3 id="m27">com.cvs.qa.testcases.RegistrationTest#registerMultipleCustomer</h3><table class="result"><tr class="param"><th>Parameter #1</th><th>Parameter #2</th><th>Parameter #3</th><th>Parameter #4</th><th>Parameter #5</th><th>Parameter #6</th><th>Parameter #7</th><th>Parameter #8</th><th>Parameter #9</th><th>Parameter #10</th><th>Parameter #11</th><th>Parameter #12</th><th>Parameter #13</th><th>Parameter #14</th><th>Parameter #15</th><th>Parameter #16</th></tr><tr class="param stripe"><td>Nishat</td><td>Chowdhury</td><td>nishat0598@gmail.com</td><td>Apple555</td><td>Apple555</td><td>Tia</td><td>12 Elk St</td><td>7th</td><td>Lincoln Park</td><td>MI</td><td>48212</td><td>2019814576</td><td>11</td><td>21</td><td>2000</td><td>Female</td></tr></table><p class="totop"><a href="#summary">back to summary</a></p>
<h3 id="m28">com.cvs.qa.testcases.RegistrationTest#verifyRegistrationPageTitle</h3><table class="result"><tr><th class="invisible"/></tr></table><p class="totop"><a href="#summary">back to summary</a></p>
<h2> CVS MinuteClinicPageTest</h2><h3 id="m29">com.cvs.qa.testcases.MinuteClinicTest#verifyClinicLocatorPageTitleTest</h3><table class="result"><tr><th>Exception</th></tr><tr><td><div class="stacktrace">org.openqa.selenium.WebDriverException: unknown error: cannot focus element
  (Session info: chrome=71.0.3578.98)
  (Driver info: chromedriver=2.42.591088 (7b2b2dca23cca0862f674758c9a3933e685c27d5),platform=Windows NT 10.0.17134 x86_64) (WARNING: The server did not provide any stacktrace information)
Command duration or timeout: 0 milliseconds
Build info: version: &apos;3.14.0&apos;, revision: &apos;aacccce0&apos;, time: &apos;2018-08-02T20:19:58.91Z&apos;
System info: host: &apos;DESKTOP-JEV6767&apos;, ip: &apos;192.168.1.7&apos;, os.name: &apos;Windows 10&apos;, os.arch: &apos;amd64&apos;, os.version: &apos;10.0&apos;, java.version: &apos;1.8.0_171&apos;
Driver info: org.openqa.selenium.chrome.ChromeDriver
Capabilities {acceptInsecureCerts: false, acceptSslCerts: false, applicationCacheEnabled: false, browserConnectionEnabled: false, browserName: chrome, chrome: {chromedriverVersion: 2.42.591088 (7b2b2dca23cca0..., userDataDir: C:\Users\JAVALE~1\AppData\L...}, cssSelectorsEnabled: true, databaseEnabled: false, goog:chromeOptions: {debuggerAddress: localhost:59406}, handlesAlerts: true, hasTouchScreen: false, javascriptEnabled: true, locationContextEnabled: true, mobileEmulationEnabled: false, nativeEvents: true, networkConnectionEnabled: false, pageLoadStrategy: normal, platform: XP, platformName: XP, rotatable: false, setWindowRect: true, takesHeapSnapshot: true, takesScreenshot: true, unexpectedAlertBehaviour: , unhandledPromptBehavior: , version: 71.0.3578.98, webStorageEnabled: true}
Session ID: 413bbc8f661f1e77b1aad88031db2772
	at org.openqa.selenium.remote.ErrorHandler.createThrowable(ErrorHandler.java:214)
	at org.openqa.selenium.remote.ErrorHandler.throwIfResponseFailed(ErrorHandler.java:166)
	at org.openqa.selenium.remote.http.JsonHttpResponseCodec.reconstructValue(JsonHttpResponseCodec.java:40)
	at org.openqa.selenium.remote.http.AbstractHttpResponseCodec.decode(AbstractHttpResponseCodec.java:80)
	at org.openqa.selenium.remote.http.AbstractHttpResponseCodec.decode(AbstractHttpResponseCodec.java:44)
	at org.openqa.selenium.remote.HttpCommandExecutor.execute(HttpCommandExecutor.java:158)
	at org.openqa.selenium.remote.service.DriverCommandExecutor.execute(DriverCommandExecutor.java:83)
	at org.openqa.selenium.remote.RemoteWebDriver.execute(RemoteWebDriver.java:548)
	at org.openqa.selenium.remote.RemoteWebElement.execute(RemoteWebElement.java:276)
	at org.openqa.selenium.remote.RemoteWebElement.sendKeys(RemoteWebElement.java:100)
	at org.openqa.selenium.support.events.EventFiringWebDriver$EventFiringWebElement.lambda$new$0(EventFiringWebDriver.java:403)
	at com.sun.proxy.$Proxy12.sendKeys(Unknown Source)
	at org.openqa.selenium.support.events.EventFiringWebDriver$EventFiringWebElement.sendKeys(EventFiringWebDriver.java:428)
	at org.openqa.selenium.support.pagefactory.internal.LocatingElementHandler.invoke(LocatingElementHandler.java:51)
	at com.sun.proxy.$Proxy11.sendKeys(Unknown Source)
	at com.cvs.qa.pages.MinuteClinic.verifyZipCodeLocater(MinuteClinic.java:34)
	at com.cvs.qa.testcases.MinuteClinicTest.verifyClinicLocatorPageTitleTest(MinuteClinicTest.java:63)
... Removed 38 stack frames</div></td></tr></table><p class="totop"><a href="#summary">back to summary</a></p>
<h3 id="m30">com.cvs.qa.testcases.MinuteClinicTest#verifyClinicLocatorPageTitleTest</h3><table class="result"><tr><th>Exception</th></tr><tr><td><div class="stacktrace">org.openqa.selenium.WebDriverException: unknown error: cannot focus element
  (Session info: chrome=71.0.3578.98)
  (Driver info: chromedriver=2.42.591088 (7b2b2dca23cca0862f674758c9a3933e685c27d5),platform=Windows NT 10.0.17134 x86_64) (WARNING: The server did not provide any stacktrace information)
Command duration or timeout: 0 milliseconds
Build info: version: &apos;3.14.0&apos;, revision: &apos;aacccce0&apos;, time: &apos;2018-08-02T20:19:58.91Z&apos;
System info: host: &apos;DESKTOP-JEV6767&apos;, ip: &apos;192.168.1.7&apos;, os.name: &apos;Windows 10&apos;, os.arch: &apos;amd64&apos;, os.version: &apos;10.0&apos;, java.version: &apos;1.8.0_171&apos;
Driver info: org.openqa.selenium.chrome.ChromeDriver
Capabilities {acceptInsecureCerts: false, acceptSslCerts: false, applicationCacheEnabled: false, browserConnectionEnabled: false, browserName: chrome, chrome: {chromedriverVersion: 2.42.591088 (7b2b2dca23cca0..., userDataDir: C:\Users\JAVALE~1\AppData\L...}, cssSelectorsEnabled: true, databaseEnabled: false, goog:chromeOptions: {debuggerAddress: localhost:59203}, handlesAlerts: true, hasTouchScreen: false, javascriptEnabled: true, locationContextEnabled: true, mobileEmulationEnabled: false, nativeEvents: true, networkConnectionEnabled: false, pageLoadStrategy: normal, platform: XP, platformName: XP, rotatable: false, setWindowRect: true, takesHeapSnapshot: true, takesScreenshot: true, unexpectedAlertBehaviour: , unhandledPromptBehavior: , version: 71.0.3578.98, webStorageEnabled: true}
Session ID: 2aa0319c0d039fa07e328f093443b35b
	at org.openqa.selenium.remote.ErrorHandler.createThrowable(ErrorHandler.java:214)
	at org.openqa.selenium.remote.ErrorHandler.throwIfResponseFailed(ErrorHandler.java:166)
	at org.openqa.selenium.remote.http.JsonHttpResponseCodec.reconstructValue(JsonHttpResponseCodec.java:40)
	at org.openqa.selenium.remote.http.AbstractHttpResponseCodec.decode(AbstractHttpResponseCodec.java:80)
	at org.openqa.selenium.remote.http.AbstractHttpResponseCodec.decode(AbstractHttpResponseCodec.java:44)
	at org.openqa.selenium.remote.HttpCommandExecutor.execute(HttpCommandExecutor.java:158)
	at org.openqa.selenium.remote.service.DriverCommandExecutor.execute(DriverCommandExecutor.java:83)
	at org.openqa.selenium.remote.RemoteWebDriver.execute(RemoteWebDriver.java:548)
	at org.openqa.selenium.remote.RemoteWebElement.execute(RemoteWebElement.java:276)
	at org.openqa.selenium.remote.RemoteWebElement.sendKeys(RemoteWebElement.java:100)
	at org.openqa.selenium.support.events.EventFiringWebDriver$EventFiringWebElement.lambda$new$0(EventFiringWebDriver.java:403)
	at com.sun.proxy.$Proxy12.sendKeys(Unknown Source)
	at org.openqa.selenium.support.events.EventFiringWebDriver$EventFiringWebElement.sendKeys(EventFiringWebDriver.java:428)
	at org.openqa.selenium.support.pagefactory.internal.LocatingElementHandler.invoke(LocatingElementHandler.java:51)
	at com.sun.proxy.$Proxy11.sendKeys(Unknown Source)
	at com.cvs.qa.pages.MinuteClinic.verifyZipCodeLocater(MinuteClinic.java:34)
	at com.cvs.qa.testcases.MinuteClinicTest.verifyClinicLocatorPageTitleTest(MinuteClinicTest.java:63)
... Removed 38 stack frames</div></td></tr></table><p class="totop"><a href="#summary">back to summary</a></p>
<h3 id="m31">com.cvs.qa.testcases.MinuteClinicTest#verifyClinicLocatorPageTitleTest</h3><table class="result"><tr><th>Exception</th></tr><tr><td><div class="stacktrace">java.lang.AssertionError: expected [Walk In Clinic Locator | MinuteClinic - CVS.com] but found [MinuteClinic | CVS Walk In Clinics]
	at com.cvs.qa.testcases.MinuteClinicTest.verifyClinicLocatorPageTitleTest(MinuteClinicTest.java:68)
... Removed 34 stack frames</div></td></tr></table><p class="totop"><a href="#summary">back to summary</a></p>
<h3 id="m32">com.cvs.qa.testcases.MinuteClinicTest#verifyClinicLocatorPageTitleTest</h3><table class="result"><tr><th>Exception</th></tr><tr><td><div class="stacktrace">java.lang.AssertionError: expected [Walk In Clinic Locator | MinuteClinic - CVS.com] but found [MinuteClinic | CVS Walk In Clinics]
	at com.cvs.qa.testcases.MinuteClinicTest.verifyClinicLocatorPageTitleTest(MinuteClinicTest.java:68)
... Removed 34 stack frames</div></td></tr></table><p class="totop"><a href="#summary">back to summary</a></p>
<h3 id="m33">com.cvs.qa.testcases.MinuteClinicTest#verifyMinuteClinicPageTitleTest</h3><table class="result"><tr><th class="invisible"/></tr></table><p class="totop"><a href="#summary">back to summary</a></p>
<h3 id="m34">com.cvs.qa.testcases.MinuteClinicTest#verifyZipCodeLocaterTest</h3><table class="result"><tr><th class="invisible"/></tr></table><p class="totop"><a href="#summary">back to summary</a></p>
<h2> CVS ClinicLocatorTest</h2><h2> CVS ContactLensesPageTest</h2><h3 id="m35">com.cvs.qa.testcases.ContactLensesPageTest#verifyAcuvueDefine30PKTest</h3><table class="result"><tr><th class="invisible"/></tr></table><p class="totop"><a href="#summary">back to summary</a></p>
<h3 id="m36">com.cvs.qa.testcases.ContactLensesPageTest#verifyAcuvueDefine90PKTest</h3><table class="result"><tr><th class="invisible"/></tr></table><p class="totop"><a href="#summary">back to summary</a></p>
<h3 id="m37">com.cvs.qa.testcases.ContactLensesPageTest#verifyDropDownMenuContactLensBrandsTest</h3><table class="result"><tr><th class="invisible"/></tr></table><p class="totop"><a href="#summary">back to summary</a></p>
<h3 id="m38">com.cvs.qa.testcases.ContactLensesPageTest#veriyAcuvueElementListTest</h3><table class="result"><tr><th class="invisible"/></tr></table><p class="totop"><a href="#summary">back to summary</a></p>
<h3 id="m39">com.cvs.qa.testcases.ContactLensesPageTest#veriyAirOptixAquaElementListTest</h3><table class="result"><tr><th class="invisible"/></tr></table><p class="totop"><a href="#summary">back to summary</a></p>
<h3 id="m40">com.cvs.qa.testcases.ContactLensesPageTest#veriyAirOptixBrandLabelClickTest</h3><table class="result"><tr><th class="invisible"/></tr></table><p class="totop"><a href="#summary">back to summary</a></p>
<h3 id="m41">com.cvs.qa.testcases.ContactLensesPageTest#veriyAirOptixBrandMouseHoverTest</h3><table class="result"><tr><th class="invisible"/></tr></table><p class="totop"><a href="#summary">back to summary</a></p>
<h3 id="m42">com.cvs.qa.testcases.ContactLensesPageTest#veriyAirOptixBrandTest</h3><table class="result"><tr><th class="invisible"/></tr></table><p class="totop"><a href="#summary">back to summary</a></p>
<h3 id="m43">com.cvs.qa.testcases.ContactLensesPageTest#veriyContactLensesPageTitleTest</h3><table class="result"><tr><th class="invisible"/></tr></table><p class="totop"><a href="#summary">back to summary</a></p>
<h3 id="m44">com.cvs.qa.testcases.ContactLensesPageTest#veriyLensTypeElementListTest</h3><table class="result"><tr><th class="invisible"/></tr></table><p class="totop"><a href="#summary">back to summary</a></p>
<h3 id="m45">com.cvs.qa.testcases.ContactLensesPageTest#veriyLensTypeTest</h3><table class="result"><tr><th class="invisible"/></tr></table><p class="totop"><a href="#summary">back to summary</a></p>
<h2> CVS ExtraCareTest</h2><h3 id="m46">com.cvs.qa.testcases.ExtraCareTest#verifyExtraCareSignInTest</h3><table class="result"><tr><th>Exception</th></tr><tr><td><div class="stacktrace">org.openqa.selenium.NoSuchElementException: no such element: Unable to locate element: {&quot;method&quot;:&quot;xpath&quot;,&quot;selector&quot;:&quot;//li//p[text()=&quot;Welcome abdur!&quot;]&quot;}
  (Session info: chrome=71.0.3578.98)
  (Driver info: chromedriver=2.42.591088 (7b2b2dca23cca0862f674758c9a3933e685c27d5),platform=Windows NT 10.0.17134 x86_64) (WARNING: The server did not provide any stacktrace information)
Command duration or timeout: 0 milliseconds
For documentation on this error, please visit: http://seleniumhq.org/exceptions/no_such_element.html
Build info: version: &apos;3.14.0&apos;, revision: &apos;aacccce0&apos;, time: &apos;2018-08-02T20:19:58.91Z&apos;
System info: host: &apos;DESKTOP-JEV6767&apos;, ip: &apos;192.168.1.7&apos;, os.name: &apos;Windows 10&apos;, os.arch: &apos;amd64&apos;, os.version: &apos;10.0&apos;, java.version: &apos;1.8.0_171&apos;
Driver info: org.openqa.selenium.chrome.ChromeDriver
Capabilities {acceptInsecureCerts: false, acceptSslCerts: false, applicationCacheEnabled: false, browserConnectionEnabled: false, browserName: chrome, chrome: {chromedriverVersion: 2.42.591088 (7b2b2dca23cca0..., userDataDir: C:\Users\JAVALE~1\AppData\L...}, cssSelectorsEnabled: true, databaseEnabled: false, goog:chromeOptions: {debuggerAddress: localhost:60511}, handlesAlerts: true, hasTouchScreen: false, javascriptEnabled: true, locationContextEnabled: true, mobileEmulationEnabled: false, nativeEvents: true, networkConnectionEnabled: false, pageLoadStrategy: normal, platform: XP, platformName: XP, rotatable: false, setWindowRect: true, takesHeapSnapshot: true, takesScreenshot: true, unexpectedAlertBehaviour: , unhandledPromptBehavior: , version: 71.0.3578.98, webStorageEnabled: true}
Session ID: bb8c7300e17c1631f7199b7c0f26bccf
*** Element info: {Using=xpath, value=//li//p[text()=&quot;Welcome abdur!&quot;]}
	at org.openqa.selenium.remote.ErrorHandler.createThrowable(ErrorHandler.java:214)
	at org.openqa.selenium.remote.ErrorHandler.throwIfResponseFailed(ErrorHandler.java:166)
	at org.openqa.selenium.remote.http.JsonHttpResponseCodec.reconstructValue(JsonHttpResponseCodec.java:40)
	at org.openqa.selenium.remote.http.AbstractHttpResponseCodec.decode(AbstractHttpResponseCodec.java:80)
	at org.openqa.selenium.remote.http.AbstractHttpResponseCodec.decode(AbstractHttpResponseCodec.java:44)
	at org.openqa.selenium.remote.HttpCommandExecutor.execute(HttpCommandExecutor.java:158)
	at org.openqa.selenium.remote.service.DriverCommandExecutor.execute(DriverCommandExecutor.java:83)
	at org.openqa.selenium.remote.RemoteWebDriver.execute(RemoteWebDriver.java:548)
	at org.openqa.selenium.remote.RemoteWebDriver.findElement(RemoteWebDriver.java:322)
	at org.openqa.selenium.remote.RemoteWebDriver.findElementByXPath(RemoteWebDriver.java:424)
	at org.openqa.selenium.By$ByXPath.findElement(By.java:353)
	at org.openqa.selenium.remote.RemoteWebDriver.findElement(RemoteWebDriver.java:314)
	at org.openqa.selenium.support.events.EventFiringWebDriver.lambda$new$1(EventFiringWebDriver.java:105)
	at com.sun.proxy.$Proxy7.findElement(Unknown Source)
	at org.openqa.selenium.support.events.EventFiringWebDriver.findElement(EventFiringWebDriver.java:194)
	at org.openqa.selenium.support.pagefactory.DefaultElementLocator.findElement(DefaultElementLocator.java:69)
	at org.openqa.selenium.support.pagefactory.internal.LocatingElementHandler.invoke(LocatingElementHandler.java:38)
	at com.sun.proxy.$Proxy11.getText(Unknown Source)
	at com.cvs.qa.pages.ExtraCare.verifyExtraCareSignInName(ExtraCare.java:62)
	at com.cvs.qa.testcases.ExtraCareTest.verifyExtraCareSignInTest(ExtraCareTest.java:39)
... Removed 35 stack frames</div></td></tr></table><p class="totop"><a href="#summary">back to summary</a></p>
<h3 id="m47">com.cvs.qa.testcases.ExtraCareTest#verifyExtraCareSignInTest</h3><table class="result"><tr><th>Exception</th></tr><tr><td><div class="stacktrace">org.openqa.selenium.NoSuchElementException: no such element: Unable to locate element: {&quot;method&quot;:&quot;xpath&quot;,&quot;selector&quot;:&quot;//li//p[text()=&quot;Welcome abdur!&quot;]&quot;}
  (Session info: chrome=71.0.3578.98)
  (Driver info: chromedriver=2.42.591088 (7b2b2dca23cca0862f674758c9a3933e685c27d5),platform=Windows NT 10.0.17134 x86_64) (WARNING: The server did not provide any stacktrace information)
Command duration or timeout: 0 milliseconds
For documentation on this error, please visit: http://seleniumhq.org/exceptions/no_such_element.html
Build info: version: &apos;3.14.0&apos;, revision: &apos;aacccce0&apos;, time: &apos;2018-08-02T20:19:58.91Z&apos;
System info: host: &apos;DESKTOP-JEV6767&apos;, ip: &apos;192.168.1.7&apos;, os.name: &apos;Windows 10&apos;, os.arch: &apos;amd64&apos;, os.version: &apos;10.0&apos;, java.version: &apos;1.8.0_171&apos;
Driver info: org.openqa.selenium.chrome.ChromeDriver
Capabilities {acceptInsecureCerts: false, acceptSslCerts: false, applicationCacheEnabled: false, browserConnectionEnabled: false, browserName: chrome, chrome: {chromedriverVersion: 2.42.591088 (7b2b2dca23cca0..., userDataDir: C:\Users\JAVALE~1\AppData\L...}, cssSelectorsEnabled: true, databaseEnabled: false, goog:chromeOptions: {debuggerAddress: localhost:60329}, handlesAlerts: true, hasTouchScreen: false, javascriptEnabled: true, locationContextEnabled: true, mobileEmulationEnabled: false, nativeEvents: true, networkConnectionEnabled: false, pageLoadStrategy: normal, platform: XP, platformName: XP, rotatable: false, setWindowRect: true, takesHeapSnapshot: true, takesScreenshot: true, unexpectedAlertBehaviour: , unhandledPromptBehavior: , version: 71.0.3578.98, webStorageEnabled: true}
Session ID: c0abcfc49514f2fb0fe86623792e33e2
*** Element info: {Using=xpath, value=//li//p[text()=&quot;Welcome abdur!&quot;]}
	at org.openqa.selenium.remote.ErrorHandler.createThrowable(ErrorHandler.java:214)
	at org.openqa.selenium.remote.ErrorHandler.throwIfResponseFailed(ErrorHandler.java:166)
	at org.openqa.selenium.remote.http.JsonHttpResponseCodec.reconstructValue(JsonHttpResponseCodec.java:40)
	at org.openqa.selenium.remote.http.AbstractHttpResponseCodec.decode(AbstractHttpResponseCodec.java:80)
	at org.openqa.selenium.remote.http.AbstractHttpResponseCodec.decode(AbstractHttpResponseCodec.java:44)
	at org.openqa.selenium.remote.HttpCommandExecutor.execute(HttpCommandExecutor.java:158)
	at org.openqa.selenium.remote.service.DriverCommandExecutor.execute(DriverCommandExecutor.java:83)
	at org.openqa.selenium.remote.RemoteWebDriver.execute(RemoteWebDriver.java:548)
	at org.openqa.selenium.remote.RemoteWebDriver.findElement(RemoteWebDriver.java:322)
	at org.openqa.selenium.remote.RemoteWebDriver.findElementByXPath(RemoteWebDriver.java:424)
	at org.openqa.selenium.By$ByXPath.findElement(By.java:353)
	at org.openqa.selenium.remote.RemoteWebDriver.findElement(RemoteWebDriver.java:314)
	at org.openqa.selenium.support.events.EventFiringWebDriver.lambda$new$1(EventFiringWebDriver.java:105)
	at com.sun.proxy.$Proxy7.findElement(Unknown Source)
	at org.openqa.selenium.support.events.EventFiringWebDriver.findElement(EventFiringWebDriver.java:194)
	at org.openqa.selenium.support.pagefactory.DefaultElementLocator.findElement(DefaultElementLocator.java:69)
	at org.openqa.selenium.support.pagefactory.internal.LocatingElementHandler.invoke(LocatingElementHandler.java:38)
	at com.sun.proxy.$Proxy11.getText(Unknown Source)
	at com.cvs.qa.pages.ExtraCare.verifyExtraCareSignInName(ExtraCare.java:62)
	at com.cvs.qa.testcases.ExtraCareTest.verifyExtraCareSignInTest(ExtraCareTest.java:39)
... Removed 35 stack frames</div></td></tr></table><p class="totop"><a href="#summary">back to summary</a></p>
<h3 id="m48">com.cvs.qa.testcases.ExtraCareTest#verifyExtraCareSignInTest</h3><table class="result"><tr><th>Exception</th></tr><tr><td><div class="stacktrace">org.openqa.selenium.NoSuchElementException: no such element: Unable to locate element: {&quot;method&quot;:&quot;xpath&quot;,&quot;selector&quot;:&quot;//li//p[text()=&quot;Welcome abdur!&quot;]&quot;}
  (Session info: chrome=71.0.3578.98)
  (Driver info: chromedriver=2.42.591088 (7b2b2dca23cca0862f674758c9a3933e685c27d5),platform=Windows NT 10.0.17134 x86_64) (WARNING: The server did not provide any stacktrace information)
Command duration or timeout: 0 milliseconds
For documentation on this error, please visit: http://seleniumhq.org/exceptions/no_such_element.html
Build info: version: &apos;3.14.0&apos;, revision: &apos;aacccce0&apos;, time: &apos;2018-08-02T20:19:58.91Z&apos;
System info: host: &apos;DESKTOP-JEV6767&apos;, ip: &apos;192.168.1.7&apos;, os.name: &apos;Windows 10&apos;, os.arch: &apos;amd64&apos;, os.version: &apos;10.0&apos;, java.version: &apos;1.8.0_171&apos;
Driver info: org.openqa.selenium.chrome.ChromeDriver
Capabilities {acceptInsecureCerts: false, acceptSslCerts: false, applicationCacheEnabled: false, browserConnectionEnabled: false, browserName: chrome, chrome: {chromedriverVersion: 2.42.591088 (7b2b2dca23cca0..., userDataDir: C:\Users\JAVALE~1\AppData\L...}, cssSelectorsEnabled: true, databaseEnabled: false, goog:chromeOptions: {debuggerAddress: localhost:60274}, handlesAlerts: true, hasTouchScreen: false, javascriptEnabled: true, locationContextEnabled: true, mobileEmulationEnabled: false, nativeEvents: true, networkConnectionEnabled: false, pageLoadStrategy: normal, platform: XP, platformName: XP, rotatable: false, setWindowRect: true, takesHeapSnapshot: true, takesScreenshot: true, unexpectedAlertBehaviour: , unhandledPromptBehavior: , version: 71.0.3578.98, webStorageEnabled: true}
Session ID: 891734ce68dba6f44b62bd2c20981684
*** Element info: {Using=xpath, value=//li//p[text()=&quot;Welcome abdur!&quot;]}
	at org.openqa.selenium.remote.ErrorHandler.createThrowable(ErrorHandler.java:214)
	at org.openqa.selenium.remote.ErrorHandler.throwIfResponseFailed(ErrorHandler.java:166)
	at org.openqa.selenium.remote.http.JsonHttpResponseCodec.reconstructValue(JsonHttpResponseCodec.java:40)
	at org.openqa.selenium.remote.http.AbstractHttpResponseCodec.decode(AbstractHttpResponseCodec.java:80)
	at org.openqa.selenium.remote.http.AbstractHttpResponseCodec.decode(AbstractHttpResponseCodec.java:44)
	at org.openqa.selenium.remote.HttpCommandExecutor.execute(HttpCommandExecutor.java:158)
	at org.openqa.selenium.remote.service.DriverCommandExecutor.execute(DriverCommandExecutor.java:83)
	at org.openqa.selenium.remote.RemoteWebDriver.execute(RemoteWebDriver.java:548)
	at org.openqa.selenium.remote.RemoteWebDriver.findElement(RemoteWebDriver.java:322)
	at org.openqa.selenium.remote.RemoteWebDriver.findElementByXPath(RemoteWebDriver.java:424)
	at org.openqa.selenium.By$ByXPath.findElement(By.java:353)
	at org.openqa.selenium.remote.RemoteWebDriver.findElement(RemoteWebDriver.java:314)
	at org.openqa.selenium.support.events.EventFiringWebDriver.lambda$new$1(EventFiringWebDriver.java:105)
	at com.sun.proxy.$Proxy7.findElement(Unknown Source)
	at org.openqa.selenium.support.events.EventFiringWebDriver.findElement(EventFiringWebDriver.java:194)
	at org.openqa.selenium.support.pagefactory.DefaultElementLocator.findElement(DefaultElementLocator.java:69)
	at org.openqa.selenium.support.pagefactory.internal.LocatingElementHandler.invoke(LocatingElementHandler.java:38)
	at com.sun.proxy.$Proxy11.getText(Unknown Source)
	at com.cvs.qa.pages.ExtraCare.verifyExtraCareSignInName(ExtraCare.java:62)
	at com.cvs.qa.testcases.ExtraCareTest.verifyExtraCareSignInTest(ExtraCareTest.java:39)
... Removed 35 stack frames</div></td></tr></table><p class="totop"><a href="#summary">back to summary</a></p>
<h3 id="m49">com.cvs.qa.testcases.ExtraCareTest#verifyExtraCareSignInTest</h3><table class="result"><tr><th>Exception</th></tr><tr><td><div class="stacktrace">org.openqa.selenium.NoSuchElementException: no such element: Unable to locate element: {&quot;method&quot;:&quot;xpath&quot;,&quot;selector&quot;:&quot;//li//p[text()=&quot;Welcome abdur!&quot;]&quot;}
  (Session info: chrome=71.0.3578.98)
  (Driver info: chromedriver=2.42.591088 (7b2b2dca23cca0862f674758c9a3933e685c27d5),platform=Windows NT 10.0.17134 x86_64) (WARNING: The server did not provide any stacktrace information)
Command duration or timeout: 0 milliseconds
For documentation on this error, please visit: http://seleniumhq.org/exceptions/no_such_element.html
Build info: version: &apos;3.14.0&apos;, revision: &apos;aacccce0&apos;, time: &apos;2018-08-02T20:19:58.91Z&apos;
System info: host: &apos;DESKTOP-JEV6767&apos;, ip: &apos;192.168.1.7&apos;, os.name: &apos;Windows 10&apos;, os.arch: &apos;amd64&apos;, os.version: &apos;10.0&apos;, java.version: &apos;1.8.0_171&apos;
Driver info: org.openqa.selenium.chrome.ChromeDriver
Capabilities {acceptInsecureCerts: false, acceptSslCerts: false, applicationCacheEnabled: false, browserConnectionEnabled: false, browserName: chrome, chrome: {chromedriverVersion: 2.42.591088 (7b2b2dca23cca0..., userDataDir: C:\Users\JAVALE~1\AppData\L...}, cssSelectorsEnabled: true, databaseEnabled: false, goog:chromeOptions: {debuggerAddress: localhost:60216}, handlesAlerts: true, hasTouchScreen: false, javascriptEnabled: true, locationContextEnabled: true, mobileEmulationEnabled: false, nativeEvents: true, networkConnectionEnabled: false, pageLoadStrategy: normal, platform: XP, platformName: XP, rotatable: false, setWindowRect: true, takesHeapSnapshot: true, takesScreenshot: true, unexpectedAlertBehaviour: , unhandledPromptBehavior: , version: 71.0.3578.98, webStorageEnabled: true}
Session ID: 75d84367a47ca6ef0da9d753c2f36bab
*** Element info: {Using=xpath, value=//li//p[text()=&quot;Welcome abdur!&quot;]}
	at org.openqa.selenium.remote.ErrorHandler.createThrowable(ErrorHandler.java:214)
	at org.openqa.selenium.remote.ErrorHandler.throwIfResponseFailed(ErrorHandler.java:166)
	at org.openqa.selenium.remote.http.JsonHttpResponseCodec.reconstructValue(JsonHttpResponseCodec.java:40)
	at org.openqa.selenium.remote.http.AbstractHttpResponseCodec.decode(AbstractHttpResponseCodec.java:80)
	at org.openqa.selenium.remote.http.AbstractHttpResponseCodec.decode(AbstractHttpResponseCodec.java:44)
	at org.openqa.selenium.remote.HttpCommandExecutor.execute(HttpCommandExecutor.java:158)
	at org.openqa.selenium.remote.service.DriverCommandExecutor.execute(DriverCommandExecutor.java:83)
	at org.openqa.selenium.remote.RemoteWebDriver.execute(RemoteWebDriver.java:548)
	at org.openqa.selenium.remote.RemoteWebDriver.findElement(RemoteWebDriver.java:322)
	at org.openqa.selenium.remote.RemoteWebDriver.findElementByXPath(RemoteWebDriver.java:424)
	at org.openqa.selenium.By$ByXPath.findElement(By.java:353)
	at org.openqa.selenium.remote.RemoteWebDriver.findElement(RemoteWebDriver.java:314)
	at org.openqa.selenium.support.events.EventFiringWebDriver.lambda$new$1(EventFiringWebDriver.java:105)
	at com.sun.proxy.$Proxy7.findElement(Unknown Source)
	at org.openqa.selenium.support.events.EventFiringWebDriver.findElement(EventFiringWebDriver.java:194)
	at org.openqa.selenium.support.pagefactory.DefaultElementLocator.findElement(DefaultElementLocator.java:69)
	at org.openqa.selenium.support.pagefactory.internal.LocatingElementHandler.invoke(LocatingElementHandler.java:38)
	at com.sun.proxy.$Proxy11.getText(Unknown Source)
	at com.cvs.qa.pages.ExtraCare.verifyExtraCareSignInName(ExtraCare.java:62)
	at com.cvs.qa.testcases.ExtraCareTest.verifyExtraCareSignInTest(ExtraCareTest.java:39)
... Removed 35 stack frames</div></td></tr></table><p class="totop"><a href="#summary">back to summary</a></p>
<h3 id="m50">com.cvs.qa.testcases.ExtraCareTest#verifyExtraCarePageTitleTest</h3><table class="result"><tr><th class="invisible"/></tr></table><p class="totop"><a href="#summary">back to summary</a></p>
<h3 id="m51">com.cvs.qa.testcases.ExtraCareTest#verifyExtraCareShoppingCartTest</h3><table class="result"><tr><th class="invisible"/></tr></table><p class="totop"><a href="#summary">back to summary</a></p>
<h2> CVS PhotoPageTest</h2><h3 id="m52">com.cvs.qa.testcases.PhotoPageTest#verifyPhotoPageHomeTitleTest</h3><table class="result"><tr><th>Exception</th></tr><tr><td><div class="stacktrace">java.lang.AssertionError: expected [Photo Printing Services | Print Photos Online | CVS Photo] but found [CVS Photo: Photo Prints | Passport Photos | Photo Cards | Photo Books]
	at com.cvs.qa.testcases.PhotoPageTest.verifyPhotoPageHomeTitleTest(PhotoPageTest.java:41)
... Removed 34 stack frames</div></td></tr></table><p class="totop"><a href="#summary">back to summary</a></p>
<h3 id="m53">com.cvs.qa.testcases.PhotoPageTest#verifyPhotoUploadTest</h3><table class="result"><tr><th>Exception</th></tr><tr><td><div class="stacktrace">org.openqa.selenium.WebDriverException: unknown error: cannot focus element
  (Session info: chrome=71.0.3578.98)
  (Driver info: chromedriver=2.42.591088 (7b2b2dca23cca0862f674758c9a3933e685c27d5),platform=Windows NT 10.0.17134 x86_64) (WARNING: The server did not provide any stacktrace information)
Command duration or timeout: 0 milliseconds
Build info: version: &apos;3.14.0&apos;, revision: &apos;aacccce0&apos;, time: &apos;2018-08-02T20:19:58.91Z&apos;
System info: host: &apos;DESKTOP-JEV6767&apos;, ip: &apos;192.168.1.7&apos;, os.name: &apos;Windows 10&apos;, os.arch: &apos;amd64&apos;, os.version: &apos;10.0&apos;, java.version: &apos;1.8.0_171&apos;
Driver info: org.openqa.selenium.chrome.ChromeDriver
Capabilities {acceptInsecureCerts: false, acceptSslCerts: false, applicationCacheEnabled: false, browserConnectionEnabled: false, browserName: chrome, chrome: {chromedriverVersion: 2.42.591088 (7b2b2dca23cca0..., userDataDir: C:\Users\JAVALE~1\AppData\L...}, cssSelectorsEnabled: true, databaseEnabled: false, goog:chromeOptions: {debuggerAddress: localhost:60849}, handlesAlerts: true, hasTouchScreen: false, javascriptEnabled: true, locationContextEnabled: true, mobileEmulationEnabled: false, nativeEvents: true, networkConnectionEnabled: false, pageLoadStrategy: normal, platform: XP, platformName: XP, rotatable: false, setWindowRect: true, takesHeapSnapshot: true, takesScreenshot: true, unexpectedAlertBehaviour: , unhandledPromptBehavior: , version: 71.0.3578.98, webStorageEnabled: true}
Session ID: 22095ae2387917f23eff282f55cb6e67
	at org.openqa.selenium.remote.ErrorHandler.createThrowable(ErrorHandler.java:214)
	at org.openqa.selenium.remote.ErrorHandler.throwIfResponseFailed(ErrorHandler.java:166)
	at org.openqa.selenium.remote.http.JsonHttpResponseCodec.reconstructValue(JsonHttpResponseCodec.java:40)
	at org.openqa.selenium.remote.http.AbstractHttpResponseCodec.decode(AbstractHttpResponseCodec.java:80)
	at org.openqa.selenium.remote.http.AbstractHttpResponseCodec.decode(AbstractHttpResponseCodec.java:44)
	at org.openqa.selenium.remote.HttpCommandExecutor.execute(HttpCommandExecutor.java:158)
	at org.openqa.selenium.remote.service.DriverCommandExecutor.execute(DriverCommandExecutor.java:83)
	at org.openqa.selenium.remote.RemoteWebDriver.execute(RemoteWebDriver.java:548)
	at org.openqa.selenium.remote.RemoteWebElement.execute(RemoteWebElement.java:276)
	at org.openqa.selenium.remote.RemoteWebElement.sendKeys(RemoteWebElement.java:100)
	at org.openqa.selenium.support.events.EventFiringWebDriver$EventFiringWebElement.lambda$new$0(EventFiringWebDriver.java:403)
	at com.sun.proxy.$Proxy12.sendKeys(Unknown Source)
	at org.openqa.selenium.support.events.EventFiringWebDriver$EventFiringWebElement.sendKeys(EventFiringWebDriver.java:428)
	at org.openqa.selenium.support.pagefactory.internal.LocatingElementHandler.invoke(LocatingElementHandler.java:51)
	at com.sun.proxy.$Proxy11.sendKeys(Unknown Source)
	at com.cvs.qa.pages.Photo.verifyPhotoLinkHomePageTitle(Photo.java:76)
	at com.cvs.qa.testcases.PhotoPageTest.verifyPhotoUploadTest(PhotoPageTest.java:46)
... Removed 38 stack frames</div></td></tr></table><p class="totop"><a href="#summary">back to summary</a></p>
<h3 id="m54">com.cvs.qa.testcases.PhotoPageTest#verifyPhotoPageHomeTitleTest</h3><table class="result"><tr><th>Exception</th></tr><tr><td><div class="stacktrace">java.lang.AssertionError: expected [Photo Printing Services | Print Photos Online | CVS Photo] but found [CVS Photo: Photo Prints | Passport Photos | Photo Cards | Photo Books]
	at com.cvs.qa.testcases.PhotoPageTest.verifyPhotoPageHomeTitleTest(PhotoPageTest.java:41)
... Removed 34 stack frames</div></td></tr></table><p class="totop"><a href="#summary">back to summary</a></p>
<h3 id="m55">com.cvs.qa.testcases.PhotoPageTest#verifyPhotoPageHomeTitleTest</h3><table class="result"><tr><th>Exception</th></tr><tr><td><div class="stacktrace">java.lang.AssertionError: expected [Photo Printing Services | Print Photos Online | CVS Photo] but found [CVS Photo: Photo Prints | Passport Photos | Photo Cards | Photo Books]
	at com.cvs.qa.testcases.PhotoPageTest.verifyPhotoPageHomeTitleTest(PhotoPageTest.java:41)
... Removed 34 stack frames</div></td></tr></table><p class="totop"><a href="#summary">back to summary</a></p>
<h3 id="m56">com.cvs.qa.testcases.PhotoPageTest#verifyPhotoPageHomeTitleTest</h3><table class="result"><tr><th>Exception</th></tr><tr><td><div class="stacktrace">java.lang.AssertionError: expected [Photo Printing Services | Print Photos Online | CVS Photo] but found [CVS Photo: Photo Prints | Passport Photos | Photo Cards | Photo Books]
	at com.cvs.qa.testcases.PhotoPageTest.verifyPhotoPageHomeTitleTest(PhotoPageTest.java:41)
... Removed 34 stack frames</div></td></tr></table><p class="totop"><a href="#summary">back to summary</a></p>
<h3 id="m57">com.cvs.qa.testcases.PhotoPageTest#verifyPhotoUploadTest</h3><table class="result"><tr><th>Exception</th></tr><tr><td><div class="stacktrace">org.openqa.selenium.ElementNotVisibleException: element not interactable
  (Session info: chrome=71.0.3578.98)
  (Driver info: chromedriver=2.42.591088 (7b2b2dca23cca0862f674758c9a3933e685c27d5),platform=Windows NT 10.0.17134 x86_64) (WARNING: The server did not provide any stacktrace information)
Command duration or timeout: 0 milliseconds
Build info: version: &apos;3.14.0&apos;, revision: &apos;aacccce0&apos;, time: &apos;2018-08-02T20:19:58.91Z&apos;
System info: host: &apos;DESKTOP-JEV6767&apos;, ip: &apos;192.168.1.7&apos;, os.name: &apos;Windows 10&apos;, os.arch: &apos;amd64&apos;, os.version: &apos;10.0&apos;, java.version: &apos;1.8.0_171&apos;
Driver info: org.openqa.selenium.chrome.ChromeDriver
Capabilities {acceptInsecureCerts: false, acceptSslCerts: false, applicationCacheEnabled: false, browserConnectionEnabled: false, browserName: chrome, chrome: {chromedriverVersion: 2.42.591088 (7b2b2dca23cca0..., userDataDir: C:\Users\JAVALE~1\AppData\L...}, cssSelectorsEnabled: true, databaseEnabled: false, goog:chromeOptions: {debuggerAddress: localhost:60637}, handlesAlerts: true, hasTouchScreen: false, javascriptEnabled: true, locationContextEnabled: true, mobileEmulationEnabled: false, nativeEvents: true, networkConnectionEnabled: false, pageLoadStrategy: normal, platform: XP, platformName: XP, rotatable: false, setWindowRect: true, takesHeapSnapshot: true, takesScreenshot: true, unexpectedAlertBehaviour: , unhandledPromptBehavior: , version: 71.0.3578.98, webStorageEnabled: true}
Session ID: c867f226cadc241a92038bcee77a6a9f
	at org.openqa.selenium.remote.ErrorHandler.createThrowable(ErrorHandler.java:214)
	at org.openqa.selenium.remote.ErrorHandler.throwIfResponseFailed(ErrorHandler.java:166)
	at org.openqa.selenium.remote.http.JsonHttpResponseCodec.reconstructValue(JsonHttpResponseCodec.java:40)
	at org.openqa.selenium.remote.http.AbstractHttpResponseCodec.decode(AbstractHttpResponseCodec.java:80)
	at org.openqa.selenium.remote.http.AbstractHttpResponseCodec.decode(AbstractHttpResponseCodec.java:44)
	at org.openqa.selenium.remote.HttpCommandExecutor.execute(HttpCommandExecutor.java:158)
	at org.openqa.selenium.remote.service.DriverCommandExecutor.execute(DriverCommandExecutor.java:83)
	at org.openqa.selenium.remote.RemoteWebDriver.execute(RemoteWebDriver.java:548)
	at org.openqa.selenium.remote.RemoteWebElement.execute(RemoteWebElement.java:276)
	at org.openqa.selenium.remote.RemoteWebElement.click(RemoteWebElement.java:83)
	at org.openqa.selenium.support.events.EventFiringWebDriver$EventFiringWebElement.lambda$new$0(EventFiringWebDriver.java:403)
	at com.sun.proxy.$Proxy12.click(Unknown Source)
	at org.openqa.selenium.support.events.EventFiringWebDriver$EventFiringWebElement.click(EventFiringWebDriver.java:416)
	at org.openqa.selenium.support.pagefactory.internal.LocatingElementHandler.invoke(LocatingElementHandler.java:51)
	at com.sun.proxy.$Proxy11.click(Unknown Source)
	at com.cvs.qa.pages.Photo.uploadPhoto(Photo.java:86)
	at com.cvs.qa.testcases.PhotoPageTest.verifyPhotoUploadTest(PhotoPageTest.java:47)
... Removed 38 stack frames</div></td></tr></table><p class="totop"><a href="#summary">back to summary</a></p>
<h3 id="m58">com.cvs.qa.testcases.PhotoPageTest#verifyPhotoUploadTest</h3><table class="result"><tr><th>Exception</th></tr><tr><td><div class="stacktrace">org.openqa.selenium.WebDriverException: unknown error: cannot focus element
  (Session info: chrome=71.0.3578.98)
  (Driver info: chromedriver=2.42.591088 (7b2b2dca23cca0862f674758c9a3933e685c27d5),platform=Windows NT 10.0.17134 x86_64) (WARNING: The server did not provide any stacktrace information)
Command duration or timeout: 0 milliseconds
Build info: version: &apos;3.14.0&apos;, revision: &apos;aacccce0&apos;, time: &apos;2018-08-02T20:19:58.91Z&apos;
System info: host: &apos;DESKTOP-JEV6767&apos;, ip: &apos;192.168.1.7&apos;, os.name: &apos;Windows 10&apos;, os.arch: &apos;amd64&apos;, os.version: &apos;10.0&apos;, java.version: &apos;1.8.0_171&apos;
Driver info: org.openqa.selenium.chrome.ChromeDriver
Capabilities {acceptInsecureCerts: false, acceptSslCerts: false, applicationCacheEnabled: false, browserConnectionEnabled: false, browserName: chrome, chrome: {chromedriverVersion: 2.42.591088 (7b2b2dca23cca0..., userDataDir: C:\Users\JAVALE~1\AppData\L...}, cssSelectorsEnabled: true, databaseEnabled: false, goog:chromeOptions: {debuggerAddress: localhost:60707}, handlesAlerts: true, hasTouchScreen: false, javascriptEnabled: true, locationContextEnabled: true, mobileEmulationEnabled: false, nativeEvents: true, networkConnectionEnabled: false, pageLoadStrategy: normal, platform: XP, platformName: XP, rotatable: false, setWindowRect: true, takesHeapSnapshot: true, takesScreenshot: true, unexpectedAlertBehaviour: , unhandledPromptBehavior: , version: 71.0.3578.98, webStorageEnabled: true}
Session ID: dcd47b72c7ef46fbaaf032e98cd61c06
	at org.openqa.selenium.remote.ErrorHandler.createThrowable(ErrorHandler.java:214)
	at org.openqa.selenium.remote.ErrorHandler.throwIfResponseFailed(ErrorHandler.java:166)
	at org.openqa.selenium.remote.http.JsonHttpResponseCodec.reconstructValue(JsonHttpResponseCodec.java:40)
	at org.openqa.selenium.remote.http.AbstractHttpResponseCodec.decode(AbstractHttpResponseCodec.java:80)
	at org.openqa.selenium.remote.http.AbstractHttpResponseCodec.decode(AbstractHttpResponseCodec.java:44)
	at org.openqa.selenium.remote.HttpCommandExecutor.execute(HttpCommandExecutor.java:158)
	at org.openqa.selenium.remote.service.DriverCommandExecutor.execute(DriverCommandExecutor.java:83)
	at org.openqa.selenium.remote.RemoteWebDriver.execute(RemoteWebDriver.java:548)
	at org.openqa.selenium.remote.RemoteWebElement.execute(RemoteWebElement.java:276)
	at org.openqa.selenium.remote.RemoteWebElement.sendKeys(RemoteWebElement.java:100)
	at org.openqa.selenium.support.events.EventFiringWebDriver$EventFiringWebElement.lambda$new$0(EventFiringWebDriver.java:403)
	at com.sun.proxy.$Proxy12.sendKeys(Unknown Source)
	at org.openqa.selenium.support.events.EventFiringWebDriver$EventFiringWebElement.sendKeys(EventFiringWebDriver.java:428)
	at org.openqa.selenium.support.pagefactory.internal.LocatingElementHandler.invoke(LocatingElementHandler.java:51)
	at com.sun.proxy.$Proxy11.sendKeys(Unknown Source)
	at com.cvs.qa.pages.Photo.verifyPhotoLinkHomePageTitle(Photo.java:76)
	at com.cvs.qa.testcases.PhotoPageTest.verifyPhotoUploadTest(PhotoPageTest.java:46)
... Removed 38 stack frames</div></td></tr></table><p class="totop"><a href="#summary">back to summary</a></p>
<h3 id="m59">com.cvs.qa.testcases.PhotoPageTest#verifyPhotoUploadTest</h3><table class="result"><tr><th>Exception</th></tr><tr><td><div class="stacktrace">org.openqa.selenium.WebDriverException: unknown error: Element &lt;a omniture-data-id=&quot;HOME_PAGE_ADD_PHOTOS&quot; class=&quot;homepage-pill-button gwb-p &quot; id=&quot;photoOrg-addPhotos-qmp-btn&quot; href=&quot;javascript:store.library.addPhotos.init(&apos;#photoOrg-addPhotos-qmp-btn&apos;,&apos;dropdown&apos;);&quot;&gt;...&lt;/a&gt; is not clickable at point (276, 364). Other element would receive the click: &lt;div class=&quot;acsModalBackdrop acsAbandonButton&quot; data-isbackdrop=&quot;true&quot;&gt;...&lt;/div&gt;
  (Session info: chrome=71.0.3578.98)
  (Driver info: chromedriver=2.42.591088 (7b2b2dca23cca0862f674758c9a3933e685c27d5),platform=Windows NT 10.0.17134 x86_64) (WARNING: The server did not provide any stacktrace information)
Command duration or timeout: 0 milliseconds
Build info: version: &apos;3.14.0&apos;, revision: &apos;aacccce0&apos;, time: &apos;2018-08-02T20:19:58.91Z&apos;
System info: host: &apos;DESKTOP-JEV6767&apos;, ip: &apos;192.168.1.7&apos;, os.name: &apos;Windows 10&apos;, os.arch: &apos;amd64&apos;, os.version: &apos;10.0&apos;, java.version: &apos;1.8.0_171&apos;
Driver info: org.openqa.selenium.chrome.ChromeDriver
Capabilities {acceptInsecureCerts: false, acceptSslCerts: false, applicationCacheEnabled: false, browserConnectionEnabled: false, browserName: chrome, chrome: {chromedriverVersion: 2.42.591088 (7b2b2dca23cca0..., userDataDir: C:\Users\JAVALE~1\AppData\L...}, cssSelectorsEnabled: true, databaseEnabled: false, goog:chromeOptions: {debuggerAddress: localhost:60776}, handlesAlerts: true, hasTouchScreen: false, javascriptEnabled: true, locationContextEnabled: true, mobileEmulationEnabled: false, nativeEvents: true, networkConnectionEnabled: false, pageLoadStrategy: normal, platform: XP, platformName: XP, rotatable: false, setWindowRect: true, takesHeapSnapshot: true, takesScreenshot: true, unexpectedAlertBehaviour: , unhandledPromptBehavior: , version: 71.0.3578.98, webStorageEnabled: true}
Session ID: b25e3848a7010b50533a28b87c850744
	at org.openqa.selenium.remote.ErrorHandler.createThrowable(ErrorHandler.java:214)
	at org.openqa.selenium.remote.ErrorHandler.throwIfResponseFailed(ErrorHandler.java:166)
	at org.openqa.selenium.remote.http.JsonHttpResponseCodec.reconstructValue(JsonHttpResponseCodec.java:40)
	at org.openqa.selenium.remote.http.AbstractHttpResponseCodec.decode(AbstractHttpResponseCodec.java:80)
	at org.openqa.selenium.remote.http.AbstractHttpResponseCodec.decode(AbstractHttpResponseCodec.java:44)
	at org.openqa.selenium.remote.HttpCommandExecutor.execute(HttpCommandExecutor.java:158)
	at org.openqa.selenium.remote.service.DriverCommandExecutor.execute(DriverCommandExecutor.java:83)
	at org.openqa.selenium.remote.RemoteWebDriver.execute(RemoteWebDriver.java:548)
	at org.openqa.selenium.remote.RemoteWebElement.execute(RemoteWebElement.java:276)
	at org.openqa.selenium.remote.RemoteWebElement.click(RemoteWebElement.java:83)
	at org.openqa.selenium.support.events.EventFiringWebDriver$EventFiringWebElement.lambda$new$0(EventFiringWebDriver.java:403)
	at com.sun.proxy.$Proxy12.click(Unknown Source)
	at org.openqa.selenium.support.events.EventFiringWebDriver$EventFiringWebElement.click(EventFiringWebDriver.java:416)
	at org.openqa.selenium.support.pagefactory.internal.LocatingElementHandler.invoke(LocatingElementHandler.java:51)
	at com.sun.proxy.$Proxy11.click(Unknown Source)
	at com.cvs.qa.pages.Photo.uploadPhoto(Photo.java:85)
	at com.cvs.qa.testcases.PhotoPageTest.verifyPhotoUploadTest(PhotoPageTest.java:47)
... Removed 38 stack frames</div></td></tr></table><p class="totop"><a href="#summary">back to summary</a></p>
<h3 id="m60">com.cvs.qa.testcases.PhotoPageTest#verifyPhotoPageTitleTest</h3><table class="result"><tr><th class="invisible"/></tr></table><p class="totop"><a href="#summary">back to summary</a></p>
<h3 id="m61">com.cvs.qa.testcases.PhotoPageTest#verifyShopNowPicLinkTest</h3><table class="result"><tr><th class="invisible"/></tr></table><p class="totop"><a href="#summary">back to summary</a></p>
<h2> CVS ShopPageTest</h2><h3 id="m62">com.cvs.qa.testcases.ShopPageTest#verifyAddCSLW2CartTest</h3><table class="result"><tr><th class="invisible"/></tr></table><p class="totop"><a href="#summary">back to summary</a></p>
<h3 id="m63">com.cvs.qa.testcases.ShopPageTest#verifyClickonShopAllCategoriesTest</h3><table class="result"><tr><th class="invisible"/></tr></table><p class="totop"><a href="#summary">back to summary</a></p>
<h3 id="m64">com.cvs.qa.testcases.ShopPageTest#verifyClickonVitaminLink</h3><table class="result"><tr><th class="invisible"/></tr></table><p class="totop"><a href="#summary">back to summary</a></p>
<h3 id="m65">com.cvs.qa.testcases.ShopPageTest#verifyShopPageLinkTest</h3><table class="result"><tr><th class="invisible"/></tr></table><p class="totop"><a href="#summary">back to summary</a></p>
<h3 id="m66">com.cvs.qa.testcases.ShopPageTest#verifyShopPageTitleTest</h3><table class="result"><tr><th class="invisible"/></tr></table><p class="totop"><a href="#summary">back to summary</a></p>
<h2> CVS SignUp4DealTest</h2><h3 id="m67">com.cvs.qa.testcases.SignUp4DealTest#verifyPageTitleTest</h3><table class="result"><tr><th>Exception</th></tr><tr><td><div class="stacktrace">org.openqa.selenium.NoSuchElementException: no such element: Unable to locate element: {&quot;method&quot;:&quot;xpath&quot;,&quot;selector&quot;:&quot;//*[contains(text(),&apos;Sign up for email&apos;)]&quot;}
  (Session info: chrome=71.0.3578.98)
  (Driver info: chromedriver=2.42.591088 (7b2b2dca23cca0862f674758c9a3933e685c27d5),platform=Windows NT 10.0.17134 x86_64) (WARNING: The server did not provide any stacktrace information)
Command duration or timeout: 0 milliseconds
For documentation on this error, please visit: http://seleniumhq.org/exceptions/no_such_element.html
Build info: version: &apos;3.14.0&apos;, revision: &apos;aacccce0&apos;, time: &apos;2018-08-02T20:19:58.91Z&apos;
System info: host: &apos;DESKTOP-JEV6767&apos;, ip: &apos;192.168.1.7&apos;, os.name: &apos;Windows 10&apos;, os.arch: &apos;amd64&apos;, os.version: &apos;10.0&apos;, java.version: &apos;1.8.0_171&apos;
Driver info: org.openqa.selenium.chrome.ChromeDriver
Capabilities {acceptInsecureCerts: false, acceptSslCerts: false, applicationCacheEnabled: false, browserConnectionEnabled: false, browserName: chrome, chrome: {chromedriverVersion: 2.42.591088 (7b2b2dca23cca0..., userDataDir: C:\Users\JAVALE~1\AppData\L...}, cssSelectorsEnabled: true, databaseEnabled: false, goog:chromeOptions: {debuggerAddress: localhost:61907}, handlesAlerts: true, hasTouchScreen: false, javascriptEnabled: true, locationContextEnabled: true, mobileEmulationEnabled: false, nativeEvents: true, networkConnectionEnabled: false, pageLoadStrategy: normal, platform: XP, platformName: XP, rotatable: false, setWindowRect: true, takesHeapSnapshot: true, takesScreenshot: true, unexpectedAlertBehaviour: , unhandledPromptBehavior: , version: 71.0.3578.98, webStorageEnabled: true}
Session ID: 96fca0cdeb7ad81bbdef583a93a0de76
*** Element info: {Using=xpath, value=//*[contains(text(),&apos;Sign up for email&apos;)]}
	at org.openqa.selenium.remote.ErrorHandler.createThrowable(ErrorHandler.java:214)
	at org.openqa.selenium.remote.ErrorHandler.throwIfResponseFailed(ErrorHandler.java:166)
	at org.openqa.selenium.remote.http.JsonHttpResponseCodec.reconstructValue(JsonHttpResponseCodec.java:40)
	at org.openqa.selenium.remote.http.AbstractHttpResponseCodec.decode(AbstractHttpResponseCodec.java:80)
	at org.openqa.selenium.remote.http.AbstractHttpResponseCodec.decode(AbstractHttpResponseCodec.java:44)
	at org.openqa.selenium.remote.HttpCommandExecutor.execute(HttpCommandExecutor.java:158)
	at org.openqa.selenium.remote.service.DriverCommandExecutor.execute(DriverCommandExecutor.java:83)
	at org.openqa.selenium.remote.RemoteWebDriver.execute(RemoteWebDriver.java:548)
	at org.openqa.selenium.remote.RemoteWebDriver.findElement(RemoteWebDriver.java:322)
	at org.openqa.selenium.remote.RemoteWebDriver.findElementByXPath(RemoteWebDriver.java:424)
	at org.openqa.selenium.By$ByXPath.findElement(By.java:353)
	at org.openqa.selenium.remote.RemoteWebDriver.findElement(RemoteWebDriver.java:314)
	at org.openqa.selenium.support.events.EventFiringWebDriver.lambda$new$1(EventFiringWebDriver.java:105)
	at com.sun.proxy.$Proxy7.findElement(Unknown Source)
	at org.openqa.selenium.support.events.EventFiringWebDriver.findElement(EventFiringWebDriver.java:194)
	at org.openqa.selenium.support.pagefactory.DefaultElementLocator.findElement(DefaultElementLocator.java:69)
	at org.openqa.selenium.support.pagefactory.internal.LocatingElementHandler.invoke(LocatingElementHandler.java:38)
	at com.sun.proxy.$Proxy11.click(Unknown Source)
	at com.cvs.qa.pages.SignUpPage4Savings.verifySignUpDealpageTitle(SignUpPage4Savings.java:71)
	at com.cvs.qa.testcases.SignUp4DealTest.verifyPageTitleTest(SignUp4DealTest.java:39)
... Removed 35 stack frames</div></td></tr></table><p class="totop"><a href="#summary">back to summary</a></p>
<h3 id="m68">com.cvs.qa.testcases.SignUp4DealTest#verifyPageTitleTest</h3><table class="result"><tr><th>Exception</th></tr><tr><td><div class="stacktrace">org.openqa.selenium.NoSuchElementException: no such element: Unable to locate element: {&quot;method&quot;:&quot;xpath&quot;,&quot;selector&quot;:&quot;//*[contains(text(),&apos;Sign up for email&apos;)]&quot;}
  (Session info: chrome=71.0.3578.98)
  (Driver info: chromedriver=2.42.591088 (7b2b2dca23cca0862f674758c9a3933e685c27d5),platform=Windows NT 10.0.17134 x86_64) (WARNING: The server did not provide any stacktrace information)
Command duration or timeout: 0 milliseconds
For documentation on this error, please visit: http://seleniumhq.org/exceptions/no_such_element.html
Build info: version: &apos;3.14.0&apos;, revision: &apos;aacccce0&apos;, time: &apos;2018-08-02T20:19:58.91Z&apos;
System info: host: &apos;DESKTOP-JEV6767&apos;, ip: &apos;192.168.1.7&apos;, os.name: &apos;Windows 10&apos;, os.arch: &apos;amd64&apos;, os.version: &apos;10.0&apos;, java.version: &apos;1.8.0_171&apos;
Driver info: org.openqa.selenium.chrome.ChromeDriver
Capabilities {acceptInsecureCerts: false, acceptSslCerts: false, applicationCacheEnabled: false, browserConnectionEnabled: false, browserName: chrome, chrome: {chromedriverVersion: 2.42.591088 (7b2b2dca23cca0..., userDataDir: C:\Users\JAVALE~1\AppData\L...}, cssSelectorsEnabled: true, databaseEnabled: false, goog:chromeOptions: {debuggerAddress: localhost:61738}, handlesAlerts: true, hasTouchScreen: false, javascriptEnabled: true, locationContextEnabled: true, mobileEmulationEnabled: false, nativeEvents: true, networkConnectionEnabled: false, pageLoadStrategy: normal, platform: XP, platformName: XP, rotatable: false, setWindowRect: true, takesHeapSnapshot: true, takesScreenshot: true, unexpectedAlertBehaviour: , unhandledPromptBehavior: , version: 71.0.3578.98, webStorageEnabled: true}
Session ID: 2b59b685c120ec90121beeccdff2fc76
*** Element info: {Using=xpath, value=//*[contains(text(),&apos;Sign up for email&apos;)]}
	at org.openqa.selenium.remote.ErrorHandler.createThrowable(ErrorHandler.java:214)
	at org.openqa.selenium.remote.ErrorHandler.throwIfResponseFailed(ErrorHandler.java:166)
	at org.openqa.selenium.remote.http.JsonHttpResponseCodec.reconstructValue(JsonHttpResponseCodec.java:40)
	at org.openqa.selenium.remote.http.AbstractHttpResponseCodec.decode(AbstractHttpResponseCodec.java:80)
	at org.openqa.selenium.remote.http.AbstractHttpResponseCodec.decode(AbstractHttpResponseCodec.java:44)
	at org.openqa.selenium.remote.HttpCommandExecutor.execute(HttpCommandExecutor.java:158)
	at org.openqa.selenium.remote.service.DriverCommandExecutor.execute(DriverCommandExecutor.java:83)
	at org.openqa.selenium.remote.RemoteWebDriver.execute(RemoteWebDriver.java:548)
	at org.openqa.selenium.remote.RemoteWebDriver.findElement(RemoteWebDriver.java:322)
	at org.openqa.selenium.remote.RemoteWebDriver.findElementByXPath(RemoteWebDriver.java:424)
	at org.openqa.selenium.By$ByXPath.findElement(By.java:353)
	at org.openqa.selenium.remote.RemoteWebDriver.findElement(RemoteWebDriver.java:314)
	at org.openqa.selenium.support.events.EventFiringWebDriver.lambda$new$1(EventFiringWebDriver.java:105)
	at com.sun.proxy.$Proxy7.findElement(Unknown Source)
	at org.openqa.selenium.support.events.EventFiringWebDriver.findElement(EventFiringWebDriver.java:194)
	at org.openqa.selenium.support.pagefactory.DefaultElementLocator.findElement(DefaultElementLocator.java:69)
	at org.openqa.selenium.support.pagefactory.internal.LocatingElementHandler.invoke(LocatingElementHandler.java:38)
	at com.sun.proxy.$Proxy11.click(Unknown Source)
	at com.cvs.qa.pages.SignUpPage4Savings.verifySignUpDealpageTitle(SignUpPage4Savings.java:71)
	at com.cvs.qa.testcases.SignUp4DealTest.verifyPageTitleTest(SignUp4DealTest.java:39)
... Removed 35 stack frames</div></td></tr></table><p class="totop"><a href="#summary">back to summary</a></p>
<h3 id="m69">com.cvs.qa.testcases.SignUp4DealTest#verifyPageTitleTest</h3><table class="result"><tr><th>Exception</th></tr><tr><td><div class="stacktrace">java.lang.AssertionError: expected [CVS Pharmacy Email] but found [CVS ExtraCare | ExtraBucks Rewards | Get Manufacturer Coupons]
	at com.cvs.qa.testcases.SignUp4DealTest.verifyPageTitleTest(SignUp4DealTest.java:40)
... Removed 34 stack frames</div></td></tr></table><p class="totop"><a href="#summary">back to summary</a></p>
<h3 id="m70">com.cvs.qa.testcases.SignUp4DealTest#verifyPageTitleTest</h3><table class="result"><tr><th>Exception</th></tr><tr><td><div class="stacktrace">java.lang.AssertionError: expected [CVS Pharmacy Email] but found [CVS ExtraCare | ExtraBucks Rewards | Get Manufacturer Coupons]
	at com.cvs.qa.testcases.SignUp4DealTest.verifyPageTitleTest(SignUp4DealTest.java:40)
... Removed 34 stack frames</div></td></tr></table><p class="totop"><a href="#summary">back to summary</a></p>
<h3 id="m71">com.cvs.qa.testcases.SignUp4DealTest#verifySignU4DealsExcelDataTest</h3><table class="result"><tr class="param"><th>Parameter #1</th><th>Parameter #2</th><th>Parameter #3</th><th>Parameter #4</th><th>Parameter #5</th><th>Parameter #6</th><th>Parameter #7</th><th>Parameter #8</th><th>Parameter #9</th><th>Parameter #10</th><th>Parameter #11</th><th>Parameter #12</th></tr><tr class="param stripe"><td>nishat0598@gmail.com</td><td>nishat0598@gmail.com</td><td>123456</td><td>Nishat</td><td>Chowdhury</td><td>48212</td><td>01291995</td><td>3035</td><td>Hollywood Blvd</td><td>Manhattan</td><td>VA</td><td>48212</td></tr><tr><th colspan="12">Exception</th></tr><tr><td colspan="12"><div class="stacktrace">org.openqa.selenium.NoSuchElementException: no such element: Unable to locate element: {&quot;method&quot;:&quot;xpath&quot;,&quot;selector&quot;:&quot;//input[@name=&apos;EMAILADDRESS_&apos;]&quot;}
  (Session info: chrome=71.0.3578.98)
  (Driver info: chromedriver=2.42.591088 (7b2b2dca23cca0862f674758c9a3933e685c27d5),platform=Windows NT 10.0.17134 x86_64) (WARNING: The server did not provide any stacktrace information)
Command duration or timeout: 0 milliseconds
For documentation on this error, please visit: http://seleniumhq.org/exceptions/no_such_element.html
Build info: version: &apos;3.14.0&apos;, revision: &apos;aacccce0&apos;, time: &apos;2018-08-02T20:19:58.91Z&apos;
System info: host: &apos;DESKTOP-JEV6767&apos;, ip: &apos;192.168.1.7&apos;, os.name: &apos;Windows 10&apos;, os.arch: &apos;amd64&apos;, os.version: &apos;10.0&apos;, java.version: &apos;1.8.0_171&apos;
Driver info: org.openqa.selenium.chrome.ChromeDriver
Capabilities {acceptInsecureCerts: false, acceptSslCerts: false, applicationCacheEnabled: false, browserConnectionEnabled: false, browserName: chrome, chrome: {chromedriverVersion: 2.42.591088 (7b2b2dca23cca0..., userDataDir: C:\Users\JAVALE~1\AppData\L...}, cssSelectorsEnabled: true, databaseEnabled: false, goog:chromeOptions: {debuggerAddress: localhost:62490}, handlesAlerts: true, hasTouchScreen: false, javascriptEnabled: true, locationContextEnabled: true, mobileEmulationEnabled: false, nativeEvents: true, networkConnectionEnabled: false, pageLoadStrategy: normal, platform: XP, platformName: XP, rotatable: false, setWindowRect: true, takesHeapSnapshot: true, takesScreenshot: true, unexpectedAlertBehaviour: , unhandledPromptBehavior: , version: 71.0.3578.98, webStorageEnabled: true}
Session ID: dc85cd9985d0a28582f50ea8586f0008
*** Element info: {Using=xpath, value=//input[@name=&apos;EMAILADDRESS_&apos;]}
	at org.openqa.selenium.remote.ErrorHandler.createThrowable(ErrorHandler.java:214)
	at org.openqa.selenium.remote.ErrorHandler.throwIfResponseFailed(ErrorHandler.java:166)
	at org.openqa.selenium.remote.http.JsonHttpResponseCodec.reconstructValue(JsonHttpResponseCodec.java:40)
	at org.openqa.selenium.remote.http.AbstractHttpResponseCodec.decode(AbstractHttpResponseCodec.java:80)
	at org.openqa.selenium.remote.http.AbstractHttpResponseCodec.decode(AbstractHttpResponseCodec.java:44)
	at org.openqa.selenium.remote.HttpCommandExecutor.execute(HttpCommandExecutor.java:158)
	at org.openqa.selenium.remote.service.DriverCommandExecutor.execute(DriverCommandExecutor.java:83)
	at org.openqa.selenium.remote.RemoteWebDriver.execute(RemoteWebDriver.java:548)
	at org.openqa.selenium.remote.RemoteWebDriver.findElement(RemoteWebDriver.java:322)
	at org.openqa.selenium.remote.RemoteWebDriver.findElementByXPath(RemoteWebDriver.java:424)
	at org.openqa.selenium.By$ByXPath.findElement(By.java:353)
	at org.openqa.selenium.remote.RemoteWebDriver.findElement(RemoteWebDriver.java:314)
	at org.openqa.selenium.support.events.EventFiringWebDriver.lambda$new$1(EventFiringWebDriver.java:105)
	at com.sun.proxy.$Proxy7.findElement(Unknown Source)
	at org.openqa.selenium.support.events.EventFiringWebDriver.findElement(EventFiringWebDriver.java:194)
	at org.openqa.selenium.support.pagefactory.DefaultElementLocator.findElement(DefaultElementLocator.java:69)
	at org.openqa.selenium.support.pagefactory.internal.LocatingElementHandler.invoke(LocatingElementHandler.java:38)
	at com.sun.proxy.$Proxy11.sendKeys(Unknown Source)
	at com.cvs.qa.pages.SignUpPage4Savings.verifySignUp(SignUpPage4Savings.java:84)
	at com.cvs.qa.testcases.SignUp4DealTest.verifySignU4DealsExcelDataTest(SignUp4DealTest.java:56)
... Removed 35 stack frames</div></td></tr></table><p class="totop"><a href="#summary">back to summary</a></p>
<h3 id="m72">com.cvs.qa.testcases.SignUp4DealTest#verifySignU4DealsExcelDataTest</h3><table class="result"><tr class="param"><th>Parameter #1</th><th>Parameter #2</th><th>Parameter #3</th><th>Parameter #4</th><th>Parameter #5</th><th>Parameter #6</th><th>Parameter #7</th><th>Parameter #8</th><th>Parameter #9</th><th>Parameter #10</th><th>Parameter #11</th><th>Parameter #12</th></tr><tr class="param stripe"><td>shuwaibliaquat@hotmail.com</td><td>shuwaibliaquat@hotmail.com</td><td>555555</td><td>Shuwaib</td><td>Liaquat</td><td>07503</td><td>01291989</td><td>21</td><td>Chapel Hill</td><td>Paterson</td><td>NJ</td><td>07503</td></tr></table><p class="totop"><a href="#summary">back to summary</a></p>
<h3 id="m73">com.cvs.qa.testcases.SignUp4DealTest#verifySignU4DealsExcelDataTest</h3><table class="result"><tr class="param"><th>Parameter #1</th><th>Parameter #2</th><th>Parameter #3</th><th>Parameter #4</th><th>Parameter #5</th><th>Parameter #6</th><th>Parameter #7</th><th>Parameter #8</th><th>Parameter #9</th><th>Parameter #10</th><th>Parameter #11</th><th>Parameter #12</th></tr><tr class="param stripe"><td>shuwaibliaquat1@hotmail.com</td><td>shuwaibliaquat1@hotmail.com</td><td>888888</td><td>Shuwaib</td><td>Liaquat</td><td>07506</td><td>01291992</td><td>13</td><td>Patterson Dr</td><td>Hollywood</td><td>NY</td><td>07506</td></tr></table><p class="totop"><a href="#summary">back to summary</a></p>
<h3 id="m74">com.cvs.qa.testcases.SignUp4DealTest#verifySignU4DealsExcelDataTest</h3><table class="result"><tr class="param"><th>Parameter #1</th><th>Parameter #2</th><th>Parameter #3</th><th>Parameter #4</th><th>Parameter #5</th><th>Parameter #6</th><th>Parameter #7</th><th>Parameter #8</th><th>Parameter #9</th><th>Parameter #10</th><th>Parameter #11</th><th>Parameter #12</th></tr><tr class="param stripe"><td>nishat0598@gmail.com</td><td>nishat0598@gmail.com</td><td>123456</td><td>Nishat</td><td>Chowdhury</td><td>48212</td><td>01291995</td><td>3035</td><td>Hollywood Blvd</td><td>Manhattan</td><td>VA</td><td>48212</td></tr></table><p class="totop"><a href="#summary">back to summary</a></p>
<h3 id="m75">com.cvs.qa.testcases.SignUp4DealTest#verifySignU4DealsExcelDataTest</h3><table class="result"><tr class="param"><th>Parameter #1</th><th>Parameter #2</th><th>Parameter #3</th><th>Parameter #4</th><th>Parameter #5</th><th>Parameter #6</th><th>Parameter #7</th><th>Parameter #8</th><th>Parameter #9</th><th>Parameter #10</th><th>Parameter #11</th><th>Parameter #12</th></tr><tr class="param stripe"><td>shuwaibliaquat@hotmail.com</td><td>shuwaibliaquat@hotmail.com</td><td>999999</td><td>Shuwaib3</td><td>Liaquat3</td><td>07507</td><td>01291993</td><td>151</td><td>Holbrook St</td><td>Lincoln Park</td><td>MI</td><td>07507</td></tr></table><p class="totop"><a href="#summary">back to summary</a></p>
<h3 id="m76">com.cvs.qa.testcases.SignUp4DealTest#verifySignU4DealsExcelDataTest</h3><table class="result"><tr class="param"><th>Parameter #1</th><th>Parameter #2</th><th>Parameter #3</th><th>Parameter #4</th><th>Parameter #5</th><th>Parameter #6</th><th>Parameter #7</th><th>Parameter #8</th><th>Parameter #9</th><th>Parameter #10</th><th>Parameter #11</th><th>Parameter #12</th></tr><tr class="param stripe"><td>shuwaibliaquat1@hotmail.com</td><td>shuwaibliaquat1@hotmail.com</td><td>666666</td><td>Shuwaib1</td><td>Liaquat1</td><td>07504</td><td>01291990</td><td>22</td><td>Sheridan Ave</td><td>Hamtramck</td><td>MI</td><td>07504</td></tr></table><p class="totop"><a href="#summary">back to summary</a></p>
<h3 id="m77">com.cvs.qa.testcases.SignUp4DealTest#verifySignU4DealsExcelDataTest</h3><table class="result"><tr class="param"><th>Parameter #1</th><th>Parameter #2</th><th>Parameter #3</th><th>Parameter #4</th><th>Parameter #5</th><th>Parameter #6</th><th>Parameter #7</th><th>Parameter #8</th><th>Parameter #9</th><th>Parameter #10</th><th>Parameter #11</th><th>Parameter #12</th></tr><tr class="param stripe"><td>shuwaibliaquat@hotmail.com</td><td>shuwaibliaquat@hotmail.com</td><td>7777777</td><td>Linie</td><td>Liaquat</td><td>07505</td><td>01291991</td><td>12</td><td>Wayne Ave</td><td>Troy</td><td>CA</td><td>07505</td></tr></table><p class="totop"><a href="#summary">back to summary</a></p>
<h3 id="m78">com.cvs.qa.testcases.SignUp4DealTest#verifySignU4DealsExcelDataTest</h3><table class="result"><tr class="param"><th>Parameter #1</th><th>Parameter #2</th><th>Parameter #3</th><th>Parameter #4</th><th>Parameter #5</th><th>Parameter #6</th><th>Parameter #7</th><th>Parameter #8</th><th>Parameter #9</th><th>Parameter #10</th><th>Parameter #11</th><th>Parameter #12</th></tr><tr class="param stripe"><td>shuwaibliaquat1@hotmail.com</td><td>shuwaibliaquat1@hotmail.com</td><td>222222</td><td>Shuwaib4</td><td>Liaquat4</td><td>07508</td><td>01291994</td><td>5555</td><td>Main St</td><td>New York</td><td>NC</td><td>07508</td></tr></table><p class="totop"><a href="#summary">back to summary</a></p>
<h3 id="m79">com.cvs.qa.testcases.SignUp4DealTest#verifySignUp4DealsTest</h3><table class="result"><tr><th class="invisible"/></tr></table><p class="totop"><a href="#summary">back to summary</a></p>
<h2> CVS PharmacyPageTest</h2><h3 id="m80">com.cvs.qa.testcases.PharmacyTest#setUp</h3><table class="result"><tr><th>Exception</th></tr><tr><td><div class="stacktrace">org.testng.TestNGException: 
Parameter &apos;browser&apos; is required by BeforeMethod on method setUp but has not been marked @Optional or defined
in C:\Users\JavaLearner\Desktop\CvsPharmacyProject\CvsPharmacyTest\src\main\resources\testng.xml
... Removed 28 stack frames</div></td></tr></table><p class="totop"><a href="#summary">back to summary</a></p>
<h3 id="m81">com.cvs.qa.testcases.PharmacyTest#tearDown</h3><table class="result"><tr><th class="invisible"/></tr></table><p class="totop"><a href="#summary">back to summary</a></p>
<h3 id="m82">com.cvs.qa.testcases.PharmacyTest#verifyTransferingRX2CVS</h3><table class="result"><tr><th>Exception</th></tr><tr><td><div class="stacktrace">org.testng.TestNGException: 
Parameter &apos;browser&apos; is required by BeforeMethod on method setUp but has not been marked @Optional or defined
in C:\Users\JavaLearner\Desktop\CvsPharmacyProject\CvsPharmacyTest\src\main\resources\testng.xml
... Removed 28 stack frames</div></td></tr></table><p class="totop"><a href="#summary">back to summary</a></p>
</body>
</html>
