<!DOCTYPE html>

<html>
  <head>
  <meta charset='utf-8'>
  <title>TestNG reports</title>

    <link type="text/css" href="testng-reports.css" rel="stylesheet" />
    <script type="text/javascript" src="jquery-1.7.1.min.js"></script>
    <script type="text/javascript" src="testng-reports.js"></script>
    <script type="text/javascript" src="https://www.google.com/jsapi"></script>
    <script type='text/javascript'>
      google.load('visualization', '1', {packages:['table']});
      google.setOnLoadCallback(drawTable);
      var suiteTableInitFunctions = new Array();
      var suiteTableData = new Array();
    </script>
    <!--
      <script type="text/javascript" src="jquery-ui/js/jquery-ui-1.8.16.custom.min.js"></script>
     -->
  </head>

  <body>
    <div class="top-banner-root">
      <span class="top-banner-title-font">Test results</span>
      <br/>
      <span class="top-banner-font-1">1 suite, 5 failed tests</span>
    </div> <!-- top-banner-root -->
    <div class="navigator-root">
      <div class="navigator-suite-header">
        <span>All suites</span>
        <a href="#" class="collapse-all-link" title="Collapse/expand all the suites">
          <img class="collapse-all-icon" src="collapseall.gif">
          </img> <!-- collapse-all-icon -->
        </a> <!-- collapse-all-link -->
      </div> <!-- navigator-suite-header -->
      <div class="suite">
        <div class="rounded-window">
          <div class="suite-header light-rounded-window-top">
            <a href="#" class="navigator-link" panel-name="suite-CVS_Pharmacy_Application_Test_Automation_Test_Suite">
              <span class="suite-name border-failed">CVS Pharmacy Application Test Automation Test Suite</span>
            </a> <!-- navigator-link -->
          </div> <!-- suite-header light-rounded-window-top -->
          <div class="navigator-suite-content">
            <div class="suite-section-title">
              <span>Info</span>
            </div> <!-- suite-section-title -->
            <div class="suite-section-content">
              <ul>
                <li>
                  <a href="#" class="navigator-link " panel-name="test-xml-CVS_Pharmacy_Application_Test_Automation_Test_Suite">
                    <span>C:\Users\JavaLearner\Desktop\CvsPharmacyProject\CvsPharmacyTest\src\main\resources\testng.xml</span>
                  </a> <!-- navigator-link  -->
                </li>
                <li>
                  <a href="#" class="navigator-link " panel-name="testlist-CVS_Pharmacy_Application_Test_Automation_Test_Suite">
                    <span class="test-stats">11 tests</span>
                  </a> <!-- navigator-link  -->
                </li>
                <li>
                  <a href="#" class="navigator-link " panel-name="group-CVS_Pharmacy_Application_Test_Automation_Test_Suite">
                    <span>0 groups</span>
                  </a> <!-- navigator-link  -->
                </li>
                <li>
                  <a href="#" class="navigator-link " panel-name="times-CVS_Pharmacy_Application_Test_Automation_Test_Suite">
                    <span>Times</span>
                  </a> <!-- navigator-link  -->
                </li>
                <li>
                  <a href="#" class="navigator-link " panel-name="reporter-CVS_Pharmacy_Application_Test_Automation_Test_Suite">
                    <span>Reporter output</span>
                  </a> <!-- navigator-link  -->
                </li>
                <li>
                  <a href="#" class="navigator-link " panel-name="ignored-methods-CVS_Pharmacy_Application_Test_Automation_Test_Suite">
                    <span>Ignored methods</span>
                  </a> <!-- navigator-link  -->
                </li>
                <li>
                  <a href="#" class="navigator-link " panel-name="chronological-CVS_Pharmacy_Application_Test_Automation_Test_Suite">
                    <span>Chronological view</span>
                  </a> <!-- navigator-link  -->
                </li>
              </ul>
            </div> <!-- suite-section-content -->
            <div class="result-section">
              <div class="suite-section-title">
                <span>Results</span>
              </div> <!-- suite-section-title -->
              <div class="suite-section-content">
                <ul>
                  <li>
                    <span class="method-stats">81 methods, 5 failed,  18 skipped,  58 passed</span>
                  </li>
                  <li>
                    <span class="method-list-title failed">Failed methods</span>
                    <span class="show-or-hide-methods failed">
                      <a href="#" panel-name="suite-CVS_Pharmacy_Application_Test_Automation_Test_Suite" class="hide-methods failed suite-CVS_Pharmacy_Application_Test_Automation_Test_Suite"> (hide)</a> <!-- hide-methods failed suite-CVS_Pharmacy_Application_Test_Automation_Test_Suite -->
                      <a href="#" panel-name="suite-CVS_Pharmacy_Application_Test_Automation_Test_Suite" class="show-methods failed suite-CVS_Pharmacy_Application_Test_Automation_Test_Suite"> (show)</a> <!-- show-methods failed suite-CVS_Pharmacy_Application_Test_Automation_Test_Suite -->
                    </span>
                    <div class="method-list-content failed suite-CVS_Pharmacy_Application_Test_Automation_Test_Suite">
                      <span>
                        <img width="3%" src="failed.png"/>
                        <a href="#" class="method navigator-link" panel-name="suite-CVS_Pharmacy_Application_Test_Automation_Test_Suite" title="com.cvs.qa.testcases.MinuteClinicTest" hash-for-method="verifyClinicLocatorPageTitleTest">verifyClinicLocatorPageTitleTest</a> <!-- method navigator-link -->
                      </span>
                      <br/>
                      <span>
                        <img width="3%" src="failed.png"/>
                        <a href="#" class="method navigator-link" panel-name="suite-CVS_Pharmacy_Application_Test_Automation_Test_Suite" title="com.cvs.qa.testcases.ExtraCareTest" hash-for-method="verifyExtraCareSignInTest">verifyExtraCareSignInTest</a> <!-- method navigator-link -->
                      </span>
                      <br/>
                      <span>
                        <img width="3%" src="failed.png"/>
                        <a href="#" class="method navigator-link" panel-name="suite-CVS_Pharmacy_Application_Test_Automation_Test_Suite" title="com.cvs.qa.testcases.SignUp4DealTest" hash-for-method="verifyPageTitleTest">verifyPageTitleTest</a> <!-- method navigator-link -->
                      </span>
                      <br/>
                      <span>
                        <img width="3%" src="failed.png"/>
                        <a href="#" class="method navigator-link" panel-name="suite-CVS_Pharmacy_Application_Test_Automation_Test_Suite" title="com.cvs.qa.testcases.PhotoPageTest" hash-for-method="verifyPhotoPageHomeTitleTest">verifyPhotoPageHomeTitleTest</a> <!-- method navigator-link -->
                      </span>
                      <br/>
                      <span>
                        <img width="3%" src="failed.png"/>
                        <a href="#" class="method navigator-link" panel-name="suite-CVS_Pharmacy_Application_Test_Automation_Test_Suite" title="com.cvs.qa.testcases.PhotoPageTest" hash-for-method="verifyPhotoUploadTest">verifyPhotoUploadTest</a> <!-- method navigator-link -->
                      </span>
                      <br/>
                    </div> <!-- method-list-content failed suite-CVS_Pharmacy_Application_Test_Automation_Test_Suite -->
                  </li>
                  <li>
                    <span class="method-list-title skipped">Skipped methods</span>
                    <span class="show-or-hide-methods skipped">
                      <a href="#" panel-name="suite-CVS_Pharmacy_Application_Test_Automation_Test_Suite" class="hide-methods skipped suite-CVS_Pharmacy_Application_Test_Automation_Test_Suite"> (hide)</a> <!-- hide-methods skipped suite-CVS_Pharmacy_Application_Test_Automation_Test_Suite -->
                      <a href="#" panel-name="suite-CVS_Pharmacy_Application_Test_Automation_Test_Suite" class="show-methods skipped suite-CVS_Pharmacy_Application_Test_Automation_Test_Suite"> (show)</a> <!-- show-methods skipped suite-CVS_Pharmacy_Application_Test_Automation_Test_Suite -->
                    </span>
                    <div class="method-list-content skipped suite-CVS_Pharmacy_Application_Test_Automation_Test_Suite">
                      <span>
                        <img width="3%" src="skipped.png"/>
                        <a href="#" class="method navigator-link" panel-name="suite-CVS_Pharmacy_Application_Test_Automation_Test_Suite" title="com.cvs.qa.testcases.RegistrationTest" hash-for-method="registerMultipleCustomer(Rafquat, Hossain, shuwaibliaquat59@hotmail.com, Apple12349, Apple12349, google, 115 Wayne Ave, 5th, ...)">registerMultipleCustomer(Rafquat, Hossain, shuwaibliaquat59@hotmail.com, Apple12349, Apple12349, google, 115 Wayne Ave, 5th, ...)</a> <!-- method navigator-link -->
                      </span>
                      <br/>
                      <span>
                        <img width="3%" src="skipped.png"/>
                        <a href="#" class="method navigator-link" panel-name="suite-CVS_Pharmacy_Application_Test_Automation_Test_Suite" title="com.cvs.qa.testcases.MinuteClinicTest" hash-for-method="verifyClinicLocatorPageTitleTest">verifyClinicLocatorPageTitleTest</a> <!-- method navigator-link -->
                      </span>
                      <br/>
                      <span>
                        <img width="3%" src="skipped.png"/>
                        <a href="#" class="method navigator-link" panel-name="suite-CVS_Pharmacy_Application_Test_Automation_Test_Suite" title="com.cvs.qa.testcases.MinuteClinicTest" hash-for-method="verifyClinicLocatorPageTitleTest">verifyClinicLocatorPageTitleTest</a> <!-- method navigator-link -->
                      </span>
                      <br/>
                      <span>
                        <img width="3%" src="skipped.png"/>
                        <a href="#" class="method navigator-link" panel-name="suite-CVS_Pharmacy_Application_Test_Automation_Test_Suite" title="com.cvs.qa.testcases.MinuteClinicTest" hash-for-method="verifyClinicLocatorPageTitleTest">verifyClinicLocatorPageTitleTest</a> <!-- method navigator-link -->
                      </span>
                      <br/>
                      <span>
                        <img width="3%" src="skipped.png"/>
                        <a href="#" class="method navigator-link" panel-name="suite-CVS_Pharmacy_Application_Test_Automation_Test_Suite" title="com.cvs.qa.testcases.ExtraCareTest" hash-for-method="verifyExtraCareSignInTest">verifyExtraCareSignInTest</a> <!-- method navigator-link -->
                      </span>
                      <br/>
                      <span>
                        <img width="3%" src="skipped.png"/>
                        <a href="#" class="method navigator-link" panel-name="suite-CVS_Pharmacy_Application_Test_Automation_Test_Suite" title="com.cvs.qa.testcases.ExtraCareTest" hash-for-method="verifyExtraCareSignInTest">verifyExtraCareSignInTest</a> <!-- method navigator-link -->
                      </span>
                      <br/>
                      <span>
                        <img width="3%" src="skipped.png"/>
                        <a href="#" class="method navigator-link" panel-name="suite-CVS_Pharmacy_Application_Test_Automation_Test_Suite" title="com.cvs.qa.testcases.ExtraCareTest" hash-for-method="verifyExtraCareSignInTest">verifyExtraCareSignInTest</a> <!-- method navigator-link -->
                      </span>
                      <br/>
                      <span>
                        <img width="3%" src="skipped.png"/>
                        <a href="#" class="method navigator-link" panel-name="suite-CVS_Pharmacy_Application_Test_Automation_Test_Suite" title="com.cvs.qa.testcases.SignUp4DealTest" hash-for-method="verifyPageTitleTest">verifyPageTitleTest</a> <!-- method navigator-link -->
                      </span>
                      <br/>
                      <span>
                        <img width="3%" src="skipped.png"/>
                        <a href="#" class="method navigator-link" panel-name="suite-CVS_Pharmacy_Application_Test_Automation_Test_Suite" title="com.cvs.qa.testcases.SignUp4DealTest" hash-for-method="verifyPageTitleTest">verifyPageTitleTest</a> <!-- method navigator-link -->
                      </span>
                      <br/>
                      <span>
                        <img width="3%" src="skipped.png"/>
                        <a href="#" class="method navigator-link" panel-name="suite-CVS_Pharmacy_Application_Test_Automation_Test_Suite" title="com.cvs.qa.testcases.SignUp4DealTest" hash-for-method="verifyPageTitleTest">verifyPageTitleTest</a> <!-- method navigator-link -->
                      </span>
                      <br/>
                      <span>
                        <img width="3%" src="skipped.png"/>
                        <a href="#" class="method navigator-link" panel-name="suite-CVS_Pharmacy_Application_Test_Automation_Test_Suite" title="com.cvs.qa.testcases.PhotoPageTest" hash-for-method="verifyPhotoPageHomeTitleTest">verifyPhotoPageHomeTitleTest</a> <!-- method navigator-link -->
                      </span>
                      <br/>
                      <span>
                        <img width="3%" src="skipped.png"/>
                        <a href="#" class="method navigator-link" panel-name="suite-CVS_Pharmacy_Application_Test_Automation_Test_Suite" title="com.cvs.qa.testcases.PhotoPageTest" hash-for-method="verifyPhotoPageHomeTitleTest">verifyPhotoPageHomeTitleTest</a> <!-- method navigator-link -->
                      </span>
                      <br/>
                      <span>
                        <img width="3%" src="skipped.png"/>
                        <a href="#" class="method navigator-link" panel-name="suite-CVS_Pharmacy_Application_Test_Automation_Test_Suite" title="com.cvs.qa.testcases.PhotoPageTest" hash-for-method="verifyPhotoPageHomeTitleTest">verifyPhotoPageHomeTitleTest</a> <!-- method navigator-link -->
                      </span>
                      <br/>
                      <span>
                        <img width="3%" src="skipped.png"/>
                        <a href="#" class="method navigator-link" panel-name="suite-CVS_Pharmacy_Application_Test_Automation_Test_Suite" title="com.cvs.qa.testcases.PhotoPageTest" hash-for-method="verifyPhotoUploadTest">verifyPhotoUploadTest</a> <!-- method navigator-link -->
                      </span>
                      <br/>
                      <span>
                        <img width="3%" src="skipped.png"/>
                        <a href="#" class="method navigator-link" panel-name="suite-CVS_Pharmacy_Application_Test_Automation_Test_Suite" title="com.cvs.qa.testcases.PhotoPageTest" hash-for-method="verifyPhotoUploadTest">verifyPhotoUploadTest</a> <!-- method navigator-link -->
                      </span>
                      <br/>
                      <span>
                        <img width="3%" src="skipped.png"/>
                        <a href="#" class="method navigator-link" panel-name="suite-CVS_Pharmacy_Application_Test_Automation_Test_Suite" title="com.cvs.qa.testcases.PhotoPageTest" hash-for-method="verifyPhotoUploadTest">verifyPhotoUploadTest</a> <!-- method navigator-link -->
                      </span>
                      <br/>
                      <span>
                        <img width="3%" src="skipped.png"/>
                        <a href="#" class="method navigator-link" panel-name="suite-CVS_Pharmacy_Application_Test_Automation_Test_Suite" title="com.cvs.qa.testcases.SignUp4DealTest" hash-for-method="verifySignU4DealsExcelDataTest(nishat0598@gmail.com, nishat0598@gmail.com, 123456, Nishat, Chowdhury, 48212, 01291995, 3035, Hollyw...)">verifySignU4DealsExcelDataTest(nishat0598@gmail.com, nishat0598@gmail.com, 123456, Nishat, Chowdhury, 48212, 01291995, 3035, Hollyw...)</a> <!-- method navigator-link -->
                      </span>
                      <br/>
                      <span>
                        <img width="3%" src="skipped.png"/>
                        <a href="#" class="method navigator-link" panel-name="suite-CVS_Pharmacy_Application_Test_Automation_Test_Suite" title="com.cvs.qa.testcases.PharmacyTest" hash-for-method="verifyTransferingRX2CVS">verifyTransferingRX2CVS</a> <!-- method navigator-link -->
                      </span>
                      <br/>
                    </div> <!-- method-list-content skipped suite-CVS_Pharmacy_Application_Test_Automation_Test_Suite -->
                  </li>
                  <li>
                    <span class="method-list-title passed">Passed methods</span>
                    <span class="show-or-hide-methods passed">
                      <a href="#" panel-name="suite-CVS_Pharmacy_Application_Test_Automation_Test_Suite" class="hide-methods passed suite-CVS_Pharmacy_Application_Test_Automation_Test_Suite"> (hide)</a> <!-- hide-methods passed suite-CVS_Pharmacy_Application_Test_Automation_Test_Suite -->
                      <a href="#" panel-name="suite-CVS_Pharmacy_Application_Test_Automation_Test_Suite" class="show-methods passed suite-CVS_Pharmacy_Application_Test_Automation_Test_Suite"> (show)</a> <!-- show-methods passed suite-CVS_Pharmacy_Application_Test_Automation_Test_Suite -->
                    </span>
                    <div class="method-list-content passed suite-CVS_Pharmacy_Application_Test_Automation_Test_Suite">
                      <span>
                        <img width="3%" src="passed.png"/>
                        <a href="#" class="method navigator-link" panel-name="suite-CVS_Pharmacy_Application_Test_Automation_Test_Suite" title="com.cvs.qa.testcases.RegistrationTest" hash-for-method="registerCustomer">registerCustomer</a> <!-- method navigator-link -->
                      </span>
                      <br/>
                      <span>
                        <img width="3%" src="passed.png"/>
                        <a href="#" class="method navigator-link" panel-name="suite-CVS_Pharmacy_Application_Test_Automation_Test_Suite" title="com.cvs.qa.testcases.RegistrationTest" hash-for-method="registerMultipleCustomer(Linie, Liaquat, shuwaibliaquat56@hotmail.com, Apple12347, Apple12347, yahoo, 113 Wayne Ave, 3rd, Woo...)">registerMultipleCustomer(Linie, Liaquat, shuwaibliaquat56@hotmail.com, Apple12347, Apple12347, yahoo, 113 Wayne Ave, 3rd, Woo...)</a> <!-- method navigator-link -->
                      </span>
                      <br/>
                      <span>
                        <img width="3%" src="passed.png"/>
                        <a href="#" class="method navigator-link" panel-name="suite-CVS_Pharmacy_Application_Test_Automation_Test_Suite" title="com.cvs.qa.testcases.RegistrationTest" hash-for-method="registerMultipleCustomer(Naushad, Chowdhury, shuwaibliaquat123@hotmail.com, Apple12346, Apple12346, Shabana, 112 Wayne Ave, 2...)">registerMultipleCustomer(Naushad, Chowdhury, shuwaibliaquat123@hotmail.com, Apple12346, Apple12346, Shabana, 112 Wayne Ave, 2...)</a> <!-- method navigator-link -->
                      </span>
                      <br/>
                      <span>
                        <img width="3%" src="passed.png"/>
                        <a href="#" class="method navigator-link" panel-name="suite-CVS_Pharmacy_Application_Test_Automation_Test_Suite" title="com.cvs.qa.testcases.RegistrationTest" hash-for-method="registerMultipleCustomer(Adnan, Liaquat, shuwaibliaquat100@hotmail.com, Apple12350, Apple12350, tommy, 116 Wayne Ave, 6th, Tr...)">registerMultipleCustomer(Adnan, Liaquat, shuwaibliaquat100@hotmail.com, Apple12350, Apple12350, tommy, 116 Wayne Ave, 6th, Tr...)</a> <!-- method navigator-link -->
                      </span>
                      <br/>
                      <span>
                        <img width="3%" src="passed.png"/>
                        <a href="#" class="method navigator-link" panel-name="suite-CVS_Pharmacy_Application_Test_Automation_Test_Suite" title="com.cvs.qa.testcases.RegistrationTest" hash-for-method="registerMultipleCustomer(Rafquat, Hossain, shuwaibliaquat59@hotmail.com, Apple12349, Apple12349, google, 115 Wayne Ave, 5th, ...)">registerMultipleCustomer(Rafquat, Hossain, shuwaibliaquat59@hotmail.com, Apple12349, Apple12349, google, 115 Wayne Ave, 5th, ...)</a> <!-- method navigator-link -->
                      </span>
                      <br/>
                      <span>
                        <img width="3%" src="passed.png"/>
                        <a href="#" class="method navigator-link" panel-name="suite-CVS_Pharmacy_Application_Test_Automation_Test_Suite" title="com.cvs.qa.testcases.RegistrationTest" hash-for-method="registerMultipleCustomer(Muhith, Mahmood, shuwaibliaquat1@hotmail.com, Apple12348, Apple12348, hotmail, 114 Wayne Ave, 4th, P...)">registerMultipleCustomer(Muhith, Mahmood, shuwaibliaquat1@hotmail.com, Apple12348, Apple12348, hotmail, 114 Wayne Ave, 4th, P...)</a> <!-- method navigator-link -->
                      </span>
                      <br/>
                      <span>
                        <img width="3%" src="passed.png"/>
                        <a href="#" class="method navigator-link" panel-name="suite-CVS_Pharmacy_Application_Test_Automation_Test_Suite" title="com.cvs.qa.testcases.RegistrationTest" hash-for-method="registerMultipleCustomer(Shuwaib, Liaquat, shuwaibliaquat12@hotmail.com, Apple12345, Apple12345, Krish, 111 Wayne Ave, 1st, P...)">registerMultipleCustomer(Shuwaib, Liaquat, shuwaibliaquat12@hotmail.com, Apple12345, Apple12345, Krish, 111 Wayne Ave, 1st, P...)</a> <!-- method navigator-link -->
                      </span>
                      <br/>
                      <span>
                        <img width="3%" src="passed.png"/>
                        <a href="#" class="method navigator-link" panel-name="suite-CVS_Pharmacy_Application_Test_Automation_Test_Suite" title="com.cvs.qa.testcases.RegistrationTest" hash-for-method="registerMultipleCustomer(Nishat, Chowdhury, nishat0598@gmail.com, Apple555, Apple555, Tia, 12 Elk St, 7th, Lincoln Park, MI, ...)">registerMultipleCustomer(Nishat, Chowdhury, nishat0598@gmail.com, Apple555, Apple555, Tia, 12 Elk St, 7th, Lincoln Park, MI, ...)</a> <!-- method navigator-link -->
                      </span>
                      <br/>
                      <span>
                        <img width="3%" src="passed.png"/>
                        <a href="#" class="method navigator-link" panel-name="suite-CVS_Pharmacy_Application_Test_Automation_Test_Suite" title="com.cvs.qa.testcases.ContactLensesPageTest" hash-for-method="verifyAcuvueDefine30PKTest">verifyAcuvueDefine30PKTest</a> <!-- method navigator-link -->
                      </span>
                      <br/>
                      <span>
                        <img width="3%" src="passed.png"/>
                        <a href="#" class="method navigator-link" panel-name="suite-CVS_Pharmacy_Application_Test_Automation_Test_Suite" title="com.cvs.qa.testcases.ContactLensesPageTest" hash-for-method="verifyAcuvueDefine90PKTest">verifyAcuvueDefine90PKTest</a> <!-- method navigator-link -->
                      </span>
                      <br/>
                      <span>
                        <img width="3%" src="passed.png"/>
                        <a href="#" class="method navigator-link" panel-name="suite-CVS_Pharmacy_Application_Test_Automation_Test_Suite" title="com.cvs.qa.testcases.ShopPageTest" hash-for-method="verifyAddCSLW2CartTest">verifyAddCSLW2CartTest</a> <!-- method navigator-link -->
                      </span>
                      <br/>
                      <span>
                        <img width="3%" src="passed.png"/>
                        <a href="#" class="method navigator-link" panel-name="suite-CVS_Pharmacy_Application_Test_Automation_Test_Suite" title="com.cvs.qa.testcases.ShopPageTest" hash-for-method="verifyClickonShopAllCategoriesTest">verifyClickonShopAllCategoriesTest</a> <!-- method navigator-link -->
                      </span>
                      <br/>
                      <span>
                        <img width="3%" src="passed.png"/>
                        <a href="#" class="method navigator-link" panel-name="suite-CVS_Pharmacy_Application_Test_Automation_Test_Suite" title="com.cvs.qa.testcases.ShopPageTest" hash-for-method="verifyClickonVitaminLink">verifyClickonVitaminLink</a> <!-- method navigator-link -->
                      </span>
                      <br/>
                      <span>
                        <img width="3%" src="passed.png"/>
                        <a href="#" class="method navigator-link" panel-name="suite-CVS_Pharmacy_Application_Test_Automation_Test_Suite" title="com.cvs.qa.testcases.HomePageTest" hash-for-method="verifyContactLensesTest">verifyContactLensesTest</a> <!-- method navigator-link -->
                      </span>
                      <br/>
                      <span>
                        <img width="3%" src="passed.png"/>
                        <a href="#" class="method navigator-link" panel-name="suite-CVS_Pharmacy_Application_Test_Automation_Test_Suite" title="com.cvs.qa.testcases.ContactLensesPageTest" hash-for-method="verifyDropDownMenuContactLensBrandsTest">verifyDropDownMenuContactLensBrandsTest</a> <!-- method navigator-link -->
                      </span>
                      <br/>
                      <span>
                        <img width="3%" src="passed.png"/>
                        <a href="#" class="method navigator-link" panel-name="suite-CVS_Pharmacy_Application_Test_Automation_Test_Suite" title="com.cvs.qa.testcases.HomePageTest" hash-for-method="verifyExtraCareLinkTest">verifyExtraCareLinkTest</a> <!-- method navigator-link -->
                      </span>
                      <br/>
                      <span>
                        <img width="3%" src="passed.png"/>
                        <a href="#" class="method navigator-link" panel-name="suite-CVS_Pharmacy_Application_Test_Automation_Test_Suite" title="com.cvs.qa.testcases.ExtraCareTest" hash-for-method="verifyExtraCarePageTitleTest">verifyExtraCarePageTitleTest</a> <!-- method navigator-link -->
                      </span>
                      <br/>
                      <span>
                        <img width="3%" src="passed.png"/>
                        <a href="#" class="method navigator-link" panel-name="suite-CVS_Pharmacy_Application_Test_Automation_Test_Suite" title="com.cvs.qa.testcases.ExtraCareTest" hash-for-method="verifyExtraCareShoppingCartTest">verifyExtraCareShoppingCartTest</a> <!-- method navigator-link -->
                      </span>
                      <br/>
                      <span>
                        <img width="3%" src="passed.png"/>
                        <a href="#" class="method navigator-link" panel-name="suite-CVS_Pharmacy_Application_Test_Automation_Test_Suite" title="com.cvs.qa.testcases.HomePageTest" hash-for-method="verifyHomePageLogoTest">verifyHomePageLogoTest</a> <!-- method navigator-link -->
                      </span>
                      <br/>
                      <span>
                        <img width="3%" src="passed.png"/>
                        <a href="#" class="method navigator-link" panel-name="suite-CVS_Pharmacy_Application_Test_Automation_Test_Suite" title="com.cvs.qa.testcases.HomePageTest" hash-for-method="verifyHomePageTitleTest">verifyHomePageTitleTest</a> <!-- method navigator-link -->
                      </span>
                      <br/>
                      <span>
                        <img width="3%" src="passed.png"/>
                        <a href="#" class="method navigator-link" panel-name="suite-CVS_Pharmacy_Application_Test_Automation_Test_Suite" title="com.cvs.qa.testcases.LogInTest" hash-for-method="verifyLogInExcelData(shuwaibliaquat@ymail.com, truelove12345)">verifyLogInExcelData(shuwaibliaquat@ymail.com, truelove12345)</a> <!-- method navigator-link -->
                      </span>
                      <br/>
                      <span>
                        <img width="3%" src="passed.png"/>
                        <a href="#" class="method navigator-link" panel-name="suite-CVS_Pharmacy_Application_Test_Automation_Test_Suite" title="com.cvs.qa.testcases.LogInTest" hash-for-method="verifyLogInExcelData(shuwaibliaquat@hotmail.com, hhb12345)">verifyLogInExcelData(shuwaibliaquat@hotmail.com, hhb12345)</a> <!-- method navigator-link -->
                      </span>
                      <br/>
                      <span>
                        <img width="3%" src="passed.png"/>
                        <a href="#" class="method navigator-link" panel-name="suite-CVS_Pharmacy_Application_Test_Automation_Test_Suite" title="com.cvs.qa.testcases.LogInTest" hash-for-method="verifyLogInExcelData(nishat055@gmail.com, apple123456)">verifyLogInExcelData(nishat055@gmail.com, apple123456)</a> <!-- method navigator-link -->
                      </span>
                      <br/>
                      <span>
                        <img width="3%" src="passed.png"/>
                        <a href="#" class="method navigator-link" panel-name="suite-CVS_Pharmacy_Application_Test_Automation_Test_Suite" title="com.cvs.qa.testcases.LogInTest" hash-for-method="verifyLogInTest">verifyLogInTest</a> <!-- method navigator-link -->
                      </span>
                      <br/>
                      <span>
                        <img width="3%" src="passed.png"/>
                        <a href="#" class="method navigator-link" panel-name="suite-CVS_Pharmacy_Application_Test_Automation_Test_Suite" title="com.cvs.qa.testcases.HomePageTest" hash-for-method="verifyMinuteClinicLinkTest">verifyMinuteClinicLinkTest</a> <!-- method navigator-link -->
                      </span>
                      <br/>
                      <span>
                        <img width="3%" src="passed.png"/>
                        <a href="#" class="method navigator-link" panel-name="suite-CVS_Pharmacy_Application_Test_Automation_Test_Suite" title="com.cvs.qa.testcases.MinuteClinicTest" hash-for-method="verifyMinuteClinicPageTitleTest">verifyMinuteClinicPageTitleTest</a> <!-- method navigator-link -->
                      </span>
                      <br/>
                      <span>
                        <img width="3%" src="passed.png"/>
                        <a href="#" class="method navigator-link" panel-name="suite-CVS_Pharmacy_Application_Test_Automation_Test_Suite" title="com.cvs.qa.testcases.HomePageTest" hash-for-method="verifyPharmacyLinkTest">verifyPharmacyLinkTest</a> <!-- method navigator-link -->
                      </span>
                      <br/>
                      <span>
                        <img width="3%" src="passed.png"/>
                        <a href="#" class="method navigator-link" panel-name="suite-CVS_Pharmacy_Application_Test_Automation_Test_Suite" title="com.cvs.qa.testcases.HomePageTest" hash-for-method="verifyPhotoLinkTest">verifyPhotoLinkTest</a> <!-- method navigator-link -->
                      </span>
                      <br/>
                      <span>
                        <img width="3%" src="passed.png"/>
                        <a href="#" class="method navigator-link" panel-name="suite-CVS_Pharmacy_Application_Test_Automation_Test_Suite" title="com.cvs.qa.testcases.PhotoPageTest" hash-for-method="verifyPhotoPageTitleTest">verifyPhotoPageTitleTest</a> <!-- method navigator-link -->
                      </span>
                      <br/>
                      <span>
                        <img width="3%" src="passed.png"/>
                        <a href="#" class="method navigator-link" panel-name="suite-CVS_Pharmacy_Application_Test_Automation_Test_Suite" title="com.cvs.qa.testcases.RegistrationTest" hash-for-method="verifyRegistrationPageTitle">verifyRegistrationPageTitle</a> <!-- method navigator-link -->
                      </span>
                      <br/>
                      <span>
                        <img width="3%" src="passed.png"/>
                        <a href="#" class="method navigator-link" panel-name="suite-CVS_Pharmacy_Application_Test_Automation_Test_Suite" title="com.cvs.qa.testcases.HomePageTest" hash-for-method="verifySearchBoxTest">verifySearchBoxTest</a> <!-- method navigator-link -->
                      </span>
                      <br/>
                      <span>
                        <img width="3%" src="passed.png"/>
                        <a href="#" class="method navigator-link" panel-name="suite-CVS_Pharmacy_Application_Test_Automation_Test_Suite" title="com.cvs.qa.testcases.HomePageTest" hash-for-method="verifyShopLinkTest">verifyShopLinkTest</a> <!-- method navigator-link -->
                      </span>
                      <br/>
                      <span>
                        <img width="3%" src="passed.png"/>
                        <a href="#" class="method navigator-link" panel-name="suite-CVS_Pharmacy_Application_Test_Automation_Test_Suite" title="com.cvs.qa.testcases.PhotoPageTest" hash-for-method="verifyShopNowPicLinkTest">verifyShopNowPicLinkTest</a> <!-- method navigator-link -->
                      </span>
                      <br/>
                      <span>
                        <img width="3%" src="passed.png"/>
                        <a href="#" class="method navigator-link" panel-name="suite-CVS_Pharmacy_Application_Test_Automation_Test_Suite" title="com.cvs.qa.testcases.ShopPageTest" hash-for-method="verifyShopPageLinkTest">verifyShopPageLinkTest</a> <!-- method navigator-link -->
                      </span>
                      <br/>
                      <span>
                        <img width="3%" src="passed.png"/>
                        <a href="#" class="method navigator-link" panel-name="suite-CVS_Pharmacy_Application_Test_Automation_Test_Suite" title="com.cvs.qa.testcases.ShopPageTest" hash-for-method="verifyShopPageTitleTest">verifyShopPageTitleTest</a> <!-- method navigator-link -->
                      </span>
                      <br/>
                      <span>
                        <img width="3%" src="passed.png"/>
                        <a href="#" class="method navigator-link" panel-name="suite-CVS_Pharmacy_Application_Test_Automation_Test_Suite" title="com.cvs.qa.testcases.SignUp4DealTest" hash-for-method="verifySignU4DealsExcelDataTest(shuwaibliaquat@hotmail.com, shuwaibliaquat@hotmail.com, 555555, Shuwaib, Liaquat, 07503, 01291989, 2...)">verifySignU4DealsExcelDataTest(shuwaibliaquat@hotmail.com, shuwaibliaquat@hotmail.com, 555555, Shuwaib, Liaquat, 07503, 01291989, 2...)</a> <!-- method navigator-link -->
                      </span>
                      <br/>
                      <span>
                        <img width="3%" src="passed.png"/>
                        <a href="#" class="method navigator-link" panel-name="suite-CVS_Pharmacy_Application_Test_Automation_Test_Suite" title="com.cvs.qa.testcases.SignUp4DealTest" hash-for-method="verifySignU4DealsExcelDataTest(shuwaibliaquat1@hotmail.com, shuwaibliaquat1@hotmail.com, 888888, Shuwaib, Liaquat, 07506, 01291992,...)">verifySignU4DealsExcelDataTest(shuwaibliaquat1@hotmail.com, shuwaibliaquat1@hotmail.com, 888888, Shuwaib, Liaquat, 07506, 01291992,...)</a> <!-- method navigator-link -->
                      </span>
                      <br/>
                      <span>
                        <img width="3%" src="passed.png"/>
                        <a href="#" class="method navigator-link" panel-name="suite-CVS_Pharmacy_Application_Test_Automation_Test_Suite" title="com.cvs.qa.testcases.SignUp4DealTest" hash-for-method="verifySignU4DealsExcelDataTest(nishat0598@gmail.com, nishat0598@gmail.com, 123456, Nishat, Chowdhury, 48212, 01291995, 3035, Hollyw...)">verifySignU4DealsExcelDataTest(nishat0598@gmail.com, nishat0598@gmail.com, 123456, Nishat, Chowdhury, 48212, 01291995, 3035, Hollyw...)</a> <!-- method navigator-link -->
                      </span>
                      <br/>
                      <span>
                        <img width="3%" src="passed.png"/>
                        <a href="#" class="method navigator-link" panel-name="suite-CVS_Pharmacy_Application_Test_Automation_Test_Suite" title="com.cvs.qa.testcases.SignUp4DealTest" hash-for-method="verifySignU4DealsExcelDataTest(shuwaibliaquat@hotmail.com, shuwaibliaquat@hotmail.com, 999999, Shuwaib3, Liaquat3, 07507, 01291993,...)">verifySignU4DealsExcelDataTest(shuwaibliaquat@hotmail.com, shuwaibliaquat@hotmail.com, 999999, Shuwaib3, Liaquat3, 07507, 01291993,...)</a> <!-- method navigator-link -->
                      </span>
                      <br/>
                      <span>
                        <img width="3%" src="passed.png"/>
                        <a href="#" class="method navigator-link" panel-name="suite-CVS_Pharmacy_Application_Test_Automation_Test_Suite" title="com.cvs.qa.testcases.SignUp4DealTest" hash-for-method="verifySignU4DealsExcelDataTest(shuwaibliaquat1@hotmail.com, shuwaibliaquat1@hotmail.com, 666666, Shuwaib1, Liaquat1, 07504, 0129199...)">verifySignU4DealsExcelDataTest(shuwaibliaquat1@hotmail.com, shuwaibliaquat1@hotmail.com, 666666, Shuwaib1, Liaquat1, 07504, 0129199...)</a> <!-- method navigator-link -->
                      </span>
                      <br/>
                      <span>
                        <img width="3%" src="passed.png"/>
                        <a href="#" class="method navigator-link" panel-name="suite-CVS_Pharmacy_Application_Test_Automation_Test_Suite" title="com.cvs.qa.testcases.SignUp4DealTest" hash-for-method="verifySignU4DealsExcelDataTest(shuwaibliaquat@hotmail.com, shuwaibliaquat@hotmail.com, 7777777, Linie, Liaquat, 07505, 01291991, 12...)">verifySignU4DealsExcelDataTest(shuwaibliaquat@hotmail.com, shuwaibliaquat@hotmail.com, 7777777, Linie, Liaquat, 07505, 01291991, 12...)</a> <!-- method navigator-link -->
                      </span>
                      <br/>
                      <span>
                        <img width="3%" src="passed.png"/>
                        <a href="#" class="method navigator-link" panel-name="suite-CVS_Pharmacy_Application_Test_Automation_Test_Suite" title="com.cvs.qa.testcases.SignUp4DealTest" hash-for-method="verifySignU4DealsExcelDataTest(shuwaibliaquat1@hotmail.com, shuwaibliaquat1@hotmail.com, 222222, Shuwaib4, Liaquat4, 07508, 0129199...)">verifySignU4DealsExcelDataTest(shuwaibliaquat1@hotmail.com, shuwaibliaquat1@hotmail.com, 222222, Shuwaib4, Liaquat4, 07508, 0129199...)</a> <!-- method navigator-link -->
                      </span>
                      <br/>
                      <span>
                        <img width="3%" src="passed.png"/>
                        <a href="#" class="method navigator-link" panel-name="suite-CVS_Pharmacy_Application_Test_Automation_Test_Suite" title="com.cvs.qa.testcases.SignUp4DealTest" hash-for-method="verifySignUp4DealsTest">verifySignUp4DealsTest</a> <!-- method navigator-link -->
                      </span>
                      <br/>
                      <span>
                        <img width="3%" src="passed.png"/>
                        <a href="#" class="method navigator-link" panel-name="suite-CVS_Pharmacy_Application_Test_Automation_Test_Suite" title="com.cvs.qa.testcases.HomePageTest" hash-for-method="verifyStoreLocator24HrsStoreTest">verifyStoreLocator24HrsStoreTest</a> <!-- method navigator-link -->
                      </span>
                      <br/>
                      <span>
                        <img width="3%" src="passed.png"/>
                        <a href="#" class="method navigator-link" panel-name="suite-CVS_Pharmacy_Application_Test_Automation_Test_Suite" title="com.cvs.qa.testcases.HomePageTest" hash-for-method="verifyStoreLocatorTest">verifyStoreLocatorTest</a> <!-- method navigator-link -->
                      </span>
                      <br/>
                      <span>
                        <img width="3%" src="passed.png"/>
                        <a href="#" class="method navigator-link" panel-name="suite-CVS_Pharmacy_Application_Test_Automation_Test_Suite" title="com.cvs.qa.testcases.LogInTest" hash-for-method="verifyTopPanelLogInTest">verifyTopPanelLogInTest</a> <!-- method navigator-link -->
                      </span>
                      <br/>
                      <span>
                        <img width="3%" src="passed.png"/>
                        <a href="#" class="method navigator-link" panel-name="suite-CVS_Pharmacy_Application_Test_Automation_Test_Suite" title="com.cvs.qa.testcases.LogInTest" hash-for-method="verifyTopPanelLogInTestExcelDataTest(shuwaibliaquat@ymail.com, truelove12345)">verifyTopPanelLogInTestExcelDataTest(shuwaibliaquat@ymail.com, truelove12345)</a> <!-- method navigator-link -->
                      </span>
                      <br/>
                      <span>
                        <img width="3%" src="passed.png"/>
                        <a href="#" class="method navigator-link" panel-name="suite-CVS_Pharmacy_Application_Test_Automation_Test_Suite" title="com.cvs.qa.testcases.LogInTest" hash-for-method="verifyTopPanelLogInTestExcelDataTest(nishat055@gmail.com, apple123456)">verifyTopPanelLogInTestExcelDataTest(nishat055@gmail.com, apple123456)</a> <!-- method navigator-link -->
                      </span>
                      <br/>
                      <span>
                        <img width="3%" src="passed.png"/>
                        <a href="#" class="method navigator-link" panel-name="suite-CVS_Pharmacy_Application_Test_Automation_Test_Suite" title="com.cvs.qa.testcases.LogInTest" hash-for-method="verifyTopPanelLogInTestExcelDataTest(shuwaibliaquat@hotmail.com, hhb12345)">verifyTopPanelLogInTestExcelDataTest(shuwaibliaquat@hotmail.com, hhb12345)</a> <!-- method navigator-link -->
                      </span>
                      <br/>
                      <span>
                        <img width="3%" src="passed.png"/>
                        <a href="#" class="method navigator-link" panel-name="suite-CVS_Pharmacy_Application_Test_Automation_Test_Suite" title="com.cvs.qa.testcases.MinuteClinicTest" hash-for-method="verifyZipCodeLocaterTest">verifyZipCodeLocaterTest</a> <!-- method navigator-link -->
                      </span>
                      <br/>
                      <span>
                        <img width="3%" src="passed.png"/>
                        <a href="#" class="method navigator-link" panel-name="suite-CVS_Pharmacy_Application_Test_Automation_Test_Suite" title="com.cvs.qa.testcases.ContactLensesPageTest" hash-for-method="veriyAcuvueElementListTest">veriyAcuvueElementListTest</a> <!-- method navigator-link -->
                      </span>
                      <br/>
                      <span>
                        <img width="3%" src="passed.png"/>
                        <a href="#" class="method navigator-link" panel-name="suite-CVS_Pharmacy_Application_Test_Automation_Test_Suite" title="com.cvs.qa.testcases.ContactLensesPageTest" hash-for-method="veriyAirOptixAquaElementListTest">veriyAirOptixAquaElementListTest</a> <!-- method navigator-link -->
                      </span>
                      <br/>
                      <span>
                        <img width="3%" src="passed.png"/>
                        <a href="#" class="method navigator-link" panel-name="suite-CVS_Pharmacy_Application_Test_Automation_Test_Suite" title="com.cvs.qa.testcases.ContactLensesPageTest" hash-for-method="veriyAirOptixBrandLabelClickTest">veriyAirOptixBrandLabelClickTest</a> <!-- method navigator-link -->
                      </span>
                      <br/>
                      <span>
                        <img width="3%" src="passed.png"/>
                        <a href="#" class="method navigator-link" panel-name="suite-CVS_Pharmacy_Application_Test_Automation_Test_Suite" title="com.cvs.qa.testcases.ContactLensesPageTest" hash-for-method="veriyAirOptixBrandMouseHoverTest">veriyAirOptixBrandMouseHoverTest</a> <!-- method navigator-link -->
                      </span>
                      <br/>
                      <span>
                        <img width="3%" src="passed.png"/>
                        <a href="#" class="method navigator-link" panel-name="suite-CVS_Pharmacy_Application_Test_Automation_Test_Suite" title="com.cvs.qa.testcases.ContactLensesPageTest" hash-for-method="veriyAirOptixBrandTest">veriyAirOptixBrandTest</a> <!-- method navigator-link -->
                      </span>
                      <br/>
                      <span>
                        <img width="3%" src="passed.png"/>
                        <a href="#" class="method navigator-link" panel-name="suite-CVS_Pharmacy_Application_Test_Automation_Test_Suite" title="com.cvs.qa.testcases.ContactLensesPageTest" hash-for-method="veriyContactLensesPageTitleTest">veriyContactLensesPageTitleTest</a> <!-- method navigator-link -->
                      </span>
                      <br/>
                      <span>
                        <img width="3%" src="passed.png"/>
                        <a href="#" class="method navigator-link" panel-name="suite-CVS_Pharmacy_Application_Test_Automation_Test_Suite" title="com.cvs.qa.testcases.ContactLensesPageTest" hash-for-method="veriyLensTypeElementListTest">veriyLensTypeElementListTest</a> <!-- method navigator-link -->
                      </span>
                      <br/>
                      <span>
                        <img width="3%" src="passed.png"/>
                        <a href="#" class="method navigator-link" panel-name="suite-CVS_Pharmacy_Application_Test_Automation_Test_Suite" title="com.cvs.qa.testcases.ContactLensesPageTest" hash-for-method="veriyLensTypeTest">veriyLensTypeTest</a> <!-- method navigator-link -->
                      </span>
                      <br/>
                    </div> <!-- method-list-content passed suite-CVS_Pharmacy_Application_Test_Automation_Test_Suite -->
                  </li>
                </ul>
              </div> <!-- suite-section-content -->
            </div> <!-- result-section -->
          </div> <!-- navigator-suite-content -->
        </div> <!-- rounded-window -->
      </div> <!-- suite -->
    </div> <!-- navigator-root -->
    <div class="wrapper">
      <div class="main-panel-root">
        <div panel-name="suite-CVS_Pharmacy_Application_Test_Automation_Test_Suite" class="panel CVS_Pharmacy_Application_Test_Automation_Test_Suite">
          <div class="suite-CVS_Pharmacy_Application_Test_Automation_Test_Suite-class-failed">
            <div class="main-panel-header rounded-window-top">
              <img src="failed.png"/>
              <span class="class-name">com.cvs.qa.testcases.SignUp4DealTest</span>
            </div> <!-- main-panel-header rounded-window-top -->
            <div class="main-panel-content rounded-window-bottom">
              <div class="method">
                <div class="method-content">
                  <a name="verifyPageTitleTest">
                  </a> <!-- verifyPageTitleTest -->
                  <span class="method-name">verifyPageTitleTest</span>
                  <div class="stack-trace">org.openqa.selenium.NoSuchElementException: no such element: Unable to locate element: {&quot;method&quot;:&quot;xpath&quot;,&quot;selector&quot;:&quot;//*[contains(text(),&apos;Sign up for email&apos;)]&quot;}
  (Session info: chrome=71.0.3578.98)
  (Driver info: chromedriver=2.42.591088 (7b2b2dca23cca0862f674758c9a3933e685c27d5),platform=Windows NT 10.0.17134 x86_64) (WARNING: The server did not provide any stacktrace information)
Command duration or timeout: 0 milliseconds
For documentation on this error, please visit: http://seleniumhq.org/exceptions/no_such_element.html
Build info: version: &apos;3.14.0&apos;, revision: &apos;aacccce0&apos;, time: &apos;2018-08-02T20:19:58.91Z&apos;
System info: host: &apos;DESKTOP-JEV6767&apos;, ip: &apos;192.168.1.7&apos;, os.name: &apos;Windows 10&apos;, os.arch: &apos;amd64&apos;, os.version: &apos;10.0&apos;, java.version: &apos;1.8.0_171&apos;
Driver info: org.openqa.selenium.chrome.ChromeDriver
Capabilities {acceptInsecureCerts: false, acceptSslCerts: false, applicationCacheEnabled: false, browserConnectionEnabled: false, browserName: chrome, chrome: {chromedriverVersion: 2.42.591088 (7b2b2dca23cca0..., userDataDir: C:\Users\JAVALE~1\AppData\L...}, cssSelectorsEnabled: true, databaseEnabled: false, goog:chromeOptions: {debuggerAddress: localhost:61907}, handlesAlerts: true, hasTouchScreen: false, javascriptEnabled: true, locationContextEnabled: true, mobileEmulationEnabled: false, nativeEvents: true, networkConnectionEnabled: false, pageLoadStrategy: normal, platform: XP, platformName: XP, rotatable: false, setWindowRect: true, takesHeapSnapshot: true, takesScreenshot: true, unexpectedAlertBehaviour: , unhandledPromptBehavior: , version: 71.0.3578.98, webStorageEnabled: true}
Session ID: 96fca0cdeb7ad81bbdef583a93a0de76
*** Element info: {Using=xpath, value=//*[contains(text(),&apos;Sign up for email&apos;)]}
	at org.openqa.selenium.remote.ErrorHandler.createThrowable(ErrorHandler.java:214)
	at org.openqa.selenium.remote.ErrorHandler.throwIfResponseFailed(ErrorHandler.java:166)
	at org.openqa.selenium.remote.http.JsonHttpResponseCodec.reconstructValue(JsonHttpResponseCodec.java:40)
	at org.openqa.selenium.remote.http.AbstractHttpResponseCodec.decode(AbstractHttpResponseCodec.java:80)
	at org.openqa.selenium.remote.http.AbstractHttpResponseCodec.decode(AbstractHttpResponseCodec.java:44)
	at org.openqa.selenium.remote.HttpCommandExecutor.execute(HttpCommandExecutor.java:158)
	at org.openqa.selenium.remote.service.DriverCommandExecutor.execute(DriverCommandExecutor.java:83)
	at org.openqa.selenium.remote.RemoteWebDriver.execute(RemoteWebDriver.java:548)
	at org.openqa.selenium.remote.RemoteWebDriver.findElement(RemoteWebDriver.java:322)
	at org.openqa.selenium.remote.RemoteWebDriver.findElementByXPath(RemoteWebDriver.java:424)
	at org.openqa.selenium.By$ByXPath.findElement(By.java:353)
	at org.openqa.selenium.remote.RemoteWebDriver.findElement(RemoteWebDriver.java:314)
	at org.openqa.selenium.support.events.EventFiringWebDriver.lambda$new$1(EventFiringWebDriver.java:105)
	at com.sun.proxy.$Proxy7.findElement(Unknown Source)
	at org.openqa.selenium.support.events.EventFiringWebDriver.findElement(EventFiringWebDriver.java:194)
	at org.openqa.selenium.support.pagefactory.DefaultElementLocator.findElement(DefaultElementLocator.java:69)
	at org.openqa.selenium.support.pagefactory.internal.LocatingElementHandler.invoke(LocatingElementHandler.java:38)
	at com.sun.proxy.$Proxy11.click(Unknown Source)
	at com.cvs.qa.pages.SignUpPage4Savings.verifySignUpDealpageTitle(SignUpPage4Savings.java:71)
	at com.cvs.qa.testcases.SignUp4DealTest.verifyPageTitleTest(SignUp4DealTest.java:39)
... Removed 35 stack frames
</div> <!-- stack-trace -->
                </div> <!-- method-content -->
              </div> <!-- method -->
            </div> <!-- main-panel-content rounded-window-bottom -->
          </div> <!-- suite-CVS_Pharmacy_Application_Test_Automation_Test_Suite-class-failed -->
          <div class="suite-CVS_Pharmacy_Application_Test_Automation_Test_Suite-class-failed">
            <div class="main-panel-header rounded-window-top">
              <img src="failed.png"/>
              <span class="class-name">com.cvs.qa.testcases.ExtraCareTest</span>
            </div> <!-- main-panel-header rounded-window-top -->
            <div class="main-panel-content rounded-window-bottom">
              <div class="method">
                <div class="method-content">
                  <a name="verifyExtraCareSignInTest">
                  </a> <!-- verifyExtraCareSignInTest -->
                  <span class="method-name">verifyExtraCareSignInTest</span>
                  <div class="stack-trace">org.openqa.selenium.NoSuchElementException: no such element: Unable to locate element: {&quot;method&quot;:&quot;xpath&quot;,&quot;selector&quot;:&quot;//li//p[text()=&quot;Welcome abdur!&quot;]&quot;}
  (Session info: chrome=71.0.3578.98)
  (Driver info: chromedriver=2.42.591088 (7b2b2dca23cca0862f674758c9a3933e685c27d5),platform=Windows NT 10.0.17134 x86_64) (WARNING: The server did not provide any stacktrace information)
Command duration or timeout: 0 milliseconds
For documentation on this error, please visit: http://seleniumhq.org/exceptions/no_such_element.html
Build info: version: &apos;3.14.0&apos;, revision: &apos;aacccce0&apos;, time: &apos;2018-08-02T20:19:58.91Z&apos;
System info: host: &apos;DESKTOP-JEV6767&apos;, ip: &apos;192.168.1.7&apos;, os.name: &apos;Windows 10&apos;, os.arch: &apos;amd64&apos;, os.version: &apos;10.0&apos;, java.version: &apos;1.8.0_171&apos;
Driver info: org.openqa.selenium.chrome.ChromeDriver
Capabilities {acceptInsecureCerts: false, acceptSslCerts: false, applicationCacheEnabled: false, browserConnectionEnabled: false, browserName: chrome, chrome: {chromedriverVersion: 2.42.591088 (7b2b2dca23cca0..., userDataDir: C:\Users\JAVALE~1\AppData\L...}, cssSelectorsEnabled: true, databaseEnabled: false, goog:chromeOptions: {debuggerAddress: localhost:60511}, handlesAlerts: true, hasTouchScreen: false, javascriptEnabled: true, locationContextEnabled: true, mobileEmulationEnabled: false, nativeEvents: true, networkConnectionEnabled: false, pageLoadStrategy: normal, platform: XP, platformName: XP, rotatable: false, setWindowRect: true, takesHeapSnapshot: true, takesScreenshot: true, unexpectedAlertBehaviour: , unhandledPromptBehavior: , version: 71.0.3578.98, webStorageEnabled: true}
Session ID: bb8c7300e17c1631f7199b7c0f26bccf
*** Element info: {Using=xpath, value=//li//p[text()=&quot;Welcome abdur!&quot;]}
	at org.openqa.selenium.remote.ErrorHandler.createThrowable(ErrorHandler.java:214)
	at org.openqa.selenium.remote.ErrorHandler.throwIfResponseFailed(ErrorHandler.java:166)
	at org.openqa.selenium.remote.http.JsonHttpResponseCodec.reconstructValue(JsonHttpResponseCodec.java:40)
	at org.openqa.selenium.remote.http.AbstractHttpResponseCodec.decode(AbstractHttpResponseCodec.java:80)
	at org.openqa.selenium.remote.http.AbstractHttpResponseCodec.decode(AbstractHttpResponseCodec.java:44)
	at org.openqa.selenium.remote.HttpCommandExecutor.execute(HttpCommandExecutor.java:158)
	at org.openqa.selenium.remote.service.DriverCommandExecutor.execute(DriverCommandExecutor.java:83)
	at org.openqa.selenium.remote.RemoteWebDriver.execute(RemoteWebDriver.java:548)
	at org.openqa.selenium.remote.RemoteWebDriver.findElement(RemoteWebDriver.java:322)
	at org.openqa.selenium.remote.RemoteWebDriver.findElementByXPath(RemoteWebDriver.java:424)
	at org.openqa.selenium.By$ByXPath.findElement(By.java:353)
	at org.openqa.selenium.remote.RemoteWebDriver.findElement(RemoteWebDriver.java:314)
	at org.openqa.selenium.support.events.EventFiringWebDriver.lambda$new$1(EventFiringWebDriver.java:105)
	at com.sun.proxy.$Proxy7.findElement(Unknown Source)
	at org.openqa.selenium.support.events.EventFiringWebDriver.findElement(EventFiringWebDriver.java:194)
	at org.openqa.selenium.support.pagefactory.DefaultElementLocator.findElement(DefaultElementLocator.java:69)
	at org.openqa.selenium.support.pagefactory.internal.LocatingElementHandler.invoke(LocatingElementHandler.java:38)
	at com.sun.proxy.$Proxy11.getText(Unknown Source)
	at com.cvs.qa.pages.ExtraCare.verifyExtraCareSignInName(ExtraCare.java:62)
	at com.cvs.qa.testcases.ExtraCareTest.verifyExtraCareSignInTest(ExtraCareTest.java:39)
... Removed 35 stack frames
</div> <!-- stack-trace -->
                </div> <!-- method-content -->
              </div> <!-- method -->
            </div> <!-- main-panel-content rounded-window-bottom -->
          </div> <!-- suite-CVS_Pharmacy_Application_Test_Automation_Test_Suite-class-failed -->
          <div class="suite-CVS_Pharmacy_Application_Test_Automation_Test_Suite-class-failed">
            <div class="main-panel-header rounded-window-top">
              <img src="failed.png"/>
              <span class="class-name">com.cvs.qa.testcases.MinuteClinicTest</span>
            </div> <!-- main-panel-header rounded-window-top -->
            <div class="main-panel-content rounded-window-bottom">
              <div class="method">
                <div class="method-content">
                  <a name="verifyClinicLocatorPageTitleTest">
                  </a> <!-- verifyClinicLocatorPageTitleTest -->
                  <span class="method-name">verifyClinicLocatorPageTitleTest</span>
                  <div class="stack-trace">org.openqa.selenium.WebDriverException: unknown error: cannot focus element
  (Session info: chrome=71.0.3578.98)
  (Driver info: chromedriver=2.42.591088 (7b2b2dca23cca0862f674758c9a3933e685c27d5),platform=Windows NT 10.0.17134 x86_64) (WARNING: The server did not provide any stacktrace information)
Command duration or timeout: 0 milliseconds
Build info: version: &apos;3.14.0&apos;, revision: &apos;aacccce0&apos;, time: &apos;2018-08-02T20:19:58.91Z&apos;
System info: host: &apos;DESKTOP-JEV6767&apos;, ip: &apos;192.168.1.7&apos;, os.name: &apos;Windows 10&apos;, os.arch: &apos;amd64&apos;, os.version: &apos;10.0&apos;, java.version: &apos;1.8.0_171&apos;
Driver info: org.openqa.selenium.chrome.ChromeDriver
Capabilities {acceptInsecureCerts: false, acceptSslCerts: false, applicationCacheEnabled: false, browserConnectionEnabled: false, browserName: chrome, chrome: {chromedriverVersion: 2.42.591088 (7b2b2dca23cca0..., userDataDir: C:\Users\JAVALE~1\AppData\L...}, cssSelectorsEnabled: true, databaseEnabled: false, goog:chromeOptions: {debuggerAddress: localhost:59406}, handlesAlerts: true, hasTouchScreen: false, javascriptEnabled: true, locationContextEnabled: true, mobileEmulationEnabled: false, nativeEvents: true, networkConnectionEnabled: false, pageLoadStrategy: normal, platform: XP, platformName: XP, rotatable: false, setWindowRect: true, takesHeapSnapshot: true, takesScreenshot: true, unexpectedAlertBehaviour: , unhandledPromptBehavior: , version: 71.0.3578.98, webStorageEnabled: true}
Session ID: 413bbc8f661f1e77b1aad88031db2772
	at org.openqa.selenium.remote.ErrorHandler.createThrowable(ErrorHandler.java:214)
	at org.openqa.selenium.remote.ErrorHandler.throwIfResponseFailed(ErrorHandler.java:166)
	at org.openqa.selenium.remote.http.JsonHttpResponseCodec.reconstructValue(JsonHttpResponseCodec.java:40)
	at org.openqa.selenium.remote.http.AbstractHttpResponseCodec.decode(AbstractHttpResponseCodec.java:80)
	at org.openqa.selenium.remote.http.AbstractHttpResponseCodec.decode(AbstractHttpResponseCodec.java:44)
	at org.openqa.selenium.remote.HttpCommandExecutor.execute(HttpCommandExecutor.java:158)
	at org.openqa.selenium.remote.service.DriverCommandExecutor.execute(DriverCommandExecutor.java:83)
	at org.openqa.selenium.remote.RemoteWebDriver.execute(RemoteWebDriver.java:548)
	at org.openqa.selenium.remote.RemoteWebElement.execute(RemoteWebElement.java:276)
	at org.openqa.selenium.remote.RemoteWebElement.sendKeys(RemoteWebElement.java:100)
	at org.openqa.selenium.support.events.EventFiringWebDriver$EventFiringWebElement.lambda$new$0(EventFiringWebDriver.java:403)
	at com.sun.proxy.$Proxy12.sendKeys(Unknown Source)
	at org.openqa.selenium.support.events.EventFiringWebDriver$EventFiringWebElement.sendKeys(EventFiringWebDriver.java:428)
	at org.openqa.selenium.support.pagefactory.internal.LocatingElementHandler.invoke(LocatingElementHandler.java:51)
	at com.sun.proxy.$Proxy11.sendKeys(Unknown Source)
	at com.cvs.qa.pages.MinuteClinic.verifyZipCodeLocater(MinuteClinic.java:34)
	at com.cvs.qa.testcases.MinuteClinicTest.verifyClinicLocatorPageTitleTest(MinuteClinicTest.java:63)
... Removed 38 stack frames
</div> <!-- stack-trace -->
                </div> <!-- method-content -->
              </div> <!-- method -->
            </div> <!-- main-panel-content rounded-window-bottom -->
          </div> <!-- suite-CVS_Pharmacy_Application_Test_Automation_Test_Suite-class-failed -->
          <div class="suite-CVS_Pharmacy_Application_Test_Automation_Test_Suite-class-failed">
            <div class="main-panel-header rounded-window-top">
              <img src="failed.png"/>
              <span class="class-name">com.cvs.qa.testcases.PhotoPageTest</span>
            </div> <!-- main-panel-header rounded-window-top -->
            <div class="main-panel-content rounded-window-bottom">
              <div class="method">
                <div class="method-content">
                  <a name="verifyPhotoPageHomeTitleTest">
                  </a> <!-- verifyPhotoPageHomeTitleTest -->
                  <span class="method-name">verifyPhotoPageHomeTitleTest</span>
                  <div class="stack-trace">java.lang.AssertionError: expected [Photo Printing Services | Print Photos Online | CVS Photo] but found [CVS Photo: Photo Prints | Passport Photos | Photo Cards | Photo Books]
	at com.cvs.qa.testcases.PhotoPageTest.verifyPhotoPageHomeTitleTest(PhotoPageTest.java:41)
... Removed 34 stack frames
</div> <!-- stack-trace -->
                </div> <!-- method-content -->
              </div> <!-- method -->
              <div class="method">
                <div class="method-content">
                  <a name="verifyPhotoUploadTest">
                  </a> <!-- verifyPhotoUploadTest -->
                  <span class="method-name">verifyPhotoUploadTest</span>
                  <div class="stack-trace">org.openqa.selenium.WebDriverException: unknown error: cannot focus element
  (Session info: chrome=71.0.3578.98)
  (Driver info: chromedriver=2.42.591088 (7b2b2dca23cca0862f674758c9a3933e685c27d5),platform=Windows NT 10.0.17134 x86_64) (WARNING: The server did not provide any stacktrace information)
Command duration or timeout: 0 milliseconds
Build info: version: &apos;3.14.0&apos;, revision: &apos;aacccce0&apos;, time: &apos;2018-08-02T20:19:58.91Z&apos;
System info: host: &apos;DESKTOP-JEV6767&apos;, ip: &apos;192.168.1.7&apos;, os.name: &apos;Windows 10&apos;, os.arch: &apos;amd64&apos;, os.version: &apos;10.0&apos;, java.version: &apos;1.8.0_171&apos;
Driver info: org.openqa.selenium.chrome.ChromeDriver
Capabilities {acceptInsecureCerts: false, acceptSslCerts: false, applicationCacheEnabled: false, browserConnectionEnabled: false, browserName: chrome, chrome: {chromedriverVersion: 2.42.591088 (7b2b2dca23cca0..., userDataDir: C:\Users\JAVALE~1\AppData\L...}, cssSelectorsEnabled: true, databaseEnabled: false, goog:chromeOptions: {debuggerAddress: localhost:60849}, handlesAlerts: true, hasTouchScreen: false, javascriptEnabled: true, locationContextEnabled: true, mobileEmulationEnabled: false, nativeEvents: true, networkConnectionEnabled: false, pageLoadStrategy: normal, platform: XP, platformName: XP, rotatable: false, setWindowRect: true, takesHeapSnapshot: true, takesScreenshot: true, unexpectedAlertBehaviour: , unhandledPromptBehavior: , version: 71.0.3578.98, webStorageEnabled: true}
Session ID: 22095ae2387917f23eff282f55cb6e67
	at org.openqa.selenium.remote.ErrorHandler.createThrowable(ErrorHandler.java:214)
	at org.openqa.selenium.remote.ErrorHandler.throwIfResponseFailed(ErrorHandler.java:166)
	at org.openqa.selenium.remote.http.JsonHttpResponseCodec.reconstructValue(JsonHttpResponseCodec.java:40)
	at org.openqa.selenium.remote.http.AbstractHttpResponseCodec.decode(AbstractHttpResponseCodec.java:80)
	at org.openqa.selenium.remote.http.AbstractHttpResponseCodec.decode(AbstractHttpResponseCodec.java:44)
	at org.openqa.selenium.remote.HttpCommandExecutor.execute(HttpCommandExecutor.java:158)
	at org.openqa.selenium.remote.service.DriverCommandExecutor.execute(DriverCommandExecutor.java:83)
	at org.openqa.selenium.remote.RemoteWebDriver.execute(RemoteWebDriver.java:548)
	at org.openqa.selenium.remote.RemoteWebElement.execute(RemoteWebElement.java:276)
	at org.openqa.selenium.remote.RemoteWebElement.sendKeys(RemoteWebElement.java:100)
	at org.openqa.selenium.support.events.EventFiringWebDriver$EventFiringWebElement.lambda$new$0(EventFiringWebDriver.java:403)
	at com.sun.proxy.$Proxy12.sendKeys(Unknown Source)
	at org.openqa.selenium.support.events.EventFiringWebDriver$EventFiringWebElement.sendKeys(EventFiringWebDriver.java:428)
	at org.openqa.selenium.support.pagefactory.internal.LocatingElementHandler.invoke(LocatingElementHandler.java:51)
	at com.sun.proxy.$Proxy11.sendKeys(Unknown Source)
	at com.cvs.qa.pages.Photo.verifyPhotoLinkHomePageTitle(Photo.java:76)
	at com.cvs.qa.testcases.PhotoPageTest.verifyPhotoUploadTest(PhotoPageTest.java:46)
... Removed 38 stack frames
</div> <!-- stack-trace -->
                </div> <!-- method-content -->
              </div> <!-- method -->
            </div> <!-- main-panel-content rounded-window-bottom -->
          </div> <!-- suite-CVS_Pharmacy_Application_Test_Automation_Test_Suite-class-failed -->
          <div class="suite-CVS_Pharmacy_Application_Test_Automation_Test_Suite-class-skipped">
            <div class="main-panel-header rounded-window-top">
              <img src="skipped.png"/>
              <span class="class-name">com.cvs.qa.testcases.SignUp4DealTest</span>
            </div> <!-- main-panel-header rounded-window-top -->
            <div class="main-panel-content rounded-window-bottom">
              <div class="method">
                <div class="method-content">
                  <a name="verifyPageTitleTest">
                  </a> <!-- verifyPageTitleTest -->
                  <span class="method-name">verifyPageTitleTest</span>
                  <div class="stack-trace">org.openqa.selenium.NoSuchElementException: no such element: Unable to locate element: {&quot;method&quot;:&quot;xpath&quot;,&quot;selector&quot;:&quot;//*[contains(text(),&apos;Sign up for email&apos;)]&quot;}
  (Session info: chrome=71.0.3578.98)
  (Driver info: chromedriver=2.42.591088 (7b2b2dca23cca0862f674758c9a3933e685c27d5),platform=Windows NT 10.0.17134 x86_64) (WARNING: The server did not provide any stacktrace information)
Command duration or timeout: 0 milliseconds
For documentation on this error, please visit: http://seleniumhq.org/exceptions/no_such_element.html
Build info: version: &apos;3.14.0&apos;, revision: &apos;aacccce0&apos;, time: &apos;2018-08-02T20:19:58.91Z&apos;
System info: host: &apos;DESKTOP-JEV6767&apos;, ip: &apos;192.168.1.7&apos;, os.name: &apos;Windows 10&apos;, os.arch: &apos;amd64&apos;, os.version: &apos;10.0&apos;, java.version: &apos;1.8.0_171&apos;
Driver info: org.openqa.selenium.chrome.ChromeDriver
Capabilities {acceptInsecureCerts: false, acceptSslCerts: false, applicationCacheEnabled: false, browserConnectionEnabled: false, browserName: chrome, chrome: {chromedriverVersion: 2.42.591088 (7b2b2dca23cca0..., userDataDir: C:\Users\JAVALE~1\AppData\L...}, cssSelectorsEnabled: true, databaseEnabled: false, goog:chromeOptions: {debuggerAddress: localhost:61738}, handlesAlerts: true, hasTouchScreen: false, javascriptEnabled: true, locationContextEnabled: true, mobileEmulationEnabled: false, nativeEvents: true, networkConnectionEnabled: false, pageLoadStrategy: normal, platform: XP, platformName: XP, rotatable: false, setWindowRect: true, takesHeapSnapshot: true, takesScreenshot: true, unexpectedAlertBehaviour: , unhandledPromptBehavior: , version: 71.0.3578.98, webStorageEnabled: true}
Session ID: 2b59b685c120ec90121beeccdff2fc76
*** Element info: {Using=xpath, value=//*[contains(text(),&apos;Sign up for email&apos;)]}
	at org.openqa.selenium.remote.ErrorHandler.createThrowable(ErrorHandler.java:214)
	at org.openqa.selenium.remote.ErrorHandler.throwIfResponseFailed(ErrorHandler.java:166)
	at org.openqa.selenium.remote.http.JsonHttpResponseCodec.reconstructValue(JsonHttpResponseCodec.java:40)
	at org.openqa.selenium.remote.http.AbstractHttpResponseCodec.decode(AbstractHttpResponseCodec.java:80)
	at org.openqa.selenium.remote.http.AbstractHttpResponseCodec.decode(AbstractHttpResponseCodec.java:44)
	at org.openqa.selenium.remote.HttpCommandExecutor.execute(HttpCommandExecutor.java:158)
	at org.openqa.selenium.remote.service.DriverCommandExecutor.execute(DriverCommandExecutor.java:83)
	at org.openqa.selenium.remote.RemoteWebDriver.execute(RemoteWebDriver.java:548)
	at org.openqa.selenium.remote.RemoteWebDriver.findElement(RemoteWebDriver.java:322)
	at org.openqa.selenium.remote.RemoteWebDriver.findElementByXPath(RemoteWebDriver.java:424)
	at org.openqa.selenium.By$ByXPath.findElement(By.java:353)
	at org.openqa.selenium.remote.RemoteWebDriver.findElement(RemoteWebDriver.java:314)
	at org.openqa.selenium.support.events.EventFiringWebDriver.lambda$new$1(EventFiringWebDriver.java:105)
	at com.sun.proxy.$Proxy7.findElement(Unknown Source)
	at org.openqa.selenium.support.events.EventFiringWebDriver.findElement(EventFiringWebDriver.java:194)
	at org.openqa.selenium.support.pagefactory.DefaultElementLocator.findElement(DefaultElementLocator.java:69)
	at org.openqa.selenium.support.pagefactory.internal.LocatingElementHandler.invoke(LocatingElementHandler.java:38)
	at com.sun.proxy.$Proxy11.click(Unknown Source)
	at com.cvs.qa.pages.SignUpPage4Savings.verifySignUpDealpageTitle(SignUpPage4Savings.java:71)
	at com.cvs.qa.testcases.SignUp4DealTest.verifyPageTitleTest(SignUp4DealTest.java:39)
... Removed 35 stack frames
</div> <!-- stack-trace -->
                </div> <!-- method-content -->
              </div> <!-- method -->
              <div class="method">
                <div class="method-content">
                  <a name="verifyPageTitleTest">
                  </a> <!-- verifyPageTitleTest -->
                  <span class="method-name">verifyPageTitleTest</span>
                  <div class="stack-trace">java.lang.AssertionError: expected [CVS Pharmacy Email] but found [CVS ExtraCare | ExtraBucks Rewards | Get Manufacturer Coupons]
	at com.cvs.qa.testcases.SignUp4DealTest.verifyPageTitleTest(SignUp4DealTest.java:40)
... Removed 34 stack frames
</div> <!-- stack-trace -->
                </div> <!-- method-content -->
              </div> <!-- method -->
              <div class="method">
                <div class="method-content">
                  <a name="verifyPageTitleTest">
                  </a> <!-- verifyPageTitleTest -->
                  <span class="method-name">verifyPageTitleTest</span>
                  <div class="stack-trace">java.lang.AssertionError: expected [CVS Pharmacy Email] but found [CVS ExtraCare | ExtraBucks Rewards | Get Manufacturer Coupons]
	at com.cvs.qa.testcases.SignUp4DealTest.verifyPageTitleTest(SignUp4DealTest.java:40)
... Removed 34 stack frames
</div> <!-- stack-trace -->
                </div> <!-- method-content -->
              </div> <!-- method -->
              <div class="method">
                <div class="method-content">
                  <a name="verifySignU4DealsExcelDataTest(nishat0598@gmail.com, nishat0598@gmail.com, 123456, Nishat, Chowdhury, 48212, 01291995, 3035, Hollyw...)">
                  </a> <!-- verifySignU4DealsExcelDataTest(nishat0598@gmail.com, nishat0598@gmail.com, 123456, Nishat, Chowdhury, 48212, 01291995, 3035, Hollyw...) -->
                  <span class="method-name">verifySignU4DealsExcelDataTest</span>
                  <span class="parameters">(nishat0598@gmail.com, nishat0598@gmail.com, 123456, Nishat, Chowdhury, 48212, 01291995, 3035, Hollywood Blvd, Manhattan, VA, 48212)</span>
                  <div class="stack-trace">org.openqa.selenium.NoSuchElementException: no such element: Unable to locate element: {&quot;method&quot;:&quot;xpath&quot;,&quot;selector&quot;:&quot;//input[@name=&apos;EMAILADDRESS_&apos;]&quot;}
  (Session info: chrome=71.0.3578.98)
  (Driver info: chromedriver=2.42.591088 (7b2b2dca23cca0862f674758c9a3933e685c27d5),platform=Windows NT 10.0.17134 x86_64) (WARNING: The server did not provide any stacktrace information)
Command duration or timeout: 0 milliseconds
For documentation on this error, please visit: http://seleniumhq.org/exceptions/no_such_element.html
Build info: version: &apos;3.14.0&apos;, revision: &apos;aacccce0&apos;, time: &apos;2018-08-02T20:19:58.91Z&apos;
System info: host: &apos;DESKTOP-JEV6767&apos;, ip: &apos;192.168.1.7&apos;, os.name: &apos;Windows 10&apos;, os.arch: &apos;amd64&apos;, os.version: &apos;10.0&apos;, java.version: &apos;1.8.0_171&apos;
Driver info: org.openqa.selenium.chrome.ChromeDriver
Capabilities {acceptInsecureCerts: false, acceptSslCerts: false, applicationCacheEnabled: false, browserConnectionEnabled: false, browserName: chrome, chrome: {chromedriverVersion: 2.42.591088 (7b2b2dca23cca0..., userDataDir: C:\Users\JAVALE~1\AppData\L...}, cssSelectorsEnabled: true, databaseEnabled: false, goog:chromeOptions: {debuggerAddress: localhost:62490}, handlesAlerts: true, hasTouchScreen: false, javascriptEnabled: true, locationContextEnabled: true, mobileEmulationEnabled: false, nativeEvents: true, networkConnectionEnabled: false, pageLoadStrategy: normal, platform: XP, platformName: XP, rotatable: false, setWindowRect: true, takesHeapSnapshot: true, takesScreenshot: true, unexpectedAlertBehaviour: , unhandledPromptBehavior: , version: 71.0.3578.98, webStorageEnabled: true}
Session ID: dc85cd9985d0a28582f50ea8586f0008
*** Element info: {Using=xpath, value=//input[@name=&apos;EMAILADDRESS_&apos;]}
	at org.openqa.selenium.remote.ErrorHandler.createThrowable(ErrorHandler.java:214)
	at org.openqa.selenium.remote.ErrorHandler.throwIfResponseFailed(ErrorHandler.java:166)
	at org.openqa.selenium.remote.http.JsonHttpResponseCodec.reconstructValue(JsonHttpResponseCodec.java:40)
	at org.openqa.selenium.remote.http.AbstractHttpResponseCodec.decode(AbstractHttpResponseCodec.java:80)
	at org.openqa.selenium.remote.http.AbstractHttpResponseCodec.decode(AbstractHttpResponseCodec.java:44)
	at org.openqa.selenium.remote.HttpCommandExecutor.execute(HttpCommandExecutor.java:158)
	at org.openqa.selenium.remote.service.DriverCommandExecutor.execute(DriverCommandExecutor.java:83)
	at org.openqa.selenium.remote.RemoteWebDriver.execute(RemoteWebDriver.java:548)
	at org.openqa.selenium.remote.RemoteWebDriver.findElement(RemoteWebDriver.java:322)
	at org.openqa.selenium.remote.RemoteWebDriver.findElementByXPath(RemoteWebDriver.java:424)
	at org.openqa.selenium.By$ByXPath.findElement(By.java:353)
	at org.openqa.selenium.remote.RemoteWebDriver.findElement(RemoteWebDriver.java:314)
	at org.openqa.selenium.support.events.EventFiringWebDriver.lambda$new$1(EventFiringWebDriver.java:105)
	at com.sun.proxy.$Proxy7.findElement(Unknown Source)
	at org.openqa.selenium.support.events.EventFiringWebDriver.findElement(EventFiringWebDriver.java:194)
	at org.openqa.selenium.support.pagefactory.DefaultElementLocator.findElement(DefaultElementLocator.java:69)
	at org.openqa.selenium.support.pagefactory.internal.LocatingElementHandler.invoke(LocatingElementHandler.java:38)
	at com.sun.proxy.$Proxy11.sendKeys(Unknown Source)
	at com.cvs.qa.pages.SignUpPage4Savings.verifySignUp(SignUpPage4Savings.java:84)
	at com.cvs.qa.testcases.SignUp4DealTest.verifySignU4DealsExcelDataTest(SignUp4DealTest.java:56)
... Removed 35 stack frames
</div> <!-- stack-trace -->
                </div> <!-- method-content -->
              </div> <!-- method -->
            </div> <!-- main-panel-content rounded-window-bottom -->
          </div> <!-- suite-CVS_Pharmacy_Application_Test_Automation_Test_Suite-class-skipped -->
          <div class="suite-CVS_Pharmacy_Application_Test_Automation_Test_Suite-class-skipped">
            <div class="main-panel-header rounded-window-top">
              <img src="skipped.png"/>
              <span class="class-name">com.cvs.qa.testcases.ExtraCareTest</span>
            </div> <!-- main-panel-header rounded-window-top -->
            <div class="main-panel-content rounded-window-bottom">
              <div class="method">
                <div class="method-content">
                  <a name="verifyExtraCareSignInTest">
                  </a> <!-- verifyExtraCareSignInTest -->
                  <span class="method-name">verifyExtraCareSignInTest</span>
                  <div class="stack-trace">org.openqa.selenium.NoSuchElementException: no such element: Unable to locate element: {&quot;method&quot;:&quot;xpath&quot;,&quot;selector&quot;:&quot;//li//p[text()=&quot;Welcome abdur!&quot;]&quot;}
  (Session info: chrome=71.0.3578.98)
  (Driver info: chromedriver=2.42.591088 (7b2b2dca23cca0862f674758c9a3933e685c27d5),platform=Windows NT 10.0.17134 x86_64) (WARNING: The server did not provide any stacktrace information)
Command duration or timeout: 0 milliseconds
For documentation on this error, please visit: http://seleniumhq.org/exceptions/no_such_element.html
Build info: version: &apos;3.14.0&apos;, revision: &apos;aacccce0&apos;, time: &apos;2018-08-02T20:19:58.91Z&apos;
System info: host: &apos;DESKTOP-JEV6767&apos;, ip: &apos;192.168.1.7&apos;, os.name: &apos;Windows 10&apos;, os.arch: &apos;amd64&apos;, os.version: &apos;10.0&apos;, java.version: &apos;1.8.0_171&apos;
Driver info: org.openqa.selenium.chrome.ChromeDriver
Capabilities {acceptInsecureCerts: false, acceptSslCerts: false, applicationCacheEnabled: false, browserConnectionEnabled: false, browserName: chrome, chrome: {chromedriverVersion: 2.42.591088 (7b2b2dca23cca0..., userDataDir: C:\Users\JAVALE~1\AppData\L...}, cssSelectorsEnabled: true, databaseEnabled: false, goog:chromeOptions: {debuggerAddress: localhost:60329}, handlesAlerts: true, hasTouchScreen: false, javascriptEnabled: true, locationContextEnabled: true, mobileEmulationEnabled: false, nativeEvents: true, networkConnectionEnabled: false, pageLoadStrategy: normal, platform: XP, platformName: XP, rotatable: false, setWindowRect: true, takesHeapSnapshot: true, takesScreenshot: true, unexpectedAlertBehaviour: , unhandledPromptBehavior: , version: 71.0.3578.98, webStorageEnabled: true}
Session ID: c0abcfc49514f2fb0fe86623792e33e2
*** Element info: {Using=xpath, value=//li//p[text()=&quot;Welcome abdur!&quot;]}
	at org.openqa.selenium.remote.ErrorHandler.createThrowable(ErrorHandler.java:214)
	at org.openqa.selenium.remote.ErrorHandler.throwIfResponseFailed(ErrorHandler.java:166)
	at org.openqa.selenium.remote.http.JsonHttpResponseCodec.reconstructValue(JsonHttpResponseCodec.java:40)
	at org.openqa.selenium.remote.http.AbstractHttpResponseCodec.decode(AbstractHttpResponseCodec.java:80)
	at org.openqa.selenium.remote.http.AbstractHttpResponseCodec.decode(AbstractHttpResponseCodec.java:44)
	at org.openqa.selenium.remote.HttpCommandExecutor.execute(HttpCommandExecutor.java:158)
	at org.openqa.selenium.remote.service.DriverCommandExecutor.execute(DriverCommandExecutor.java:83)
	at org.openqa.selenium.remote.RemoteWebDriver.execute(RemoteWebDriver.java:548)
	at org.openqa.selenium.remote.RemoteWebDriver.findElement(RemoteWebDriver.java:322)
	at org.openqa.selenium.remote.RemoteWebDriver.findElementByXPath(RemoteWebDriver.java:424)
	at org.openqa.selenium.By$ByXPath.findElement(By.java:353)
	at org.openqa.selenium.remote.RemoteWebDriver.findElement(RemoteWebDriver.java:314)
	at org.openqa.selenium.support.events.EventFiringWebDriver.lambda$new$1(EventFiringWebDriver.java:105)
	at com.sun.proxy.$Proxy7.findElement(Unknown Source)
	at org.openqa.selenium.support.events.EventFiringWebDriver.findElement(EventFiringWebDriver.java:194)
	at org.openqa.selenium.support.pagefactory.DefaultElementLocator.findElement(DefaultElementLocator.java:69)
	at org.openqa.selenium.support.pagefactory.internal.LocatingElementHandler.invoke(LocatingElementHandler.java:38)
	at com.sun.proxy.$Proxy11.getText(Unknown Source)
	at com.cvs.qa.pages.ExtraCare.verifyExtraCareSignInName(ExtraCare.java:62)
	at com.cvs.qa.testcases.ExtraCareTest.verifyExtraCareSignInTest(ExtraCareTest.java:39)
... Removed 35 stack frames
</div> <!-- stack-trace -->
                </div> <!-- method-content -->
              </div> <!-- method -->
              <div class="method">
                <div class="method-content">
                  <a name="verifyExtraCareSignInTest">
                  </a> <!-- verifyExtraCareSignInTest -->
                  <span class="method-name">verifyExtraCareSignInTest</span>
                  <div class="stack-trace">org.openqa.selenium.NoSuchElementException: no such element: Unable to locate element: {&quot;method&quot;:&quot;xpath&quot;,&quot;selector&quot;:&quot;//li//p[text()=&quot;Welcome abdur!&quot;]&quot;}
  (Session info: chrome=71.0.3578.98)
  (Driver info: chromedriver=2.42.591088 (7b2b2dca23cca0862f674758c9a3933e685c27d5),platform=Windows NT 10.0.17134 x86_64) (WARNING: The server did not provide any stacktrace information)
Command duration or timeout: 0 milliseconds
For documentation on this error, please visit: http://seleniumhq.org/exceptions/no_such_element.html
Build info: version: &apos;3.14.0&apos;, revision: &apos;aacccce0&apos;, time: &apos;2018-08-02T20:19:58.91Z&apos;
System info: host: &apos;DESKTOP-JEV6767&apos;, ip: &apos;192.168.1.7&apos;, os.name: &apos;Windows 10&apos;, os.arch: &apos;amd64&apos;, os.version: &apos;10.0&apos;, java.version: &apos;1.8.0_171&apos;
Driver info: org.openqa.selenium.chrome.ChromeDriver
Capabilities {acceptInsecureCerts: false, acceptSslCerts: false, applicationCacheEnabled: false, browserConnectionEnabled: false, browserName: chrome, chrome: {chromedriverVersion: 2.42.591088 (7b2b2dca23cca0..., userDataDir: C:\Users\JAVALE~1\AppData\L...}, cssSelectorsEnabled: true, databaseEnabled: false, goog:chromeOptions: {debuggerAddress: localhost:60274}, handlesAlerts: true, hasTouchScreen: false, javascriptEnabled: true, locationContextEnabled: true, mobileEmulationEnabled: false, nativeEvents: true, networkConnectionEnabled: false, pageLoadStrategy: normal, platform: XP, platformName: XP, rotatable: false, setWindowRect: true, takesHeapSnapshot: true, takesScreenshot: true, unexpectedAlertBehaviour: , unhandledPromptBehavior: , version: 71.0.3578.98, webStorageEnabled: true}
Session ID: 891734ce68dba6f44b62bd2c20981684
*** Element info: {Using=xpath, value=//li//p[text()=&quot;Welcome abdur!&quot;]}
	at org.openqa.selenium.remote.ErrorHandler.createThrowable(ErrorHandler.java:214)
	at org.openqa.selenium.remote.ErrorHandler.throwIfResponseFailed(ErrorHandler.java:166)
	at org.openqa.selenium.remote.http.JsonHttpResponseCodec.reconstructValue(JsonHttpResponseCodec.java:40)
	at org.openqa.selenium.remote.http.AbstractHttpResponseCodec.decode(AbstractHttpResponseCodec.java:80)
	at org.openqa.selenium.remote.http.AbstractHttpResponseCodec.decode(AbstractHttpResponseCodec.java:44)
	at org.openqa.selenium.remote.HttpCommandExecutor.execute(HttpCommandExecutor.java:158)
	at org.openqa.selenium.remote.service.DriverCommandExecutor.execute(DriverCommandExecutor.java:83)
	at org.openqa.selenium.remote.RemoteWebDriver.execute(RemoteWebDriver.java:548)
	at org.openqa.selenium.remote.RemoteWebDriver.findElement(RemoteWebDriver.java:322)
	at org.openqa.selenium.remote.RemoteWebDriver.findElementByXPath(RemoteWebDriver.java:424)
	at org.openqa.selenium.By$ByXPath.findElement(By.java:353)
	at org.openqa.selenium.remote.RemoteWebDriver.findElement(RemoteWebDriver.java:314)
	at org.openqa.selenium.support.events.EventFiringWebDriver.lambda$new$1(EventFiringWebDriver.java:105)
	at com.sun.proxy.$Proxy7.findElement(Unknown Source)
	at org.openqa.selenium.support.events.EventFiringWebDriver.findElement(EventFiringWebDriver.java:194)
	at org.openqa.selenium.support.pagefactory.DefaultElementLocator.findElement(DefaultElementLocator.java:69)
	at org.openqa.selenium.support.pagefactory.internal.LocatingElementHandler.invoke(LocatingElementHandler.java:38)
	at com.sun.proxy.$Proxy11.getText(Unknown Source)
	at com.cvs.qa.pages.ExtraCare.verifyExtraCareSignInName(ExtraCare.java:62)
	at com.cvs.qa.testcases.ExtraCareTest.verifyExtraCareSignInTest(ExtraCareTest.java:39)
... Removed 35 stack frames
</div> <!-- stack-trace -->
                </div> <!-- method-content -->
              </div> <!-- method -->
              <div class="method">
                <div class="method-content">
                  <a name="verifyExtraCareSignInTest">
                  </a> <!-- verifyExtraCareSignInTest -->
                  <span class="method-name">verifyExtraCareSignInTest</span>
                  <div class="stack-trace">org.openqa.selenium.NoSuchElementException: no such element: Unable to locate element: {&quot;method&quot;:&quot;xpath&quot;,&quot;selector&quot;:&quot;//li//p[text()=&quot;Welcome abdur!&quot;]&quot;}
  (Session info: chrome=71.0.3578.98)
  (Driver info: chromedriver=2.42.591088 (7b2b2dca23cca0862f674758c9a3933e685c27d5),platform=Windows NT 10.0.17134 x86_64) (WARNING: The server did not provide any stacktrace information)
Command duration or timeout: 0 milliseconds
For documentation on this error, please visit: http://seleniumhq.org/exceptions/no_such_element.html
Build info: version: &apos;3.14.0&apos;, revision: &apos;aacccce0&apos;, time: &apos;2018-08-02T20:19:58.91Z&apos;
System info: host: &apos;DESKTOP-JEV6767&apos;, ip: &apos;192.168.1.7&apos;, os.name: &apos;Windows 10&apos;, os.arch: &apos;amd64&apos;, os.version: &apos;10.0&apos;, java.version: &apos;1.8.0_171&apos;
Driver info: org.openqa.selenium.chrome.ChromeDriver
Capabilities {acceptInsecureCerts: false, acceptSslCerts: false, applicationCacheEnabled: false, browserConnectionEnabled: false, browserName: chrome, chrome: {chromedriverVersion: 2.42.591088 (7b2b2dca23cca0..., userDataDir: C:\Users\JAVALE~1\AppData\L...}, cssSelectorsEnabled: true, databaseEnabled: false, goog:chromeOptions: {debuggerAddress: localhost:60216}, handlesAlerts: true, hasTouchScreen: false, javascriptEnabled: true, locationContextEnabled: true, mobileEmulationEnabled: false, nativeEvents: true, networkConnectionEnabled: false, pageLoadStrategy: normal, platform: XP, platformName: XP, rotatable: false, setWindowRect: true, takesHeapSnapshot: true, takesScreenshot: true, unexpectedAlertBehaviour: , unhandledPromptBehavior: , version: 71.0.3578.98, webStorageEnabled: true}
Session ID: 75d84367a47ca6ef0da9d753c2f36bab
*** Element info: {Using=xpath, value=//li//p[text()=&quot;Welcome abdur!&quot;]}
	at org.openqa.selenium.remote.ErrorHandler.createThrowable(ErrorHandler.java:214)
	at org.openqa.selenium.remote.ErrorHandler.throwIfResponseFailed(ErrorHandler.java:166)
	at org.openqa.selenium.remote.http.JsonHttpResponseCodec.reconstructValue(JsonHttpResponseCodec.java:40)
	at org.openqa.selenium.remote.http.AbstractHttpResponseCodec.decode(AbstractHttpResponseCodec.java:80)
	at org.openqa.selenium.remote.http.AbstractHttpResponseCodec.decode(AbstractHttpResponseCodec.java:44)
	at org.openqa.selenium.remote.HttpCommandExecutor.execute(HttpCommandExecutor.java:158)
	at org.openqa.selenium.remote.service.DriverCommandExecutor.execute(DriverCommandExecutor.java:83)
	at org.openqa.selenium.remote.RemoteWebDriver.execute(RemoteWebDriver.java:548)
	at org.openqa.selenium.remote.RemoteWebDriver.findElement(RemoteWebDriver.java:322)
	at org.openqa.selenium.remote.RemoteWebDriver.findElementByXPath(RemoteWebDriver.java:424)
	at org.openqa.selenium.By$ByXPath.findElement(By.java:353)
	at org.openqa.selenium.remote.RemoteWebDriver.findElement(RemoteWebDriver.java:314)
	at org.openqa.selenium.support.events.EventFiringWebDriver.lambda$new$1(EventFiringWebDriver.java:105)
	at com.sun.proxy.$Proxy7.findElement(Unknown Source)
	at org.openqa.selenium.support.events.EventFiringWebDriver.findElement(EventFiringWebDriver.java:194)
	at org.openqa.selenium.support.pagefactory.DefaultElementLocator.findElement(DefaultElementLocator.java:69)
	at org.openqa.selenium.support.pagefactory.internal.LocatingElementHandler.invoke(LocatingElementHandler.java:38)
	at com.sun.proxy.$Proxy11.getText(Unknown Source)
	at com.cvs.qa.pages.ExtraCare.verifyExtraCareSignInName(ExtraCare.java:62)
	at com.cvs.qa.testcases.ExtraCareTest.verifyExtraCareSignInTest(ExtraCareTest.java:39)
... Removed 35 stack frames
</div> <!-- stack-trace -->
                </div> <!-- method-content -->
              </div> <!-- method -->
            </div> <!-- main-panel-content rounded-window-bottom -->
          </div> <!-- suite-CVS_Pharmacy_Application_Test_Automation_Test_Suite-class-skipped -->
          <div class="suite-CVS_Pharmacy_Application_Test_Automation_Test_Suite-class-skipped">
            <div class="main-panel-header rounded-window-top">
              <img src="skipped.png"/>
              <span class="class-name">com.cvs.qa.testcases.MinuteClinicTest</span>
            </div> <!-- main-panel-header rounded-window-top -->
            <div class="main-panel-content rounded-window-bottom">
              <div class="method">
                <div class="method-content">
                  <a name="verifyClinicLocatorPageTitleTest">
                  </a> <!-- verifyClinicLocatorPageTitleTest -->
                  <span class="method-name">verifyClinicLocatorPageTitleTest</span>
                  <div class="stack-trace">org.openqa.selenium.WebDriverException: unknown error: cannot focus element
  (Session info: chrome=71.0.3578.98)
  (Driver info: chromedriver=2.42.591088 (7b2b2dca23cca0862f674758c9a3933e685c27d5),platform=Windows NT 10.0.17134 x86_64) (WARNING: The server did not provide any stacktrace information)
Command duration or timeout: 0 milliseconds
Build info: version: &apos;3.14.0&apos;, revision: &apos;aacccce0&apos;, time: &apos;2018-08-02T20:19:58.91Z&apos;
System info: host: &apos;DESKTOP-JEV6767&apos;, ip: &apos;192.168.1.7&apos;, os.name: &apos;Windows 10&apos;, os.arch: &apos;amd64&apos;, os.version: &apos;10.0&apos;, java.version: &apos;1.8.0_171&apos;
Driver info: org.openqa.selenium.chrome.ChromeDriver
Capabilities {acceptInsecureCerts: false, acceptSslCerts: false, applicationCacheEnabled: false, browserConnectionEnabled: false, browserName: chrome, chrome: {chromedriverVersion: 2.42.591088 (7b2b2dca23cca0..., userDataDir: C:\Users\JAVALE~1\AppData\L...}, cssSelectorsEnabled: true, databaseEnabled: false, goog:chromeOptions: {debuggerAddress: localhost:59203}, handlesAlerts: true, hasTouchScreen: false, javascriptEnabled: true, locationContextEnabled: true, mobileEmulationEnabled: false, nativeEvents: true, networkConnectionEnabled: false, pageLoadStrategy: normal, platform: XP, platformName: XP, rotatable: false, setWindowRect: true, takesHeapSnapshot: true, takesScreenshot: true, unexpectedAlertBehaviour: , unhandledPromptBehavior: , version: 71.0.3578.98, webStorageEnabled: true}
Session ID: 2aa0319c0d039fa07e328f093443b35b
	at org.openqa.selenium.remote.ErrorHandler.createThrowable(ErrorHandler.java:214)
	at org.openqa.selenium.remote.ErrorHandler.throwIfResponseFailed(ErrorHandler.java:166)
	at org.openqa.selenium.remote.http.JsonHttpResponseCodec.reconstructValue(JsonHttpResponseCodec.java:40)
	at org.openqa.selenium.remote.http.AbstractHttpResponseCodec.decode(AbstractHttpResponseCodec.java:80)
	at org.openqa.selenium.remote.http.AbstractHttpResponseCodec.decode(AbstractHttpResponseCodec.java:44)
	at org.openqa.selenium.remote.HttpCommandExecutor.execute(HttpCommandExecutor.java:158)
	at org.openqa.selenium.remote.service.DriverCommandExecutor.execute(DriverCommandExecutor.java:83)
	at org.openqa.selenium.remote.RemoteWebDriver.execute(RemoteWebDriver.java:548)
	at org.openqa.selenium.remote.RemoteWebElement.execute(RemoteWebElement.java:276)
	at org.openqa.selenium.remote.RemoteWebElement.sendKeys(RemoteWebElement.java:100)
	at org.openqa.selenium.support.events.EventFiringWebDriver$EventFiringWebElement.lambda$new$0(EventFiringWebDriver.java:403)
	at com.sun.proxy.$Proxy12.sendKeys(Unknown Source)
	at org.openqa.selenium.support.events.EventFiringWebDriver$EventFiringWebElement.sendKeys(EventFiringWebDriver.java:428)
	at org.openqa.selenium.support.pagefactory.internal.LocatingElementHandler.invoke(LocatingElementHandler.java:51)
	at com.sun.proxy.$Proxy11.sendKeys(Unknown Source)
	at com.cvs.qa.pages.MinuteClinic.verifyZipCodeLocater(MinuteClinic.java:34)
	at com.cvs.qa.testcases.MinuteClinicTest.verifyClinicLocatorPageTitleTest(MinuteClinicTest.java:63)
... Removed 38 stack frames
</div> <!-- stack-trace -->
                </div> <!-- method-content -->
              </div> <!-- method -->
              <div class="method">
                <div class="method-content">
                  <a name="verifyClinicLocatorPageTitleTest">
                  </a> <!-- verifyClinicLocatorPageTitleTest -->
                  <span class="method-name">verifyClinicLocatorPageTitleTest</span>
                  <div class="stack-trace">java.lang.AssertionError: expected [Walk In Clinic Locator | MinuteClinic - CVS.com] but found [MinuteClinic | CVS Walk In Clinics]
	at com.cvs.qa.testcases.MinuteClinicTest.verifyClinicLocatorPageTitleTest(MinuteClinicTest.java:68)
... Removed 34 stack frames
</div> <!-- stack-trace -->
                </div> <!-- method-content -->
              </div> <!-- method -->
              <div class="method">
                <div class="method-content">
                  <a name="verifyClinicLocatorPageTitleTest">
                  </a> <!-- verifyClinicLocatorPageTitleTest -->
                  <span class="method-name">verifyClinicLocatorPageTitleTest</span>
                  <div class="stack-trace">java.lang.AssertionError: expected [Walk In Clinic Locator | MinuteClinic - CVS.com] but found [MinuteClinic | CVS Walk In Clinics]
	at com.cvs.qa.testcases.MinuteClinicTest.verifyClinicLocatorPageTitleTest(MinuteClinicTest.java:68)
... Removed 34 stack frames
</div> <!-- stack-trace -->
                </div> <!-- method-content -->
              </div> <!-- method -->
            </div> <!-- main-panel-content rounded-window-bottom -->
          </div> <!-- suite-CVS_Pharmacy_Application_Test_Automation_Test_Suite-class-skipped -->
          <div class="suite-CVS_Pharmacy_Application_Test_Automation_Test_Suite-class-skipped">
            <div class="main-panel-header rounded-window-top">
              <img src="skipped.png"/>
              <span class="class-name">com.cvs.qa.testcases.PharmacyTest</span>
            </div> <!-- main-panel-header rounded-window-top -->
            <div class="main-panel-content rounded-window-bottom">
              <div class="method">
                <div class="method-content">
                  <a name="verifyTransferingRX2CVS">
                  </a> <!-- verifyTransferingRX2CVS -->
                  <span class="method-name">verifyTransferingRX2CVS</span>
                  <div class="stack-trace">org.testng.TestNGException: 
Parameter &apos;browser&apos; is required by BeforeMethod on method setUp but has not been marked @Optional or defined
in C:\Users\JavaLearner\Desktop\CvsPharmacyProject\CvsPharmacyTest\src\main\resources\testng.xml
... Removed 28 stack frames
</div> <!-- stack-trace -->
                </div> <!-- method-content -->
              </div> <!-- method -->
            </div> <!-- main-panel-content rounded-window-bottom -->
          </div> <!-- suite-CVS_Pharmacy_Application_Test_Automation_Test_Suite-class-skipped -->
          <div class="suite-CVS_Pharmacy_Application_Test_Automation_Test_Suite-class-skipped">
            <div class="main-panel-header rounded-window-top">
              <img src="skipped.png"/>
              <span class="class-name">com.cvs.qa.testcases.PhotoPageTest</span>
            </div> <!-- main-panel-header rounded-window-top -->
            <div class="main-panel-content rounded-window-bottom">
              <div class="method">
                <div class="method-content">
                  <a name="verifyPhotoPageHomeTitleTest">
                  </a> <!-- verifyPhotoPageHomeTitleTest -->
                  <span class="method-name">verifyPhotoPageHomeTitleTest</span>
                  <div class="stack-trace">java.lang.AssertionError: expected [Photo Printing Services | Print Photos Online | CVS Photo] but found [CVS Photo: Photo Prints | Passport Photos | Photo Cards | Photo Books]
	at com.cvs.qa.testcases.PhotoPageTest.verifyPhotoPageHomeTitleTest(PhotoPageTest.java:41)
... Removed 34 stack frames
</div> <!-- stack-trace -->
                </div> <!-- method-content -->
              </div> <!-- method -->
              <div class="method">
                <div class="method-content">
                  <a name="verifyPhotoPageHomeTitleTest">
                  </a> <!-- verifyPhotoPageHomeTitleTest -->
                  <span class="method-name">verifyPhotoPageHomeTitleTest</span>
                  <div class="stack-trace">java.lang.AssertionError: expected [Photo Printing Services | Print Photos Online | CVS Photo] but found [CVS Photo: Photo Prints | Passport Photos | Photo Cards | Photo Books]
	at com.cvs.qa.testcases.PhotoPageTest.verifyPhotoPageHomeTitleTest(PhotoPageTest.java:41)
... Removed 34 stack frames
</div> <!-- stack-trace -->
                </div> <!-- method-content -->
              </div> <!-- method -->
              <div class="method">
                <div class="method-content">
                  <a name="verifyPhotoPageHomeTitleTest">
                  </a> <!-- verifyPhotoPageHomeTitleTest -->
                  <span class="method-name">verifyPhotoPageHomeTitleTest</span>
                  <div class="stack-trace">java.lang.AssertionError: expected [Photo Printing Services | Print Photos Online | CVS Photo] but found [CVS Photo: Photo Prints | Passport Photos | Photo Cards | Photo Books]
	at com.cvs.qa.testcases.PhotoPageTest.verifyPhotoPageHomeTitleTest(PhotoPageTest.java:41)
... Removed 34 stack frames
</div> <!-- stack-trace -->
                </div> <!-- method-content -->
              </div> <!-- method -->
              <div class="method">
                <div class="method-content">
                  <a name="verifyPhotoUploadTest">
                  </a> <!-- verifyPhotoUploadTest -->
                  <span class="method-name">verifyPhotoUploadTest</span>
                  <div class="stack-trace">org.openqa.selenium.ElementNotVisibleException: element not interactable
  (Session info: chrome=71.0.3578.98)
  (Driver info: chromedriver=2.42.591088 (7b2b2dca23cca0862f674758c9a3933e685c27d5),platform=Windows NT 10.0.17134 x86_64) (WARNING: The server did not provide any stacktrace information)
Command duration or timeout: 0 milliseconds
Build info: version: &apos;3.14.0&apos;, revision: &apos;aacccce0&apos;, time: &apos;2018-08-02T20:19:58.91Z&apos;
System info: host: &apos;DESKTOP-JEV6767&apos;, ip: &apos;192.168.1.7&apos;, os.name: &apos;Windows 10&apos;, os.arch: &apos;amd64&apos;, os.version: &apos;10.0&apos;, java.version: &apos;1.8.0_171&apos;
Driver info: org.openqa.selenium.chrome.ChromeDriver
Capabilities {acceptInsecureCerts: false, acceptSslCerts: false, applicationCacheEnabled: false, browserConnectionEnabled: false, browserName: chrome, chrome: {chromedriverVersion: 2.42.591088 (7b2b2dca23cca0..., userDataDir: C:\Users\JAVALE~1\AppData\L...}, cssSelectorsEnabled: true, databaseEnabled: false, goog:chromeOptions: {debuggerAddress: localhost:60637}, handlesAlerts: true, hasTouchScreen: false, javascriptEnabled: true, locationContextEnabled: true, mobileEmulationEnabled: false, nativeEvents: true, networkConnectionEnabled: false, pageLoadStrategy: normal, platform: XP, platformName: XP, rotatable: false, setWindowRect: true, takesHeapSnapshot: true, takesScreenshot: true, unexpectedAlertBehaviour: , unhandledPromptBehavior: , version: 71.0.3578.98, webStorageEnabled: true}
Session ID: c867f226cadc241a92038bcee77a6a9f
	at org.openqa.selenium.remote.ErrorHandler.createThrowable(ErrorHandler.java:214)
	at org.openqa.selenium.remote.ErrorHandler.throwIfResponseFailed(ErrorHandler.java:166)
	at org.openqa.selenium.remote.http.JsonHttpResponseCodec.reconstructValue(JsonHttpResponseCodec.java:40)
	at org.openqa.selenium.remote.http.AbstractHttpResponseCodec.decode(AbstractHttpResponseCodec.java:80)
	at org.openqa.selenium.remote.http.AbstractHttpResponseCodec.decode(AbstractHttpResponseCodec.java:44)
	at org.openqa.selenium.remote.HttpCommandExecutor.execute(HttpCommandExecutor.java:158)
	at org.openqa.selenium.remote.service.DriverCommandExecutor.execute(DriverCommandExecutor.java:83)
	at org.openqa.selenium.remote.RemoteWebDriver.execute(RemoteWebDriver.java:548)
	at org.openqa.selenium.remote.RemoteWebElement.execute(RemoteWebElement.java:276)
	at org.openqa.selenium.remote.RemoteWebElement.click(RemoteWebElement.java:83)
	at org.openqa.selenium.support.events.EventFiringWebDriver$EventFiringWebElement.lambda$new$0(EventFiringWebDriver.java:403)
	at com.sun.proxy.$Proxy12.click(Unknown Source)
	at org.openqa.selenium.support.events.EventFiringWebDriver$EventFiringWebElement.click(EventFiringWebDriver.java:416)
	at org.openqa.selenium.support.pagefactory.internal.LocatingElementHandler.invoke(LocatingElementHandler.java:51)
	at com.sun.proxy.$Proxy11.click(Unknown Source)
	at com.cvs.qa.pages.Photo.uploadPhoto(Photo.java:86)
	at com.cvs.qa.testcases.PhotoPageTest.verifyPhotoUploadTest(PhotoPageTest.java:47)
... Removed 38 stack frames
</div> <!-- stack-trace -->
                </div> <!-- method-content -->
              </div> <!-- method -->
              <div class="method">
                <div class="method-content">
                  <a name="verifyPhotoUploadTest">
                  </a> <!-- verifyPhotoUploadTest -->
                  <span class="method-name">verifyPhotoUploadTest</span>
                  <div class="stack-trace">org.openqa.selenium.WebDriverException: unknown error: cannot focus element
  (Session info: chrome=71.0.3578.98)
  (Driver info: chromedriver=2.42.591088 (7b2b2dca23cca0862f674758c9a3933e685c27d5),platform=Windows NT 10.0.17134 x86_64) (WARNING: The server did not provide any stacktrace information)
Command duration or timeout: 0 milliseconds
Build info: version: &apos;3.14.0&apos;, revision: &apos;aacccce0&apos;, time: &apos;2018-08-02T20:19:58.91Z&apos;
System info: host: &apos;DESKTOP-JEV6767&apos;, ip: &apos;192.168.1.7&apos;, os.name: &apos;Windows 10&apos;, os.arch: &apos;amd64&apos;, os.version: &apos;10.0&apos;, java.version: &apos;1.8.0_171&apos;
Driver info: org.openqa.selenium.chrome.ChromeDriver
Capabilities {acceptInsecureCerts: false, acceptSslCerts: false, applicationCacheEnabled: false, browserConnectionEnabled: false, browserName: chrome, chrome: {chromedriverVersion: 2.42.591088 (7b2b2dca23cca0..., userDataDir: C:\Users\JAVALE~1\AppData\L...}, cssSelectorsEnabled: true, databaseEnabled: false, goog:chromeOptions: {debuggerAddress: localhost:60707}, handlesAlerts: true, hasTouchScreen: false, javascriptEnabled: true, locationContextEnabled: true, mobileEmulationEnabled: false, nativeEvents: true, networkConnectionEnabled: false, pageLoadStrategy: normal, platform: XP, platformName: XP, rotatable: false, setWindowRect: true, takesHeapSnapshot: true, takesScreenshot: true, unexpectedAlertBehaviour: , unhandledPromptBehavior: , version: 71.0.3578.98, webStorageEnabled: true}
Session ID: dcd47b72c7ef46fbaaf032e98cd61c06
	at org.openqa.selenium.remote.ErrorHandler.createThrowable(ErrorHandler.java:214)
	at org.openqa.selenium.remote.ErrorHandler.throwIfResponseFailed(ErrorHandler.java:166)
	at org.openqa.selenium.remote.http.JsonHttpResponseCodec.reconstructValue(JsonHttpResponseCodec.java:40)
	at org.openqa.selenium.remote.http.AbstractHttpResponseCodec.decode(AbstractHttpResponseCodec.java:80)
	at org.openqa.selenium.remote.http.AbstractHttpResponseCodec.decode(AbstractHttpResponseCodec.java:44)
	at org.openqa.selenium.remote.HttpCommandExecutor.execute(HttpCommandExecutor.java:158)
	at org.openqa.selenium.remote.service.DriverCommandExecutor.execute(DriverCommandExecutor.java:83)
	at org.openqa.selenium.remote.RemoteWebDriver.execute(RemoteWebDriver.java:548)
	at org.openqa.selenium.remote.RemoteWebElement.execute(RemoteWebElement.java:276)
	at org.openqa.selenium.remote.RemoteWebElement.sendKeys(RemoteWebElement.java:100)
	at org.openqa.selenium.support.events.EventFiringWebDriver$EventFiringWebElement.lambda$new$0(EventFiringWebDriver.java:403)
	at com.sun.proxy.$Proxy12.sendKeys(Unknown Source)
	at org.openqa.selenium.support.events.EventFiringWebDriver$EventFiringWebElement.sendKeys(EventFiringWebDriver.java:428)
	at org.openqa.selenium.support.pagefactory.internal.LocatingElementHandler.invoke(LocatingElementHandler.java:51)
	at com.sun.proxy.$Proxy11.sendKeys(Unknown Source)
	at com.cvs.qa.pages.Photo.verifyPhotoLinkHomePageTitle(Photo.java:76)
	at com.cvs.qa.testcases.PhotoPageTest.verifyPhotoUploadTest(PhotoPageTest.java:46)
... Removed 38 stack frames
</div> <!-- stack-trace -->
                </div> <!-- method-content -->
              </div> <!-- method -->
              <div class="method">
                <div class="method-content">
                  <a name="verifyPhotoUploadTest">
                  </a> <!-- verifyPhotoUploadTest -->
                  <span class="method-name">verifyPhotoUploadTest</span>
                  <div class="stack-trace">org.openqa.selenium.WebDriverException: unknown error: Element &lt;a omniture-data-id=&quot;HOME_PAGE_ADD_PHOTOS&quot; class=&quot;homepage-pill-button gwb-p &quot; id=&quot;photoOrg-addPhotos-qmp-btn&quot; href=&quot;javascript:store.library.addPhotos.init(&apos;#photoOrg-addPhotos-qmp-btn&apos;,&apos;dropdown&apos;);&quot;&gt;...&lt;/a&gt; is not clickable at point (276, 364). Other element would receive the click: &lt;div class=&quot;acsModalBackdrop acsAbandonButton&quot; data-isbackdrop=&quot;true&quot;&gt;...&lt;/div&gt;
  (Session info: chrome=71.0.3578.98)
  (Driver info: chromedriver=2.42.591088 (7b2b2dca23cca0862f674758c9a3933e685c27d5),platform=Windows NT 10.0.17134 x86_64) (WARNING: The server did not provide any stacktrace information)
Command duration or timeout: 0 milliseconds
Build info: version: &apos;3.14.0&apos;, revision: &apos;aacccce0&apos;, time: &apos;2018-08-02T20:19:58.91Z&apos;
System info: host: &apos;DESKTOP-JEV6767&apos;, ip: &apos;192.168.1.7&apos;, os.name: &apos;Windows 10&apos;, os.arch: &apos;amd64&apos;, os.version: &apos;10.0&apos;, java.version: &apos;1.8.0_171&apos;
Driver info: org.openqa.selenium.chrome.ChromeDriver
Capabilities {acceptInsecureCerts: false, acceptSslCerts: false, applicationCacheEnabled: false, browserConnectionEnabled: false, browserName: chrome, chrome: {chromedriverVersion: 2.42.591088 (7b2b2dca23cca0..., userDataDir: C:\Users\JAVALE~1\AppData\L...}, cssSelectorsEnabled: true, databaseEnabled: false, goog:chromeOptions: {debuggerAddress: localhost:60776}, handlesAlerts: true, hasTouchScreen: false, javascriptEnabled: true, locationContextEnabled: true, mobileEmulationEnabled: false, nativeEvents: true, networkConnectionEnabled: false, pageLoadStrategy: normal, platform: XP, platformName: XP, rotatable: false, setWindowRect: true, takesHeapSnapshot: true, takesScreenshot: true, unexpectedAlertBehaviour: , unhandledPromptBehavior: , version: 71.0.3578.98, webStorageEnabled: true}
Session ID: b25e3848a7010b50533a28b87c850744
	at org.openqa.selenium.remote.ErrorHandler.createThrowable(ErrorHandler.java:214)
	at org.openqa.selenium.remote.ErrorHandler.throwIfResponseFailed(ErrorHandler.java:166)
	at org.openqa.selenium.remote.http.JsonHttpResponseCodec.reconstructValue(JsonHttpResponseCodec.java:40)
	at org.openqa.selenium.remote.http.AbstractHttpResponseCodec.decode(AbstractHttpResponseCodec.java:80)
	at org.openqa.selenium.remote.http.AbstractHttpResponseCodec.decode(AbstractHttpResponseCodec.java:44)
	at org.openqa.selenium.remote.HttpCommandExecutor.execute(HttpCommandExecutor.java:158)
	at org.openqa.selenium.remote.service.DriverCommandExecutor.execute(DriverCommandExecutor.java:83)
	at org.openqa.selenium.remote.RemoteWebDriver.execute(RemoteWebDriver.java:548)
	at org.openqa.selenium.remote.RemoteWebElement.execute(RemoteWebElement.java:276)
	at org.openqa.selenium.remote.RemoteWebElement.click(RemoteWebElement.java:83)
	at org.openqa.selenium.support.events.EventFiringWebDriver$EventFiringWebElement.lambda$new$0(EventFiringWebDriver.java:403)
	at com.sun.proxy.$Proxy12.click(Unknown Source)
	at org.openqa.selenium.support.events.EventFiringWebDriver$EventFiringWebElement.click(EventFiringWebDriver.java:416)
	at org.openqa.selenium.support.pagefactory.internal.LocatingElementHandler.invoke(LocatingElementHandler.java:51)
	at com.sun.proxy.$Proxy11.click(Unknown Source)
	at com.cvs.qa.pages.Photo.uploadPhoto(Photo.java:85)
	at com.cvs.qa.testcases.PhotoPageTest.verifyPhotoUploadTest(PhotoPageTest.java:47)
... Removed 38 stack frames
</div> <!-- stack-trace -->
                </div> <!-- method-content -->
              </div> <!-- method -->
            </div> <!-- main-panel-content rounded-window-bottom -->
          </div> <!-- suite-CVS_Pharmacy_Application_Test_Automation_Test_Suite-class-skipped -->
          <div class="suite-CVS_Pharmacy_Application_Test_Automation_Test_Suite-class-skipped">
            <div class="main-panel-header rounded-window-top">
              <img src="skipped.png"/>
              <span class="class-name">com.cvs.qa.testcases.RegistrationTest</span>
            </div> <!-- main-panel-header rounded-window-top -->
            <div class="main-panel-content rounded-window-bottom">
              <div class="method">
                <div class="method-content">
                  <a name="registerMultipleCustomer(Rafquat, Hossain, shuwaibliaquat59@hotmail.com, Apple12349, Apple12349, google, 115 Wayne Ave, 5th, ...)">
                  </a> <!-- registerMultipleCustomer(Rafquat, Hossain, shuwaibliaquat59@hotmail.com, Apple12349, Apple12349, google, 115 Wayne Ave, 5th, ...) -->
                  <span class="method-name">registerMultipleCustomer</span>
                  <span class="parameters">(Rafquat, Hossain, shuwaibliaquat59@hotmail.com, Apple12349, Apple12349, google, 115 Wayne Ave, 5th, Sussex, NY, 07507, 2019814576, 05, 30, 1989, Male)</span>
                  <div class="stack-trace">org.openqa.selenium.ElementNotVisibleException: element not interactable
  (Session info: chrome=71.0.3578.98)
  (Driver info: chromedriver=2.42.591088 (7b2b2dca23cca0862f674758c9a3933e685c27d5),platform=Windows NT 10.0.17134 x86_64) (WARNING: The server did not provide any stacktrace information)
Command duration or timeout: 0 milliseconds
Build info: version: &apos;3.14.0&apos;, revision: &apos;aacccce0&apos;, time: &apos;2018-08-02T20:19:58.91Z&apos;
System info: host: &apos;DESKTOP-JEV6767&apos;, ip: &apos;192.168.1.7&apos;, os.name: &apos;Windows 10&apos;, os.arch: &apos;amd64&apos;, os.version: &apos;10.0&apos;, java.version: &apos;1.8.0_171&apos;
Driver info: org.openqa.selenium.chrome.ChromeDriver
Capabilities {acceptInsecureCerts: false, acceptSslCerts: false, applicationCacheEnabled: false, browserConnectionEnabled: false, browserName: chrome, chrome: {chromedriverVersion: 2.42.591088 (7b2b2dca23cca0..., userDataDir: C:\Users\JAVALE~1\AppData\L...}, cssSelectorsEnabled: true, databaseEnabled: false, goog:chromeOptions: {debuggerAddress: localhost:58862}, handlesAlerts: true, hasTouchScreen: false, javascriptEnabled: true, locationContextEnabled: true, mobileEmulationEnabled: false, nativeEvents: true, networkConnectionEnabled: false, pageLoadStrategy: normal, platform: XP, platformName: XP, rotatable: false, setWindowRect: true, takesHeapSnapshot: true, takesScreenshot: true, unexpectedAlertBehaviour: , unhandledPromptBehavior: , version: 71.0.3578.98, webStorageEnabled: true}
Session ID: c0d63160065b346abddfaae9d59e0ad0
	at org.openqa.selenium.remote.ErrorHandler.createThrowable(ErrorHandler.java:214)
	at org.openqa.selenium.remote.ErrorHandler.throwIfResponseFailed(ErrorHandler.java:166)
	at org.openqa.selenium.remote.http.JsonHttpResponseCodec.reconstructValue(JsonHttpResponseCodec.java:40)
	at org.openqa.selenium.remote.http.AbstractHttpResponseCodec.decode(AbstractHttpResponseCodec.java:80)
	at org.openqa.selenium.remote.http.AbstractHttpResponseCodec.decode(AbstractHttpResponseCodec.java:44)
	at org.openqa.selenium.remote.HttpCommandExecutor.execute(HttpCommandExecutor.java:158)
	at org.openqa.selenium.remote.service.DriverCommandExecutor.execute(DriverCommandExecutor.java:83)
	at org.openqa.selenium.remote.RemoteWebDriver.execute(RemoteWebDriver.java:548)
	at org.openqa.selenium.remote.RemoteWebElement.execute(RemoteWebElement.java:276)
	at org.openqa.selenium.remote.RemoteWebElement.sendKeys(RemoteWebElement.java:100)
	at org.openqa.selenium.support.events.EventFiringWebDriver$EventFiringWebElement.lambda$new$0(EventFiringWebDriver.java:403)
	at com.sun.proxy.$Proxy12.sendKeys(Unknown Source)
	at org.openqa.selenium.support.events.EventFiringWebDriver$EventFiringWebElement.sendKeys(EventFiringWebDriver.java:428)
	at org.openqa.selenium.support.pagefactory.internal.LocatingElementHandler.invoke(LocatingElementHandler.java:51)
	at com.sun.proxy.$Proxy11.sendKeys(Unknown Source)
	at com.cvs.qa.pages.Registration.registrationForm(Registration.java:89)
	at com.cvs.qa.testcases.RegistrationTest.registerMultipleCustomer(RegistrationTest.java:75)
... Removed 38 stack frames
</div> <!-- stack-trace -->
                </div> <!-- method-content -->
              </div> <!-- method -->
            </div> <!-- main-panel-content rounded-window-bottom -->
          </div> <!-- suite-CVS_Pharmacy_Application_Test_Automation_Test_Suite-class-skipped -->
          <div class="suite-CVS_Pharmacy_Application_Test_Automation_Test_Suite-class-passed">
            <div class="main-panel-header rounded-window-top">
              <img src="passed.png"/>
              <span class="class-name">com.cvs.qa.testcases.HomePageTest</span>
            </div> <!-- main-panel-header rounded-window-top -->
            <div class="main-panel-content rounded-window-bottom">
              <div class="method">
                <div class="method-content">
                  <a name="verifyContactLensesTest">
                  </a> <!-- verifyContactLensesTest -->
                  <span class="method-name">verifyContactLensesTest</span>
                </div> <!-- method-content -->
              </div> <!-- method -->
              <div class="method">
                <div class="method-content">
                  <a name="verifyExtraCareLinkTest">
                  </a> <!-- verifyExtraCareLinkTest -->
                  <span class="method-name">verifyExtraCareLinkTest</span>
                </div> <!-- method-content -->
              </div> <!-- method -->
              <div class="method">
                <div class="method-content">
                  <a name="verifyHomePageLogoTest">
                  </a> <!-- verifyHomePageLogoTest -->
                  <span class="method-name">verifyHomePageLogoTest</span>
                </div> <!-- method-content -->
              </div> <!-- method -->
              <div class="method">
                <div class="method-content">
                  <a name="verifyHomePageTitleTest">
                  </a> <!-- verifyHomePageTitleTest -->
                  <span class="method-name">verifyHomePageTitleTest</span>
                </div> <!-- method-content -->
              </div> <!-- method -->
              <div class="method">
                <div class="method-content">
                  <a name="verifyMinuteClinicLinkTest">
                  </a> <!-- verifyMinuteClinicLinkTest -->
                  <span class="method-name">verifyMinuteClinicLinkTest</span>
                </div> <!-- method-content -->
              </div> <!-- method -->
              <div class="method">
                <div class="method-content">
                  <a name="verifyPharmacyLinkTest">
                  </a> <!-- verifyPharmacyLinkTest -->
                  <span class="method-name">verifyPharmacyLinkTest</span>
                </div> <!-- method-content -->
              </div> <!-- method -->
              <div class="method">
                <div class="method-content">
                  <a name="verifyPhotoLinkTest">
                  </a> <!-- verifyPhotoLinkTest -->
                  <span class="method-name">verifyPhotoLinkTest</span>
                </div> <!-- method-content -->
              </div> <!-- method -->
              <div class="method">
                <div class="method-content">
                  <a name="verifySearchBoxTest">
                  </a> <!-- verifySearchBoxTest -->
                  <span class="method-name">verifySearchBoxTest</span>
                </div> <!-- method-content -->
              </div> <!-- method -->
              <div class="method">
                <div class="method-content">
                  <a name="verifyShopLinkTest">
                  </a> <!-- verifyShopLinkTest -->
                  <span class="method-name">verifyShopLinkTest</span>
                </div> <!-- method-content -->
              </div> <!-- method -->
              <div class="method">
                <div class="method-content">
                  <a name="verifyStoreLocator24HrsStoreTest">
                  </a> <!-- verifyStoreLocator24HrsStoreTest -->
                  <span class="method-name">verifyStoreLocator24HrsStoreTest</span>
                </div> <!-- method-content -->
              </div> <!-- method -->
              <div class="method">
                <div class="method-content">
                  <a name="verifyStoreLocatorTest">
                  </a> <!-- verifyStoreLocatorTest -->
                  <span class="method-name">verifyStoreLocatorTest</span>
                </div> <!-- method-content -->
              </div> <!-- method -->
            </div> <!-- main-panel-content rounded-window-bottom -->
          </div> <!-- suite-CVS_Pharmacy_Application_Test_Automation_Test_Suite-class-passed -->
          <div class="suite-CVS_Pharmacy_Application_Test_Automation_Test_Suite-class-passed">
            <div class="main-panel-header rounded-window-top">
              <img src="passed.png"/>
              <span class="class-name">com.cvs.qa.testcases.SignUp4DealTest</span>
            </div> <!-- main-panel-header rounded-window-top -->
            <div class="main-panel-content rounded-window-bottom">
              <div class="method">
                <div class="method-content">
                  <a name="verifySignU4DealsExcelDataTest(shuwaibliaquat@hotmail.com, shuwaibliaquat@hotmail.com, 555555, Shuwaib, Liaquat, 07503, 01291989, 2...)">
                  </a> <!-- verifySignU4DealsExcelDataTest(shuwaibliaquat@hotmail.com, shuwaibliaquat@hotmail.com, 555555, Shuwaib, Liaquat, 07503, 01291989, 2...) -->
                  <span class="method-name">verifySignU4DealsExcelDataTest</span>
                  <span class="parameters">(shuwaibliaquat@hotmail.com, shuwaibliaquat@hotmail.com, 555555, Shuwaib, Liaquat, 07503, 01291989, 21, Chapel Hill, Paterson, NJ, 07503)</span>
                </div> <!-- method-content -->
              </div> <!-- method -->
              <div class="method">
                <div class="method-content">
                  <a name="verifySignU4DealsExcelDataTest(shuwaibliaquat1@hotmail.com, shuwaibliaquat1@hotmail.com, 888888, Shuwaib, Liaquat, 07506, 01291992,...)">
                  </a> <!-- verifySignU4DealsExcelDataTest(shuwaibliaquat1@hotmail.com, shuwaibliaquat1@hotmail.com, 888888, Shuwaib, Liaquat, 07506, 01291992,...) -->
                  <span class="method-name">verifySignU4DealsExcelDataTest</span>
                  <span class="parameters">(shuwaibliaquat1@hotmail.com, shuwaibliaquat1@hotmail.com, 888888, Shuwaib, Liaquat, 07506, 01291992, 13, Patterson Dr, Hollywood, NY, 07506)</span>
                </div> <!-- method-content -->
              </div> <!-- method -->
              <div class="method">
                <div class="method-content">
                  <a name="verifySignU4DealsExcelDataTest(nishat0598@gmail.com, nishat0598@gmail.com, 123456, Nishat, Chowdhury, 48212, 01291995, 3035, Hollyw...)">
                  </a> <!-- verifySignU4DealsExcelDataTest(nishat0598@gmail.com, nishat0598@gmail.com, 123456, Nishat, Chowdhury, 48212, 01291995, 3035, Hollyw...) -->
                  <span class="method-name">verifySignU4DealsExcelDataTest</span>
                  <span class="parameters">(nishat0598@gmail.com, nishat0598@gmail.com, 123456, Nishat, Chowdhury, 48212, 01291995, 3035, Hollywood Blvd, Manhattan, VA, 48212)</span>
                </div> <!-- method-content -->
              </div> <!-- method -->
              <div class="method">
                <div class="method-content">
                  <a name="verifySignU4DealsExcelDataTest(shuwaibliaquat@hotmail.com, shuwaibliaquat@hotmail.com, 999999, Shuwaib3, Liaquat3, 07507, 01291993,...)">
                  </a> <!-- verifySignU4DealsExcelDataTest(shuwaibliaquat@hotmail.com, shuwaibliaquat@hotmail.com, 999999, Shuwaib3, Liaquat3, 07507, 01291993,...) -->
                  <span class="method-name">verifySignU4DealsExcelDataTest</span>
                  <span class="parameters">(shuwaibliaquat@hotmail.com, shuwaibliaquat@hotmail.com, 999999, Shuwaib3, Liaquat3, 07507, 01291993, 151, Holbrook St, Lincoln Park, MI, 07507)</span>
                </div> <!-- method-content -->
              </div> <!-- method -->
              <div class="method">
                <div class="method-content">
                  <a name="verifySignU4DealsExcelDataTest(shuwaibliaquat1@hotmail.com, shuwaibliaquat1@hotmail.com, 666666, Shuwaib1, Liaquat1, 07504, 0129199...)">
                  </a> <!-- verifySignU4DealsExcelDataTest(shuwaibliaquat1@hotmail.com, shuwaibliaquat1@hotmail.com, 666666, Shuwaib1, Liaquat1, 07504, 0129199...) -->
                  <span class="method-name">verifySignU4DealsExcelDataTest</span>
                  <span class="parameters">(shuwaibliaquat1@hotmail.com, shuwaibliaquat1@hotmail.com, 666666, Shuwaib1, Liaquat1, 07504, 01291990, 22, Sheridan Ave, Hamtramck, MI, 07504)</span>
                </div> <!-- method-content -->
              </div> <!-- method -->
              <div class="method">
                <div class="method-content">
                  <a name="verifySignU4DealsExcelDataTest(shuwaibliaquat@hotmail.com, shuwaibliaquat@hotmail.com, 7777777, Linie, Liaquat, 07505, 01291991, 12...)">
                  </a> <!-- verifySignU4DealsExcelDataTest(shuwaibliaquat@hotmail.com, shuwaibliaquat@hotmail.com, 7777777, Linie, Liaquat, 07505, 01291991, 12...) -->
                  <span class="method-name">verifySignU4DealsExcelDataTest</span>
                  <span class="parameters">(shuwaibliaquat@hotmail.com, shuwaibliaquat@hotmail.com, 7777777, Linie, Liaquat, 07505, 01291991, 12, Wayne Ave, Troy, CA, 07505)</span>
                </div> <!-- method-content -->
              </div> <!-- method -->
              <div class="method">
                <div class="method-content">
                  <a name="verifySignU4DealsExcelDataTest(shuwaibliaquat1@hotmail.com, shuwaibliaquat1@hotmail.com, 222222, Shuwaib4, Liaquat4, 07508, 0129199...)">
                  </a> <!-- verifySignU4DealsExcelDataTest(shuwaibliaquat1@hotmail.com, shuwaibliaquat1@hotmail.com, 222222, Shuwaib4, Liaquat4, 07508, 0129199...) -->
                  <span class="method-name">verifySignU4DealsExcelDataTest</span>
                  <span class="parameters">(shuwaibliaquat1@hotmail.com, shuwaibliaquat1@hotmail.com, 222222, Shuwaib4, Liaquat4, 07508, 01291994, 5555, Main St, New York, NC, 07508)</span>
                </div> <!-- method-content -->
              </div> <!-- method -->
              <div class="method">
                <div class="method-content">
                  <a name="verifySignUp4DealsTest">
                  </a> <!-- verifySignUp4DealsTest -->
                  <span class="method-name">verifySignUp4DealsTest</span>
                </div> <!-- method-content -->
              </div> <!-- method -->
            </div> <!-- main-panel-content rounded-window-bottom -->
          </div> <!-- suite-CVS_Pharmacy_Application_Test_Automation_Test_Suite-class-passed -->
          <div class="suite-CVS_Pharmacy_Application_Test_Automation_Test_Suite-class-passed">
            <div class="main-panel-header rounded-window-top">
              <img src="passed.png"/>
              <span class="class-name">com.cvs.qa.testcases.LogInTest</span>
            </div> <!-- main-panel-header rounded-window-top -->
            <div class="main-panel-content rounded-window-bottom">
              <div class="method">
                <div class="method-content">
                  <a name="verifyLogInExcelData(shuwaibliaquat@ymail.com, truelove12345)">
                  </a> <!-- verifyLogInExcelData(shuwaibliaquat@ymail.com, truelove12345) -->
                  <span class="method-name">verifyLogInExcelData</span>
                  <span class="parameters">(shuwaibliaquat@ymail.com, truelove12345)</span>
                </div> <!-- method-content -->
              </div> <!-- method -->
              <div class="method">
                <div class="method-content">
                  <a name="verifyLogInExcelData(shuwaibliaquat@hotmail.com, hhb12345)">
                  </a> <!-- verifyLogInExcelData(shuwaibliaquat@hotmail.com, hhb12345) -->
                  <span class="method-name">verifyLogInExcelData</span>
                  <span class="parameters">(shuwaibliaquat@hotmail.com, hhb12345)</span>
                </div> <!-- method-content -->
              </div> <!-- method -->
              <div class="method">
                <div class="method-content">
                  <a name="verifyLogInExcelData(nishat055@gmail.com, apple123456)">
                  </a> <!-- verifyLogInExcelData(nishat055@gmail.com, apple123456) -->
                  <span class="method-name">verifyLogInExcelData</span>
                  <span class="parameters">(nishat055@gmail.com, apple123456)</span>
                </div> <!-- method-content -->
              </div> <!-- method -->
              <div class="method">
                <div class="method-content">
                  <a name="verifyLogInTest">
                  </a> <!-- verifyLogInTest -->
                  <span class="method-name">verifyLogInTest</span>
                </div> <!-- method-content -->
              </div> <!-- method -->
              <div class="method">
                <div class="method-content">
                  <a name="verifyTopPanelLogInTest">
                  </a> <!-- verifyTopPanelLogInTest -->
                  <span class="method-name">verifyTopPanelLogInTest</span>
                </div> <!-- method-content -->
              </div> <!-- method -->
              <div class="method">
                <div class="method-content">
                  <a name="verifyTopPanelLogInTestExcelDataTest(shuwaibliaquat@ymail.com, truelove12345)">
                  </a> <!-- verifyTopPanelLogInTestExcelDataTest(shuwaibliaquat@ymail.com, truelove12345) -->
                  <span class="method-name">verifyTopPanelLogInTestExcelDataTest</span>
                  <span class="parameters">(shuwaibliaquat@ymail.com, truelove12345)</span>
                </div> <!-- method-content -->
              </div> <!-- method -->
              <div class="method">
                <div class="method-content">
                  <a name="verifyTopPanelLogInTestExcelDataTest(nishat055@gmail.com, apple123456)">
                  </a> <!-- verifyTopPanelLogInTestExcelDataTest(nishat055@gmail.com, apple123456) -->
                  <span class="method-name">verifyTopPanelLogInTestExcelDataTest</span>
                  <span class="parameters">(nishat055@gmail.com, apple123456)</span>
                </div> <!-- method-content -->
              </div> <!-- method -->
              <div class="method">
                <div class="method-content">
                  <a name="verifyTopPanelLogInTestExcelDataTest(shuwaibliaquat@hotmail.com, hhb12345)">
                  </a> <!-- verifyTopPanelLogInTestExcelDataTest(shuwaibliaquat@hotmail.com, hhb12345) -->
                  <span class="method-name">verifyTopPanelLogInTestExcelDataTest</span>
                  <span class="parameters">(shuwaibliaquat@hotmail.com, hhb12345)</span>
                </div> <!-- method-content -->
              </div> <!-- method -->
            </div> <!-- main-panel-content rounded-window-bottom -->
          </div> <!-- suite-CVS_Pharmacy_Application_Test_Automation_Test_Suite-class-passed -->
          <div class="suite-CVS_Pharmacy_Application_Test_Automation_Test_Suite-class-passed">
            <div class="main-panel-header rounded-window-top">
              <img src="passed.png"/>
              <span class="class-name">com.cvs.qa.testcases.ContactLensesPageTest</span>
            </div> <!-- main-panel-header rounded-window-top -->
            <div class="main-panel-content rounded-window-bottom">
              <div class="method">
                <div class="method-content">
                  <a name="verifyAcuvueDefine30PKTest">
                  </a> <!-- verifyAcuvueDefine30PKTest -->
                  <span class="method-name">verifyAcuvueDefine30PKTest</span>
                </div> <!-- method-content -->
              </div> <!-- method -->
              <div class="method">
                <div class="method-content">
                  <a name="verifyAcuvueDefine90PKTest">
                  </a> <!-- verifyAcuvueDefine90PKTest -->
                  <span class="method-name">verifyAcuvueDefine90PKTest</span>
                </div> <!-- method-content -->
              </div> <!-- method -->
              <div class="method">
                <div class="method-content">
                  <a name="verifyDropDownMenuContactLensBrandsTest">
                  </a> <!-- verifyDropDownMenuContactLensBrandsTest -->
                  <span class="method-name">verifyDropDownMenuContactLensBrandsTest</span>
                </div> <!-- method-content -->
              </div> <!-- method -->
              <div class="method">
                <div class="method-content">
                  <a name="veriyAcuvueElementListTest">
                  </a> <!-- veriyAcuvueElementListTest -->
                  <span class="method-name">veriyAcuvueElementListTest</span>
                </div> <!-- method-content -->
              </div> <!-- method -->
              <div class="method">
                <div class="method-content">
                  <a name="veriyAirOptixAquaElementListTest">
                  </a> <!-- veriyAirOptixAquaElementListTest -->
                  <span class="method-name">veriyAirOptixAquaElementListTest</span>
                </div> <!-- method-content -->
              </div> <!-- method -->
              <div class="method">
                <div class="method-content">
                  <a name="veriyAirOptixBrandLabelClickTest">
                  </a> <!-- veriyAirOptixBrandLabelClickTest -->
                  <span class="method-name">veriyAirOptixBrandLabelClickTest</span>
                </div> <!-- method-content -->
              </div> <!-- method -->
              <div class="method">
                <div class="method-content">
                  <a name="veriyAirOptixBrandMouseHoverTest">
                  </a> <!-- veriyAirOptixBrandMouseHoverTest -->
                  <span class="method-name">veriyAirOptixBrandMouseHoverTest</span>
                </div> <!-- method-content -->
              </div> <!-- method -->
              <div class="method">
                <div class="method-content">
                  <a name="veriyAirOptixBrandTest">
                  </a> <!-- veriyAirOptixBrandTest -->
                  <span class="method-name">veriyAirOptixBrandTest</span>
                </div> <!-- method-content -->
              </div> <!-- method -->
              <div class="method">
                <div class="method-content">
                  <a name="veriyContactLensesPageTitleTest">
                  </a> <!-- veriyContactLensesPageTitleTest -->
                  <span class="method-name">veriyContactLensesPageTitleTest</span>
                </div> <!-- method-content -->
              </div> <!-- method -->
              <div class="method">
                <div class="method-content">
                  <a name="veriyLensTypeElementListTest">
                  </a> <!-- veriyLensTypeElementListTest -->
                  <span class="method-name">veriyLensTypeElementListTest</span>
                </div> <!-- method-content -->
              </div> <!-- method -->
              <div class="method">
                <div class="method-content">
                  <a name="veriyLensTypeTest">
                  </a> <!-- veriyLensTypeTest -->
                  <span class="method-name">veriyLensTypeTest</span>
                </div> <!-- method-content -->
              </div> <!-- method -->
            </div> <!-- main-panel-content rounded-window-bottom -->
          </div> <!-- suite-CVS_Pharmacy_Application_Test_Automation_Test_Suite-class-passed -->
          <div class="suite-CVS_Pharmacy_Application_Test_Automation_Test_Suite-class-passed">
            <div class="main-panel-header rounded-window-top">
              <img src="passed.png"/>
              <span class="class-name">com.cvs.qa.testcases.ExtraCareTest</span>
            </div> <!-- main-panel-header rounded-window-top -->
            <div class="main-panel-content rounded-window-bottom">
              <div class="method">
                <div class="method-content">
                  <a name="verifyExtraCarePageTitleTest">
                  </a> <!-- verifyExtraCarePageTitleTest -->
                  <span class="method-name">verifyExtraCarePageTitleTest</span>
                </div> <!-- method-content -->
              </div> <!-- method -->
              <div class="method">
                <div class="method-content">
                  <a name="verifyExtraCareShoppingCartTest">
                  </a> <!-- verifyExtraCareShoppingCartTest -->
                  <span class="method-name">verifyExtraCareShoppingCartTest</span>
                </div> <!-- method-content -->
              </div> <!-- method -->
            </div> <!-- main-panel-content rounded-window-bottom -->
          </div> <!-- suite-CVS_Pharmacy_Application_Test_Automation_Test_Suite-class-passed -->
          <div class="suite-CVS_Pharmacy_Application_Test_Automation_Test_Suite-class-passed">
            <div class="main-panel-header rounded-window-top">
              <img src="passed.png"/>
              <span class="class-name">com.cvs.qa.testcases.MinuteClinicTest</span>
            </div> <!-- main-panel-header rounded-window-top -->
            <div class="main-panel-content rounded-window-bottom">
              <div class="method">
                <div class="method-content">
                  <a name="verifyMinuteClinicPageTitleTest">
                  </a> <!-- verifyMinuteClinicPageTitleTest -->
                  <span class="method-name">verifyMinuteClinicPageTitleTest</span>
                </div> <!-- method-content -->
              </div> <!-- method -->
              <div class="method">
                <div class="method-content">
                  <a name="verifyZipCodeLocaterTest">
                  </a> <!-- verifyZipCodeLocaterTest -->
                  <span class="method-name">verifyZipCodeLocaterTest</span>
                </div> <!-- method-content -->
              </div> <!-- method -->
            </div> <!-- main-panel-content rounded-window-bottom -->
          </div> <!-- suite-CVS_Pharmacy_Application_Test_Automation_Test_Suite-class-passed -->
          <div class="suite-CVS_Pharmacy_Application_Test_Automation_Test_Suite-class-passed">
            <div class="main-panel-header rounded-window-top">
              <img src="passed.png"/>
              <span class="class-name">com.cvs.qa.testcases.PhotoPageTest</span>
            </div> <!-- main-panel-header rounded-window-top -->
            <div class="main-panel-content rounded-window-bottom">
              <div class="method">
                <div class="method-content">
                  <a name="verifyPhotoPageTitleTest">
                  </a> <!-- verifyPhotoPageTitleTest -->
                  <span class="method-name">verifyPhotoPageTitleTest</span>
                </div> <!-- method-content -->
              </div> <!-- method -->
              <div class="method">
                <div class="method-content">
                  <a name="verifyShopNowPicLinkTest">
                  </a> <!-- verifyShopNowPicLinkTest -->
                  <span class="method-name">verifyShopNowPicLinkTest</span>
                </div> <!-- method-content -->
              </div> <!-- method -->
            </div> <!-- main-panel-content rounded-window-bottom -->
          </div> <!-- suite-CVS_Pharmacy_Application_Test_Automation_Test_Suite-class-passed -->
          <div class="suite-CVS_Pharmacy_Application_Test_Automation_Test_Suite-class-passed">
            <div class="main-panel-header rounded-window-top">
              <img src="passed.png"/>
              <span class="class-name">com.cvs.qa.testcases.ShopPageTest</span>
            </div> <!-- main-panel-header rounded-window-top -->
            <div class="main-panel-content rounded-window-bottom">
              <div class="method">
                <div class="method-content">
                  <a name="verifyAddCSLW2CartTest">
                  </a> <!-- verifyAddCSLW2CartTest -->
                  <span class="method-name">verifyAddCSLW2CartTest</span>
                </div> <!-- method-content -->
              </div> <!-- method -->
              <div class="method">
                <div class="method-content">
                  <a name="verifyClickonShopAllCategoriesTest">
                  </a> <!-- verifyClickonShopAllCategoriesTest -->
                  <span class="method-name">verifyClickonShopAllCategoriesTest</span>
                </div> <!-- method-content -->
              </div> <!-- method -->
              <div class="method">
                <div class="method-content">
                  <a name="verifyClickonVitaminLink">
                  </a> <!-- verifyClickonVitaminLink -->
                  <span class="method-name">verifyClickonVitaminLink</span>
                </div> <!-- method-content -->
              </div> <!-- method -->
              <div class="method">
                <div class="method-content">
                  <a name="verifyShopPageLinkTest">
                  </a> <!-- verifyShopPageLinkTest -->
                  <span class="method-name">verifyShopPageLinkTest</span>
                </div> <!-- method-content -->
              </div> <!-- method -->
              <div class="method">
                <div class="method-content">
                  <a name="verifyShopPageTitleTest">
                  </a> <!-- verifyShopPageTitleTest -->
                  <span class="method-name">verifyShopPageTitleTest</span>
                </div> <!-- method-content -->
              </div> <!-- method -->
            </div> <!-- main-panel-content rounded-window-bottom -->
          </div> <!-- suite-CVS_Pharmacy_Application_Test_Automation_Test_Suite-class-passed -->
          <div class="suite-CVS_Pharmacy_Application_Test_Automation_Test_Suite-class-passed">
            <div class="main-panel-header rounded-window-top">
              <img src="passed.png"/>
              <span class="class-name">com.cvs.qa.testcases.RegistrationTest</span>
            </div> <!-- main-panel-header rounded-window-top -->
            <div class="main-panel-content rounded-window-bottom">
              <div class="method">
                <div class="method-content">
                  <a name="registerCustomer">
                  </a> <!-- registerCustomer -->
                  <span class="method-name">registerCustomer</span>
                </div> <!-- method-content -->
              </div> <!-- method -->
              <div class="method">
                <div class="method-content">
                  <a name="registerMultipleCustomer(Linie, Liaquat, shuwaibliaquat56@hotmail.com, Apple12347, Apple12347, yahoo, 113 Wayne Ave, 3rd, Woo...)">
                  </a> <!-- registerMultipleCustomer(Linie, Liaquat, shuwaibliaquat56@hotmail.com, Apple12347, Apple12347, yahoo, 113 Wayne Ave, 3rd, Woo...) -->
                  <span class="method-name">registerMultipleCustomer</span>
                  <span class="parameters">(Linie, Liaquat, shuwaibliaquat56@hotmail.com, Apple12347, Apple12347, yahoo, 113 Wayne Ave, 3rd, Woodland Park, DC, 07505, 2019814576, 03, 28, 1989, Female)</span>
                </div> <!-- method-content -->
              </div> <!-- method -->
              <div class="method">
                <div class="method-content">
                  <a name="registerMultipleCustomer(Naushad, Chowdhury, shuwaibliaquat123@hotmail.com, Apple12346, Apple12346, Shabana, 112 Wayne Ave, 2...)">
                  </a> <!-- registerMultipleCustomer(Naushad, Chowdhury, shuwaibliaquat123@hotmail.com, Apple12346, Apple12346, Shabana, 112 Wayne Ave, 2...) -->
                  <span class="method-name">registerMultipleCustomer</span>
                  <span class="parameters">(Naushad, Chowdhury, shuwaibliaquat123@hotmail.com, Apple12346, Apple12346, Shabana, 112 Wayne Ave, 2nd, Clifton, NJ, 07504, 2019814576, 02, 27, 1989, Male)</span>
                </div> <!-- method-content -->
              </div> <!-- method -->
              <div class="method">
                <div class="method-content">
                  <a name="registerMultipleCustomer(Adnan, Liaquat, shuwaibliaquat100@hotmail.com, Apple12350, Apple12350, tommy, 116 Wayne Ave, 6th, Tr...)">
                  </a> <!-- registerMultipleCustomer(Adnan, Liaquat, shuwaibliaquat100@hotmail.com, Apple12350, Apple12350, tommy, 116 Wayne Ave, 6th, Tr...) -->
                  <span class="method-name">registerMultipleCustomer</span>
                  <span class="parameters">(Adnan, Liaquat, shuwaibliaquat100@hotmail.com, Apple12350, Apple12350, tommy, 116 Wayne Ave, 6th, Troy, MI, 48212, 2019814576, 06, 30, 1989, Male)</span>
                </div> <!-- method-content -->
              </div> <!-- method -->
              <div class="method">
                <div class="method-content">
                  <a name="registerMultipleCustomer(Rafquat, Hossain, shuwaibliaquat59@hotmail.com, Apple12349, Apple12349, google, 115 Wayne Ave, 5th, ...)">
                  </a> <!-- registerMultipleCustomer(Rafquat, Hossain, shuwaibliaquat59@hotmail.com, Apple12349, Apple12349, google, 115 Wayne Ave, 5th, ...) -->
                  <span class="method-name">registerMultipleCustomer</span>
                  <span class="parameters">(Rafquat, Hossain, shuwaibliaquat59@hotmail.com, Apple12349, Apple12349, google, 115 Wayne Ave, 5th, Sussex, NY, 07507, 2019814576, 05, 30, 1989, Male)</span>
                </div> <!-- method-content -->
              </div> <!-- method -->
              <div class="method">
                <div class="method-content">
                  <a name="registerMultipleCustomer(Muhith, Mahmood, shuwaibliaquat1@hotmail.com, Apple12348, Apple12348, hotmail, 114 Wayne Ave, 4th, P...)">
                  </a> <!-- registerMultipleCustomer(Muhith, Mahmood, shuwaibliaquat1@hotmail.com, Apple12348, Apple12348, hotmail, 114 Wayne Ave, 4th, P...) -->
                  <span class="method-name">registerMultipleCustomer</span>
                  <span class="parameters">(Muhith, Mahmood, shuwaibliaquat1@hotmail.com, Apple12348, Apple12348, hotmail, 114 Wayne Ave, 4th, Paterson, NJ, 07506, 2019814576, 04, 29, 1989, Male)</span>
                </div> <!-- method-content -->
              </div> <!-- method -->
              <div class="method">
                <div class="method-content">
                  <a name="registerMultipleCustomer(Shuwaib, Liaquat, shuwaibliaquat12@hotmail.com, Apple12345, Apple12345, Krish, 111 Wayne Ave, 1st, P...)">
                  </a> <!-- registerMultipleCustomer(Shuwaib, Liaquat, shuwaibliaquat12@hotmail.com, Apple12345, Apple12345, Krish, 111 Wayne Ave, 1st, P...) -->
                  <span class="method-name">registerMultipleCustomer</span>
                  <span class="parameters">(Shuwaib, Liaquat, shuwaibliaquat12@hotmail.com, Apple12345, Apple12345, Krish, 111 Wayne Ave, 1st, Paterson, NJ, 07503, 2019814576, 01, 26, 1989, Male)</span>
                </div> <!-- method-content -->
              </div> <!-- method -->
              <div class="method">
                <div class="method-content">
                  <a name="registerMultipleCustomer(Nishat, Chowdhury, nishat0598@gmail.com, Apple555, Apple555, Tia, 12 Elk St, 7th, Lincoln Park, MI, ...)">
                  </a> <!-- registerMultipleCustomer(Nishat, Chowdhury, nishat0598@gmail.com, Apple555, Apple555, Tia, 12 Elk St, 7th, Lincoln Park, MI, ...) -->
                  <span class="method-name">registerMultipleCustomer</span>
                  <span class="parameters">(Nishat, Chowdhury, nishat0598@gmail.com, Apple555, Apple555, Tia, 12 Elk St, 7th, Lincoln Park, MI, 48212, 2019814576, 11, 21, 2000, Female)</span>
                </div> <!-- method-content -->
              </div> <!-- method -->
              <div class="method">
                <div class="method-content">
                  <a name="verifyRegistrationPageTitle">
                  </a> <!-- verifyRegistrationPageTitle -->
                  <span class="method-name">verifyRegistrationPageTitle</span>
                </div> <!-- method-content -->
              </div> <!-- method -->
            </div> <!-- main-panel-content rounded-window-bottom -->
          </div> <!-- suite-CVS_Pharmacy_Application_Test_Automation_Test_Suite-class-passed -->
        </div> <!-- panel CVS_Pharmacy_Application_Test_Automation_Test_Suite -->
        <div panel-name="test-xml-CVS_Pharmacy_Application_Test_Automation_Test_Suite" class="panel">
          <div class="main-panel-header rounded-window-top">
            <span class="header-content">C:\Users\JavaLearner\Desktop\CvsPharmacyProject\CvsPharmacyTest\src\main\resources\testng.xml</span>
          </div> <!-- main-panel-header rounded-window-top -->
          <div class="main-panel-content rounded-window-bottom">
            <pre>
&lt;?xml version=&quot;1.0&quot; encoding=&quot;UTF-8&quot;?&gt;
&lt;!DOCTYPE suite SYSTEM &quot;http://testng.org/testng-1.0.dtd&quot;&gt;
&lt;suite guice-stage=&quot;DEVELOPMENT&quot; verbose=&quot;0&quot; name=&quot;CVS Pharmacy Application Test Automation Test Suite&quot;&gt;
  &lt;listeners&gt;
    &lt;listener class-name=&quot;com.cvs.qa.utilities.RunTimeTransformer&quot;/&gt;
  &lt;/listeners&gt;
  &lt;test thread-count=&quot;5&quot; verbose=&quot;0&quot; name=&quot; CVS HomePageTest&quot;&gt;
    &lt;classes&gt;
      &lt;class name=&quot;com.cvs.qa.testcases.HomePageTest&quot;/&gt;
    &lt;/classes&gt;
  &lt;/test&gt; &lt;!--  CVS HomePageTest --&gt;
  &lt;test thread-count=&quot;5&quot; verbose=&quot;0&quot; name=&quot; CVS LogInPageTest&quot;&gt;
    &lt;classes&gt;
      &lt;class name=&quot;com.cvs.qa.testcases.LogInTest&quot;/&gt;
    &lt;/classes&gt;
  &lt;/test&gt; &lt;!--  CVS LogInPageTest --&gt;
  &lt;test thread-count=&quot;5&quot; verbose=&quot;0&quot; name=&quot; CVS RegistrationPageTest&quot;&gt;
    &lt;classes&gt;
      &lt;class name=&quot;com.cvs.qa.testcases.RegistrationTest&quot;/&gt;
    &lt;/classes&gt;
  &lt;/test&gt; &lt;!--  CVS RegistrationPageTest --&gt;
  &lt;test thread-count=&quot;5&quot; verbose=&quot;0&quot; name=&quot; CVS MinuteClinicPageTest&quot;&gt;
    &lt;classes&gt;
      &lt;class name=&quot;com.cvs.qa.testcases.MinuteClinicTest&quot;/&gt;
    &lt;/classes&gt;
  &lt;/test&gt; &lt;!--  CVS MinuteClinicPageTest --&gt;
  &lt;test thread-count=&quot;5&quot; verbose=&quot;0&quot; name=&quot; CVS ClinicLocatorTest&quot;&gt;
    &lt;classes&gt;
      &lt;class name=&quot;com.cvs.qa.testcases.ClinicLocatorTest&quot;/&gt;
    &lt;/classes&gt;
  &lt;/test&gt; &lt;!--  CVS ClinicLocatorTest --&gt;
  &lt;test thread-count=&quot;5&quot; verbose=&quot;0&quot; name=&quot; CVS ContactLensesPageTest&quot;&gt;
    &lt;classes&gt;
      &lt;class name=&quot;com.cvs.qa.testcases.ContactLensesPageTest&quot;/&gt;
    &lt;/classes&gt;
  &lt;/test&gt; &lt;!--  CVS ContactLensesPageTest --&gt;
  &lt;test thread-count=&quot;5&quot; verbose=&quot;0&quot; name=&quot; CVS ExtraCareTest&quot;&gt;
    &lt;classes&gt;
      &lt;class name=&quot;com.cvs.qa.testcases.ExtraCareTest&quot;/&gt;
    &lt;/classes&gt;
  &lt;/test&gt; &lt;!--  CVS ExtraCareTest --&gt;
  &lt;test thread-count=&quot;5&quot; verbose=&quot;0&quot; name=&quot; CVS PhotoPageTest&quot;&gt;
    &lt;classes&gt;
      &lt;class name=&quot;com.cvs.qa.testcases.PhotoPageTest&quot;/&gt;
    &lt;/classes&gt;
  &lt;/test&gt; &lt;!--  CVS PhotoPageTest --&gt;
  &lt;test thread-count=&quot;5&quot; verbose=&quot;0&quot; name=&quot; CVS ShopPageTest&quot;&gt;
    &lt;classes&gt;
      &lt;class name=&quot;com.cvs.qa.testcases.ShopPageTest&quot;/&gt;
    &lt;/classes&gt;
  &lt;/test&gt; &lt;!--  CVS ShopPageTest --&gt;
  &lt;test thread-count=&quot;5&quot; verbose=&quot;0&quot; name=&quot; CVS SignUp4DealTest&quot;&gt;
    &lt;classes&gt;
      &lt;class name=&quot;com.cvs.qa.testcases.SignUp4DealTest&quot;/&gt;
    &lt;/classes&gt;
  &lt;/test&gt; &lt;!--  CVS SignUp4DealTest --&gt;
  &lt;test thread-count=&quot;5&quot; verbose=&quot;0&quot; name=&quot; CVS PharmacyPageTest&quot;&gt;
    &lt;classes&gt;
      &lt;class name=&quot;com.cvs.qa.testcases.PharmacyTest&quot;/&gt;
    &lt;/classes&gt;
  &lt;/test&gt; &lt;!--  CVS PharmacyPageTest --&gt;
&lt;/suite&gt; &lt;!-- CVS Pharmacy Application Test Automation Test Suite --&gt;
            </pre>
          </div> <!-- main-panel-content rounded-window-bottom -->
        </div> <!-- panel -->
        <div panel-name="testlist-CVS_Pharmacy_Application_Test_Automation_Test_Suite" class="panel">
          <div class="main-panel-header rounded-window-top">
            <span class="header-content">Tests for CVS Pharmacy Application Test Automation Test Suite</span>
          </div> <!-- main-panel-header rounded-window-top -->
          <div class="main-panel-content rounded-window-bottom">
            <ul>
              <li>
                <span class="test-name"> CVS HomePageTest (1 class)</span>
              </li>
              <li>
                <span class="test-name"> CVS LogInPageTest (1 class)</span>
              </li>
              <li>
                <span class="test-name"> CVS RegistrationPageTest (1 class)</span>
              </li>
              <li>
                <span class="test-name"> CVS MinuteClinicPageTest (1 class)</span>
              </li>
              <li>
                <span class="test-name"> CVS ClinicLocatorTest (1 class)</span>
              </li>
              <li>
                <span class="test-name"> CVS ContactLensesPageTest (1 class)</span>
              </li>
              <li>
                <span class="test-name"> CVS ExtraCareTest (1 class)</span>
              </li>
              <li>
                <span class="test-name"> CVS PhotoPageTest (1 class)</span>
              </li>
              <li>
                <span class="test-name"> CVS ShopPageTest (1 class)</span>
              </li>
              <li>
                <span class="test-name"> CVS SignUp4DealTest (1 class)</span>
              </li>
              <li>
                <span class="test-name"> CVS PharmacyPageTest (1 class)</span>
              </li>
            </ul>
          </div> <!-- main-panel-content rounded-window-bottom -->
        </div> <!-- panel -->
        <div panel-name="group-CVS_Pharmacy_Application_Test_Automation_Test_Suite" class="panel">
          <div class="main-panel-header rounded-window-top">
            <span class="header-content">Groups for CVS Pharmacy Application Test Automation Test Suite</span>
          </div> <!-- main-panel-header rounded-window-top -->
          <div class="main-panel-content rounded-window-bottom">
          </div> <!-- main-panel-content rounded-window-bottom -->
        </div> <!-- panel -->
        <div panel-name="times-CVS_Pharmacy_Application_Test_Automation_Test_Suite" class="panel">
          <div class="main-panel-header rounded-window-top">
            <span class="header-content">Times for CVS Pharmacy Application Test Automation Test Suite</span>
          </div> <!-- main-panel-header rounded-window-top -->
          <div class="main-panel-content rounded-window-bottom">
            <div class="times-div">
              <script type="text/javascript">
suiteTableInitFunctions.push('tableData_CVS_Pharmacy_Application_Test_Automation_Test_Suite');
function tableData_CVS_Pharmacy_Application_Test_Automation_Test_Suite() {
var data = new google.visualization.DataTable();
data.addColumn('number', 'Number');
data.addColumn('string', 'Method');
data.addColumn('string', 'Class');
data.addColumn('number', 'Time (ms)');
data.addRows(81);
data.setCell(0, 0, 0)
data.setCell(0, 1, 'veriyAcuvueElementListTest')
data.setCell(0, 2, 'com.cvs.qa.testcases.ContactLensesPageTest')
data.setCell(0, 3, 39956);
data.setCell(1, 0, 1)
data.setCell(1, 1, 'verifyExtraCareSignInTest')
data.setCell(1, 2, 'com.cvs.qa.testcases.ExtraCareTest')
data.setCell(1, 3, 27361);
data.setCell(2, 0, 2)
data.setCell(2, 1, 'verifyExtraCareSignInTest')
data.setCell(2, 2, 'com.cvs.qa.testcases.ExtraCareTest')
data.setCell(2, 3, 27294);
data.setCell(3, 0, 3)
data.setCell(3, 1, 'verifyExtraCareSignInTest')
data.setCell(3, 2, 'com.cvs.qa.testcases.ExtraCareTest')
data.setCell(3, 3, 27220);
data.setCell(4, 0, 4)
data.setCell(4, 1, 'verifyExtraCareSignInTest')
data.setCell(4, 2, 'com.cvs.qa.testcases.ExtraCareTest')
data.setCell(4, 3, 26920);
data.setCell(5, 0, 5)
data.setCell(5, 1, 'verifySignU4DealsExcelDataTest')
data.setCell(5, 2, 'com.cvs.qa.testcases.SignUp4DealTest')
data.setCell(5, 3, 26217);
data.setCell(6, 0, 6)
data.setCell(6, 1, 'verifyMinuteClinicPageTitleTest')
data.setCell(6, 2, 'com.cvs.qa.testcases.MinuteClinicTest')
data.setCell(6, 3, 24659);
data.setCell(7, 0, 7)
data.setCell(7, 1, 'registerMultipleCustomer')
data.setCell(7, 2, 'com.cvs.qa.testcases.RegistrationTest')
data.setCell(7, 3, 23059);
data.setCell(8, 0, 8)
data.setCell(8, 1, 'verifyPageTitleTest')
data.setCell(8, 2, 'com.cvs.qa.testcases.SignUp4DealTest')
data.setCell(8, 3, 21023);
data.setCell(9, 0, 9)
data.setCell(9, 1, 'verifyPageTitleTest')
data.setCell(9, 2, 'com.cvs.qa.testcases.SignUp4DealTest')
data.setCell(9, 3, 20733);
data.setCell(10, 0, 10)
data.setCell(10, 1, 'registerMultipleCustomer')
data.setCell(10, 2, 'com.cvs.qa.testcases.RegistrationTest')
data.setCell(10, 3, 17856);
data.setCell(11, 0, 11)
data.setCell(11, 1, 'registerCustomer')
data.setCell(11, 2, 'com.cvs.qa.testcases.RegistrationTest')
data.setCell(11, 3, 16765);
data.setCell(12, 0, 12)
data.setCell(12, 1, 'verifySignU4DealsExcelDataTest')
data.setCell(12, 2, 'com.cvs.qa.testcases.SignUp4DealTest')
data.setCell(12, 3, 14708);
data.setCell(13, 0, 13)
data.setCell(13, 1, 'registerMultipleCustomer')
data.setCell(13, 2, 'com.cvs.qa.testcases.RegistrationTest')
data.setCell(13, 3, 14013);
data.setCell(14, 0, 14)
data.setCell(14, 1, 'registerMultipleCustomer')
data.setCell(14, 2, 'com.cvs.qa.testcases.RegistrationTest')
data.setCell(14, 3, 13738);
data.setCell(15, 0, 15)
data.setCell(15, 1, 'registerMultipleCustomer')
data.setCell(15, 2, 'com.cvs.qa.testcases.RegistrationTest')
data.setCell(15, 3, 13566);
data.setCell(16, 0, 16)
data.setCell(16, 1, 'registerMultipleCustomer')
data.setCell(16, 2, 'com.cvs.qa.testcases.RegistrationTest')
data.setCell(16, 3, 13477);
data.setCell(17, 0, 17)
data.setCell(17, 1, 'registerMultipleCustomer')
data.setCell(17, 2, 'com.cvs.qa.testcases.RegistrationTest')
data.setCell(17, 3, 13042);
data.setCell(18, 0, 18)
data.setCell(18, 1, 'registerMultipleCustomer')
data.setCell(18, 2, 'com.cvs.qa.testcases.RegistrationTest')
data.setCell(18, 3, 12840);
data.setCell(19, 0, 19)
data.setCell(19, 1, 'verifySignU4DealsExcelDataTest')
data.setCell(19, 2, 'com.cvs.qa.testcases.SignUp4DealTest')
data.setCell(19, 3, 12641);
data.setCell(20, 0, 20)
data.setCell(20, 1, 'verifySignU4DealsExcelDataTest')
data.setCell(20, 2, 'com.cvs.qa.testcases.SignUp4DealTest')
data.setCell(20, 3, 12007);
data.setCell(21, 0, 21)
data.setCell(21, 1, 'verifyClinicLocatorPageTitleTest')
data.setCell(21, 2, 'com.cvs.qa.testcases.MinuteClinicTest')
data.setCell(21, 3, 11589);
data.setCell(22, 0, 22)
data.setCell(22, 1, 'verifySignUp4DealsTest')
data.setCell(22, 2, 'com.cvs.qa.testcases.SignUp4DealTest')
data.setCell(22, 3, 11466);
data.setCell(23, 0, 23)
data.setCell(23, 1, 'verifySignU4DealsExcelDataTest')
data.setCell(23, 2, 'com.cvs.qa.testcases.SignUp4DealTest')
data.setCell(23, 3, 11003);
data.setCell(24, 0, 24)
data.setCell(24, 1, 'verifySignU4DealsExcelDataTest')
data.setCell(24, 2, 'com.cvs.qa.testcases.SignUp4DealTest')
data.setCell(24, 3, 10964);
data.setCell(25, 0, 25)
data.setCell(25, 1, 'verifyClinicLocatorPageTitleTest')
data.setCell(25, 2, 'com.cvs.qa.testcases.MinuteClinicTest')
data.setCell(25, 3, 10957);
data.setCell(26, 0, 26)
data.setCell(26, 1, 'verifyPhotoPageHomeTitleTest')
data.setCell(26, 2, 'com.cvs.qa.testcases.PhotoPageTest')
data.setCell(26, 3, 10954);
data.setCell(27, 0, 27)
data.setCell(27, 1, 'verifySignU4DealsExcelDataTest')
data.setCell(27, 2, 'com.cvs.qa.testcases.SignUp4DealTest')
data.setCell(27, 3, 10932);
data.setCell(28, 0, 28)
data.setCell(28, 1, 'verifyPhotoUploadTest')
data.setCell(28, 2, 'com.cvs.qa.testcases.PhotoPageTest')
data.setCell(28, 3, 10886);
data.setCell(29, 0, 29)
data.setCell(29, 1, 'verifySignU4DealsExcelDataTest')
data.setCell(29, 2, 'com.cvs.qa.testcases.SignUp4DealTest')
data.setCell(29, 3, 10474);
data.setCell(30, 0, 30)
data.setCell(30, 1, 'verifyPhotoUploadTest')
data.setCell(30, 2, 'com.cvs.qa.testcases.PhotoPageTest')
data.setCell(30, 3, 10250);
data.setCell(31, 0, 31)
data.setCell(31, 1, 'verifyPhotoPageHomeTitleTest')
data.setCell(31, 2, 'com.cvs.qa.testcases.PhotoPageTest')
data.setCell(31, 3, 9844);
data.setCell(32, 0, 32)
data.setCell(32, 1, 'verifyPhotoPageHomeTitleTest')
data.setCell(32, 2, 'com.cvs.qa.testcases.PhotoPageTest')
data.setCell(32, 3, 9473);
data.setCell(33, 0, 33)
data.setCell(33, 1, 'verifyPhotoPageHomeTitleTest')
data.setCell(33, 2, 'com.cvs.qa.testcases.PhotoPageTest')
data.setCell(33, 3, 9045);
data.setCell(34, 0, 34)
data.setCell(34, 1, 'verifyShopPageTitleTest')
data.setCell(34, 2, 'com.cvs.qa.testcases.ShopPageTest')
data.setCell(34, 3, 8855);
data.setCell(35, 0, 35)
data.setCell(35, 1, 'verifyStoreLocatorTest')
data.setCell(35, 2, 'com.cvs.qa.testcases.HomePageTest')
data.setCell(35, 3, 8500);
data.setCell(36, 0, 36)
data.setCell(36, 1, 'verifyStoreLocator24HrsStoreTest')
data.setCell(36, 2, 'com.cvs.qa.testcases.HomePageTest')
data.setCell(36, 3, 8048);
data.setCell(37, 0, 37)
data.setCell(37, 1, 'verifyShopNowPicLinkTest')
data.setCell(37, 2, 'com.cvs.qa.testcases.PhotoPageTest')
data.setCell(37, 3, 8010);
data.setCell(38, 0, 38)
data.setCell(38, 1, 'verifyAcuvueDefine30PKTest')
data.setCell(38, 2, 'com.cvs.qa.testcases.ContactLensesPageTest')
data.setCell(38, 3, 7763);
data.setCell(39, 0, 39)
data.setCell(39, 1, 'verifyZipCodeLocaterTest')
data.setCell(39, 2, 'com.cvs.qa.testcases.MinuteClinicTest')
data.setCell(39, 3, 6633);
data.setCell(40, 0, 40)
data.setCell(40, 1, 'verifyPhotoUploadTest')
data.setCell(40, 2, 'com.cvs.qa.testcases.PhotoPageTest')
data.setCell(40, 3, 6127);
data.setCell(41, 0, 41)
data.setCell(41, 1, 'verifyPhotoUploadTest')
data.setCell(41, 2, 'com.cvs.qa.testcases.PhotoPageTest')
data.setCell(41, 3, 5760);
data.setCell(42, 0, 42)
data.setCell(42, 1, 'verifyAddCSLW2CartTest')
data.setCell(42, 2, 'com.cvs.qa.testcases.ShopPageTest')
data.setCell(42, 3, 5518);
data.setCell(43, 0, 43)
data.setCell(43, 1, 'verifyClinicLocatorPageTitleTest')
data.setCell(43, 2, 'com.cvs.qa.testcases.MinuteClinicTest')
data.setCell(43, 3, 5211);
data.setCell(44, 0, 44)
data.setCell(44, 1, 'verifyClickonVitaminLink')
data.setCell(44, 2, 'com.cvs.qa.testcases.ShopPageTest')
data.setCell(44, 3, 5199);
data.setCell(45, 0, 45)
data.setCell(45, 1, 'verifyPhotoLinkTest')
data.setCell(45, 2, 'com.cvs.qa.testcases.HomePageTest')
data.setCell(45, 3, 5001);
data.setCell(46, 0, 46)
data.setCell(46, 1, 'verifyClickonShopAllCategoriesTest')
data.setCell(46, 2, 'com.cvs.qa.testcases.ShopPageTest')
data.setCell(46, 3, 4860);
data.setCell(47, 0, 47)
data.setCell(47, 1, 'verifyAcuvueDefine90PKTest')
data.setCell(47, 2, 'com.cvs.qa.testcases.ContactLensesPageTest')
data.setCell(47, 3, 4842);
data.setCell(48, 0, 48)
data.setCell(48, 1, 'verifyClinicLocatorPageTitleTest')
data.setCell(48, 2, 'com.cvs.qa.testcases.MinuteClinicTest')
data.setCell(48, 3, 4674);
data.setCell(49, 0, 49)
data.setCell(49, 1, 'veriyAirOptixBrandTest')
data.setCell(49, 2, 'com.cvs.qa.testcases.ContactLensesPageTest')
data.setCell(49, 3, 4551);
data.setCell(50, 0, 50)
data.setCell(50, 1, 'verifyPhotoPageTitleTest')
data.setCell(50, 2, 'com.cvs.qa.testcases.PhotoPageTest')
data.setCell(50, 3, 4251);
data.setCell(51, 0, 51)
data.setCell(51, 1, 'veriyLensTypeElementListTest')
data.setCell(51, 2, 'com.cvs.qa.testcases.ContactLensesPageTest')
data.setCell(51, 3, 4036);
data.setCell(52, 0, 52)
data.setCell(52, 1, 'verifyPharmacyLinkTest')
data.setCell(52, 2, 'com.cvs.qa.testcases.HomePageTest')
data.setCell(52, 3, 3989);
data.setCell(53, 0, 53)
data.setCell(53, 1, 'verifyMinuteClinicLinkTest')
data.setCell(53, 2, 'com.cvs.qa.testcases.HomePageTest')
data.setCell(53, 3, 3912);
data.setCell(54, 0, 54)
data.setCell(54, 1, 'veriyAirOptixAquaElementListTest')
data.setCell(54, 2, 'com.cvs.qa.testcases.ContactLensesPageTest')
data.setCell(54, 3, 2846);
data.setCell(55, 0, 55)
data.setCell(55, 1, 'veriyAirOptixBrandLabelClickTest')
data.setCell(55, 2, 'com.cvs.qa.testcases.ContactLensesPageTest')
data.setCell(55, 3, 2811);
data.setCell(56, 0, 56)
data.setCell(56, 1, 'verifyLogInExcelData')
data.setCell(56, 2, 'com.cvs.qa.testcases.LogInTest')
data.setCell(56, 3, 2780);
data.setCell(57, 0, 57)
data.setCell(57, 1, 'verifyTopPanelLogInTestExcelDataTest')
data.setCell(57, 2, 'com.cvs.qa.testcases.LogInTest')
data.setCell(57, 3, 2763);
data.setCell(58, 0, 58)
data.setCell(58, 1, 'verifyTopPanelLogInTest')
data.setCell(58, 2, 'com.cvs.qa.testcases.LogInTest')
data.setCell(58, 3, 2737);
data.setCell(59, 0, 59)
data.setCell(59, 1, 'verifyLogInTest')
data.setCell(59, 2, 'com.cvs.qa.testcases.LogInTest')
data.setCell(59, 3, 2708);
data.setCell(60, 0, 60)
data.setCell(60, 1, 'verifyLogInExcelData')
data.setCell(60, 2, 'com.cvs.qa.testcases.LogInTest')
data.setCell(60, 3, 2700);
data.setCell(61, 0, 61)
data.setCell(61, 1, 'verifyTopPanelLogInTestExcelDataTest')
data.setCell(61, 2, 'com.cvs.qa.testcases.LogInTest')
data.setCell(61, 3, 2693);
data.setCell(62, 0, 62)
data.setCell(62, 1, 'verifyRegistrationPageTitle')
data.setCell(62, 2, 'com.cvs.qa.testcases.RegistrationTest')
data.setCell(62, 3, 2672);
data.setCell(63, 0, 63)
data.setCell(63, 1, 'verifyTopPanelLogInTestExcelDataTest')
data.setCell(63, 2, 'com.cvs.qa.testcases.LogInTest')
data.setCell(63, 3, 2666);
data.setCell(64, 0, 64)
data.setCell(64, 1, 'verifyLogInExcelData')
data.setCell(64, 2, 'com.cvs.qa.testcases.LogInTest')
data.setCell(64, 3, 2662);
data.setCell(65, 0, 65)
data.setCell(65, 1, 'verifyExtraCareShoppingCartTest')
data.setCell(65, 2, 'com.cvs.qa.testcases.ExtraCareTest')
data.setCell(65, 3, 2617);
data.setCell(66, 0, 66)
data.setCell(66, 1, 'veriyLensTypeTest')
data.setCell(66, 2, 'com.cvs.qa.testcases.ContactLensesPageTest')
data.setCell(66, 3, 2579);
data.setCell(67, 0, 67)
data.setCell(67, 1, 'verifyShopPageLinkTest')
data.setCell(67, 2, 'com.cvs.qa.testcases.ShopPageTest')
data.setCell(67, 3, 2369);
data.setCell(68, 0, 68)
data.setCell(68, 1, 'veriyAirOptixBrandMouseHoverTest')
data.setCell(68, 2, 'com.cvs.qa.testcases.ContactLensesPageTest')
data.setCell(68, 3, 2237);
data.setCell(69, 0, 69)
data.setCell(69, 1, 'verifyShopLinkTest')
data.setCell(69, 2, 'com.cvs.qa.testcases.HomePageTest')
data.setCell(69, 3, 2186);
data.setCell(70, 0, 70)
data.setCell(70, 1, 'verifyContactLensesTest')
data.setCell(70, 2, 'com.cvs.qa.testcases.HomePageTest')
data.setCell(70, 3, 2161);
data.setCell(71, 0, 71)
data.setCell(71, 1, 'verifyDropDownMenuContactLensBrandsTest')
data.setCell(71, 2, 'com.cvs.qa.testcases.ContactLensesPageTest')
data.setCell(71, 3, 2154);
data.setCell(72, 0, 72)
data.setCell(72, 1, 'veriyContactLensesPageTitleTest')
data.setCell(72, 2, 'com.cvs.qa.testcases.ContactLensesPageTest')
data.setCell(72, 3, 1957);
data.setCell(73, 0, 73)
data.setCell(73, 1, 'verifyPageTitleTest')
data.setCell(73, 2, 'com.cvs.qa.testcases.SignUp4DealTest')
data.setCell(73, 3, 1796);
data.setCell(74, 0, 74)
data.setCell(74, 1, 'verifyPageTitleTest')
data.setCell(74, 2, 'com.cvs.qa.testcases.SignUp4DealTest')
data.setCell(74, 3, 1692);
data.setCell(75, 0, 75)
data.setCell(75, 1, 'verifyExtraCarePageTitleTest')
data.setCell(75, 2, 'com.cvs.qa.testcases.ExtraCareTest')
data.setCell(75, 3, 1186);
data.setCell(76, 0, 76)
data.setCell(76, 1, 'verifyExtraCareLinkTest')
data.setCell(76, 2, 'com.cvs.qa.testcases.HomePageTest')
data.setCell(76, 3, 996);
data.setCell(77, 0, 77)
data.setCell(77, 1, 'verifyHomePageTitleTest')
data.setCell(77, 2, 'com.cvs.qa.testcases.HomePageTest')
data.setCell(77, 3, 209);
data.setCell(78, 0, 78)
data.setCell(78, 1, 'verifySearchBoxTest')
data.setCell(78, 2, 'com.cvs.qa.testcases.HomePageTest')
data.setCell(78, 3, 205);
data.setCell(79, 0, 79)
data.setCell(79, 1, 'verifyHomePageLogoTest')
data.setCell(79, 2, 'com.cvs.qa.testcases.HomePageTest')
data.setCell(79, 3, 64);
data.setCell(80, 0, 80)
data.setCell(80, 1, 'verifyTransferingRX2CVS')
data.setCell(80, 2, 'com.cvs.qa.testcases.PharmacyTest')
data.setCell(80, 3, 0);
window.suiteTableData['CVS_Pharmacy_Application_Test_Automation_Test_Suite']= { tableData: data, tableDiv: 'times-div-CVS_Pharmacy_Application_Test_Automation_Test_Suite'}
return data;
}
              </script>
              <span class="suite-total-time">Total running time: 12 minutes</span>
              <div id="times-div-CVS_Pharmacy_Application_Test_Automation_Test_Suite">
              </div> <!-- times-div-CVS_Pharmacy_Application_Test_Automation_Test_Suite -->
            </div> <!-- times-div -->
          </div> <!-- main-panel-content rounded-window-bottom -->
        </div> <!-- panel -->
        <div panel-name="reporter-CVS_Pharmacy_Application_Test_Automation_Test_Suite" class="panel">
          <div class="main-panel-header rounded-window-top">
            <span class="header-content">Reporter output for CVS Pharmacy Application Test Automation Test Suite</span>
          </div> <!-- main-panel-header rounded-window-top -->
          <div class="main-panel-content rounded-window-bottom">
          </div> <!-- main-panel-content rounded-window-bottom -->
        </div> <!-- panel -->
        <div panel-name="ignored-methods-CVS_Pharmacy_Application_Test_Automation_Test_Suite" class="panel">
          <div class="main-panel-header rounded-window-top">
            <span class="header-content">0 ignored methods</span>
          </div> <!-- main-panel-header rounded-window-top -->
          <div class="main-panel-content rounded-window-bottom">
          </div> <!-- main-panel-content rounded-window-bottom -->
        </div> <!-- panel -->
        <div panel-name="chronological-CVS_Pharmacy_Application_Test_Automation_Test_Suite" class="panel">
          <div class="main-panel-header rounded-window-top">
            <span class="header-content">Methods in chronological order</span>
          </div> <!-- main-panel-header rounded-window-top -->
          <div class="main-panel-content rounded-window-bottom">
            <div class="chronological-class">
              <div class="chronological-class-name">com.cvs.qa.testcases.HomePageTest</div> <!-- chronological-class-name -->
              <div class="configuration-method before">
                <span class="method-name">setUp</span>
                <span class="method-start">0 ms</span>
              </div> <!-- configuration-method before -->
              <div class="test-method">
                <span class="method-name">verifyHomePageTitleTest</span>
                <span class="method-start">5981 ms</span>
              </div> <!-- test-method -->
              <div class="configuration-method after">
                <span class="method-name">tearDown</span>
                <span class="method-start">6191 ms</span>
              </div> <!-- configuration-method after -->
              <div class="configuration-method before">
                <span class="method-name">setUp</span>
                <span class="method-start">7529 ms</span>
              </div> <!-- configuration-method before -->
              <div class="test-method">
                <span class="method-name">verifyHomePageLogoTest</span>
                <span class="method-start">12631 ms</span>
              </div> <!-- test-method -->
              <div class="configuration-method after">
                <span class="method-name">tearDown</span>
                <span class="method-start">12695 ms</span>
              </div> <!-- configuration-method after -->
              <div class="configuration-method before">
                <span class="method-name">setUp</span>
                <span class="method-start">13549 ms</span>
              </div> <!-- configuration-method before -->
              <div class="test-method">
                <span class="method-name">verifySearchBoxTest</span>
                <span class="method-start">18451 ms</span>
              </div> <!-- test-method -->
              <div class="configuration-method after">
                <span class="method-name">tearDown</span>
                <span class="method-start">18657 ms</span>
              </div> <!-- configuration-method after -->
              <div class="configuration-method before">
                <span class="method-name">setUp</span>
                <span class="method-start">19623 ms</span>
              </div> <!-- configuration-method before -->
              <div class="test-method">
                <span class="method-name">verifyPharmacyLinkTest</span>
                <span class="method-start">24466 ms</span>
              </div> <!-- test-method -->
              <div class="configuration-method after">
                <span class="method-name">tearDown</span>
                <span class="method-start">28455 ms</span>
              </div> <!-- configuration-method after -->
              <div class="configuration-method before">
                <span class="method-name">setUp</span>
                <span class="method-start">29520 ms</span>
              </div> <!-- configuration-method before -->
              <div class="test-method">
                <span class="method-name">verifyMinuteClinicLinkTest</span>
                <span class="method-start">34408 ms</span>
              </div> <!-- test-method -->
              <div class="configuration-method after">
                <span class="method-name">tearDown</span>
                <span class="method-start">38321 ms</span>
              </div> <!-- configuration-method after -->
              <div class="configuration-method before">
                <span class="method-name">setUp</span>
                <span class="method-start">39324 ms</span>
              </div> <!-- configuration-method before -->
              <div class="test-method">
                <span class="method-name">verifyShopLinkTest</span>
                <span class="method-start">44283 ms</span>
              </div> <!-- test-method -->
              <div class="configuration-method after">
                <span class="method-name">tearDown</span>
                <span class="method-start">46469 ms</span>
              </div> <!-- configuration-method after -->
              <div class="configuration-method before">
                <span class="method-name">setUp</span>
                <span class="method-start">47433 ms</span>
              </div> <!-- configuration-method before -->
              <div class="test-method">
                <span class="method-name">verifyExtraCareLinkTest</span>
                <span class="method-start">52430 ms</span>
              </div> <!-- test-method -->
              <div class="configuration-method after">
                <span class="method-name">tearDown</span>
                <span class="method-start">53427 ms</span>
              </div> <!-- configuration-method after -->
              <div class="configuration-method before">
                <span class="method-name">setUp</span>
                <span class="method-start">54463 ms</span>
              </div> <!-- configuration-method before -->
              <div class="test-method">
                <span class="method-name">verifyContactLensesTest</span>
                <span class="method-start">60347 ms</span>
              </div> <!-- test-method -->
              <div class="configuration-method after">
                <span class="method-name">tearDown</span>
                <span class="method-start">62509 ms</span>
              </div> <!-- configuration-method after -->
              <div class="configuration-method before">
                <span class="method-name">setUp</span>
                <span class="method-start">63421 ms</span>
              </div> <!-- configuration-method before -->
              <div class="test-method">
                <span class="method-name">verifyPhotoLinkTest</span>
                <span class="method-start">69267 ms</span>
              </div> <!-- test-method -->
              <div class="configuration-method after">
                <span class="method-name">tearDown</span>
                <span class="method-start">74268 ms</span>
              </div> <!-- configuration-method after -->
              <div class="configuration-method before">
                <span class="method-name">setUp</span>
                <span class="method-start">75376 ms</span>
              </div> <!-- configuration-method before -->
              <div class="test-method">
                <span class="method-name">verifyStoreLocatorTest</span>
                <span class="method-start">80182 ms</span>
              </div> <!-- test-method -->
              <div class="configuration-method after">
                <span class="method-name">tearDown</span>
                <span class="method-start">88682 ms</span>
              </div> <!-- configuration-method after -->
              <div class="configuration-method before">
                <span class="method-name">setUp</span>
                <span class="method-start">89746 ms</span>
              </div> <!-- configuration-method before -->
              <div class="test-method">
                <span class="method-name">verifyStoreLocator24HrsStoreTest</span>
                <span class="method-start">94493 ms</span>
              </div> <!-- test-method -->
              <div class="configuration-method after">
                <span class="method-name">tearDown</span>
                <span class="method-start">102541 ms</span>
              </div> <!-- configuration-method after -->
            </div> <!-- chronological-class -->
            <div class="chronological-class">
              <div class="chronological-class-name">com.cvs.qa.testcases.LogInTest</div> <!-- chronological-class-name -->
              <div class="configuration-method before">
                <span class="method-name">setUp</span>
                <span class="method-start">104238 ms</span>
              </div> <!-- configuration-method before -->
              <div class="test-method">
                <span class="method-name">verifyLogInExcelData(shuwaibliaquat@hotmail.com, hhb12345)</span>
                <span class="method-start">109334 ms</span>
              </div> <!-- test-method -->
              <div class="configuration-method after">
                <span class="method-name">tearDown</span>
                <span class="method-start">112115 ms</span>
              </div> <!-- configuration-method after -->
              <div class="configuration-method before">
                <span class="method-name">setUp</span>
                <span class="method-start">114550 ms</span>
              </div> <!-- configuration-method before -->
              <div class="test-method">
                <span class="method-name">verifyLogInExcelData(shuwaibliaquat@ymail.com, truelove12345)</span>
                <span class="method-start">119590 ms</span>
              </div> <!-- test-method -->
              <div class="configuration-method after">
                <span class="method-name">tearDown</span>
                <span class="method-start">122290 ms</span>
              </div> <!-- configuration-method after -->
              <div class="configuration-method before">
                <span class="method-name">setUp</span>
                <span class="method-start">123237 ms</span>
              </div> <!-- configuration-method before -->
              <div class="test-method">
                <span class="method-name">verifyLogInExcelData(nishat055@gmail.com, apple123456)</span>
                <span class="method-start">128274 ms</span>
              </div> <!-- test-method -->
              <div class="configuration-method after">
                <span class="method-name">tearDown</span>
                <span class="method-start">130937 ms</span>
              </div> <!-- configuration-method after -->
              <div class="configuration-method before">
                <span class="method-name">setUp</span>
                <span class="method-start">131927 ms</span>
              </div> <!-- configuration-method before -->
              <div class="test-method">
                <span class="method-name">verifyLogInTest</span>
                <span class="method-start">136891 ms</span>
              </div> <!-- test-method -->
              <div class="configuration-method after">
                <span class="method-name">tearDown</span>
                <span class="method-start">139599 ms</span>
              </div> <!-- configuration-method after -->
              <div class="configuration-method before">
                <span class="method-name">setUp</span>
                <span class="method-start">141989 ms</span>
              </div> <!-- configuration-method before -->
              <div class="test-method">
                <span class="method-name">verifyTopPanelLogInTestExcelDataTest(shuwaibliaquat@hotmail.com, hhb12345)</span>
                <span class="method-start">153097 ms</span>
              </div> <!-- test-method -->
              <div class="configuration-method after">
                <span class="method-name">tearDown</span>
                <span class="method-start">155860 ms</span>
              </div> <!-- configuration-method after -->
              <div class="configuration-method before">
                <span class="method-name">setUp</span>
                <span class="method-start">158298 ms</span>
              </div> <!-- configuration-method before -->
              <div class="test-method">
                <span class="method-name">verifyTopPanelLogInTestExcelDataTest(shuwaibliaquat@ymail.com, truelove12345)</span>
                <span class="method-start">163237 ms</span>
              </div> <!-- test-method -->
              <div class="configuration-method after">
                <span class="method-name">tearDown</span>
                <span class="method-start">165903 ms</span>
              </div> <!-- configuration-method after -->
              <div class="configuration-method before">
                <span class="method-name">setUp</span>
                <span class="method-start">166874 ms</span>
              </div> <!-- configuration-method before -->
              <div class="test-method">
                <span class="method-name">verifyTopPanelLogInTestExcelDataTest(nishat055@gmail.com, apple123456)</span>
                <span class="method-start">171942 ms</span>
              </div> <!-- test-method -->
              <div class="configuration-method after">
                <span class="method-name">tearDown</span>
                <span class="method-start">174635 ms</span>
              </div> <!-- configuration-method after -->
              <div class="configuration-method before">
                <span class="method-name">setUp</span>
                <span class="method-start">175583 ms</span>
              </div> <!-- configuration-method before -->
              <div class="test-method">
                <span class="method-name">verifyTopPanelLogInTest</span>
                <span class="method-start">180544 ms</span>
              </div> <!-- test-method -->
              <div class="configuration-method after">
                <span class="method-name">tearDown</span>
                <span class="method-start">183281 ms</span>
              </div> <!-- configuration-method after -->
            </div> <!-- chronological-class -->
            <div class="chronological-class">
              <div class="chronological-class-name">com.cvs.qa.testcases.RegistrationTest</div> <!-- chronological-class-name -->
              <div class="configuration-method before">
                <span class="method-name">setUp</span>
                <span class="method-start">185779 ms</span>
              </div> <!-- configuration-method before -->
              <div class="test-method">
                <span class="method-name">verifyRegistrationPageTitle</span>
                <span class="method-start">190837 ms</span>
              </div> <!-- test-method -->
              <div class="configuration-method after">
                <span class="method-name">tearDown</span>
                <span class="method-start">193509 ms</span>
              </div> <!-- configuration-method after -->
              <div class="configuration-method before">
                <span class="method-name">setUp</span>
                <span class="method-start">194539 ms</span>
              </div> <!-- configuration-method before -->
              <div class="test-method">
                <span class="method-name">registerCustomer</span>
                <span class="method-start">199553 ms</span>
              </div> <!-- test-method -->
              <div class="configuration-method after">
                <span class="method-name">tearDown</span>
                <span class="method-start">216319 ms</span>
              </div> <!-- configuration-method after -->
              <div class="configuration-method before">
                <span class="method-name">setUp</span>
                <span class="method-start">217378 ms</span>
              </div> <!-- configuration-method before -->
              <div class="test-method">
                <span class="method-name">registerMultipleCustomer(Shuwaib, Liaquat, shuwaibliaquat12@hotmail.com, Apple12345, Apple12345, Krish, 111 Wayne Ave, 1st, P...)</span>
                <span class="method-start">222219 ms</span>
              </div> <!-- test-method -->
              <div class="configuration-method after">
                <span class="method-name">tearDown</span>
                <span class="method-start">235958 ms</span>
              </div> <!-- configuration-method after -->
              <div class="configuration-method before">
                <span class="method-name">setUp</span>
                <span class="method-start">236986 ms</span>
              </div> <!-- configuration-method before -->
              <div class="test-method">
                <span class="method-name">registerMultipleCustomer(Naushad, Chowdhury, shuwaibliaquat123@hotmail.com, Apple12346, Apple12346, Shabana, 112 Wayne Ave, 2...)</span>
                <span class="method-start">243970 ms</span>
              </div> <!-- test-method -->
              <div class="configuration-method after">
                <span class="method-name">tearDown</span>
                <span class="method-start">257983 ms</span>
              </div> <!-- configuration-method after -->
              <div class="configuration-method before">
                <span class="method-name">setUp</span>
                <span class="method-start">259165 ms</span>
              </div> <!-- configuration-method before -->
              <div class="test-method">
                <span class="method-name">registerMultipleCustomer(Linie, Liaquat, shuwaibliaquat56@hotmail.com, Apple12347, Apple12347, yahoo, 113 Wayne Ave, 3rd, Woo...)</span>
                <span class="method-start">265495 ms</span>
              </div> <!-- test-method -->
              <div class="configuration-method after">
                <span class="method-name">tearDown</span>
                <span class="method-start">278973 ms</span>
              </div> <!-- configuration-method after -->
              <div class="configuration-method before">
                <span class="method-name">setUp</span>
                <span class="method-start">280014 ms</span>
              </div> <!-- configuration-method before -->
              <div class="test-method">
                <span class="method-name">registerMultipleCustomer(Muhith, Mahmood, shuwaibliaquat1@hotmail.com, Apple12348, Apple12348, hotmail, 114 Wayne Ave, 4th, P...)</span>
                <span class="method-start">284703 ms</span>
              </div> <!-- test-method -->
              <div class="configuration-method after">
                <span class="method-name">tearDown</span>
                <span class="method-start">298270 ms</span>
              </div> <!-- configuration-method after -->
              <div class="configuration-method before">
                <span class="method-name">setUp</span>
                <span class="method-start">299271 ms</span>
              </div> <!-- configuration-method before -->
              <div class="test-method">
                <span class="method-name">registerMultipleCustomer(Rafquat, Hossain, shuwaibliaquat59@hotmail.com, Apple12349, Apple12349, google, 115 Wayne Ave, 5th, ...)</span>
                <span class="method-start">304202 ms</span>
              </div> <!-- test-method -->
              <div class="configuration-method after">
                <span class="method-name">tearDown</span>
                <span class="method-start">327261 ms</span>
              </div> <!-- configuration-method after -->
              <div class="configuration-method before">
                <span class="method-name">setUp</span>
                <span class="method-start">328250 ms</span>
              </div> <!-- configuration-method before -->
              <div class="test-method">
                <span class="method-name">registerMultipleCustomer(Rafquat, Hossain, shuwaibliaquat59@hotmail.com, Apple12349, Apple12349, google, 115 Wayne Ave, 5th, ...)</span>
                <span class="method-start">333219 ms</span>
              </div> <!-- test-method -->
              <div class="configuration-method after">
                <span class="method-name">tearDown</span>
                <span class="method-start">351075 ms</span>
              </div> <!-- configuration-method after -->
              <div class="configuration-method before">
                <span class="method-name">setUp</span>
                <span class="method-start">352139 ms</span>
              </div> <!-- configuration-method before -->
              <div class="test-method">
                <span class="method-name">registerMultipleCustomer(Adnan, Liaquat, shuwaibliaquat100@hotmail.com, Apple12350, Apple12350, tommy, 116 Wayne Ave, 6th, Tr...)</span>
                <span class="method-start">357298 ms</span>
              </div> <!-- test-method -->
              <div class="configuration-method after">
                <span class="method-name">tearDown</span>
                <span class="method-start">370341 ms</span>
              </div> <!-- configuration-method after -->
              <div class="configuration-method before">
                <span class="method-name">setUp</span>
                <span class="method-start">371407 ms</span>
              </div> <!-- configuration-method before -->
              <div class="test-method">
                <span class="method-name">registerMultipleCustomer(Nishat, Chowdhury, nishat0598@gmail.com, Apple555, Apple555, Tia, 12 Elk St, 7th, Lincoln Park, MI, ...)</span>
                <span class="method-start">376351 ms</span>
              </div> <!-- test-method -->
              <div class="configuration-method after">
                <span class="method-name">tearDown</span>
                <span class="method-start">389191 ms</span>
              </div> <!-- configuration-method after -->
            </div> <!-- chronological-class -->
            <div class="chronological-class">
              <div class="chronological-class-name">com.cvs.qa.testcases.MinuteClinicTest</div> <!-- chronological-class-name -->
              <div class="configuration-method before">
                <span class="method-name">setUp</span>
                <span class="method-start">390312 ms</span>
              </div> <!-- configuration-method before -->
              <div class="test-method">
                <span class="method-name">verifyMinuteClinicPageTitleTest</span>
                <span class="method-start">397434 ms</span>
              </div> <!-- test-method -->
              <div class="configuration-method after">
                <span class="method-name">tearDown</span>
                <span class="method-start">422094 ms</span>
              </div> <!-- configuration-method after -->
              <div class="configuration-method before">
                <span class="method-name">setUp</span>
                <span class="method-start">422989 ms</span>
              </div> <!-- configuration-method before -->
              <div class="test-method">
                <span class="method-name">verifyZipCodeLocaterTest</span>
                <span class="method-start">428148 ms</span>
              </div> <!-- test-method -->
              <div class="configuration-method after">
                <span class="method-name">tearDown</span>
                <span class="method-start">434781 ms</span>
              </div> <!-- configuration-method after -->
              <div class="configuration-method before">
                <span class="method-name">setUp</span>
                <span class="method-start">436077 ms</span>
              </div> <!-- configuration-method before -->
              <div class="test-method">
                <span class="method-name">verifyClinicLocatorPageTitleTest</span>
                <span class="method-start">440923 ms</span>
              </div> <!-- test-method -->
              <div class="configuration-method after">
                <span class="method-name">tearDown</span>
                <span class="method-start">446134 ms</span>
              </div> <!-- configuration-method after -->
              <div class="configuration-method before">
                <span class="method-name">setUp</span>
                <span class="method-start">447316 ms</span>
              </div> <!-- configuration-method before -->
              <div class="test-method">
                <span class="method-name">verifyClinicLocatorPageTitleTest</span>
                <span class="method-start">454308 ms</span>
              </div> <!-- test-method -->
              <div class="configuration-method after">
                <span class="method-name">tearDown</span>
                <span class="method-start">465898 ms</span>
              </div> <!-- configuration-method after -->
              <div class="configuration-method before">
                <span class="method-name">setUp</span>
                <span class="method-start">466773 ms</span>
              </div> <!-- configuration-method before -->
              <div class="test-method">
                <span class="method-name">verifyClinicLocatorPageTitleTest</span>
                <span class="method-start">471926 ms</span>
              </div> <!-- test-method -->
              <div class="configuration-method after">
                <span class="method-name">tearDown</span>
                <span class="method-start">482884 ms</span>
              </div> <!-- configuration-method after -->
              <div class="configuration-method before">
                <span class="method-name">setUp</span>
                <span class="method-start">483771 ms</span>
              </div> <!-- configuration-method before -->
              <div class="test-method">
                <img src="failed.png">
                </img>
                <span class="method-name">verifyClinicLocatorPageTitleTest</span>
                <span class="method-start">488991 ms</span>
              </div> <!-- test-method -->
              <div class="configuration-method after">
                <span class="method-name">tearDown</span>
                <span class="method-start">493672 ms</span>
              </div> <!-- configuration-method after -->
            </div> <!-- chronological-class -->
            <div class="chronological-class">
              <div class="chronological-class-name">com.cvs.qa.testcases.ContactLensesPageTest</div> <!-- chronological-class-name -->
              <div class="configuration-method before">
                <span class="method-name">setup</span>
                <span class="method-start">494603 ms</span>
              </div> <!-- configuration-method before -->
              <div class="test-method">
                <span class="method-name">veriyContactLensesPageTitleTest</span>
                <span class="method-start">499614 ms</span>
              </div> <!-- test-method -->
              <div class="configuration-method after">
                <span class="method-name">tearDown</span>
                <span class="method-start">501571 ms</span>
              </div> <!-- configuration-method after -->
              <div class="configuration-method before">
                <span class="method-name">setup</span>
                <span class="method-start">502381 ms</span>
              </div> <!-- configuration-method before -->
              <div class="test-method">
                <span class="method-name">verifyDropDownMenuContactLensBrandsTest</span>
                <span class="method-start">507869 ms</span>
              </div> <!-- test-method -->
              <div class="configuration-method after">
                <span class="method-name">tearDown</span>
                <span class="method-start">510023 ms</span>
              </div> <!-- configuration-method after -->
              <div class="configuration-method before">
                <span class="method-name">setup</span>
                <span class="method-start">510870 ms</span>
              </div> <!-- configuration-method before -->
              <div class="test-method">
                <span class="method-name">verifyAcuvueDefine30PKTest</span>
                <span class="method-start">515950 ms</span>
              </div> <!-- test-method -->
              <div class="configuration-method after">
                <span class="method-name">tearDown</span>
                <span class="method-start">523713 ms</span>
              </div> <!-- configuration-method after -->
              <div class="configuration-method before">
                <span class="method-name">setup</span>
                <span class="method-start">524539 ms</span>
              </div> <!-- configuration-method before -->
              <div class="test-method">
                <span class="method-name">verifyAcuvueDefine90PKTest</span>
                <span class="method-start">529448 ms</span>
              </div> <!-- test-method -->
              <div class="configuration-method after">
                <span class="method-name">tearDown</span>
                <span class="method-start">534290 ms</span>
              </div> <!-- configuration-method after -->
              <div class="configuration-method before">
                <span class="method-name">setup</span>
                <span class="method-start">535123 ms</span>
              </div> <!-- configuration-method before -->
              <div class="test-method">
                <span class="method-name">veriyAirOptixBrandTest</span>
                <span class="method-start">540129 ms</span>
              </div> <!-- test-method -->
              <div class="configuration-method after">
                <span class="method-name">tearDown</span>
                <span class="method-start">544680 ms</span>
              </div> <!-- configuration-method after -->
              <div class="configuration-method before">
                <span class="method-name">setup</span>
                <span class="method-start">545530 ms</span>
              </div> <!-- configuration-method before -->
              <div class="test-method">
                <span class="method-name">veriyAirOptixBrandMouseHoverTest</span>
                <span class="method-start">550451 ms</span>
              </div> <!-- test-method -->
              <div class="configuration-method after">
                <span class="method-name">tearDown</span>
                <span class="method-start">552688 ms</span>
              </div> <!-- configuration-method after -->
              <div class="configuration-method before">
                <span class="method-name">setup</span>
                <span class="method-start">553487 ms</span>
              </div> <!-- configuration-method before -->
              <div class="test-method">
                <span class="method-name">veriyAcuvueElementListTest</span>
                <span class="method-start">558531 ms</span>
              </div> <!-- test-method -->
              <div class="configuration-method after">
                <span class="method-name">tearDown</span>
                <span class="method-start">598487 ms</span>
              </div> <!-- configuration-method after -->
              <div class="configuration-method before">
                <span class="method-name">setup</span>
                <span class="method-start">599221 ms</span>
              </div> <!-- configuration-method before -->
              <div class="test-method">
                <span class="method-name">veriyAirOptixAquaElementListTest</span>
                <span class="method-start">604074 ms</span>
              </div> <!-- test-method -->
              <div class="configuration-method after">
                <span class="method-name">tearDown</span>
                <span class="method-start">606920 ms</span>
              </div> <!-- configuration-method after -->
              <div class="configuration-method before">
                <span class="method-name">setup</span>
                <span class="method-start">607724 ms</span>
              </div> <!-- configuration-method before -->
              <div class="test-method">
                <span class="method-name">veriyAirOptixBrandLabelClickTest</span>
                <span class="method-start">612868 ms</span>
              </div> <!-- test-method -->
              <div class="configuration-method after">
                <span class="method-name">tearDown</span>
                <span class="method-start">615679 ms</span>
              </div> <!-- configuration-method after -->
              <div class="configuration-method before">
                <span class="method-name">setup</span>
                <span class="method-start">616544 ms</span>
              </div> <!-- configuration-method before -->
              <div class="test-method">
                <span class="method-name">veriyLensTypeTest</span>
                <span class="method-start">621551 ms</span>
              </div> <!-- test-method -->
              <div class="configuration-method after">
                <span class="method-name">tearDown</span>
                <span class="method-start">624130 ms</span>
              </div> <!-- configuration-method after -->
              <div class="configuration-method before">
                <span class="method-name">setup</span>
                <span class="method-start">624982 ms</span>
              </div> <!-- configuration-method before -->
              <div class="test-method">
                <span class="method-name">veriyLensTypeElementListTest</span>
                <span class="method-start">629986 ms</span>
              </div> <!-- test-method -->
              <div class="configuration-method after">
                <span class="method-name">tearDown</span>
                <span class="method-start">634022 ms</span>
              </div> <!-- configuration-method after -->
            </div> <!-- chronological-class -->
            <div class="chronological-class">
              <div class="chronological-class-name">com.cvs.qa.testcases.ExtraCareTest</div> <!-- chronological-class-name -->
              <div class="configuration-method before">
                <span class="method-name">setUp</span>
                <span class="method-start">634806 ms</span>
              </div> <!-- configuration-method before -->
              <div class="test-method">
                <span class="method-name">verifyExtraCarePageTitleTest</span>
                <span class="method-start">639745 ms</span>
              </div> <!-- test-method -->
              <div class="configuration-method after">
                <span class="method-name">tearDown</span>
                <span class="method-start">640931 ms</span>
              </div> <!-- configuration-method after -->
              <div class="configuration-method before">
                <span class="method-name">setUp</span>
                <span class="method-start">641744 ms</span>
              </div> <!-- configuration-method before -->
              <div class="test-method">
                <span class="method-name">verifyExtraCareSignInTest</span>
                <span class="method-start">646588 ms</span>
              </div> <!-- test-method -->
              <div class="configuration-method after">
                <span class="method-name">tearDown</span>
                <span class="method-start">673509 ms</span>
              </div> <!-- configuration-method after -->
              <div class="configuration-method before">
                <span class="method-name">setUp</span>
                <span class="method-start">674411 ms</span>
              </div> <!-- configuration-method before -->
              <div class="test-method">
                <span class="method-name">verifyExtraCareSignInTest</span>
                <span class="method-start">679478 ms</span>
              </div> <!-- test-method -->
              <div class="configuration-method after">
                <span class="method-name">tearDown</span>
                <span class="method-start">706698 ms</span>
              </div> <!-- configuration-method after -->
              <div class="configuration-method before">
                <span class="method-name">setUp</span>
                <span class="method-start">707608 ms</span>
              </div> <!-- configuration-method before -->
              <div class="test-method">
                <span class="method-name">verifyExtraCareSignInTest</span>
                <span class="method-start">713112 ms</span>
              </div> <!-- test-method -->
              <div class="configuration-method after">
                <span class="method-name">tearDown</span>
                <span class="method-start">740473 ms</span>
              </div> <!-- configuration-method after -->
              <div class="configuration-method before">
                <span class="method-name">setUp</span>
                <span class="method-start">741383 ms</span>
              </div> <!-- configuration-method before -->
              <div class="test-method">
                <img src="failed.png">
                </img>
                <span class="method-name">verifyExtraCareSignInTest</span>
                <span class="method-start">746356 ms</span>
              </div> <!-- test-method -->
              <div class="configuration-method after">
                <span class="method-name">tearDown</span>
                <span class="method-start">773650 ms</span>
              </div> <!-- configuration-method after -->
              <div class="configuration-method before">
                <span class="method-name">setUp</span>
                <span class="method-start">774589 ms</span>
              </div> <!-- configuration-method before -->
              <div class="test-method">
                <span class="method-name">verifyExtraCareShoppingCartTest</span>
                <span class="method-start">779637 ms</span>
              </div> <!-- test-method -->
              <div class="configuration-method after">
                <span class="method-name">tearDown</span>
                <span class="method-start">782254 ms</span>
              </div> <!-- configuration-method after -->
            </div> <!-- chronological-class -->
            <div class="chronological-class">
              <div class="chronological-class-name">com.cvs.qa.testcases.PhotoPageTest</div> <!-- chronological-class-name -->
              <div class="configuration-method before">
                <span class="method-name">setUp</span>
                <span class="method-start">783178 ms</span>
              </div> <!-- configuration-method before -->
              <div class="test-method">
                <span class="method-name">verifyPhotoUploadTest</span>
                <span class="method-start">788214 ms</span>
              </div> <!-- test-method -->
              <div class="configuration-method after">
                <span class="method-name">tearDown</span>
                <span class="method-start">799100 ms</span>
              </div> <!-- configuration-method after -->
              <div class="configuration-method before">
                <span class="method-name">setUp</span>
                <span class="method-start">800150 ms</span>
              </div> <!-- configuration-method before -->
              <div class="test-method">
                <span class="method-name">verifyPhotoUploadTest</span>
                <span class="method-start">805295 ms</span>
              </div> <!-- test-method -->
              <div class="configuration-method after">
                <span class="method-name">tearDown</span>
                <span class="method-start">811055 ms</span>
              </div> <!-- configuration-method after -->
              <div class="configuration-method before">
                <span class="method-name">setUp</span>
                <span class="method-start">812078 ms</span>
              </div> <!-- configuration-method before -->
              <div class="test-method">
                <span class="method-name">verifyPhotoUploadTest</span>
                <span class="method-start">817201 ms</span>
              </div> <!-- test-method -->
              <div class="configuration-method after">
                <span class="method-name">tearDown</span>
                <span class="method-start">827452 ms</span>
              </div> <!-- configuration-method after -->
              <div class="configuration-method before">
                <span class="method-name">setUp</span>
                <span class="method-start">828535 ms</span>
              </div> <!-- configuration-method before -->
              <div class="test-method">
                <img src="failed.png">
                </img>
                <span class="method-name">verifyPhotoUploadTest</span>
                <span class="method-start">833502 ms</span>
              </div> <!-- test-method -->
              <div class="configuration-method after">
                <span class="method-name">tearDown</span>
                <span class="method-start">839629 ms</span>
              </div> <!-- configuration-method after -->
              <div class="configuration-method before">
                <span class="method-name">setUp</span>
                <span class="method-start">840644 ms</span>
              </div> <!-- configuration-method before -->
              <div class="test-method">
                <span class="method-name">verifyPhotoPageTitleTest</span>
                <span class="method-start">845595 ms</span>
              </div> <!-- test-method -->
              <div class="configuration-method after">
                <span class="method-name">tearDown</span>
                <span class="method-start">849846 ms</span>
              </div> <!-- configuration-method after -->
              <div class="configuration-method before">
                <span class="method-name">setUp</span>
                <span class="method-start">850836 ms</span>
              </div> <!-- configuration-method before -->
              <div class="test-method">
                <span class="method-name">verifyShopNowPicLinkTest</span>
                <span class="method-start">855943 ms</span>
              </div> <!-- test-method -->
              <div class="configuration-method after">
                <span class="method-name">tearDown</span>
                <span class="method-start">863953 ms</span>
              </div> <!-- configuration-method after -->
              <div class="configuration-method before">
                <span class="method-name">setUp</span>
                <span class="method-start">865026 ms</span>
              </div> <!-- configuration-method before -->
              <div class="test-method">
                <span class="method-name">verifyPhotoPageHomeTitleTest</span>
                <span class="method-start">870144 ms</span>
              </div> <!-- test-method -->
              <div class="configuration-method after">
                <span class="method-name">tearDown</span>
                <span class="method-start">879988 ms</span>
              </div> <!-- configuration-method after -->
              <div class="configuration-method before">
                <span class="method-name">setUp</span>
                <span class="method-start">881050 ms</span>
              </div> <!-- configuration-method before -->
              <div class="test-method">
                <span class="method-name">verifyPhotoPageHomeTitleTest</span>
                <span class="method-start">886126 ms</span>
              </div> <!-- test-method -->
              <div class="configuration-method after">
                <span class="method-name">tearDown</span>
                <span class="method-start">897080 ms</span>
              </div> <!-- configuration-method after -->
              <div class="configuration-method before">
                <span class="method-name">setUp</span>
                <span class="method-start">898163 ms</span>
              </div> <!-- configuration-method before -->
              <div class="test-method">
                <span class="method-name">verifyPhotoPageHomeTitleTest</span>
                <span class="method-start">903104 ms</span>
              </div> <!-- test-method -->
              <div class="configuration-method after">
                <span class="method-name">tearDown</span>
                <span class="method-start">912577 ms</span>
              </div> <!-- configuration-method after -->
              <div class="configuration-method before">
                <span class="method-name">setUp</span>
                <span class="method-start">913650 ms</span>
              </div> <!-- configuration-method before -->
              <div class="test-method">
                <img src="failed.png">
                </img>
                <span class="method-name">verifyPhotoPageHomeTitleTest</span>
                <span class="method-start">919850 ms</span>
              </div> <!-- test-method -->
              <div class="configuration-method after">
                <span class="method-name">tearDown</span>
                <span class="method-start">928896 ms</span>
              </div> <!-- configuration-method after -->
            </div> <!-- chronological-class -->
            <div class="chronological-class">
              <div class="chronological-class-name">com.cvs.qa.testcases.ShopPageTest</div> <!-- chronological-class-name -->
              <div class="configuration-method before">
                <span class="method-name">setUp</span>
                <span class="method-start">930097 ms</span>
              </div> <!-- configuration-method before -->
              <div class="test-method">
                <span class="method-name">verifyShopPageTitleTest</span>
                <span class="method-start">934929 ms</span>
              </div> <!-- test-method -->
              <div class="configuration-method after">
                <span class="method-name">tearDown</span>
                <span class="method-start">943784 ms</span>
              </div> <!-- configuration-method after -->
              <div class="configuration-method before">
                <span class="method-name">setUp</span>
                <span class="method-start">944702 ms</span>
              </div> <!-- configuration-method before -->
              <div class="test-method">
                <span class="method-name">verifyShopPageLinkTest</span>
                <span class="method-start">950576 ms</span>
              </div> <!-- test-method -->
              <div class="configuration-method after">
                <span class="method-name">tearDown</span>
                <span class="method-start">952945 ms</span>
              </div> <!-- configuration-method after -->
              <div class="configuration-method before">
                <span class="method-name">setUp</span>
                <span class="method-start">953812 ms</span>
              </div> <!-- configuration-method before -->
              <div class="test-method">
                <span class="method-name">verifyClickonShopAllCategoriesTest</span>
                <span class="method-start">958682 ms</span>
              </div> <!-- test-method -->
              <div class="configuration-method after">
                <span class="method-name">tearDown</span>
                <span class="method-start">963542 ms</span>
              </div> <!-- configuration-method after -->
              <div class="configuration-method before">
                <span class="method-name">setUp</span>
                <span class="method-start">965045 ms</span>
              </div> <!-- configuration-method before -->
              <div class="test-method">
                <span class="method-name">verifyClickonVitaminLink</span>
                <span class="method-start">969928 ms</span>
              </div> <!-- test-method -->
              <div class="configuration-method after">
                <span class="method-name">tearDown</span>
                <span class="method-start">975127 ms</span>
              </div> <!-- configuration-method after -->
              <div class="configuration-method before">
                <span class="method-name">setUp</span>
                <span class="method-start">975998 ms</span>
              </div> <!-- configuration-method before -->
              <div class="test-method">
                <span class="method-name">verifyAddCSLW2CartTest</span>
                <span class="method-start">981524 ms</span>
              </div> <!-- test-method -->
              <div class="configuration-method after">
                <span class="method-name">tearDown</span>
                <span class="method-start">987042 ms</span>
              </div> <!-- configuration-method after -->
            </div> <!-- chronological-class -->
            <div class="chronological-class">
              <div class="chronological-class-name">com.cvs.qa.testcases.SignUp4DealTest</div> <!-- chronological-class-name -->
              <div class="configuration-method before">
                <span class="method-name">setUp</span>
                <span class="method-start">990786 ms</span>
              </div> <!-- configuration-method before -->
              <div class="test-method">
                <span class="method-name">verifyPageTitleTest</span>
                <span class="method-start">995718 ms</span>
              </div> <!-- test-method -->
              <div class="configuration-method after">
                <span class="method-name">tearDown</span>
                <span class="method-start">1016451 ms</span>
              </div> <!-- configuration-method after -->
              <div class="configuration-method before">
                <span class="method-name">setUp</span>
                <span class="method-start">1017362 ms</span>
              </div> <!-- configuration-method before -->
              <div class="test-method">
                <span class="method-name">verifyPageTitleTest</span>
                <span class="method-start">1022463 ms</span>
              </div> <!-- test-method -->
              <div class="configuration-method after">
                <span class="method-name">tearDown</span>
                <span class="method-start">1024156 ms</span>
              </div> <!-- configuration-method after -->
              <div class="configuration-method before">
                <span class="method-name">setUp</span>
                <span class="method-start">1024950 ms</span>
              </div> <!-- configuration-method before -->
              <div class="test-method">
                <span class="method-name">verifyPageTitleTest</span>
                <span class="method-start">1030536 ms</span>
              </div> <!-- test-method -->
              <div class="configuration-method after">
                <span class="method-name">tearDown</span>
                <span class="method-start">1032332 ms</span>
              </div> <!-- configuration-method after -->
              <div class="configuration-method before">
                <span class="method-name">setUp</span>
                <span class="method-start">1033229 ms</span>
              </div> <!-- configuration-method before -->
              <div class="test-method">
                <img src="failed.png">
                </img>
                <span class="method-name">verifyPageTitleTest</span>
                <span class="method-start">1038125 ms</span>
              </div> <!-- test-method -->
              <div class="configuration-method after">
                <span class="method-name">tearDown</span>
                <span class="method-start">1059149 ms</span>
              </div> <!-- configuration-method after -->
              <div class="configuration-method before">
                <span class="method-name">setUp</span>
                <span class="method-start">1059997 ms</span>
              </div> <!-- configuration-method before -->
              <div class="test-method">
                <span class="method-name">verifySignUp4DealsTest</span>
                <span class="method-start">1065644 ms</span>
              </div> <!-- test-method -->
              <div class="configuration-method after">
                <span class="method-name">tearDown</span>
                <span class="method-start">1077110 ms</span>
              </div> <!-- configuration-method after -->
              <div class="configuration-method before">
                <span class="method-name">setUp</span>
                <span class="method-start">1077907 ms</span>
              </div> <!-- configuration-method before -->
              <div class="test-method">
                <span class="method-name">verifySignU4DealsExcelDataTest(shuwaibliaquat@hotmail.com, shuwaibliaquat@hotmail.com, 555555, Shuwaib, Liaquat, 07503, 01291989, 2...)</span>
                <span class="method-start">1082951 ms</span>
              </div> <!-- test-method -->
              <div class="configuration-method after">
                <span class="method-name">tearDown</span>
                <span class="method-start">1097659 ms</span>
              </div> <!-- configuration-method after -->
              <div class="configuration-method before">
                <span class="method-name">setUp</span>
                <span class="method-start">1098447 ms</span>
              </div> <!-- configuration-method before -->
              <div class="test-method">
                <span class="method-name">verifySignU4DealsExcelDataTest(shuwaibliaquat1@hotmail.com, shuwaibliaquat1@hotmail.com, 666666, Shuwaib1, Liaquat1, 07504, 0129199...)</span>
                <span class="method-start">1104320 ms</span>
              </div> <!-- test-method -->
              <div class="configuration-method after">
                <span class="method-name">tearDown</span>
                <span class="method-start">1115252 ms</span>
              </div> <!-- configuration-method after -->
              <div class="configuration-method before">
                <span class="method-name">setUp</span>
                <span class="method-start">1116010 ms</span>
              </div> <!-- configuration-method before -->
              <div class="test-method">
                <span class="method-name">verifySignU4DealsExcelDataTest(shuwaibliaquat@hotmail.com, shuwaibliaquat@hotmail.com, 7777777, Linie, Liaquat, 07505, 01291991, 12...)</span>
                <span class="method-start">1121222 ms</span>
              </div> <!-- test-method -->
              <div class="configuration-method after">
                <span class="method-name">tearDown</span>
                <span class="method-start">1133863 ms</span>
              </div> <!-- configuration-method after -->
              <div class="configuration-method before">
                <span class="method-name">setUp</span>
                <span class="method-start">1134612 ms</span>
              </div> <!-- configuration-method before -->
              <div class="test-method">
                <span class="method-name">verifySignU4DealsExcelDataTest(shuwaibliaquat1@hotmail.com, shuwaibliaquat1@hotmail.com, 888888, Shuwaib, Liaquat, 07506, 01291992,...)</span>
                <span class="method-start">1139653 ms</span>
              </div> <!-- test-method -->
              <div class="configuration-method after">
                <span class="method-name">tearDown</span>
                <span class="method-start">1150618 ms</span>
              </div> <!-- configuration-method after -->
              <div class="configuration-method before">
                <span class="method-name">setUp</span>
                <span class="method-start">1151368 ms</span>
              </div> <!-- configuration-method before -->
              <div class="test-method">
                <span class="method-name">verifySignU4DealsExcelDataTest(shuwaibliaquat@hotmail.com, shuwaibliaquat@hotmail.com, 999999, Shuwaib3, Liaquat3, 07507, 01291993,...)</span>
                <span class="method-start">1157162 ms</span>
              </div> <!-- test-method -->
              <div class="configuration-method after">
                <span class="method-name">tearDown</span>
                <span class="method-start">1168166 ms</span>
              </div> <!-- configuration-method after -->
              <div class="configuration-method before">
                <span class="method-name">setUp</span>
                <span class="method-start">1168927 ms</span>
              </div> <!-- configuration-method before -->
              <div class="test-method">
                <span class="method-name">verifySignU4DealsExcelDataTest(shuwaibliaquat1@hotmail.com, shuwaibliaquat1@hotmail.com, 222222, Shuwaib4, Liaquat4, 07508, 0129199...)</span>
                <span class="method-start">1174793 ms</span>
              </div> <!-- test-method -->
              <div class="configuration-method after">
                <span class="method-name">tearDown</span>
                <span class="method-start">1185267 ms</span>
              </div> <!-- configuration-method after -->
              <div class="configuration-method before">
                <span class="method-name">setUp</span>
                <span class="method-start">1186030 ms</span>
              </div> <!-- configuration-method before -->
              <div class="test-method">
                <span class="method-name">verifySignU4DealsExcelDataTest(nishat0598@gmail.com, nishat0598@gmail.com, 123456, Nishat, Chowdhury, 48212, 01291995, 3035, Hollyw...)</span>
                <span class="method-start">1191965 ms</span>
              </div> <!-- test-method -->
              <div class="configuration-method after">
                <span class="method-name">tearDown</span>
                <span class="method-start">1218182 ms</span>
              </div> <!-- configuration-method after -->
              <div class="configuration-method before">
                <span class="method-name">setUp</span>
                <span class="method-start">1219125 ms</span>
              </div> <!-- configuration-method before -->
              <div class="test-method">
                <span class="method-name">verifySignU4DealsExcelDataTest(nishat0598@gmail.com, nishat0598@gmail.com, 123456, Nishat, Chowdhury, 48212, 01291995, 3035, Hollyw...)</span>
                <span class="method-start">1224159 ms</span>
              </div> <!-- test-method -->
              <div class="configuration-method after">
                <span class="method-name">tearDown</span>
                <span class="method-start">1236166 ms</span>
              </div> <!-- configuration-method after -->
            </div> <!-- chronological-class -->
            <div class="chronological-class">
              <div class="chronological-class-name">com.cvs.qa.testcases.PharmacyTest</div> <!-- chronological-class-name -->
              <div class="test-method">
                <span class="method-name">verifyTransferingRX2CVS</span>
                <span class="method-start">-1549271480956 ms</span>
              </div> <!-- test-method -->
          </div> <!-- main-panel-content rounded-window-bottom -->
        </div> <!-- panel -->
      </div> <!-- main-panel-root -->
    </div> <!-- wrapper -->
  </body>
</html>
