<?xml version="1.0" encoding="UTF-8"?>
<testsuite xmlns:xsi="http://www.w3.org/2001/XMLSchema-instance" xsi:schemaLocation="https://maven.apache.org/surefire/maven-surefire-plugin/xsd/surefire-test-report.xsd" name="TestSuite" time="1,238.243" tests="83" errors="0" skipped="19" failures="6">
  <properties>
    <property name="java.runtime.name" value="Java(TM) SE Runtime Environment"/>
    <property name="sun.boot.library.path" value="C:\Program Files\Java\jre1.8.0_171\bin"/>
    <property name="java.vm.version" value="25.171-b11"/>
    <property name="java.vm.vendor" value="Oracle Corporation"/>
    <property name="maven.multiModuleProjectDirectory" value="C:\Users\JavaLearner\Desktop\CvsPharmacyProject\CvsPharmacyTest"/>
    <property name="java.vendor.url" value="http://java.oracle.com/"/>
    <property name="path.separator" value=";"/>
    <property name="guice.disable.misplaced.annotation.check" value="true"/>
    <property name="java.vm.name" value="Java HotSpot(TM) 64-Bit Server VM"/>
    <property name="file.encoding.pkg" value="sun.io"/>
    <property name="user.script" value=""/>
    <property name="user.country" value="US"/>
    <property name="sun.java.launcher" value="SUN_STANDARD"/>
    <property name="sun.os.patch.level" value=""/>
    <property name="java.vm.specification.name" value="Java Virtual Machine Specification"/>
    <property name="user.dir" value="C:\Users\JavaLearner\Desktop\CvsPharmacyProject\CvsPharmacyTest"/>
    <property name="java.runtime.version" value="1.8.0_171-b11"/>
    <property name="java.awt.graphicsenv" value="sun.awt.Win32GraphicsEnvironment"/>
    <property name="java.endorsed.dirs" value="C:\Program Files\Java\jre1.8.0_171\lib\endorsed"/>
    <property name="os.arch" value="amd64"/>
    <property name="java.io.tmpdir" value="C:\Users\JAVALE~1\AppData\Local\Temp\"/>
    <property name="line.separator" value="&#10;"/>
    <property name="java.vm.specification.vendor" value="Oracle Corporation"/>
    <property name="user.variant" value=""/>
    <property name="os.name" value="Windows 10"/>
    <property name="classworlds.conf" value="C:\Users\JavaLearner\Desktop\CvsPharmacyProject\.metadata\.plugins\org.eclipse.m2e.launching\launches\m2conf4416587191998362737.tmp"/>
    <property name="sun.jnu.encoding" value="Cp1252"/>
    <property name="java.library.path" value="C:\Program Files\Java\jre1.8.0_171\bin;C:\WINDOWS\Sun\Java\bin;C:\WINDOWS\system32;C:\WINDOWS;C:/Program Files/Java/jre1.8.0_171/bin/server;C:/Program Files/Java/jre1.8.0_171/bin;C:/Program Files/Java/jre1.8.0_171/lib/amd64;C:\Program Files (x86)\Common Files\Oracle\Java\javapath;C:\ProgramData\Oracle\Java\javapath;C:\WINDOWS\system32;C:\WINDOWS;C:\WINDOWS\System32\Wbem;C:\WINDOWS\System32\WindowsPowerShell\v1.0\;C:\WINDOWS\System32\OpenSSH\;C:\Program Files\Java\jdk1.8.0_171\bin\bin;C:\Program Files\Java\jre1.8.0_171\bin;C:\Program Files\Apache\apache-maven-3.5.3\bin;C:\Program Files\TortoiseGit\bin;C:\Program Files\PuTTY\;C:\Program Files\Java\jdk1.8.0_171\bin;C:\Users\JavaLearner\Desktop\WorkSpaceProject\HubSpotProject\Driver;C:\Users\JavaLearner\AppData\Local\Microsoft\WindowsApps;C:\Program Files\Apache\apache-maven-3.5.3\bin;;C:\Users\JavaLearner\Desktop;;."/>
    <property name="java.specification.name" value="Java Platform API Specification"/>
    <property name="java.class.version" value="52.0"/>
    <property name="sun.management.compiler" value="HotSpot 64-Bit Tiered Compilers"/>
    <property name="os.version" value="10.0"/>
    <property name="user.home" value="C:\Users\JavaLearner"/>
    <property name="user.timezone" value="America/New_York"/>
    <property name="java.awt.printerjob" value="sun.awt.windows.WPrinterJob"/>
    <property name="java.specification.version" value="1.8"/>
    <property name="file.encoding" value="Cp1252"/>
    <property name="user.name" value="JavaLearner"/>
    <property name="java.class.path" value="C:\Users\JavaLearner\.p2\pool\plugins\org.eclipse.m2e.maven.runtime_1.8.3.20180227-2135\jars\plexus-classworlds-2.5.2.jar"/>
    <property name="java.vm.specification.version" value="1.8"/>
    <property name="sun.arch.data.model" value="64"/>
    <property name="java.home" value="C:\Program Files\Java\jre1.8.0_171"/>
    <property name="sun.java.command" value="org.codehaus.plexus.classworlds.launcher.Launcher -B test"/>
    <property name="java.specification.vendor" value="Oracle Corporation"/>
    <property name="user.language" value="en"/>
    <property name="awt.toolkit" value="sun.awt.windows.WToolkit"/>
    <property name="java.vm.info" value="mixed mode"/>
    <property name="java.version" value="1.8.0_171"/>
    <property name="java.ext.dirs" value="C:\Program Files\Java\jre1.8.0_171\lib\ext;C:\WINDOWS\Sun\Java\lib\ext"/>
    <property name="sun.boot.class.path" value="C:\Program Files\Java\jre1.8.0_171\lib\resources.jar;C:\Program Files\Java\jre1.8.0_171\lib\rt.jar;C:\Program Files\Java\jre1.8.0_171\lib\jsse.jar;C:\Program Files\Java\jre1.8.0_171\lib\jce.jar;C:\Program Files\Java\jre1.8.0_171\lib\charsets.jar;C:\Program Files\Java\jre1.8.0_171\lib\jfr.jar;C:\Program Files\Java\jdk1.8.0_171\lib\ant-javafx.jar;C:\Program Files\Java\jdk1.8.0_171\lib\dt.jar;C:\Program Files\Java\jdk1.8.0_171\lib\javafx-mx.jar;C:\Program Files\Java\jdk1.8.0_171\lib\jconsole.jar;C:\Program Files\Java\jdk1.8.0_171\lib\packager.jar;C:\Program Files\Java\jdk1.8.0_171\lib\sa-jdi.jar;C:\Program Files\Java\jdk1.8.0_171\lib\tools.jar"/>
    <property name="java.vendor" value="Oracle Corporation"/>
    <property name="maven.home" value="C:\Users\JavaLearner\Desktop\CvsPharmacyProject\CvsPharmacyTest\EMBEDDED"/>
    <property name="file.separator" value="\"/>
    <property name="java.vendor.url.bug" value="http://bugreport.sun.com/bugreport/"/>
    <property name="sun.cpu.endian" value="little"/>
    <property name="sun.io.unicode.encoding" value="UnicodeLittle"/>
    <property name="sun.desktop" value="windows"/>
    <property name="sun.cpu.isalist" value="amd64"/>
  </properties>
  <testcase name="verifyHomePageTitleTest" classname="com.cvs.qa.testcases.HomePageTest" time="0.209"/>
  <testcase name="verifyHomePageLogoTest" classname="com.cvs.qa.testcases.HomePageTest" time="0.064"/>
  <testcase name="verifySearchBoxTest" classname="com.cvs.qa.testcases.HomePageTest" time="0.205"/>
  <testcase name="verifyPharmacyLinkTest" classname="com.cvs.qa.testcases.HomePageTest" time="3.993"/>
  <testcase name="verifyMinuteClinicLinkTest" classname="com.cvs.qa.testcases.HomePageTest" time="3.913"/>
  <testcase name="verifyShopLinkTest" classname="com.cvs.qa.testcases.HomePageTest" time="2.186"/>
  <testcase name="verifyExtraCareLinkTest" classname="com.cvs.qa.testcases.HomePageTest" time="0.996"/>
  <testcase name="verifyContactLensesTest" classname="com.cvs.qa.testcases.HomePageTest" time="2.16"/>
  <testcase name="verifyPhotoLinkTest" classname="com.cvs.qa.testcases.HomePageTest" time="5.003"/>
  <testcase name="verifyStoreLocatorTest" classname="com.cvs.qa.testcases.HomePageTest" time="8.498"/>
  <testcase name="verifyStoreLocator24HrsStoreTest" classname="com.cvs.qa.testcases.HomePageTest" time="8.047"/>
  <testcase name="verifyLogInExcelData" classname="com.cvs.qa.testcases.LogInTest" time="2.781"/>
  <testcase name="verifyLogInExcelData" classname="com.cvs.qa.testcases.LogInTest" time="2.701"/>
  <testcase name="verifyLogInExcelData" classname="com.cvs.qa.testcases.LogInTest" time="2.663"/>
  <testcase name="verifyLogInTest" classname="com.cvs.qa.testcases.LogInTest" time="2.707"/>
  <testcase name="verifyTopPanelLogInTestExcelDataTest" classname="com.cvs.qa.testcases.LogInTest" time="2.763"/>
  <testcase name="verifyTopPanelLogInTestExcelDataTest" classname="com.cvs.qa.testcases.LogInTest" time="2.666"/>
  <testcase name="verifyTopPanelLogInTestExcelDataTest" classname="com.cvs.qa.testcases.LogInTest" time="2.693"/>
  <testcase name="verifyTopPanelLogInTest" classname="com.cvs.qa.testcases.LogInTest" time="2.737"/>
  <testcase name="verifyRegistrationPageTitle" classname="com.cvs.qa.testcases.RegistrationTest" time="2.672"/>
  <testcase name="registerCustomer" classname="com.cvs.qa.testcases.RegistrationTest" time="16.767"/>
  <testcase name="registerMultipleCustomer" classname="com.cvs.qa.testcases.RegistrationTest" time="13.739"/>
  <testcase name="registerMultipleCustomer" classname="com.cvs.qa.testcases.RegistrationTest" time="14.014"/>
  <testcase name="registerMultipleCustomer" classname="com.cvs.qa.testcases.RegistrationTest" time="13.478"/>
  <testcase name="registerMultipleCustomer" classname="com.cvs.qa.testcases.RegistrationTest" time="13.567"/>
  <testcase name="registerMultipleCustomer" classname="com.cvs.qa.testcases.RegistrationTest" time="0">
    <skipped message="element not interactable&#10;  (Session info: chrome=71.0.3578.98)&#10;  (Driver info: chromedriver=2.42.591088 (7b2b2dca23cca0862f674758c9a3933e685c27d5),platform=Windows NT 10.0.17134 x86_64) (WARNING: The server did not provide any stacktrace information)&#10;Command duration or timeout: 0 milliseconds&#10;Build info: version: &apos;3.14.0&apos;, revision: &apos;aacccce0&apos;, time: &apos;2018-08-02T20:19:58.91Z&apos;&#10;System info: host: &apos;DESKTOP-JEV6767&apos;, ip: &apos;192.168.1.7&apos;, os.name: &apos;Windows 10&apos;, os.arch: &apos;amd64&apos;, os.version: &apos;10.0&apos;, java.version: &apos;1.8.0_171&apos;&#10;Driver info: org.openqa.selenium.chrome.ChromeDriver&#10;Capabilities {acceptInsecureCerts: false, acceptSslCerts: false, applicationCacheEnabled: false, browserConnectionEnabled: false, browserName: chrome, chrome: {chromedriverVersion: 2.42.591088 (7b2b2dca23cca0..., userDataDir: C:\Users\JAVALE~1\AppData\L...}, cssSelectorsEnabled: true, databaseEnabled: false, goog:chromeOptions: {debuggerAddress: localhost:58862}, handlesAlerts: true, hasTouchScreen: false, javascriptEnabled: true, locationContextEnabled: true, mobileEmulationEnabled: false, nativeEvents: true, networkConnectionEnabled: false, pageLoadStrategy: normal, platform: XP, platformName: XP, rotatable: false, setWindowRect: true, takesHeapSnapshot: true, takesScreenshot: true, unexpectedAlertBehaviour: , unhandledPromptBehavior: , version: 71.0.3578.98, webStorageEnabled: true}&#10;Session ID: c0d63160065b346abddfaae9d59e0ad0"/>
    <system-out><![CDATA[02-04-2019 04:16:20 RegistrationTest.java INFO  [main] testcases.RegistrationTest 98 - Ending of Test Case
Before navigating to: 'https://www.cvs.com/#'
Navigated to:'https://www.cvs.com/#'
Unique name  of the Windows: [CDwindow-75A1B077B499C05DEDB3E62E702CC09F]
Number of Windows: 1
02-04-2019 04:16:25 RegistrationTest.java INFO  [main] testcases.RegistrationTest 32 - Beginnning of Test Case
Trying to find Element By : By.xpath: //a[contains(text(),'Create an Account')]
Found Element By : By.xpath: //a[contains(text(),'Create an Account')]
Trying to click on: [[ChromeDriver: chrome on XP (c0d63160065b346abddfaae9d59e0ad0)] -> xpath: //a[contains(text(),'Create an Account')]]
Clicked on: [[ChromeDriver: chrome on XP (c0d63160065b346abddfaae9d59e0ad0)] -> xpath: //a[contains(text(),'Create an Account')]]
Trying to find Element By : By.xpath: //input[@id='firstName']
Found Element By : By.xpath: //input[@id='firstName']
Exception occured: org.openqa.selenium.ElementNotVisibleException: element not interactable
  (Session info: chrome=71.0.3578.98)
  (Driver info: chromedriver=2.42.591088 (7b2b2dca23cca0862f674758c9a3933e685c27d5),platform=Windows NT 10.0.17134 x86_64) (WARNING: The server did not provide any stacktrace information)
Command duration or timeout: 0 milliseconds
Build info: version: '3.14.0', revision: 'aacccce0', time: '2018-08-02T20:19:58.91Z'
System info: host: 'DESKTOP-JEV6767', ip: '192.168.1.7', os.name: 'Windows 10', os.arch: 'amd64', os.version: '10.0', java.version: '1.8.0_171'
Driver info: org.openqa.selenium.chrome.ChromeDriver
Capabilities {acceptInsecureCerts: false, acceptSslCerts: false, applicationCacheEnabled: false, browserConnectionEnabled: false, browserName: chrome, chrome: {chromedriverVersion: 2.42.591088 (7b2b2dca23cca0..., userDataDir: C:\Users\JAVALE~1\AppData\L...}, cssSelectorsEnabled: true, databaseEnabled: false, goog:chromeOptions: {debuggerAddress: localhost:58862}, handlesAlerts: true, hasTouchScreen: false, javascriptEnabled: true, locationContextEnabled: true, mobileEmulationEnabled: false, nativeEvents: true, networkConnectionEnabled: false, pageLoadStrategy: normal, platform: XP, platformName: XP, rotatable: false, setWindowRect: true, takesHeapSnapshot: true, takesScreenshot: true, unexpectedAlertBehaviour: , unhandledPromptBehavior: , version: 71.0.3578.98, webStorageEnabled: true}
Session ID: c0d63160065b346abddfaae9d59e0ad0
]]></system-out>
    <system-err><![CDATA[Starting ChromeDriver 2.42.591088 (7b2b2dca23cca0862f674758c9a3933e685c27d5) on port 27160
Only local connections are allowed.
Feb 04, 2019 4:16:22 AM org.openqa.selenium.remote.ProtocolHandshake createSession
INFO: Detected dialect: OSS
]]></system-err>
  </testcase>
  <testcase name="registerMultipleCustomer" classname="com.cvs.qa.testcases.RegistrationTest" time="17.855"/>
  <testcase name="registerMultipleCustomer" classname="com.cvs.qa.testcases.RegistrationTest" time="13.044"/>
  <testcase name="registerMultipleCustomer" classname="com.cvs.qa.testcases.RegistrationTest" time="12.84"/>
  <testcase name="verifyMinuteClinicPageTitleTest" classname="com.cvs.qa.testcases.MinuteClinicTest" time="24.66"/>
  <testcase name="verifyZipCodeLocaterTest" classname="com.cvs.qa.testcases.MinuteClinicTest" time="6.632"/>
  <testcase name="verifyClinicLocatorPageTitleTest" classname="com.cvs.qa.testcases.MinuteClinicTest" time="0">
    <skipped message="unknown error: cannot focus element&#10;  (Session info: chrome=71.0.3578.98)&#10;  (Driver info: chromedriver=2.42.591088 (7b2b2dca23cca0862f674758c9a3933e685c27d5),platform=Windows NT 10.0.17134 x86_64) (WARNING: The server did not provide any stacktrace information)&#10;Command duration or timeout: 0 milliseconds&#10;Build info: version: &apos;3.14.0&apos;, revision: &apos;aacccce0&apos;, time: &apos;2018-08-02T20:19:58.91Z&apos;&#10;System info: host: &apos;DESKTOP-JEV6767&apos;, ip: &apos;192.168.1.7&apos;, os.name: &apos;Windows 10&apos;, os.arch: &apos;amd64&apos;, os.version: &apos;10.0&apos;, java.version: &apos;1.8.0_171&apos;&#10;Driver info: org.openqa.selenium.chrome.ChromeDriver&#10;Capabilities {acceptInsecureCerts: false, acceptSslCerts: false, applicationCacheEnabled: false, browserConnectionEnabled: false, browserName: chrome, chrome: {chromedriverVersion: 2.42.591088 (7b2b2dca23cca0..., userDataDir: C:\Users\JAVALE~1\AppData\L...}, cssSelectorsEnabled: true, databaseEnabled: false, goog:chromeOptions: {debuggerAddress: localhost:59203}, handlesAlerts: true, hasTouchScreen: false, javascriptEnabled: true, locationContextEnabled: true, mobileEmulationEnabled: false, nativeEvents: true, networkConnectionEnabled: false, pageLoadStrategy: normal, platform: XP, platformName: XP, rotatable: false, setWindowRect: true, takesHeapSnapshot: true, takesScreenshot: true, unexpectedAlertBehaviour: , unhandledPromptBehavior: , version: 71.0.3578.98, webStorageEnabled: true}&#10;Session ID: 2aa0319c0d039fa07e328f093443b35b"/>
    <system-out><![CDATA[Before navigating to: 'https://www.cvs.com/#'
Navigated to:'https://www.cvs.com/#'
Unique name  of the Windows: [CDwindow-4158AA71AB2FB72EAAD4E69E34206C1D]
Number of Windows: 1
Trying to find Element By : By.xpath: //a[@title='MinuteClinic']
Found Element By : By.xpath: //a[@title='MinuteClinic']
Trying to click on: [[ChromeDriver: chrome on XP (2aa0319c0d039fa07e328f093443b35b)] -> xpath: //a[@title='MinuteClinic']]
Clicked on: [[ChromeDriver: chrome on XP (2aa0319c0d039fa07e328f093443b35b)] -> xpath: //a[@title='MinuteClinic']]
Trying to find Element By : By.xpath: //input[@id='zip']
Found Element By : By.xpath: //input[@id='zip']
Exception occured: org.openqa.selenium.WebDriverException: unknown error: cannot focus element
  (Session info: chrome=71.0.3578.98)
  (Driver info: chromedriver=2.42.591088 (7b2b2dca23cca0862f674758c9a3933e685c27d5),platform=Windows NT 10.0.17134 x86_64) (WARNING: The server did not provide any stacktrace information)
Command duration or timeout: 0 milliseconds
Build info: version: '3.14.0', revision: 'aacccce0', time: '2018-08-02T20:19:58.91Z'
System info: host: 'DESKTOP-JEV6767', ip: '192.168.1.7', os.name: 'Windows 10', os.arch: 'amd64', os.version: '10.0', java.version: '1.8.0_171'
Driver info: org.openqa.selenium.chrome.ChromeDriver
Capabilities {acceptInsecureCerts: false, acceptSslCerts: false, applicationCacheEnabled: false, browserConnectionEnabled: false, browserName: chrome, chrome: {chromedriverVersion: 2.42.591088 (7b2b2dca23cca0..., userDataDir: C:\Users\JAVALE~1\AppData\L...}, cssSelectorsEnabled: true, databaseEnabled: false, goog:chromeOptions: {debuggerAddress: localhost:59203}, handlesAlerts: true, hasTouchScreen: false, javascriptEnabled: true, locationContextEnabled: true, mobileEmulationEnabled: false, nativeEvents: true, networkConnectionEnabled: false, pageLoadStrategy: normal, platform: XP, platformName: XP, rotatable: false, setWindowRect: true, takesHeapSnapshot: true, takesScreenshot: true, unexpectedAlertBehaviour: , unhandledPromptBehavior: , version: 71.0.3578.98, webStorageEnabled: true}
Session ID: 2aa0319c0d039fa07e328f093443b35b
]]></system-out>
    <system-err><![CDATA[Starting ChromeDriver 2.42.591088 (7b2b2dca23cca0862f674758c9a3933e685c27d5) on port 13011
Only local connections are allowed.
Feb 04, 2019 4:18:39 AM org.openqa.selenium.remote.ProtocolHandshake createSession
INFO: Detected dialect: OSS
]]></system-err>
  </testcase>
  <testcase name="verifyClinicLocatorPageTitleTest" classname="com.cvs.qa.testcases.MinuteClinicTest" time="0">
    <skipped message="expected [Walk In Clinic Locator | MinuteClinic - CVS.com] but found [MinuteClinic | CVS Walk In Clinics]"/>
    <system-out><![CDATA[Before navigating to: 'https://www.cvs.com/#'
Navigated to:'https://www.cvs.com/#'
Unique name  of the Windows: [CDwindow-E3E55A5B3F11B55EE7B2F365E897F6DF]
Number of Windows: 1
Trying to find Element By : By.xpath: //a[@title='MinuteClinic']
Found Element By : By.xpath: //a[@title='MinuteClinic']
Trying to click on: [[ChromeDriver: chrome on XP (05bad64362ff802342fa558084c3e60d)] -> xpath: //a[@title='MinuteClinic']]
Clicked on: [[ChromeDriver: chrome on XP (05bad64362ff802342fa558084c3e60d)] -> xpath: //a[@title='MinuteClinic']]
Trying to find Element By : By.xpath: //input[@id='zip']
Found Element By : By.xpath: //input[@id='zip']
Trying to find Element By : By.xpath: //button[@type='submit']
Found Element By : By.xpath: //button[@type='submit']
Trying to click on: [[ChromeDriver: chrome on XP (05bad64362ff802342fa558084c3e60d)] -> xpath: //button[@type='submit']]
Clicked on: [[ChromeDriver: chrome on XP (05bad64362ff802342fa558084c3e60d)] -> xpath: //button[@type='submit']]
]]></system-out>
    <system-err><![CDATA[Starting ChromeDriver 2.42.591088 (7b2b2dca23cca0862f674758c9a3933e685c27d5) on port 39378
Only local connections are allowed.
Feb 04, 2019 4:18:50 AM org.openqa.selenium.remote.ProtocolHandshake createSession
INFO: Detected dialect: OSS
]]></system-err>
  </testcase>
  <testcase name="verifyClinicLocatorPageTitleTest" classname="com.cvs.qa.testcases.MinuteClinicTest" time="0">
    <skipped message="expected [Walk In Clinic Locator | MinuteClinic - CVS.com] but found [MinuteClinic | CVS Walk In Clinics]"/>
    <system-out><![CDATA[Before navigating to: 'https://www.cvs.com/#'
Navigated to:'https://www.cvs.com/#'
Unique name  of the Windows: [CDwindow-F486D816776E27DFF85179D01CC79519]
Number of Windows: 1
Trying to find Element By : By.xpath: //a[@title='MinuteClinic']
Found Element By : By.xpath: //a[@title='MinuteClinic']
Trying to click on: [[ChromeDriver: chrome on XP (204f66aa9a07d0abcb897f39cc13a06b)] -> xpath: //a[@title='MinuteClinic']]
Clicked on: [[ChromeDriver: chrome on XP (204f66aa9a07d0abcb897f39cc13a06b)] -> xpath: //a[@title='MinuteClinic']]
Trying to find Element By : By.xpath: //input[@id='zip']
Found Element By : By.xpath: //input[@id='zip']
Trying to find Element By : By.xpath: //button[@type='submit']
Found Element By : By.xpath: //button[@type='submit']
Trying to click on: [[ChromeDriver: chrome on XP (204f66aa9a07d0abcb897f39cc13a06b)] -> xpath: //button[@type='submit']]
Clicked on: [[ChromeDriver: chrome on XP (204f66aa9a07d0abcb897f39cc13a06b)] -> xpath: //button[@type='submit']]
]]></system-out>
    <system-err><![CDATA[Starting ChromeDriver 2.42.591088 (7b2b2dca23cca0862f674758c9a3933e685c27d5) on port 11046
Only local connections are allowed.
Feb 04, 2019 4:19:09 AM org.openqa.selenium.remote.ProtocolHandshake createSession
INFO: Detected dialect: OSS
]]></system-err>
  </testcase>
  <testcase name="verifyClinicLocatorPageTitleTest" classname="com.cvs.qa.testcases.MinuteClinicTest" time="4.682">
    <failure message="unknown error: cannot focus element&#10;  (Session info: chrome=71.0.3578.98)&#10;  (Driver info: chromedriver=2.42.591088 (7b2b2dca23cca0862f674758c9a3933e685c27d5),platform=Windows NT 10.0.17134 x86_64) (WARNING: The server did not provide any stacktrace information)&#10;Command duration or timeout: 0 milliseconds&#10;Build info: version: &apos;3.14.0&apos;, revision: &apos;aacccce0&apos;, time: &apos;2018-08-02T20:19:58.91Z&apos;&#10;System info: host: &apos;DESKTOP-JEV6767&apos;, ip: &apos;192.168.1.7&apos;, os.name: &apos;Windows 10&apos;, os.arch: &apos;amd64&apos;, os.version: &apos;10.0&apos;, java.version: &apos;1.8.0_171&apos;&#10;Driver info: org.openqa.selenium.chrome.ChromeDriver&#10;Capabilities {acceptInsecureCerts: false, acceptSslCerts: false, applicationCacheEnabled: false, browserConnectionEnabled: false, browserName: chrome, chrome: {chromedriverVersion: 2.42.591088 (7b2b2dca23cca0..., userDataDir: C:\Users\JAVALE~1\AppData\L...}, cssSelectorsEnabled: true, databaseEnabled: false, goog:chromeOptions: {debuggerAddress: localhost:59406}, handlesAlerts: true, hasTouchScreen: false, javascriptEnabled: true, locationContextEnabled: true, mobileEmulationEnabled: false, nativeEvents: true, networkConnectionEnabled: false, pageLoadStrategy: normal, platform: XP, platformName: XP, rotatable: false, setWindowRect: true, takesHeapSnapshot: true, takesScreenshot: true, unexpectedAlertBehaviour: , unhandledPromptBehavior: , version: 71.0.3578.98, webStorageEnabled: true}&#10;Session ID: 413bbc8f661f1e77b1aad88031db2772" type="org.openqa.selenium.WebDriverException">org.openqa.selenium.WebDriverException: 
unknown error: cannot focus element
  (Session info: chrome=71.0.3578.98)
  (Driver info: chromedriver=2.42.591088 (7b2b2dca23cca0862f674758c9a3933e685c27d5),platform=Windows NT 10.0.17134 x86_64) (WARNING: The server did not provide any stacktrace information)
Command duration or timeout: 0 milliseconds
Build info: version: '3.14.0', revision: 'aacccce0', time: '2018-08-02T20:19:58.91Z'
System info: host: 'DESKTOP-JEV6767', ip: '192.168.1.7', os.name: 'Windows 10', os.arch: 'amd64', os.version: '10.0', java.version: '1.8.0_171'
Driver info: org.openqa.selenium.chrome.ChromeDriver
Capabilities {acceptInsecureCerts: false, acceptSslCerts: false, applicationCacheEnabled: false, browserConnectionEnabled: false, browserName: chrome, chrome: {chromedriverVersion: 2.42.591088 (7b2b2dca23cca0..., userDataDir: C:\Users\JAVALE~1\AppData\L...}, cssSelectorsEnabled: true, databaseEnabled: false, goog:chromeOptions: {debuggerAddress: localhost:59406}, handlesAlerts: true, hasTouchScreen: false, javascriptEnabled: true, locationContextEnabled: true, mobileEmulationEnabled: false, nativeEvents: true, networkConnectionEnabled: false, pageLoadStrategy: normal, platform: XP, platformName: XP, rotatable: false, setWindowRect: true, takesHeapSnapshot: true, takesScreenshot: true, unexpectedAlertBehaviour: , unhandledPromptBehavior: , version: 71.0.3578.98, webStorageEnabled: true}
Session ID: 413bbc8f661f1e77b1aad88031db2772
	at com.cvs.qa.testcases.MinuteClinicTest.verifyClinicLocatorPageTitleTest(MinuteClinicTest.java:63)
</failure>
    <system-out><![CDATA[Before navigating to: 'https://www.cvs.com/#'
Navigated to:'https://www.cvs.com/#'
Unique name  of the Windows: [CDwindow-587C655CE836B4998798C02E552526EE]
Number of Windows: 1
Trying to find Element By : By.xpath: //a[@title='MinuteClinic']
Found Element By : By.xpath: //a[@title='MinuteClinic']
Trying to click on: [[ChromeDriver: chrome on XP (413bbc8f661f1e77b1aad88031db2772)] -> xpath: //a[@title='MinuteClinic']]
Clicked on: [[ChromeDriver: chrome on XP (413bbc8f661f1e77b1aad88031db2772)] -> xpath: //a[@title='MinuteClinic']]
Trying to find Element By : By.xpath: //input[@id='zip']
Found Element By : By.xpath: //input[@id='zip']
Exception occured: org.openqa.selenium.WebDriverException: unknown error: cannot focus element
  (Session info: chrome=71.0.3578.98)
  (Driver info: chromedriver=2.42.591088 (7b2b2dca23cca0862f674758c9a3933e685c27d5),platform=Windows NT 10.0.17134 x86_64) (WARNING: The server did not provide any stacktrace information)
Command duration or timeout: 0 milliseconds
Build info: version: '3.14.0', revision: 'aacccce0', time: '2018-08-02T20:19:58.91Z'
System info: host: 'DESKTOP-JEV6767', ip: '192.168.1.7', os.name: 'Windows 10', os.arch: 'amd64', os.version: '10.0', java.version: '1.8.0_171'
Driver info: org.openqa.selenium.chrome.ChromeDriver
Capabilities {acceptInsecureCerts: false, acceptSslCerts: false, applicationCacheEnabled: false, browserConnectionEnabled: false, browserName: chrome, chrome: {chromedriverVersion: 2.42.591088 (7b2b2dca23cca0..., userDataDir: C:\Users\JAVALE~1\AppData\L...}, cssSelectorsEnabled: true, databaseEnabled: false, goog:chromeOptions: {debuggerAddress: localhost:59406}, handlesAlerts: true, hasTouchScreen: false, javascriptEnabled: true, locationContextEnabled: true, mobileEmulationEnabled: false, nativeEvents: true, networkConnectionEnabled: false, pageLoadStrategy: normal, platform: XP, platformName: XP, rotatable: false, setWindowRect: true, takesHeapSnapshot: true, takesScreenshot: true, unexpectedAlertBehaviour: , unhandledPromptBehavior: , version: 71.0.3578.98, webStorageEnabled: true}
Session ID: 413bbc8f661f1e77b1aad88031db2772
]]></system-out>
    <system-err><![CDATA[Starting ChromeDriver 2.42.591088 (7b2b2dca23cca0862f674758c9a3933e685c27d5) on port 46689
Only local connections are allowed.
Feb 04, 2019 4:19:26 AM org.openqa.selenium.remote.ProtocolHandshake createSession
INFO: Detected dialect: OSS
]]></system-err>
  </testcase>
  <testcase name="veriyContactLensesPageTitleTest" classname="com.cvs.qa.testcases.ContactLensesPageTest" time="1.957"/>
  <testcase name="verifyDropDownMenuContactLensBrandsTest" classname="com.cvs.qa.testcases.ContactLensesPageTest" time="2.154"/>
  <testcase name="verifyAcuvueDefine30PKTest" classname="com.cvs.qa.testcases.ContactLensesPageTest" time="7.763"/>
  <testcase name="verifyAcuvueDefine90PKTest" classname="com.cvs.qa.testcases.ContactLensesPageTest" time="4.842"/>
  <testcase name="veriyAirOptixBrandTest" classname="com.cvs.qa.testcases.ContactLensesPageTest" time="4.551"/>
  <testcase name="veriyAirOptixBrandMouseHoverTest" classname="com.cvs.qa.testcases.ContactLensesPageTest" time="2.237"/>
  <testcase name="veriyAcuvueElementListTest" classname="com.cvs.qa.testcases.ContactLensesPageTest" time="39.955"/>
  <testcase name="veriyAirOptixAquaElementListTest" classname="com.cvs.qa.testcases.ContactLensesPageTest" time="2.845"/>
  <testcase name="veriyAirOptixBrandLabelClickTest" classname="com.cvs.qa.testcases.ContactLensesPageTest" time="2.811"/>
  <testcase name="veriyLensTypeTest" classname="com.cvs.qa.testcases.ContactLensesPageTest" time="2.58"/>
  <testcase name="veriyLensTypeElementListTest" classname="com.cvs.qa.testcases.ContactLensesPageTest" time="4.036"/>
  <testcase name="verifyExtraCarePageTitleTest" classname="com.cvs.qa.testcases.ExtraCareTest" time="1.186"/>
  <testcase name="verifyExtraCareSignInTest" classname="com.cvs.qa.testcases.ExtraCareTest" time="0">
    <skipped message="no such element: Unable to locate element: {&quot;method&quot;:&quot;xpath&quot;,&quot;selector&quot;:&quot;//li//p[text()=&quot;Welcome abdur!&quot;]&quot;}&#10;  (Session info: chrome=71.0.3578.98)&#10;  (Driver info: chromedriver=2.42.591088 (7b2b2dca23cca0862f674758c9a3933e685c27d5),platform=Windows NT 10.0.17134 x86_64) (WARNING: The server did not provide any stacktrace information)&#10;Command duration or timeout: 0 milliseconds&#10;For documentation on this error, please visit: http://seleniumhq.org/exceptions/no_such_element.html&#10;Build info: version: &apos;3.14.0&apos;, revision: &apos;aacccce0&apos;, time: &apos;2018-08-02T20:19:58.91Z&apos;&#10;System info: host: &apos;DESKTOP-JEV6767&apos;, ip: &apos;192.168.1.7&apos;, os.name: &apos;Windows 10&apos;, os.arch: &apos;amd64&apos;, os.version: &apos;10.0&apos;, java.version: &apos;1.8.0_171&apos;&#10;Driver info: org.openqa.selenium.chrome.ChromeDriver&#10;Capabilities {acceptInsecureCerts: false, acceptSslCerts: false, applicationCacheEnabled: false, browserConnectionEnabled: false, browserName: chrome, chrome: {chromedriverVersion: 2.42.591088 (7b2b2dca23cca0..., userDataDir: C:\Users\JAVALE~1\AppData\L...}, cssSelectorsEnabled: true, databaseEnabled: false, goog:chromeOptions: {debuggerAddress: localhost:60216}, handlesAlerts: true, hasTouchScreen: false, javascriptEnabled: true, locationContextEnabled: true, mobileEmulationEnabled: false, nativeEvents: true, networkConnectionEnabled: false, pageLoadStrategy: normal, platform: XP, platformName: XP, rotatable: false, setWindowRect: true, takesHeapSnapshot: true, takesScreenshot: true, unexpectedAlertBehaviour: , unhandledPromptBehavior: , version: 71.0.3578.98, webStorageEnabled: true}&#10;Session ID: 75d84367a47ca6ef0da9d753c2f36bab&#10;*** Element info: {Using=xpath, value=//li//p[text()=&quot;Welcome abdur!&quot;]}"/>
    <system-out><![CDATA[Before navigating to: 'https://www.cvs.com/#'
Navigated to:'https://www.cvs.com/#'
Unique name  of the Windows: [CDwindow-E1107535FD44898B4082AB06A32714BF]
Number of Windows: 1
Trying to find Element By : By.xpath: //a[@title='ExtraCare']
Found Element By : By.xpath: //a[@title='ExtraCare']
Trying to click on: [[ChromeDriver: chrome on XP (75d84367a47ca6ef0da9d753c2f36bab)] -> xpath: //a[@title='ExtraCare']]
Clicked on: [[ChromeDriver: chrome on XP (75d84367a47ca6ef0da9d753c2f36bab)] -> xpath: //a[@title='ExtraCare']]
Trying to find Element By : By.xpath: //button[@value='Sign in']
Found Element By : By.xpath: //button[@value='Sign in']
Trying to click on: [[ChromeDriver: chrome on XP (75d84367a47ca6ef0da9d753c2f36bab)] -> xpath: //button[@value='Sign in']]
Clicked on: [[ChromeDriver: chrome on XP (75d84367a47ca6ef0da9d753c2f36bab)] -> xpath: //button[@value='Sign in']]
Trying to find Element By : By.xpath: //input[@id='email']
Found Element By : By.xpath: //input[@id='email']
Trying to find Element By : By.xpath: //button[@role='status']
Found Element By : By.xpath: //button[@role='status']
Trying to click on: [[ChromeDriver: chrome on XP (75d84367a47ca6ef0da9d753c2f36bab)] -> xpath: //button[@role='status']]
Clicked on: [[ChromeDriver: chrome on XP (75d84367a47ca6ef0da9d753c2f36bab)] -> xpath: //button[@role='status']]
Trying to find Element By : By.xpath: //*[@id="password"]
Found Element By : By.xpath: //*[@id="password"]
Trying to find Element By : By.cssSelector: .twoStep-create-account
Found Element By : By.cssSelector: .twoStep-create-account
Trying to click on: [[ChromeDriver: chrome on XP (75d84367a47ca6ef0da9d753c2f36bab)] -> css selector: .twoStep-create-account]
Clicked on: [[ChromeDriver: chrome on XP (75d84367a47ca6ef0da9d753c2f36bab)] -> css selector: .twoStep-create-account]
Trying to find Element By : By.xpath: //li//p[text()="Welcome abdur!"]
Exception occured: org.openqa.selenium.NoSuchElementException: no such element: Unable to locate element: {"method":"xpath","selector":"//li//p[text()="Welcome abdur!"]"}
  (Session info: chrome=71.0.3578.98)
  (Driver info: chromedriver=2.42.591088 (7b2b2dca23cca0862f674758c9a3933e685c27d5),platform=Windows NT 10.0.17134 x86_64) (WARNING: The server did not provide any stacktrace information)
Command duration or timeout: 0 milliseconds
For documentation on this error, please visit: http://seleniumhq.org/exceptions/no_such_element.html
Build info: version: '3.14.0', revision: 'aacccce0', time: '2018-08-02T20:19:58.91Z'
System info: host: 'DESKTOP-JEV6767', ip: '192.168.1.7', os.name: 'Windows 10', os.arch: 'amd64', os.version: '10.0', java.version: '1.8.0_171'
Driver info: org.openqa.selenium.chrome.ChromeDriver
Capabilities {acceptInsecureCerts: false, acceptSslCerts: false, applicationCacheEnabled: false, browserConnectionEnabled: false, browserName: chrome, chrome: {chromedriverVersion: 2.42.591088 (7b2b2dca23cca0..., userDataDir: C:\Users\JAVALE~1\AppData\L...}, cssSelectorsEnabled: true, databaseEnabled: false, goog:chromeOptions: {debuggerAddress: localhost:60216}, handlesAlerts: true, hasTouchScreen: false, javascriptEnabled: true, locationContextEnabled: true, mobileEmulationEnabled: false, nativeEvents: true, networkConnectionEnabled: false, pageLoadStrategy: normal, platform: XP, platformName: XP, rotatable: false, setWindowRect: true, takesHeapSnapshot: true, takesScreenshot: true, unexpectedAlertBehaviour: , unhandledPromptBehavior: , version: 71.0.3578.98, webStorageEnabled: true}
Session ID: 75d84367a47ca6ef0da9d753c2f36bab
*** Element info: {Using=xpath, value=//li//p[text()="Welcome abdur!"]}
]]></system-out>
    <system-err><![CDATA[Starting ChromeDriver 2.42.591088 (7b2b2dca23cca0862f674758c9a3933e685c27d5) on port 27660
Only local connections are allowed.
Feb 04, 2019 4:22:04 AM org.openqa.selenium.remote.ProtocolHandshake createSession
INFO: Detected dialect: OSS
]]></system-err>
  </testcase>
  <testcase name="verifyExtraCareSignInTest" classname="com.cvs.qa.testcases.ExtraCareTest" time="0">
    <skipped message="no such element: Unable to locate element: {&quot;method&quot;:&quot;xpath&quot;,&quot;selector&quot;:&quot;//li//p[text()=&quot;Welcome abdur!&quot;]&quot;}&#10;  (Session info: chrome=71.0.3578.98)&#10;  (Driver info: chromedriver=2.42.591088 (7b2b2dca23cca0862f674758c9a3933e685c27d5),platform=Windows NT 10.0.17134 x86_64) (WARNING: The server did not provide any stacktrace information)&#10;Command duration or timeout: 0 milliseconds&#10;For documentation on this error, please visit: http://seleniumhq.org/exceptions/no_such_element.html&#10;Build info: version: &apos;3.14.0&apos;, revision: &apos;aacccce0&apos;, time: &apos;2018-08-02T20:19:58.91Z&apos;&#10;System info: host: &apos;DESKTOP-JEV6767&apos;, ip: &apos;192.168.1.7&apos;, os.name: &apos;Windows 10&apos;, os.arch: &apos;amd64&apos;, os.version: &apos;10.0&apos;, java.version: &apos;1.8.0_171&apos;&#10;Driver info: org.openqa.selenium.chrome.ChromeDriver&#10;Capabilities {acceptInsecureCerts: false, acceptSslCerts: false, applicationCacheEnabled: false, browserConnectionEnabled: false, browserName: chrome, chrome: {chromedriverVersion: 2.42.591088 (7b2b2dca23cca0..., userDataDir: C:\Users\JAVALE~1\AppData\L...}, cssSelectorsEnabled: true, databaseEnabled: false, goog:chromeOptions: {debuggerAddress: localhost:60274}, handlesAlerts: true, hasTouchScreen: false, javascriptEnabled: true, locationContextEnabled: true, mobileEmulationEnabled: false, nativeEvents: true, networkConnectionEnabled: false, pageLoadStrategy: normal, platform: XP, platformName: XP, rotatable: false, setWindowRect: true, takesHeapSnapshot: true, takesScreenshot: true, unexpectedAlertBehaviour: , unhandledPromptBehavior: , version: 71.0.3578.98, webStorageEnabled: true}&#10;Session ID: 891734ce68dba6f44b62bd2c20981684&#10;*** Element info: {Using=xpath, value=//li//p[text()=&quot;Welcome abdur!&quot;]}"/>
    <system-out><![CDATA[Before navigating to: 'https://www.cvs.com/#'
Navigated to:'https://www.cvs.com/#'
Unique name  of the Windows: [CDwindow-C8EC59DED10C9FC693102382F8829790]
Number of Windows: 1
Trying to find Element By : By.xpath: //a[@title='ExtraCare']
Found Element By : By.xpath: //a[@title='ExtraCare']
Trying to click on: [[ChromeDriver: chrome on XP (891734ce68dba6f44b62bd2c20981684)] -> xpath: //a[@title='ExtraCare']]
Clicked on: [[ChromeDriver: chrome on XP (891734ce68dba6f44b62bd2c20981684)] -> xpath: //a[@title='ExtraCare']]
Trying to find Element By : By.xpath: //button[@value='Sign in']
Found Element By : By.xpath: //button[@value='Sign in']
Trying to click on: [[ChromeDriver: chrome on XP (891734ce68dba6f44b62bd2c20981684)] -> xpath: //button[@value='Sign in']]
Clicked on: [[ChromeDriver: chrome on XP (891734ce68dba6f44b62bd2c20981684)] -> xpath: //button[@value='Sign in']]
Trying to find Element By : By.xpath: //input[@id='email']
Found Element By : By.xpath: //input[@id='email']
Trying to find Element By : By.xpath: //button[@role='status']
Found Element By : By.xpath: //button[@role='status']
Trying to click on: [[ChromeDriver: chrome on XP (891734ce68dba6f44b62bd2c20981684)] -> xpath: //button[@role='status']]
Clicked on: [[ChromeDriver: chrome on XP (891734ce68dba6f44b62bd2c20981684)] -> xpath: //button[@role='status']]
Trying to find Element By : By.xpath: //*[@id="password"]
Found Element By : By.xpath: //*[@id="password"]
Trying to find Element By : By.cssSelector: .twoStep-create-account
Found Element By : By.cssSelector: .twoStep-create-account
Trying to click on: [[ChromeDriver: chrome on XP (891734ce68dba6f44b62bd2c20981684)] -> css selector: .twoStep-create-account]
Clicked on: [[ChromeDriver: chrome on XP (891734ce68dba6f44b62bd2c20981684)] -> css selector: .twoStep-create-account]
Trying to find Element By : By.xpath: //li//p[text()="Welcome abdur!"]
Exception occured: org.openqa.selenium.NoSuchElementException: no such element: Unable to locate element: {"method":"xpath","selector":"//li//p[text()="Welcome abdur!"]"}
  (Session info: chrome=71.0.3578.98)
  (Driver info: chromedriver=2.42.591088 (7b2b2dca23cca0862f674758c9a3933e685c27d5),platform=Windows NT 10.0.17134 x86_64) (WARNING: The server did not provide any stacktrace information)
Command duration or timeout: 0 milliseconds
For documentation on this error, please visit: http://seleniumhq.org/exceptions/no_such_element.html
Build info: version: '3.14.0', revision: 'aacccce0', time: '2018-08-02T20:19:58.91Z'
System info: host: 'DESKTOP-JEV6767', ip: '192.168.1.7', os.name: 'Windows 10', os.arch: 'amd64', os.version: '10.0', java.version: '1.8.0_171'
Driver info: org.openqa.selenium.chrome.ChromeDriver
Capabilities {acceptInsecureCerts: false, acceptSslCerts: false, applicationCacheEnabled: false, browserConnectionEnabled: false, browserName: chrome, chrome: {chromedriverVersion: 2.42.591088 (7b2b2dca23cca0..., userDataDir: C:\Users\JAVALE~1\AppData\L...}, cssSelectorsEnabled: true, databaseEnabled: false, goog:chromeOptions: {debuggerAddress: localhost:60274}, handlesAlerts: true, hasTouchScreen: false, javascriptEnabled: true, locationContextEnabled: true, mobileEmulationEnabled: false, nativeEvents: true, networkConnectionEnabled: false, pageLoadStrategy: normal, platform: XP, platformName: XP, rotatable: false, setWindowRect: true, takesHeapSnapshot: true, takesScreenshot: true, unexpectedAlertBehaviour: , unhandledPromptBehavior: , version: 71.0.3578.98, webStorageEnabled: true}
Session ID: 891734ce68dba6f44b62bd2c20981684
*** Element info: {Using=xpath, value=//li//p[text()="Welcome abdur!"]}
]]></system-out>
    <system-err><![CDATA[Starting ChromeDriver 2.42.591088 (7b2b2dca23cca0862f674758c9a3933e685c27d5) on port 24218
Only local connections are allowed.
Feb 04, 2019 4:22:37 AM org.openqa.selenium.remote.ProtocolHandshake createSession
INFO: Detected dialect: OSS
]]></system-err>
  </testcase>
  <testcase name="verifyExtraCareSignInTest" classname="com.cvs.qa.testcases.ExtraCareTest" time="0">
    <skipped message="no such element: Unable to locate element: {&quot;method&quot;:&quot;xpath&quot;,&quot;selector&quot;:&quot;//li//p[text()=&quot;Welcome abdur!&quot;]&quot;}&#10;  (Session info: chrome=71.0.3578.98)&#10;  (Driver info: chromedriver=2.42.591088 (7b2b2dca23cca0862f674758c9a3933e685c27d5),platform=Windows NT 10.0.17134 x86_64) (WARNING: The server did not provide any stacktrace information)&#10;Command duration or timeout: 0 milliseconds&#10;For documentation on this error, please visit: http://seleniumhq.org/exceptions/no_such_element.html&#10;Build info: version: &apos;3.14.0&apos;, revision: &apos;aacccce0&apos;, time: &apos;2018-08-02T20:19:58.91Z&apos;&#10;System info: host: &apos;DESKTOP-JEV6767&apos;, ip: &apos;192.168.1.7&apos;, os.name: &apos;Windows 10&apos;, os.arch: &apos;amd64&apos;, os.version: &apos;10.0&apos;, java.version: &apos;1.8.0_171&apos;&#10;Driver info: org.openqa.selenium.chrome.ChromeDriver&#10;Capabilities {acceptInsecureCerts: false, acceptSslCerts: false, applicationCacheEnabled: false, browserConnectionEnabled: false, browserName: chrome, chrome: {chromedriverVersion: 2.42.591088 (7b2b2dca23cca0..., userDataDir: C:\Users\JAVALE~1\AppData\L...}, cssSelectorsEnabled: true, databaseEnabled: false, goog:chromeOptions: {debuggerAddress: localhost:60329}, handlesAlerts: true, hasTouchScreen: false, javascriptEnabled: true, locationContextEnabled: true, mobileEmulationEnabled: false, nativeEvents: true, networkConnectionEnabled: false, pageLoadStrategy: normal, platform: XP, platformName: XP, rotatable: false, setWindowRect: true, takesHeapSnapshot: true, takesScreenshot: true, unexpectedAlertBehaviour: , unhandledPromptBehavior: , version: 71.0.3578.98, webStorageEnabled: true}&#10;Session ID: c0abcfc49514f2fb0fe86623792e33e2&#10;*** Element info: {Using=xpath, value=//li//p[text()=&quot;Welcome abdur!&quot;]}"/>
    <system-out><![CDATA[Before navigating to: 'https://www.cvs.com/#'
Navigated to:'https://www.cvs.com/#'
Unique name  of the Windows: [CDwindow-737EB9B579CBA753B4A4CAD800F2C53F]
Number of Windows: 1
Trying to find Element By : By.xpath: //a[@title='ExtraCare']
Found Element By : By.xpath: //a[@title='ExtraCare']
Trying to click on: [[ChromeDriver: chrome on XP (c0abcfc49514f2fb0fe86623792e33e2)] -> xpath: //a[@title='ExtraCare']]
Clicked on: [[ChromeDriver: chrome on XP (c0abcfc49514f2fb0fe86623792e33e2)] -> xpath: //a[@title='ExtraCare']]
Trying to find Element By : By.xpath: //button[@value='Sign in']
Found Element By : By.xpath: //button[@value='Sign in']
Trying to click on: [[ChromeDriver: chrome on XP (c0abcfc49514f2fb0fe86623792e33e2)] -> xpath: //button[@value='Sign in']]
Clicked on: [[ChromeDriver: chrome on XP (c0abcfc49514f2fb0fe86623792e33e2)] -> xpath: //button[@value='Sign in']]
Trying to find Element By : By.xpath: //input[@id='email']
Found Element By : By.xpath: //input[@id='email']
Trying to find Element By : By.xpath: //button[@role='status']
Found Element By : By.xpath: //button[@role='status']
Trying to click on: [[ChromeDriver: chrome on XP (c0abcfc49514f2fb0fe86623792e33e2)] -> xpath: //button[@role='status']]
Clicked on: [[ChromeDriver: chrome on XP (c0abcfc49514f2fb0fe86623792e33e2)] -> xpath: //button[@role='status']]
Trying to find Element By : By.xpath: //*[@id="password"]
Found Element By : By.xpath: //*[@id="password"]
Trying to find Element By : By.cssSelector: .twoStep-create-account
Found Element By : By.cssSelector: .twoStep-create-account
Trying to click on: [[ChromeDriver: chrome on XP (c0abcfc49514f2fb0fe86623792e33e2)] -> css selector: .twoStep-create-account]
Clicked on: [[ChromeDriver: chrome on XP (c0abcfc49514f2fb0fe86623792e33e2)] -> css selector: .twoStep-create-account]
Trying to find Element By : By.xpath: //li//p[text()="Welcome abdur!"]
Exception occured: org.openqa.selenium.NoSuchElementException: no such element: Unable to locate element: {"method":"xpath","selector":"//li//p[text()="Welcome abdur!"]"}
  (Session info: chrome=71.0.3578.98)
  (Driver info: chromedriver=2.42.591088 (7b2b2dca23cca0862f674758c9a3933e685c27d5),platform=Windows NT 10.0.17134 x86_64) (WARNING: The server did not provide any stacktrace information)
Command duration or timeout: 0 milliseconds
For documentation on this error, please visit: http://seleniumhq.org/exceptions/no_such_element.html
Build info: version: '3.14.0', revision: 'aacccce0', time: '2018-08-02T20:19:58.91Z'
System info: host: 'DESKTOP-JEV6767', ip: '192.168.1.7', os.name: 'Windows 10', os.arch: 'amd64', os.version: '10.0', java.version: '1.8.0_171'
Driver info: org.openqa.selenium.chrome.ChromeDriver
Capabilities {acceptInsecureCerts: false, acceptSslCerts: false, applicationCacheEnabled: false, browserConnectionEnabled: false, browserName: chrome, chrome: {chromedriverVersion: 2.42.591088 (7b2b2dca23cca0..., userDataDir: C:\Users\JAVALE~1\AppData\L...}, cssSelectorsEnabled: true, databaseEnabled: false, goog:chromeOptions: {debuggerAddress: localhost:60329}, handlesAlerts: true, hasTouchScreen: false, javascriptEnabled: true, locationContextEnabled: true, mobileEmulationEnabled: false, nativeEvents: true, networkConnectionEnabled: false, pageLoadStrategy: normal, platform: XP, platformName: XP, rotatable: false, setWindowRect: true, takesHeapSnapshot: true, takesScreenshot: true, unexpectedAlertBehaviour: , unhandledPromptBehavior: , version: 71.0.3578.98, webStorageEnabled: true}
Session ID: c0abcfc49514f2fb0fe86623792e33e2
*** Element info: {Using=xpath, value=//li//p[text()="Welcome abdur!"]}
]]></system-out>
    <system-err><![CDATA[Starting ChromeDriver 2.42.591088 (7b2b2dca23cca0862f674758c9a3933e685c27d5) on port 28242
Only local connections are allowed.
Feb 04, 2019 4:23:10 AM org.openqa.selenium.remote.ProtocolHandshake createSession
INFO: Detected dialect: OSS
]]></system-err>
  </testcase>
  <testcase name="verifyExtraCareSignInTest" classname="com.cvs.qa.testcases.ExtraCareTest" time="27.295">
    <failure message="no such element: Unable to locate element: {&quot;method&quot;:&quot;xpath&quot;,&quot;selector&quot;:&quot;//li//p[text()=&quot;Welcome abdur!&quot;]&quot;}&#10;  (Session info: chrome=71.0.3578.98)&#10;  (Driver info: chromedriver=2.42.591088 (7b2b2dca23cca0862f674758c9a3933e685c27d5),platform=Windows NT 10.0.17134 x86_64) (WARNING: The server did not provide any stacktrace information)&#10;Command duration or timeout: 0 milliseconds&#10;For documentation on this error, please visit: http://seleniumhq.org/exceptions/no_such_element.html&#10;Build info: version: &apos;3.14.0&apos;, revision: &apos;aacccce0&apos;, time: &apos;2018-08-02T20:19:58.91Z&apos;&#10;System info: host: &apos;DESKTOP-JEV6767&apos;, ip: &apos;192.168.1.7&apos;, os.name: &apos;Windows 10&apos;, os.arch: &apos;amd64&apos;, os.version: &apos;10.0&apos;, java.version: &apos;1.8.0_171&apos;&#10;Driver info: org.openqa.selenium.chrome.ChromeDriver&#10;Capabilities {acceptInsecureCerts: false, acceptSslCerts: false, applicationCacheEnabled: false, browserConnectionEnabled: false, browserName: chrome, chrome: {chromedriverVersion: 2.42.591088 (7b2b2dca23cca0..., userDataDir: C:\Users\JAVALE~1\AppData\L...}, cssSelectorsEnabled: true, databaseEnabled: false, goog:chromeOptions: {debuggerAddress: localhost:60511}, handlesAlerts: true, hasTouchScreen: false, javascriptEnabled: true, locationContextEnabled: true, mobileEmulationEnabled: false, nativeEvents: true, networkConnectionEnabled: false, pageLoadStrategy: normal, platform: XP, platformName: XP, rotatable: false, setWindowRect: true, takesHeapSnapshot: true, takesScreenshot: true, unexpectedAlertBehaviour: , unhandledPromptBehavior: , version: 71.0.3578.98, webStorageEnabled: true}&#10;Session ID: bb8c7300e17c1631f7199b7c0f26bccf&#10;*** Element info: {Using=xpath, value=//li//p[text()=&quot;Welcome abdur!&quot;]}" type="org.openqa.selenium.NoSuchElementException">org.openqa.selenium.NoSuchElementException: 
no such element: Unable to locate element: {"method":"xpath","selector":"//li//p[text()="Welcome abdur!"]"}
  (Session info: chrome=71.0.3578.98)
  (Driver info: chromedriver=2.42.591088 (7b2b2dca23cca0862f674758c9a3933e685c27d5),platform=Windows NT 10.0.17134 x86_64) (WARNING: The server did not provide any stacktrace information)
Command duration or timeout: 0 milliseconds
For documentation on this error, please visit: http://seleniumhq.org/exceptions/no_such_element.html
Build info: version: '3.14.0', revision: 'aacccce0', time: '2018-08-02T20:19:58.91Z'
System info: host: 'DESKTOP-JEV6767', ip: '192.168.1.7', os.name: 'Windows 10', os.arch: 'amd64', os.version: '10.0', java.version: '1.8.0_171'
Driver info: org.openqa.selenium.chrome.ChromeDriver
Capabilities {acceptInsecureCerts: false, acceptSslCerts: false, applicationCacheEnabled: false, browserConnectionEnabled: false, browserName: chrome, chrome: {chromedriverVersion: 2.42.591088 (7b2b2dca23cca0..., userDataDir: C:\Users\JAVALE~1\AppData\L...}, cssSelectorsEnabled: true, databaseEnabled: false, goog:chromeOptions: {debuggerAddress: localhost:60511}, handlesAlerts: true, hasTouchScreen: false, javascriptEnabled: true, locationContextEnabled: true, mobileEmulationEnabled: false, nativeEvents: true, networkConnectionEnabled: false, pageLoadStrategy: normal, platform: XP, platformName: XP, rotatable: false, setWindowRect: true, takesHeapSnapshot: true, takesScreenshot: true, unexpectedAlertBehaviour: , unhandledPromptBehavior: , version: 71.0.3578.98, webStorageEnabled: true}
Session ID: bb8c7300e17c1631f7199b7c0f26bccf
*** Element info: {Using=xpath, value=//li//p[text()="Welcome abdur!"]}
	at com.cvs.qa.testcases.ExtraCareTest.verifyExtraCareSignInTest(ExtraCareTest.java:39)
</failure>
    <system-out><![CDATA[Before navigating to: 'https://www.cvs.com/#'
Navigated to:'https://www.cvs.com/#'
Unique name  of the Windows: [CDwindow-4FD0BE554091B78A28D53BB2A298E4D3]
Number of Windows: 1
Trying to find Element By : By.xpath: //a[@title='ExtraCare']
Found Element By : By.xpath: //a[@title='ExtraCare']
Trying to click on: [[ChromeDriver: chrome on XP (bb8c7300e17c1631f7199b7c0f26bccf)] -> xpath: //a[@title='ExtraCare']]
Clicked on: [[ChromeDriver: chrome on XP (bb8c7300e17c1631f7199b7c0f26bccf)] -> xpath: //a[@title='ExtraCare']]
Trying to find Element By : By.xpath: //button[@value='Sign in']
Found Element By : By.xpath: //button[@value='Sign in']
Trying to click on: [[ChromeDriver: chrome on XP (bb8c7300e17c1631f7199b7c0f26bccf)] -> xpath: //button[@value='Sign in']]
Clicked on: [[ChromeDriver: chrome on XP (bb8c7300e17c1631f7199b7c0f26bccf)] -> xpath: //button[@value='Sign in']]
Trying to find Element By : By.xpath: //input[@id='email']
Found Element By : By.xpath: //input[@id='email']
Trying to find Element By : By.xpath: //button[@role='status']
Found Element By : By.xpath: //button[@role='status']
Trying to click on: [[ChromeDriver: chrome on XP (bb8c7300e17c1631f7199b7c0f26bccf)] -> xpath: //button[@role='status']]
Clicked on: [[ChromeDriver: chrome on XP (bb8c7300e17c1631f7199b7c0f26bccf)] -> xpath: //button[@role='status']]
Trying to find Element By : By.xpath: //*[@id="password"]
Found Element By : By.xpath: //*[@id="password"]
Trying to find Element By : By.cssSelector: .twoStep-create-account
Found Element By : By.cssSelector: .twoStep-create-account
Trying to click on: [[ChromeDriver: chrome on XP (bb8c7300e17c1631f7199b7c0f26bccf)] -> css selector: .twoStep-create-account]
Clicked on: [[ChromeDriver: chrome on XP (bb8c7300e17c1631f7199b7c0f26bccf)] -> css selector: .twoStep-create-account]
Trying to find Element By : By.xpath: //li//p[text()="Welcome abdur!"]
Exception occured: org.openqa.selenium.NoSuchElementException: no such element: Unable to locate element: {"method":"xpath","selector":"//li//p[text()="Welcome abdur!"]"}
  (Session info: chrome=71.0.3578.98)
  (Driver info: chromedriver=2.42.591088 (7b2b2dca23cca0862f674758c9a3933e685c27d5),platform=Windows NT 10.0.17134 x86_64) (WARNING: The server did not provide any stacktrace information)
Command duration or timeout: 0 milliseconds
For documentation on this error, please visit: http://seleniumhq.org/exceptions/no_such_element.html
Build info: version: '3.14.0', revision: 'aacccce0', time: '2018-08-02T20:19:58.91Z'
System info: host: 'DESKTOP-JEV6767', ip: '192.168.1.7', os.name: 'Windows 10', os.arch: 'amd64', os.version: '10.0', java.version: '1.8.0_171'
Driver info: org.openqa.selenium.chrome.ChromeDriver
Capabilities {acceptInsecureCerts: false, acceptSslCerts: false, applicationCacheEnabled: false, browserConnectionEnabled: false, browserName: chrome, chrome: {chromedriverVersion: 2.42.591088 (7b2b2dca23cca0..., userDataDir: C:\Users\JAVALE~1\AppData\L...}, cssSelectorsEnabled: true, databaseEnabled: false, goog:chromeOptions: {debuggerAddress: localhost:60511}, handlesAlerts: true, hasTouchScreen: false, javascriptEnabled: true, locationContextEnabled: true, mobileEmulationEnabled: false, nativeEvents: true, networkConnectionEnabled: false, pageLoadStrategy: normal, platform: XP, platformName: XP, rotatable: false, setWindowRect: true, takesHeapSnapshot: true, takesScreenshot: true, unexpectedAlertBehaviour: , unhandledPromptBehavior: , version: 71.0.3578.98, webStorageEnabled: true}
Session ID: bb8c7300e17c1631f7199b7c0f26bccf
*** Element info: {Using=xpath, value=//li//p[text()="Welcome abdur!"]}
]]></system-out>
    <system-err><![CDATA[Starting ChromeDriver 2.42.591088 (7b2b2dca23cca0862f674758c9a3933e685c27d5) on port 34030
Only local connections are allowed.
Feb 04, 2019 4:23:44 AM org.openqa.selenium.remote.ProtocolHandshake createSession
INFO: Detected dialect: OSS
]]></system-err>
  </testcase>
  <testcase name="verifyExtraCareShoppingCartTest" classname="com.cvs.qa.testcases.ExtraCareTest" time="2.617"/>
  <testcase name="verifyPhotoUploadTest" classname="com.cvs.qa.testcases.PhotoPageTest" time="0">
    <skipped message="element not interactable&#10;  (Session info: chrome=71.0.3578.98)&#10;  (Driver info: chromedriver=2.42.591088 (7b2b2dca23cca0862f674758c9a3933e685c27d5),platform=Windows NT 10.0.17134 x86_64) (WARNING: The server did not provide any stacktrace information)&#10;Command duration or timeout: 0 milliseconds&#10;Build info: version: &apos;3.14.0&apos;, revision: &apos;aacccce0&apos;, time: &apos;2018-08-02T20:19:58.91Z&apos;&#10;System info: host: &apos;DESKTOP-JEV6767&apos;, ip: &apos;192.168.1.7&apos;, os.name: &apos;Windows 10&apos;, os.arch: &apos;amd64&apos;, os.version: &apos;10.0&apos;, java.version: &apos;1.8.0_171&apos;&#10;Driver info: org.openqa.selenium.chrome.ChromeDriver&#10;Capabilities {acceptInsecureCerts: false, acceptSslCerts: false, applicationCacheEnabled: false, browserConnectionEnabled: false, browserName: chrome, chrome: {chromedriverVersion: 2.42.591088 (7b2b2dca23cca0..., userDataDir: C:\Users\JAVALE~1\AppData\L...}, cssSelectorsEnabled: true, databaseEnabled: false, goog:chromeOptions: {debuggerAddress: localhost:60637}, handlesAlerts: true, hasTouchScreen: false, javascriptEnabled: true, locationContextEnabled: true, mobileEmulationEnabled: false, nativeEvents: true, networkConnectionEnabled: false, pageLoadStrategy: normal, platform: XP, platformName: XP, rotatable: false, setWindowRect: true, takesHeapSnapshot: true, takesScreenshot: true, unexpectedAlertBehaviour: , unhandledPromptBehavior: , version: 71.0.3578.98, webStorageEnabled: true}&#10;Session ID: c867f226cadc241a92038bcee77a6a9f"/>
    <system-out><![CDATA[Before navigating to: 'https://www.cvs.com/#'
Navigated to:'https://www.cvs.com/#'
Unique name  of the Windows: [CDwindow-3A99DB563809107922B1A3AD2313B6B8]
Number of Windows: 1
Trying to find Element By : By.xpath: //a[@title='CVS Photo']
Found Element By : By.xpath: //a[@title='CVS Photo']
Trying to click on: [[ChromeDriver: chrome on XP (c867f226cadc241a92038bcee77a6a9f)] -> xpath: //a[@title='CVS Photo']]
Clicked on: [[ChromeDriver: chrome on XP (c867f226cadc241a92038bcee77a6a9f)] -> xpath: //a[@title='CVS Photo']]
Trying to find Element By : By.xpath: //a[@id='globalHeaderSignInRegister']
Found Element By : By.xpath: //a[@id='globalHeaderSignInRegister']
Trying to click on: [[ChromeDriver: chrome on XP (c867f226cadc241a92038bcee77a6a9f)] -> xpath: //a[@id='globalHeaderSignInRegister']]
Clicked on: [[ChromeDriver: chrome on XP (c867f226cadc241a92038bcee77a6a9f)] -> xpath: //a[@id='globalHeaderSignInRegister']]
Trying to find Element By : By.xpath: //input[@id='email']
Found Element By : By.xpath: //input[@id='email']
Trying to find Element By : By.xpath: //input[@id='pwd']
Found Element By : By.xpath: //input[@id='pwd']
Trying to find Element By : By.xpath: //input[@id='loginButtonDesk']
Found Element By : By.xpath: //input[@id='loginButtonDesk']
Trying to click on: [[ChromeDriver: chrome on XP (c867f226cadc241a92038bcee77a6a9f)] -> xpath: //input[@id='loginButtonDesk']]
Clicked on: [[ChromeDriver: chrome on XP (c867f226cadc241a92038bcee77a6a9f)] -> xpath: //input[@id='loginButtonDesk']]
Trying to find Element By : By.linkText: Upload Photos
Found Element By : By.linkText: Upload Photos
Trying to click on: [[ChromeDriver: chrome on XP (c867f226cadc241a92038bcee77a6a9f)] -> link text: Upload Photos]
Clicked on: [[ChromeDriver: chrome on XP (c867f226cadc241a92038bcee77a6a9f)] -> link text: Upload Photos]
Trying to find Element By : By.xpath: //ul[@id='po-fdropdown']/li[@name='mycomputer_tab']//span[@class='upload-link']
Found Element By : By.xpath: //ul[@id='po-fdropdown']/li[@name='mycomputer_tab']//span[@class='upload-link']
Trying to click on: [[ChromeDriver: chrome on XP (c867f226cadc241a92038bcee77a6a9f)] -> xpath: //ul[@id='po-fdropdown']/li[@name='mycomputer_tab']//span[@class='upload-link']]
Exception occured: org.openqa.selenium.ElementNotVisibleException: element not interactable
  (Session info: chrome=71.0.3578.98)
  (Driver info: chromedriver=2.42.591088 (7b2b2dca23cca0862f674758c9a3933e685c27d5),platform=Windows NT 10.0.17134 x86_64) (WARNING: The server did not provide any stacktrace information)
Command duration or timeout: 0 milliseconds
Build info: version: '3.14.0', revision: 'aacccce0', time: '2018-08-02T20:19:58.91Z'
System info: host: 'DESKTOP-JEV6767', ip: '192.168.1.7', os.name: 'Windows 10', os.arch: 'amd64', os.version: '10.0', java.version: '1.8.0_171'
Driver info: org.openqa.selenium.chrome.ChromeDriver
Capabilities {acceptInsecureCerts: false, acceptSslCerts: false, applicationCacheEnabled: false, browserConnectionEnabled: false, browserName: chrome, chrome: {chromedriverVersion: 2.42.591088 (7b2b2dca23cca0..., userDataDir: C:\Users\JAVALE~1\AppData\L...}, cssSelectorsEnabled: true, databaseEnabled: false, goog:chromeOptions: {debuggerAddress: localhost:60637}, handlesAlerts: true, hasTouchScreen: false, javascriptEnabled: true, locationContextEnabled: true, mobileEmulationEnabled: false, nativeEvents: true, networkConnectionEnabled: false, pageLoadStrategy: normal, platform: XP, platformName: XP, rotatable: false, setWindowRect: true, takesHeapSnapshot: true, takesScreenshot: true, unexpectedAlertBehaviour: , unhandledPromptBehavior: , version: 71.0.3578.98, webStorageEnabled: true}
Session ID: c867f226cadc241a92038bcee77a6a9f
]]></system-out>
    <system-err><![CDATA[Starting ChromeDriver 2.42.591088 (7b2b2dca23cca0862f674758c9a3933e685c27d5) on port 25601
Only local connections are allowed.
Feb 04, 2019 4:24:26 AM org.openqa.selenium.remote.ProtocolHandshake createSession
INFO: Detected dialect: OSS
]]></system-err>
  </testcase>
  <testcase name="verifyPhotoUploadTest" classname="com.cvs.qa.testcases.PhotoPageTest" time="0">
    <skipped message="unknown error: cannot focus element&#10;  (Session info: chrome=71.0.3578.98)&#10;  (Driver info: chromedriver=2.42.591088 (7b2b2dca23cca0862f674758c9a3933e685c27d5),platform=Windows NT 10.0.17134 x86_64) (WARNING: The server did not provide any stacktrace information)&#10;Command duration or timeout: 0 milliseconds&#10;Build info: version: &apos;3.14.0&apos;, revision: &apos;aacccce0&apos;, time: &apos;2018-08-02T20:19:58.91Z&apos;&#10;System info: host: &apos;DESKTOP-JEV6767&apos;, ip: &apos;192.168.1.7&apos;, os.name: &apos;Windows 10&apos;, os.arch: &apos;amd64&apos;, os.version: &apos;10.0&apos;, java.version: &apos;1.8.0_171&apos;&#10;Driver info: org.openqa.selenium.chrome.ChromeDriver&#10;Capabilities {acceptInsecureCerts: false, acceptSslCerts: false, applicationCacheEnabled: false, browserConnectionEnabled: false, browserName: chrome, chrome: {chromedriverVersion: 2.42.591088 (7b2b2dca23cca0..., userDataDir: C:\Users\JAVALE~1\AppData\L...}, cssSelectorsEnabled: true, databaseEnabled: false, goog:chromeOptions: {debuggerAddress: localhost:60707}, handlesAlerts: true, hasTouchScreen: false, javascriptEnabled: true, locationContextEnabled: true, mobileEmulationEnabled: false, nativeEvents: true, networkConnectionEnabled: false, pageLoadStrategy: normal, platform: XP, platformName: XP, rotatable: false, setWindowRect: true, takesHeapSnapshot: true, takesScreenshot: true, unexpectedAlertBehaviour: , unhandledPromptBehavior: , version: 71.0.3578.98, webStorageEnabled: true}&#10;Session ID: dcd47b72c7ef46fbaaf032e98cd61c06"/>
    <system-out><![CDATA[Before navigating to: 'https://www.cvs.com/#'
Navigated to:'https://www.cvs.com/#'
Unique name  of the Windows: [CDwindow-A702C29EEC54A62E71F42D1A5BDF62F9]
Number of Windows: 1
Trying to find Element By : By.xpath: //a[@title='CVS Photo']
Found Element By : By.xpath: //a[@title='CVS Photo']
Trying to click on: [[ChromeDriver: chrome on XP (dcd47b72c7ef46fbaaf032e98cd61c06)] -> xpath: //a[@title='CVS Photo']]
Clicked on: [[ChromeDriver: chrome on XP (dcd47b72c7ef46fbaaf032e98cd61c06)] -> xpath: //a[@title='CVS Photo']]
Trying to find Element By : By.xpath: //a[@id='globalHeaderSignInRegister']
Found Element By : By.xpath: //a[@id='globalHeaderSignInRegister']
Trying to click on: [[ChromeDriver: chrome on XP (dcd47b72c7ef46fbaaf032e98cd61c06)] -> xpath: //a[@id='globalHeaderSignInRegister']]
Clicked on: [[ChromeDriver: chrome on XP (dcd47b72c7ef46fbaaf032e98cd61c06)] -> xpath: //a[@id='globalHeaderSignInRegister']]
Trying to find Element By : By.xpath: //input[@id='email']
Found Element By : By.xpath: //input[@id='email']
Exception occured: org.openqa.selenium.WebDriverException: unknown error: cannot focus element
  (Session info: chrome=71.0.3578.98)
  (Driver info: chromedriver=2.42.591088 (7b2b2dca23cca0862f674758c9a3933e685c27d5),platform=Windows NT 10.0.17134 x86_64) (WARNING: The server did not provide any stacktrace information)
Command duration or timeout: 0 milliseconds
Build info: version: '3.14.0', revision: 'aacccce0', time: '2018-08-02T20:19:58.91Z'
System info: host: 'DESKTOP-JEV6767', ip: '192.168.1.7', os.name: 'Windows 10', os.arch: 'amd64', os.version: '10.0', java.version: '1.8.0_171'
Driver info: org.openqa.selenium.chrome.ChromeDriver
Capabilities {acceptInsecureCerts: false, acceptSslCerts: false, applicationCacheEnabled: false, browserConnectionEnabled: false, browserName: chrome, chrome: {chromedriverVersion: 2.42.591088 (7b2b2dca23cca0..., userDataDir: C:\Users\JAVALE~1\AppData\L...}, cssSelectorsEnabled: true, databaseEnabled: false, goog:chromeOptions: {debuggerAddress: localhost:60707}, handlesAlerts: true, hasTouchScreen: false, javascriptEnabled: true, locationContextEnabled: true, mobileEmulationEnabled: false, nativeEvents: true, networkConnectionEnabled: false, pageLoadStrategy: normal, platform: XP, platformName: XP, rotatable: false, setWindowRect: true, takesHeapSnapshot: true, takesScreenshot: true, unexpectedAlertBehaviour: , unhandledPromptBehavior: , version: 71.0.3578.98, webStorageEnabled: true}
Session ID: dcd47b72c7ef46fbaaf032e98cd61c06
]]></system-out>
    <system-err><![CDATA[Starting ChromeDriver 2.42.591088 (7b2b2dca23cca0862f674758c9a3933e685c27d5) on port 30122
Only local connections are allowed.
Feb 04, 2019 4:24:43 AM org.openqa.selenium.remote.ProtocolHandshake createSession
INFO: Detected dialect: OSS
]]></system-err>
  </testcase>
  <testcase name="verifyPhotoUploadTest" classname="com.cvs.qa.testcases.PhotoPageTest" time="0">
    <skipped message="unknown error: Element &lt;a omniture-data-id=&quot;HOME_PAGE_ADD_PHOTOS&quot; class=&quot;homepage-pill-button gwb-p &quot; id=&quot;photoOrg-addPhotos-qmp-btn&quot; href=&quot;javascript:store.library.addPhotos.init(&apos;#photoOrg-addPhotos-qmp-btn&apos;,&apos;dropdown&apos;);&quot;&gt;...&lt;/a&gt; is not clickable at point (276, 364). Other element would receive the click: &lt;div class=&quot;acsModalBackdrop acsAbandonButton&quot; data-isbackdrop=&quot;true&quot;&gt;...&lt;/div&gt;&#10;  (Session info: chrome=71.0.3578.98)&#10;  (Driver info: chromedriver=2.42.591088 (7b2b2dca23cca0862f674758c9a3933e685c27d5),platform=Windows NT 10.0.17134 x86_64) (WARNING: The server did not provide any stacktrace information)&#10;Command duration or timeout: 0 milliseconds&#10;Build info: version: &apos;3.14.0&apos;, revision: &apos;aacccce0&apos;, time: &apos;2018-08-02T20:19:58.91Z&apos;&#10;System info: host: &apos;DESKTOP-JEV6767&apos;, ip: &apos;192.168.1.7&apos;, os.name: &apos;Windows 10&apos;, os.arch: &apos;amd64&apos;, os.version: &apos;10.0&apos;, java.version: &apos;1.8.0_171&apos;&#10;Driver info: org.openqa.selenium.chrome.ChromeDriver&#10;Capabilities {acceptInsecureCerts: false, acceptSslCerts: false, applicationCacheEnabled: false, browserConnectionEnabled: false, browserName: chrome, chrome: {chromedriverVersion: 2.42.591088 (7b2b2dca23cca0..., userDataDir: C:\Users\JAVALE~1\AppData\L...}, cssSelectorsEnabled: true, databaseEnabled: false, goog:chromeOptions: {debuggerAddress: localhost:60776}, handlesAlerts: true, hasTouchScreen: false, javascriptEnabled: true, locationContextEnabled: true, mobileEmulationEnabled: false, nativeEvents: true, networkConnectionEnabled: false, pageLoadStrategy: normal, platform: XP, platformName: XP, rotatable: false, setWindowRect: true, takesHeapSnapshot: true, takesScreenshot: true, unexpectedAlertBehaviour: , unhandledPromptBehavior: , version: 71.0.3578.98, webStorageEnabled: true}&#10;Session ID: b25e3848a7010b50533a28b87c850744"/>
    <system-out><![CDATA[Before navigating to: 'https://www.cvs.com/#'
Navigated to:'https://www.cvs.com/#'
Unique name  of the Windows: [CDwindow-9185A25C0C8450F8CD8B494F389A1F10]
Number of Windows: 1
Trying to find Element By : By.xpath: //a[@title='CVS Photo']
Found Element By : By.xpath: //a[@title='CVS Photo']
Trying to click on: [[ChromeDriver: chrome on XP (b25e3848a7010b50533a28b87c850744)] -> xpath: //a[@title='CVS Photo']]
Clicked on: [[ChromeDriver: chrome on XP (b25e3848a7010b50533a28b87c850744)] -> xpath: //a[@title='CVS Photo']]
Trying to find Element By : By.xpath: //a[@id='globalHeaderSignInRegister']
Found Element By : By.xpath: //a[@id='globalHeaderSignInRegister']
Trying to click on: [[ChromeDriver: chrome on XP (b25e3848a7010b50533a28b87c850744)] -> xpath: //a[@id='globalHeaderSignInRegister']]
Clicked on: [[ChromeDriver: chrome on XP (b25e3848a7010b50533a28b87c850744)] -> xpath: //a[@id='globalHeaderSignInRegister']]
Trying to find Element By : By.xpath: //input[@id='email']
Found Element By : By.xpath: //input[@id='email']
Trying to find Element By : By.xpath: //input[@id='pwd']
Found Element By : By.xpath: //input[@id='pwd']
Trying to find Element By : By.xpath: //input[@id='loginButtonDesk']
Found Element By : By.xpath: //input[@id='loginButtonDesk']
Trying to click on: [[ChromeDriver: chrome on XP (b25e3848a7010b50533a28b87c850744)] -> xpath: //input[@id='loginButtonDesk']]
Clicked on: [[ChromeDriver: chrome on XP (b25e3848a7010b50533a28b87c850744)] -> xpath: //input[@id='loginButtonDesk']]
Trying to find Element By : By.linkText: Upload Photos
Found Element By : By.linkText: Upload Photos
Trying to click on: [[ChromeDriver: chrome on XP (b25e3848a7010b50533a28b87c850744)] -> link text: Upload Photos]
Exception occured: org.openqa.selenium.WebDriverException: unknown error: Element <a omniture-data-id="HOME_PAGE_ADD_PHOTOS" class="homepage-pill-button gwb-p " id="photoOrg-addPhotos-qmp-btn" href="javascript:store.library.addPhotos.init('#photoOrg-addPhotos-qmp-btn','dropdown');">...</a> is not clickable at point (276, 364). Other element would receive the click: <div class="acsModalBackdrop acsAbandonButton" data-isbackdrop="true">...</div>
  (Session info: chrome=71.0.3578.98)
  (Driver info: chromedriver=2.42.591088 (7b2b2dca23cca0862f674758c9a3933e685c27d5),platform=Windows NT 10.0.17134 x86_64) (WARNING: The server did not provide any stacktrace information)
Command duration or timeout: 0 milliseconds
Build info: version: '3.14.0', revision: 'aacccce0', time: '2018-08-02T20:19:58.91Z'
System info: host: 'DESKTOP-JEV6767', ip: '192.168.1.7', os.name: 'Windows 10', os.arch: 'amd64', os.version: '10.0', java.version: '1.8.0_171'
Driver info: org.openqa.selenium.chrome.ChromeDriver
Capabilities {acceptInsecureCerts: false, acceptSslCerts: false, applicationCacheEnabled: false, browserConnectionEnabled: false, browserName: chrome, chrome: {chromedriverVersion: 2.42.591088 (7b2b2dca23cca0..., userDataDir: C:\Users\JAVALE~1\AppData\L...}, cssSelectorsEnabled: true, databaseEnabled: false, goog:chromeOptions: {debuggerAddress: localhost:60776}, handlesAlerts: true, hasTouchScreen: false, javascriptEnabled: true, locationContextEnabled: true, mobileEmulationEnabled: false, nativeEvents: true, networkConnectionEnabled: false, pageLoadStrategy: normal, platform: XP, platformName: XP, rotatable: false, setWindowRect: true, takesHeapSnapshot: true, takesScreenshot: true, unexpectedAlertBehaviour: , unhandledPromptBehavior: , version: 71.0.3578.98, webStorageEnabled: true}
Session ID: b25e3848a7010b50533a28b87c850744
]]></system-out>
    <system-err><![CDATA[Starting ChromeDriver 2.42.591088 (7b2b2dca23cca0862f674758c9a3933e685c27d5) on port 34189
Only local connections are allowed.
Feb 04, 2019 4:24:55 AM org.openqa.selenium.remote.ProtocolHandshake createSession
INFO: Detected dialect: OSS
]]></system-err>
  </testcase>
  <testcase name="verifyPhotoUploadTest" classname="com.cvs.qa.testcases.PhotoPageTest" time="6.128">
    <failure message="unknown error: cannot focus element&#10;  (Session info: chrome=71.0.3578.98)&#10;  (Driver info: chromedriver=2.42.591088 (7b2b2dca23cca0862f674758c9a3933e685c27d5),platform=Windows NT 10.0.17134 x86_64) (WARNING: The server did not provide any stacktrace information)&#10;Command duration or timeout: 0 milliseconds&#10;Build info: version: &apos;3.14.0&apos;, revision: &apos;aacccce0&apos;, time: &apos;2018-08-02T20:19:58.91Z&apos;&#10;System info: host: &apos;DESKTOP-JEV6767&apos;, ip: &apos;192.168.1.7&apos;, os.name: &apos;Windows 10&apos;, os.arch: &apos;amd64&apos;, os.version: &apos;10.0&apos;, java.version: &apos;1.8.0_171&apos;&#10;Driver info: org.openqa.selenium.chrome.ChromeDriver&#10;Capabilities {acceptInsecureCerts: false, acceptSslCerts: false, applicationCacheEnabled: false, browserConnectionEnabled: false, browserName: chrome, chrome: {chromedriverVersion: 2.42.591088 (7b2b2dca23cca0..., userDataDir: C:\Users\JAVALE~1\AppData\L...}, cssSelectorsEnabled: true, databaseEnabled: false, goog:chromeOptions: {debuggerAddress: localhost:60849}, handlesAlerts: true, hasTouchScreen: false, javascriptEnabled: true, locationContextEnabled: true, mobileEmulationEnabled: false, nativeEvents: true, networkConnectionEnabled: false, pageLoadStrategy: normal, platform: XP, platformName: XP, rotatable: false, setWindowRect: true, takesHeapSnapshot: true, takesScreenshot: true, unexpectedAlertBehaviour: , unhandledPromptBehavior: , version: 71.0.3578.98, webStorageEnabled: true}&#10;Session ID: 22095ae2387917f23eff282f55cb6e67" type="org.openqa.selenium.WebDriverException">org.openqa.selenium.WebDriverException: 
unknown error: cannot focus element
  (Session info: chrome=71.0.3578.98)
  (Driver info: chromedriver=2.42.591088 (7b2b2dca23cca0862f674758c9a3933e685c27d5),platform=Windows NT 10.0.17134 x86_64) (WARNING: The server did not provide any stacktrace information)
Command duration or timeout: 0 milliseconds
Build info: version: '3.14.0', revision: 'aacccce0', time: '2018-08-02T20:19:58.91Z'
System info: host: 'DESKTOP-JEV6767', ip: '192.168.1.7', os.name: 'Windows 10', os.arch: 'amd64', os.version: '10.0', java.version: '1.8.0_171'
Driver info: org.openqa.selenium.chrome.ChromeDriver
Capabilities {acceptInsecureCerts: false, acceptSslCerts: false, applicationCacheEnabled: false, browserConnectionEnabled: false, browserName: chrome, chrome: {chromedriverVersion: 2.42.591088 (7b2b2dca23cca0..., userDataDir: C:\Users\JAVALE~1\AppData\L...}, cssSelectorsEnabled: true, databaseEnabled: false, goog:chromeOptions: {debuggerAddress: localhost:60849}, handlesAlerts: true, hasTouchScreen: false, javascriptEnabled: true, locationContextEnabled: true, mobileEmulationEnabled: false, nativeEvents: true, networkConnectionEnabled: false, pageLoadStrategy: normal, platform: XP, platformName: XP, rotatable: false, setWindowRect: true, takesHeapSnapshot: true, takesScreenshot: true, unexpectedAlertBehaviour: , unhandledPromptBehavior: , version: 71.0.3578.98, webStorageEnabled: true}
Session ID: 22095ae2387917f23eff282f55cb6e67
	at com.cvs.qa.testcases.PhotoPageTest.verifyPhotoUploadTest(PhotoPageTest.java:46)
</failure>
    <system-out><![CDATA[Before navigating to: 'https://www.cvs.com/#'
Navigated to:'https://www.cvs.com/#'
Unique name  of the Windows: [CDwindow-C635473A0E0E8FEB9DBEB568682C2B8C]
Number of Windows: 1
Trying to find Element By : By.xpath: //a[@title='CVS Photo']
Found Element By : By.xpath: //a[@title='CVS Photo']
Trying to click on: [[ChromeDriver: chrome on XP (22095ae2387917f23eff282f55cb6e67)] -> xpath: //a[@title='CVS Photo']]
Clicked on: [[ChromeDriver: chrome on XP (22095ae2387917f23eff282f55cb6e67)] -> xpath: //a[@title='CVS Photo']]
Trying to find Element By : By.xpath: //a[@id='globalHeaderSignInRegister']
Found Element By : By.xpath: //a[@id='globalHeaderSignInRegister']
Trying to click on: [[ChromeDriver: chrome on XP (22095ae2387917f23eff282f55cb6e67)] -> xpath: //a[@id='globalHeaderSignInRegister']]
Clicked on: [[ChromeDriver: chrome on XP (22095ae2387917f23eff282f55cb6e67)] -> xpath: //a[@id='globalHeaderSignInRegister']]
Trying to find Element By : By.xpath: //input[@id='email']
Found Element By : By.xpath: //input[@id='email']
Exception occured: org.openqa.selenium.WebDriverException: unknown error: cannot focus element
  (Session info: chrome=71.0.3578.98)
  (Driver info: chromedriver=2.42.591088 (7b2b2dca23cca0862f674758c9a3933e685c27d5),platform=Windows NT 10.0.17134 x86_64) (WARNING: The server did not provide any stacktrace information)
Command duration or timeout: 0 milliseconds
Build info: version: '3.14.0', revision: 'aacccce0', time: '2018-08-02T20:19:58.91Z'
System info: host: 'DESKTOP-JEV6767', ip: '192.168.1.7', os.name: 'Windows 10', os.arch: 'amd64', os.version: '10.0', java.version: '1.8.0_171'
Driver info: org.openqa.selenium.chrome.ChromeDriver
Capabilities {acceptInsecureCerts: false, acceptSslCerts: false, applicationCacheEnabled: false, browserConnectionEnabled: false, browserName: chrome, chrome: {chromedriverVersion: 2.42.591088 (7b2b2dca23cca0..., userDataDir: C:\Users\JAVALE~1\AppData\L...}, cssSelectorsEnabled: true, databaseEnabled: false, goog:chromeOptions: {debuggerAddress: localhost:60849}, handlesAlerts: true, hasTouchScreen: false, javascriptEnabled: true, locationContextEnabled: true, mobileEmulationEnabled: false, nativeEvents: true, networkConnectionEnabled: false, pageLoadStrategy: normal, platform: XP, platformName: XP, rotatable: false, setWindowRect: true, takesHeapSnapshot: true, takesScreenshot: true, unexpectedAlertBehaviour: , unhandledPromptBehavior: , version: 71.0.3578.98, webStorageEnabled: true}
Session ID: 22095ae2387917f23eff282f55cb6e67
]]></system-out>
    <system-err><![CDATA[Starting ChromeDriver 2.42.591088 (7b2b2dca23cca0862f674758c9a3933e685c27d5) on port 45079
Only local connections are allowed.
Feb 04, 2019 4:25:11 AM org.openqa.selenium.remote.ProtocolHandshake createSession
INFO: Detected dialect: OSS
]]></system-err>
  </testcase>
  <testcase name="verifyPhotoPageTitleTest" classname="com.cvs.qa.testcases.PhotoPageTest" time="4.251"/>
  <testcase name="verifyShopNowPicLinkTest" classname="com.cvs.qa.testcases.PhotoPageTest" time="8.01"/>
  <testcase name="verifyPhotoPageHomeTitleTest" classname="com.cvs.qa.testcases.PhotoPageTest" time="0">
    <skipped message="expected [Photo Printing Services | Print Photos Online | CVS Photo] but found [CVS Photo: Photo Prints | Passport Photos | Photo Cards | Photo Books]"/>
    <system-out><![CDATA[Before navigating to: 'https://www.cvs.com/#'
Navigated to:'https://www.cvs.com/#'
Unique name  of the Windows: [CDwindow-8EBB8CF2AD19BD80EF5A06F0A3498BCD]
Number of Windows: 1
Trying to find Element By : By.xpath: //a[@title='CVS Photo']
Found Element By : By.xpath: //a[@title='CVS Photo']
Trying to click on: [[ChromeDriver: chrome on XP (42c269d6d18e4a0bec59d9de9634fd20)] -> xpath: //a[@title='CVS Photo']]
Clicked on: [[ChromeDriver: chrome on XP (42c269d6d18e4a0bec59d9de9634fd20)] -> xpath: //a[@title='CVS Photo']]
Trying to find Element By : By.xpath: //a[@id='globalHeaderSignInRegister']
Found Element By : By.xpath: //a[@id='globalHeaderSignInRegister']
Trying to click on: [[ChromeDriver: chrome on XP (42c269d6d18e4a0bec59d9de9634fd20)] -> xpath: //a[@id='globalHeaderSignInRegister']]
Clicked on: [[ChromeDriver: chrome on XP (42c269d6d18e4a0bec59d9de9634fd20)] -> xpath: //a[@id='globalHeaderSignInRegister']]
Trying to find Element By : By.xpath: //input[@id='email']
Found Element By : By.xpath: //input[@id='email']
Trying to find Element By : By.xpath: //input[@id='pwd']
Found Element By : By.xpath: //input[@id='pwd']
Trying to find Element By : By.xpath: //input[@id='loginButtonDesk']
Found Element By : By.xpath: //input[@id='loginButtonDesk']
Trying to click on: [[ChromeDriver: chrome on XP (42c269d6d18e4a0bec59d9de9634fd20)] -> xpath: //input[@id='loginButtonDesk']]
Clicked on: [[ChromeDriver: chrome on XP (42c269d6d18e4a0bec59d9de9634fd20)] -> xpath: //input[@id='loginButtonDesk']]
]]></system-out>
    <system-err><![CDATA[Starting ChromeDriver 2.42.591088 (7b2b2dca23cca0862f674758c9a3933e685c27d5) on port 30925
Only local connections are allowed.
Feb 04, 2019 4:25:48 AM org.openqa.selenium.remote.ProtocolHandshake createSession
INFO: Detected dialect: OSS
]]></system-err>
  </testcase>
  <testcase name="verifyPhotoPageHomeTitleTest" classname="com.cvs.qa.testcases.PhotoPageTest" time="0">
    <skipped message="expected [Photo Printing Services | Print Photos Online | CVS Photo] but found [CVS Photo: Photo Prints | Passport Photos | Photo Cards | Photo Books]"/>
    <system-out><![CDATA[Before navigating to: 'https://www.cvs.com/#'
Navigated to:'https://www.cvs.com/#'
Unique name  of the Windows: [CDwindow-564629430960400F29439F111436C6C9]
Number of Windows: 1
Trying to find Element By : By.xpath: //a[@title='CVS Photo']
Found Element By : By.xpath: //a[@title='CVS Photo']
Trying to click on: [[ChromeDriver: chrome on XP (8835457509c68da9ed6f68facdc9d2d1)] -> xpath: //a[@title='CVS Photo']]
Clicked on: [[ChromeDriver: chrome on XP (8835457509c68da9ed6f68facdc9d2d1)] -> xpath: //a[@title='CVS Photo']]
Trying to find Element By : By.xpath: //a[@id='globalHeaderSignInRegister']
Found Element By : By.xpath: //a[@id='globalHeaderSignInRegister']
Trying to click on: [[ChromeDriver: chrome on XP (8835457509c68da9ed6f68facdc9d2d1)] -> xpath: //a[@id='globalHeaderSignInRegister']]
Clicked on: [[ChromeDriver: chrome on XP (8835457509c68da9ed6f68facdc9d2d1)] -> xpath: //a[@id='globalHeaderSignInRegister']]
Trying to find Element By : By.xpath: //input[@id='email']
Found Element By : By.xpath: //input[@id='email']
Trying to find Element By : By.xpath: //input[@id='pwd']
Found Element By : By.xpath: //input[@id='pwd']
Trying to find Element By : By.xpath: //input[@id='loginButtonDesk']
Found Element By : By.xpath: //input[@id='loginButtonDesk']
Trying to click on: [[ChromeDriver: chrome on XP (8835457509c68da9ed6f68facdc9d2d1)] -> xpath: //input[@id='loginButtonDesk']]
Clicked on: [[ChromeDriver: chrome on XP (8835457509c68da9ed6f68facdc9d2d1)] -> xpath: //input[@id='loginButtonDesk']]
]]></system-out>
    <system-err><![CDATA[Starting ChromeDriver 2.42.591088 (7b2b2dca23cca0862f674758c9a3933e685c27d5) on port 20641
Only local connections are allowed.
Feb 04, 2019 4:26:04 AM org.openqa.selenium.remote.ProtocolHandshake createSession
INFO: Detected dialect: OSS
]]></system-err>
  </testcase>
  <testcase name="verifyPhotoPageHomeTitleTest" classname="com.cvs.qa.testcases.PhotoPageTest" time="0">
    <skipped message="expected [Photo Printing Services | Print Photos Online | CVS Photo] but found [CVS Photo: Photo Prints | Passport Photos | Photo Cards | Photo Books]"/>
    <system-out><![CDATA[Before navigating to: 'https://www.cvs.com/#'
Navigated to:'https://www.cvs.com/#'
Unique name  of the Windows: [CDwindow-5DA3E695B86A56CC11978181903801D0]
Number of Windows: 1
Trying to find Element By : By.xpath: //a[@title='CVS Photo']
Found Element By : By.xpath: //a[@title='CVS Photo']
Trying to click on: [[ChromeDriver: chrome on XP (85989a9588421107468729453f3801d7)] -> xpath: //a[@title='CVS Photo']]
Clicked on: [[ChromeDriver: chrome on XP (85989a9588421107468729453f3801d7)] -> xpath: //a[@title='CVS Photo']]
Trying to find Element By : By.xpath: //a[@id='globalHeaderSignInRegister']
Found Element By : By.xpath: //a[@id='globalHeaderSignInRegister']
Trying to click on: [[ChromeDriver: chrome on XP (85989a9588421107468729453f3801d7)] -> xpath: //a[@id='globalHeaderSignInRegister']]
Clicked on: [[ChromeDriver: chrome on XP (85989a9588421107468729453f3801d7)] -> xpath: //a[@id='globalHeaderSignInRegister']]
Trying to find Element By : By.xpath: //input[@id='email']
Found Element By : By.xpath: //input[@id='email']
Trying to find Element By : By.xpath: //input[@id='pwd']
Found Element By : By.xpath: //input[@id='pwd']
Trying to find Element By : By.xpath: //input[@id='loginButtonDesk']
Found Element By : By.xpath: //input[@id='loginButtonDesk']
Trying to click on: [[ChromeDriver: chrome on XP (85989a9588421107468729453f3801d7)] -> xpath: //input[@id='loginButtonDesk']]
Clicked on: [[ChromeDriver: chrome on XP (85989a9588421107468729453f3801d7)] -> xpath: //input[@id='loginButtonDesk']]
]]></system-out>
    <system-err><![CDATA[Starting ChromeDriver 2.42.591088 (7b2b2dca23cca0862f674758c9a3933e685c27d5) on port 5553
Only local connections are allowed.
Feb 04, 2019 4:26:21 AM org.openqa.selenium.remote.ProtocolHandshake createSession
INFO: Detected dialect: OSS
]]></system-err>
  </testcase>
  <testcase name="verifyPhotoPageHomeTitleTest" classname="com.cvs.qa.testcases.PhotoPageTest" time="9.045">
    <failure message="expected [Photo Printing Services | Print Photos Online | CVS Photo] but found [CVS Photo: Photo Prints | Passport Photos | Photo Cards | Photo Books]" type="java.lang.AssertionError">java.lang.AssertionError: expected [Photo Printing Services | Print Photos Online | CVS Photo] but found [CVS Photo: Photo Prints | Passport Photos | Photo Cards | Photo Books]
	at com.cvs.qa.testcases.PhotoPageTest.verifyPhotoPageHomeTitleTest(PhotoPageTest.java:41)
</failure>
    <system-out><![CDATA[Before navigating to: 'https://www.cvs.com/#'
Navigated to:'https://www.cvs.com/#'
Unique name  of the Windows: [CDwindow-48ED3237B3F0D27AC6288B8E48A5E1AA]
Number of Windows: 1
Trying to find Element By : By.xpath: //a[@title='CVS Photo']
Found Element By : By.xpath: //a[@title='CVS Photo']
Trying to click on: [[ChromeDriver: chrome on XP (009028eaee0717573a677c258e9500d6)] -> xpath: //a[@title='CVS Photo']]
Clicked on: [[ChromeDriver: chrome on XP (009028eaee0717573a677c258e9500d6)] -> xpath: //a[@title='CVS Photo']]
Trying to find Element By : By.xpath: //a[@id='globalHeaderSignInRegister']
Found Element By : By.xpath: //a[@id='globalHeaderSignInRegister']
Trying to click on: [[ChromeDriver: chrome on XP (009028eaee0717573a677c258e9500d6)] -> xpath: //a[@id='globalHeaderSignInRegister']]
Clicked on: [[ChromeDriver: chrome on XP (009028eaee0717573a677c258e9500d6)] -> xpath: //a[@id='globalHeaderSignInRegister']]
Trying to find Element By : By.xpath: //input[@id='email']
Found Element By : By.xpath: //input[@id='email']
Trying to find Element By : By.xpath: //input[@id='pwd']
Found Element By : By.xpath: //input[@id='pwd']
Trying to find Element By : By.xpath: //input[@id='loginButtonDesk']
Found Element By : By.xpath: //input[@id='loginButtonDesk']
Trying to click on: [[ChromeDriver: chrome on XP (009028eaee0717573a677c258e9500d6)] -> xpath: //input[@id='loginButtonDesk']]
Clicked on: [[ChromeDriver: chrome on XP (009028eaee0717573a677c258e9500d6)] -> xpath: //input[@id='loginButtonDesk']]
]]></system-out>
    <system-err><![CDATA[Starting ChromeDriver 2.42.591088 (7b2b2dca23cca0862f674758c9a3933e685c27d5) on port 28478
Only local connections are allowed.
Feb 04, 2019 4:26:36 AM org.openqa.selenium.remote.ProtocolHandshake createSession
INFO: Detected dialect: OSS
]]></system-err>
  </testcase>
  <testcase name="verifyShopPageTitleTest" classname="com.cvs.qa.testcases.ShopPageTest" time="8.855"/>
  <testcase name="verifyShopPageLinkTest" classname="com.cvs.qa.testcases.ShopPageTest" time="2.369"/>
  <testcase name="verifyClickonShopAllCategoriesTest" classname="com.cvs.qa.testcases.ShopPageTest" time="4.86"/>
  <testcase name="verifyClickonVitaminLink" classname="com.cvs.qa.testcases.ShopPageTest" time="5.198"/>
  <testcase name="verifyAddCSLW2CartTest" classname="com.cvs.qa.testcases.ShopPageTest" time="5.518"/>
  <testcase name="verifyPageTitleTest" classname="com.cvs.qa.testcases.SignUp4DealTest" time="0">
    <skipped message="no such element: Unable to locate element: {&quot;method&quot;:&quot;xpath&quot;,&quot;selector&quot;:&quot;//*[contains(text(),&apos;Sign up for email&apos;)]&quot;}&#10;  (Session info: chrome=71.0.3578.98)&#10;  (Driver info: chromedriver=2.42.591088 (7b2b2dca23cca0862f674758c9a3933e685c27d5),platform=Windows NT 10.0.17134 x86_64) (WARNING: The server did not provide any stacktrace information)&#10;Command duration or timeout: 0 milliseconds&#10;For documentation on this error, please visit: http://seleniumhq.org/exceptions/no_such_element.html&#10;Build info: version: &apos;3.14.0&apos;, revision: &apos;aacccce0&apos;, time: &apos;2018-08-02T20:19:58.91Z&apos;&#10;System info: host: &apos;DESKTOP-JEV6767&apos;, ip: &apos;192.168.1.7&apos;, os.name: &apos;Windows 10&apos;, os.arch: &apos;amd64&apos;, os.version: &apos;10.0&apos;, java.version: &apos;1.8.0_171&apos;&#10;Driver info: org.openqa.selenium.chrome.ChromeDriver&#10;Capabilities {acceptInsecureCerts: false, acceptSslCerts: false, applicationCacheEnabled: false, browserConnectionEnabled: false, browserName: chrome, chrome: {chromedriverVersion: 2.42.591088 (7b2b2dca23cca0..., userDataDir: C:\Users\JAVALE~1\AppData\L...}, cssSelectorsEnabled: true, databaseEnabled: false, goog:chromeOptions: {debuggerAddress: localhost:61738}, handlesAlerts: true, hasTouchScreen: false, javascriptEnabled: true, locationContextEnabled: true, mobileEmulationEnabled: false, nativeEvents: true, networkConnectionEnabled: false, pageLoadStrategy: normal, platform: XP, platformName: XP, rotatable: false, setWindowRect: true, takesHeapSnapshot: true, takesScreenshot: true, unexpectedAlertBehaviour: , unhandledPromptBehavior: , version: 71.0.3578.98, webStorageEnabled: true}&#10;Session ID: 2b59b685c120ec90121beeccdff2fc76&#10;*** Element info: {Using=xpath, value=//*[contains(text(),&apos;Sign up for email&apos;)]}"/>
    <system-out><![CDATA[Before navigating to: 'https://www.cvs.com/#'
Navigated to:'https://www.cvs.com/#'
Unique name  of the Windows: [CDwindow-CA89D40339BF65470C1E7414C82E4970]
Number of Windows: 1
02-04-2019 04:27:56 SignUp4DealTest.java INFO  [main] testcases.SignUp4DealTest 28 - Beginnning of SignUp for Deals Test Case
02-04-2019 04:27:56 SignUpPage4Savings.java INFO  [main] pages.SignUpPage4Savings 69 - Verifying Title of the signup webpage
Trying to find Element By : By.cssSelector: [class='caret-white-hlightgray-14 fontsize14']
Found Element By : By.cssSelector: [class='caret-white-hlightgray-14 fontsize14']
Trying to click on: [[ChromeDriver: chrome on XP (2b59b685c120ec90121beeccdff2fc76)] -> css selector: [class='caret-white-hlightgray-14 fontsize14']]
Clicked on: [[ChromeDriver: chrome on XP (2b59b685c120ec90121beeccdff2fc76)] -> css selector: [class='caret-white-hlightgray-14 fontsize14']]
Trying to find Element By : By.xpath: //*[contains(text(),'Sign up for email')]
Exception occured: org.openqa.selenium.NoSuchElementException: no such element: Unable to locate element: {"method":"xpath","selector":"//*[contains(text(),'Sign up for email')]"}
  (Session info: chrome=71.0.3578.98)
  (Driver info: chromedriver=2.42.591088 (7b2b2dca23cca0862f674758c9a3933e685c27d5),platform=Windows NT 10.0.17134 x86_64) (WARNING: The server did not provide any stacktrace information)
Command duration or timeout: 0 milliseconds
For documentation on this error, please visit: http://seleniumhq.org/exceptions/no_such_element.html
Build info: version: '3.14.0', revision: 'aacccce0', time: '2018-08-02T20:19:58.91Z'
System info: host: 'DESKTOP-JEV6767', ip: '192.168.1.7', os.name: 'Windows 10', os.arch: 'amd64', os.version: '10.0', java.version: '1.8.0_171'
Driver info: org.openqa.selenium.chrome.ChromeDriver
Capabilities {acceptInsecureCerts: false, acceptSslCerts: false, applicationCacheEnabled: false, browserConnectionEnabled: false, browserName: chrome, chrome: {chromedriverVersion: 2.42.591088 (7b2b2dca23cca0..., userDataDir: C:\Users\JAVALE~1\AppData\L...}, cssSelectorsEnabled: true, databaseEnabled: false, goog:chromeOptions: {debuggerAddress: localhost:61738}, handlesAlerts: true, hasTouchScreen: false, javascriptEnabled: true, locationContextEnabled: true, mobileEmulationEnabled: false, nativeEvents: true, networkConnectionEnabled: false, pageLoadStrategy: normal, platform: XP, platformName: XP, rotatable: false, setWindowRect: true, takesHeapSnapshot: true, takesScreenshot: true, unexpectedAlertBehaviour: , unhandledPromptBehavior: , version: 71.0.3578.98, webStorageEnabled: true}
Session ID: 2b59b685c120ec90121beeccdff2fc76
*** Element info: {Using=xpath, value=//*[contains(text(),'Sign up for email')]}
]]></system-out>
    <system-err><![CDATA[Starting ChromeDriver 2.42.591088 (7b2b2dca23cca0862f674758c9a3933e685c27d5) on port 46571
Only local connections are allowed.
Feb 04, 2019 4:27:53 AM org.openqa.selenium.remote.ProtocolHandshake createSession
INFO: Detected dialect: OSS
]]></system-err>
  </testcase>
  <testcase name="verifyPageTitleTest" classname="com.cvs.qa.testcases.SignUp4DealTest" time="0">
    <skipped message="expected [CVS Pharmacy Email] but found [CVS ExtraCare | ExtraBucks Rewards | Get Manufacturer Coupons]"/>
    <system-out><![CDATA[02-04-2019 04:28:18 SignUp4DealTest.java INFO  [main] testcases.SignUp4DealTest 64 - End of Test Case
Before navigating to: 'https://www.cvs.com/#'
Navigated to:'https://www.cvs.com/#'
Unique name  of the Windows: [CDwindow-BCBEA626891A4CF71043A119834826CE]
Number of Windows: 1
02-04-2019 04:28:23 SignUp4DealTest.java INFO  [main] testcases.SignUp4DealTest 28 - Beginnning of SignUp for Deals Test Case
02-04-2019 04:28:23 SignUpPage4Savings.java INFO  [main] pages.SignUpPage4Savings 69 - Verifying Title of the signup webpage
Trying to find Element By : By.cssSelector: [class='caret-white-hlightgray-14 fontsize14']
Found Element By : By.cssSelector: [class='caret-white-hlightgray-14 fontsize14']
Trying to click on: [[ChromeDriver: chrome on XP (061def17a3f7423e966cb7c199b615c7)] -> css selector: [class='caret-white-hlightgray-14 fontsize14']]
Clicked on: [[ChromeDriver: chrome on XP (061def17a3f7423e966cb7c199b615c7)] -> css selector: [class='caret-white-hlightgray-14 fontsize14']]
Trying to find Element By : By.xpath: //*[contains(text(),'Sign up for email')]
Found Element By : By.xpath: //*[contains(text(),'Sign up for email')]
Trying to click on: [[ChromeDriver: chrome on XP (061def17a3f7423e966cb7c199b615c7)] -> xpath: //*[contains(text(),'Sign up for email')]]
Clicked on: [[ChromeDriver: chrome on XP (061def17a3f7423e966cb7c199b615c7)] -> xpath: //*[contains(text(),'Sign up for email')]]
]]></system-out>
    <system-err><![CDATA[Starting ChromeDriver 2.42.591088 (7b2b2dca23cca0862f674758c9a3933e685c27d5) on port 22848
Only local connections are allowed.
Feb 04, 2019 4:28:20 AM org.openqa.selenium.remote.ProtocolHandshake createSession
INFO: Detected dialect: OSS
]]></system-err>
  </testcase>
  <testcase name="verifyPageTitleTest" classname="com.cvs.qa.testcases.SignUp4DealTest" time="0">
    <skipped message="expected [CVS Pharmacy Email] but found [CVS ExtraCare | ExtraBucks Rewards | Get Manufacturer Coupons]"/>
    <system-out><![CDATA[02-04-2019 04:28:25 SignUp4DealTest.java INFO  [main] testcases.SignUp4DealTest 64 - End of Test Case
Before navigating to: 'https://www.cvs.com/#'
Navigated to:'https://www.cvs.com/#'
Unique name  of the Windows: [CDwindow-6379A1CE80E053A7E1CD6DF6C452CB27]
Number of Windows: 1
02-04-2019 04:28:31 SignUp4DealTest.java INFO  [main] testcases.SignUp4DealTest 28 - Beginnning of SignUp for Deals Test Case
02-04-2019 04:28:31 SignUpPage4Savings.java INFO  [main] pages.SignUpPage4Savings 69 - Verifying Title of the signup webpage
Trying to find Element By : By.cssSelector: [class='caret-white-hlightgray-14 fontsize14']
Found Element By : By.cssSelector: [class='caret-white-hlightgray-14 fontsize14']
Trying to click on: [[ChromeDriver: chrome on XP (14cde0969e08d577c45afc3f0dac1b64)] -> css selector: [class='caret-white-hlightgray-14 fontsize14']]
Clicked on: [[ChromeDriver: chrome on XP (14cde0969e08d577c45afc3f0dac1b64)] -> css selector: [class='caret-white-hlightgray-14 fontsize14']]
Trying to find Element By : By.xpath: //*[contains(text(),'Sign up for email')]
Found Element By : By.xpath: //*[contains(text(),'Sign up for email')]
Trying to click on: [[ChromeDriver: chrome on XP (14cde0969e08d577c45afc3f0dac1b64)] -> xpath: //*[contains(text(),'Sign up for email')]]
Clicked on: [[ChromeDriver: chrome on XP (14cde0969e08d577c45afc3f0dac1b64)] -> xpath: //*[contains(text(),'Sign up for email')]]
]]></system-out>
    <system-err><![CDATA[Starting ChromeDriver 2.42.591088 (7b2b2dca23cca0862f674758c9a3933e685c27d5) on port 35753
Only local connections are allowed.
Feb 04, 2019 4:28:28 AM org.openqa.selenium.remote.ProtocolHandshake createSession
INFO: Detected dialect: OSS
]]></system-err>
  </testcase>
  <testcase name="verifyPageTitleTest" classname="com.cvs.qa.testcases.SignUp4DealTest" time="21.024">
    <failure message="no such element: Unable to locate element: {&quot;method&quot;:&quot;xpath&quot;,&quot;selector&quot;:&quot;//*[contains(text(),&apos;Sign up for email&apos;)]&quot;}&#10;  (Session info: chrome=71.0.3578.98)&#10;  (Driver info: chromedriver=2.42.591088 (7b2b2dca23cca0862f674758c9a3933e685c27d5),platform=Windows NT 10.0.17134 x86_64) (WARNING: The server did not provide any stacktrace information)&#10;Command duration or timeout: 0 milliseconds&#10;For documentation on this error, please visit: http://seleniumhq.org/exceptions/no_such_element.html&#10;Build info: version: &apos;3.14.0&apos;, revision: &apos;aacccce0&apos;, time: &apos;2018-08-02T20:19:58.91Z&apos;&#10;System info: host: &apos;DESKTOP-JEV6767&apos;, ip: &apos;192.168.1.7&apos;, os.name: &apos;Windows 10&apos;, os.arch: &apos;amd64&apos;, os.version: &apos;10.0&apos;, java.version: &apos;1.8.0_171&apos;&#10;Driver info: org.openqa.selenium.chrome.ChromeDriver&#10;Capabilities {acceptInsecureCerts: false, acceptSslCerts: false, applicationCacheEnabled: false, browserConnectionEnabled: false, browserName: chrome, chrome: {chromedriverVersion: 2.42.591088 (7b2b2dca23cca0..., userDataDir: C:\Users\JAVALE~1\AppData\L...}, cssSelectorsEnabled: true, databaseEnabled: false, goog:chromeOptions: {debuggerAddress: localhost:61907}, handlesAlerts: true, hasTouchScreen: false, javascriptEnabled: true, locationContextEnabled: true, mobileEmulationEnabled: false, nativeEvents: true, networkConnectionEnabled: false, pageLoadStrategy: normal, platform: XP, platformName: XP, rotatable: false, setWindowRect: true, takesHeapSnapshot: true, takesScreenshot: true, unexpectedAlertBehaviour: , unhandledPromptBehavior: , version: 71.0.3578.98, webStorageEnabled: true}&#10;Session ID: 96fca0cdeb7ad81bbdef583a93a0de76&#10;*** Element info: {Using=xpath, value=//*[contains(text(),&apos;Sign up for email&apos;)]}" type="org.openqa.selenium.NoSuchElementException">org.openqa.selenium.NoSuchElementException: 
no such element: Unable to locate element: {"method":"xpath","selector":"//*[contains(text(),'Sign up for email')]"}
  (Session info: chrome=71.0.3578.98)
  (Driver info: chromedriver=2.42.591088 (7b2b2dca23cca0862f674758c9a3933e685c27d5),platform=Windows NT 10.0.17134 x86_64) (WARNING: The server did not provide any stacktrace information)
Command duration or timeout: 0 milliseconds
For documentation on this error, please visit: http://seleniumhq.org/exceptions/no_such_element.html
Build info: version: '3.14.0', revision: 'aacccce0', time: '2018-08-02T20:19:58.91Z'
System info: host: 'DESKTOP-JEV6767', ip: '192.168.1.7', os.name: 'Windows 10', os.arch: 'amd64', os.version: '10.0', java.version: '1.8.0_171'
Driver info: org.openqa.selenium.chrome.ChromeDriver
Capabilities {acceptInsecureCerts: false, acceptSslCerts: false, applicationCacheEnabled: false, browserConnectionEnabled: false, browserName: chrome, chrome: {chromedriverVersion: 2.42.591088 (7b2b2dca23cca0..., userDataDir: C:\Users\JAVALE~1\AppData\L...}, cssSelectorsEnabled: true, databaseEnabled: false, goog:chromeOptions: {debuggerAddress: localhost:61907}, handlesAlerts: true, hasTouchScreen: false, javascriptEnabled: true, locationContextEnabled: true, mobileEmulationEnabled: false, nativeEvents: true, networkConnectionEnabled: false, pageLoadStrategy: normal, platform: XP, platformName: XP, rotatable: false, setWindowRect: true, takesHeapSnapshot: true, takesScreenshot: true, unexpectedAlertBehaviour: , unhandledPromptBehavior: , version: 71.0.3578.98, webStorageEnabled: true}
Session ID: 96fca0cdeb7ad81bbdef583a93a0de76
*** Element info: {Using=xpath, value=//*[contains(text(),'Sign up for email')]}
	at com.cvs.qa.testcases.SignUp4DealTest.verifyPageTitleTest(SignUp4DealTest.java:39)
</failure>
    <system-out><![CDATA[02-04-2019 04:28:34 SignUp4DealTest.java INFO  [main] testcases.SignUp4DealTest 64 - End of Test Case
Before navigating to: 'https://www.cvs.com/#'
Navigated to:'https://www.cvs.com/#'
Unique name  of the Windows: [CDwindow-A92DB93C29263469944EBDE5D44C0711]
Number of Windows: 1
02-04-2019 04:28:39 SignUp4DealTest.java INFO  [main] testcases.SignUp4DealTest 28 - Beginnning of SignUp for Deals Test Case
02-04-2019 04:28:39 SignUpPage4Savings.java INFO  [main] pages.SignUpPage4Savings 69 - Verifying Title of the signup webpage
Trying to find Element By : By.cssSelector: [class='caret-white-hlightgray-14 fontsize14']
Found Element By : By.cssSelector: [class='caret-white-hlightgray-14 fontsize14']
Trying to click on: [[ChromeDriver: chrome on XP (96fca0cdeb7ad81bbdef583a93a0de76)] -> css selector: [class='caret-white-hlightgray-14 fontsize14']]
Clicked on: [[ChromeDriver: chrome on XP (96fca0cdeb7ad81bbdef583a93a0de76)] -> css selector: [class='caret-white-hlightgray-14 fontsize14']]
Trying to find Element By : By.xpath: //*[contains(text(),'Sign up for email')]
Exception occured: org.openqa.selenium.NoSuchElementException: no such element: Unable to locate element: {"method":"xpath","selector":"//*[contains(text(),'Sign up for email')]"}
  (Session info: chrome=71.0.3578.98)
  (Driver info: chromedriver=2.42.591088 (7b2b2dca23cca0862f674758c9a3933e685c27d5),platform=Windows NT 10.0.17134 x86_64) (WARNING: The server did not provide any stacktrace information)
Command duration or timeout: 0 milliseconds
For documentation on this error, please visit: http://seleniumhq.org/exceptions/no_such_element.html
Build info: version: '3.14.0', revision: 'aacccce0', time: '2018-08-02T20:19:58.91Z'
System info: host: 'DESKTOP-JEV6767', ip: '192.168.1.7', os.name: 'Windows 10', os.arch: 'amd64', os.version: '10.0', java.version: '1.8.0_171'
Driver info: org.openqa.selenium.chrome.ChromeDriver
Capabilities {acceptInsecureCerts: false, acceptSslCerts: false, applicationCacheEnabled: false, browserConnectionEnabled: false, browserName: chrome, chrome: {chromedriverVersion: 2.42.591088 (7b2b2dca23cca0..., userDataDir: C:\Users\JAVALE~1\AppData\L...}, cssSelectorsEnabled: true, databaseEnabled: false, goog:chromeOptions: {debuggerAddress: localhost:61907}, handlesAlerts: true, hasTouchScreen: false, javascriptEnabled: true, locationContextEnabled: true, mobileEmulationEnabled: false, nativeEvents: true, networkConnectionEnabled: false, pageLoadStrategy: normal, platform: XP, platformName: XP, rotatable: false, setWindowRect: true, takesHeapSnapshot: true, takesScreenshot: true, unexpectedAlertBehaviour: , unhandledPromptBehavior: , version: 71.0.3578.98, webStorageEnabled: true}
Session ID: 96fca0cdeb7ad81bbdef583a93a0de76
*** Element info: {Using=xpath, value=//*[contains(text(),'Sign up for email')]}
]]></system-out>
    <system-err><![CDATA[Starting ChromeDriver 2.42.591088 (7b2b2dca23cca0862f674758c9a3933e685c27d5) on port 33191
Only local connections are allowed.
Feb 04, 2019 4:28:36 AM org.openqa.selenium.remote.ProtocolHandshake createSession
INFO: Detected dialect: OSS
]]></system-err>
  </testcase>
  <testcase name="verifySignUp4DealsTest" classname="com.cvs.qa.testcases.SignUp4DealTest" time="11.466"/>
  <testcase name="verifySignU4DealsExcelDataTest" classname="com.cvs.qa.testcases.SignUp4DealTest" time="14.708"/>
  <testcase name="verifySignU4DealsExcelDataTest" classname="com.cvs.qa.testcases.SignUp4DealTest" time="10.931"/>
  <testcase name="verifySignU4DealsExcelDataTest" classname="com.cvs.qa.testcases.SignUp4DealTest" time="12.641"/>
  <testcase name="verifySignU4DealsExcelDataTest" classname="com.cvs.qa.testcases.SignUp4DealTest" time="10.964"/>
  <testcase name="verifySignU4DealsExcelDataTest" classname="com.cvs.qa.testcases.SignUp4DealTest" time="11.004"/>
  <testcase name="verifySignU4DealsExcelDataTest" classname="com.cvs.qa.testcases.SignUp4DealTest" time="10.473"/>
  <testcase name="verifySignU4DealsExcelDataTest" classname="com.cvs.qa.testcases.SignUp4DealTest" time="0">
    <skipped message="no such element: Unable to locate element: {&quot;method&quot;:&quot;xpath&quot;,&quot;selector&quot;:&quot;//input[@name=&apos;EMAILADDRESS_&apos;]&quot;}&#10;  (Session info: chrome=71.0.3578.98)&#10;  (Driver info: chromedriver=2.42.591088 (7b2b2dca23cca0862f674758c9a3933e685c27d5),platform=Windows NT 10.0.17134 x86_64) (WARNING: The server did not provide any stacktrace information)&#10;Command duration or timeout: 0 milliseconds&#10;For documentation on this error, please visit: http://seleniumhq.org/exceptions/no_such_element.html&#10;Build info: version: &apos;3.14.0&apos;, revision: &apos;aacccce0&apos;, time: &apos;2018-08-02T20:19:58.91Z&apos;&#10;System info: host: &apos;DESKTOP-JEV6767&apos;, ip: &apos;192.168.1.7&apos;, os.name: &apos;Windows 10&apos;, os.arch: &apos;amd64&apos;, os.version: &apos;10.0&apos;, java.version: &apos;1.8.0_171&apos;&#10;Driver info: org.openqa.selenium.chrome.ChromeDriver&#10;Capabilities {acceptInsecureCerts: false, acceptSslCerts: false, applicationCacheEnabled: false, browserConnectionEnabled: false, browserName: chrome, chrome: {chromedriverVersion: 2.42.591088 (7b2b2dca23cca0..., userDataDir: C:\Users\JAVALE~1\AppData\L...}, cssSelectorsEnabled: true, databaseEnabled: false, goog:chromeOptions: {debuggerAddress: localhost:62490}, handlesAlerts: true, hasTouchScreen: false, javascriptEnabled: true, locationContextEnabled: true, mobileEmulationEnabled: false, nativeEvents: true, networkConnectionEnabled: false, pageLoadStrategy: normal, platform: XP, platformName: XP, rotatable: false, setWindowRect: true, takesHeapSnapshot: true, takesScreenshot: true, unexpectedAlertBehaviour: , unhandledPromptBehavior: , version: 71.0.3578.98, webStorageEnabled: true}&#10;Session ID: dc85cd9985d0a28582f50ea8586f0008&#10;*** Element info: {Using=xpath, value=//input[@name=&apos;EMAILADDRESS_&apos;]}"/>
    <system-out><![CDATA[02-04-2019 04:31:06 SignUp4DealTest.java INFO  [main] testcases.SignUp4DealTest 64 - End of Test Case
Before navigating to: 'https://www.cvs.com/#'
Navigated to:'https://www.cvs.com/#'
Unique name  of the Windows: [CDwindow-F04B26C7A9A91EA7CC20E3FC0E84978B]
Number of Windows: 1
02-04-2019 04:31:12 SignUp4DealTest.java INFO  [main] testcases.SignUp4DealTest 28 - Beginnning of SignUp for Deals Test Case
02-04-2019 04:31:12 SignUp4DealTest.java INFO  [main] testcases.SignUp4DealTest 54 - Beginnning of Excel Data Test
02-04-2019 04:31:14 SignUpPage4Savings.java INFO  [main] pages.SignUpPage4Savings 79 - Verifying signup steps in signup webpage
Trying to find Element By : By.cssSelector: [class='caret-white-hlightgray-14 fontsize14']
Found Element By : By.cssSelector: [class='caret-white-hlightgray-14 fontsize14']
Trying to click on: [[ChromeDriver: chrome on XP (dc85cd9985d0a28582f50ea8586f0008)] -> css selector: [class='caret-white-hlightgray-14 fontsize14']]
Clicked on: [[ChromeDriver: chrome on XP (dc85cd9985d0a28582f50ea8586f0008)] -> css selector: [class='caret-white-hlightgray-14 fontsize14']]
Trying to find Element By : By.xpath: //*[contains(text(),'Sign up for email')]
Found Element By : By.xpath: //*[contains(text(),'Sign up for email')]
Trying to click on: [[ChromeDriver: chrome on XP (dc85cd9985d0a28582f50ea8586f0008)] -> xpath: //*[contains(text(),'Sign up for email')]]
Clicked on: [[ChromeDriver: chrome on XP (dc85cd9985d0a28582f50ea8586f0008)] -> xpath: //*[contains(text(),'Sign up for email')]]
Trying to find Element By : By.xpath: //input[@name='EMAILADDRESS_']
Exception occured: org.openqa.selenium.NoSuchElementException: no such element: Unable to locate element: {"method":"xpath","selector":"//input[@name='EMAILADDRESS_']"}
  (Session info: chrome=71.0.3578.98)
  (Driver info: chromedriver=2.42.591088 (7b2b2dca23cca0862f674758c9a3933e685c27d5),platform=Windows NT 10.0.17134 x86_64) (WARNING: The server did not provide any stacktrace information)
Command duration or timeout: 0 milliseconds
For documentation on this error, please visit: http://seleniumhq.org/exceptions/no_such_element.html
Build info: version: '3.14.0', revision: 'aacccce0', time: '2018-08-02T20:19:58.91Z'
System info: host: 'DESKTOP-JEV6767', ip: '192.168.1.7', os.name: 'Windows 10', os.arch: 'amd64', os.version: '10.0', java.version: '1.8.0_171'
Driver info: org.openqa.selenium.chrome.ChromeDriver
Capabilities {acceptInsecureCerts: false, acceptSslCerts: false, applicationCacheEnabled: false, browserConnectionEnabled: false, browserName: chrome, chrome: {chromedriverVersion: 2.42.591088 (7b2b2dca23cca0..., userDataDir: C:\Users\JAVALE~1\AppData\L...}, cssSelectorsEnabled: true, databaseEnabled: false, goog:chromeOptions: {debuggerAddress: localhost:62490}, handlesAlerts: true, hasTouchScreen: false, javascriptEnabled: true, locationContextEnabled: true, mobileEmulationEnabled: false, nativeEvents: true, networkConnectionEnabled: false, pageLoadStrategy: normal, platform: XP, platformName: XP, rotatable: false, setWindowRect: true, takesHeapSnapshot: true, takesScreenshot: true, unexpectedAlertBehaviour: , unhandledPromptBehavior: , version: 71.0.3578.98, webStorageEnabled: true}
Session ID: dc85cd9985d0a28582f50ea8586f0008
*** Element info: {Using=xpath, value=//input[@name='EMAILADDRESS_']}
]]></system-out>
    <system-err><![CDATA[Starting ChromeDriver 2.42.591088 (7b2b2dca23cca0862f674758c9a3933e685c27d5) on port 29530
Only local connections are allowed.
Feb 04, 2019 4:31:09 AM org.openqa.selenium.remote.ProtocolHandshake createSession
INFO: Detected dialect: OSS
]]></system-err>
  </testcase>
  <testcase name="verifySignU4DealsExcelDataTest" classname="com.cvs.qa.testcases.SignUp4DealTest" time="12.007"/>
  <testcase name="setUp" classname="com.cvs.qa.testcases.PharmacyTest" time="12.787">
    <failure message="&#10;Parameter &apos;browser&apos; is required by BeforeMethod on method setUp but has not been marked @Optional or defined&#10;in C:\Users\JavaLearner\Desktop\CvsPharmacyProject\CvsPharmacyTest\src\main\resources\testng.xml" type="org.testng.TestNGException">org.testng.TestNGException: 

Parameter 'browser' is required by BeforeMethod on method setUp but has not been marked @Optional or defined
in C:\Users\JavaLearner\Desktop\CvsPharmacyProject\CvsPharmacyTest\src\main\resources\testng.xml
</failure>
    <system-out><![CDATA[02-04-2019 04:31:57 SignUp4DealTest.java INFO  [main] testcases.SignUp4DealTest 64 - End of Test Case
]]></system-out>
  </testcase>
  <testcase name="verifyTransferingRX2CVS" classname="com.cvs.qa.testcases.PharmacyTest" time="0">
    <skipped message="&#10;Parameter &apos;browser&apos; is required by BeforeMethod on method setUp but has not been marked @Optional or defined&#10;in C:\Users\JavaLearner\Desktop\CvsPharmacyProject\CvsPharmacyTest\src\main\resources\testng.xml"/>
  </testcase>
  <testcase name="tearDown" classname="com.cvs.qa.testcases.PharmacyTest" time="0">
    <skipped/>
  </testcase>
</testsuite>