<?xml version="1.0" encoding="UTF-8"?>
<!-- Generated by org.testng.reporters.JUnitXMLReporter -->
<testsuite hostname="DESKTOP-JEV6767" ignored="2" name=" CVS ShopPageTest(failed)" tests="7" failures="1" timestamp="18 Oct 2018 05:32:26 GMT" time="88.593" errors="0">
  <testcase name="@AfterMethod tearDown" time="20.812" classname="com.cvs.qa.testcases.ShopPageTest">
    <failure type="org.openqa.selenium.TimeoutException" message="timeout
  (Session info: chrome=69.0.3497.100)
  (Driver info: chromedriver=2.42.591088 (7b2b2dca23cca0862f674758c9a3933e685c27d5),platform=Windows NT 10.0.17134 x86_64) (WARNING: The server did not provide any stacktrace information)
Command duration or timeout: 0 milliseconds
Build info: version: &amp;apos;3.14.0&amp;apos;, revision: &amp;apos;aacccce0&amp;apos;, time: &amp;apos;2018-08-02T20:19:58.91Z&amp;apos;
System info: host: &amp;apos;DESKTOP-JEV6767&amp;apos;, ip: &amp;apos;192.168.1.6&amp;apos;, os.name: &amp;apos;Windows 10&amp;apos;, os.arch: &amp;apos;amd64&amp;apos;, os.version: &amp;apos;10.0&amp;apos;, java.version: &amp;apos;1.8.0_171&amp;apos;
Driver info: org.openqa.selenium.chrome.ChromeDriver
Capabilities {acceptInsecureCerts: false, acceptSslCerts: false, applicationCacheEnabled: false, browserConnectionEnabled: false, browserName: chrome, chrome: {chromedriverVersion: 2.42.591088 (7b2b2dca23cca0..., userDataDir: C:\Users\JAVALE~1\AppData\L...}, cssSelectorsEnabled: true, databaseEnabled: false, goog:chromeOptions: {debuggerAddress: localhost:61947}, handlesAlerts: true, hasTouchScreen: false, javascriptEnabled: true, locationContextEnabled: true, mobileEmulationEnabled: false, nativeEvents: true, networkConnectionEnabled: false, pageLoadStrategy: normal, platform: XP, platformName: XP, rotatable: false, setWindowRect: true, takesHeapSnapshot: true, takesScreenshot: true, unexpectedAlertBehaviour: , unhandledPromptBehavior: , version: 69.0.3497.100, webStorageEnabled: true}
Session ID: 3022acd3f9b986a8b89b684eb73185d0">
      <![CDATA[org.openqa.selenium.TimeoutException: timeout
  (Session info: chrome=69.0.3497.100)
  (Driver info: chromedriver=2.42.591088 (7b2b2dca23cca0862f674758c9a3933e685c27d5),platform=Windows NT 10.0.17134 x86_64) (WARNING: The server did not provide any stacktrace information)
Command duration or timeout: 0 milliseconds
Build info: version: '3.14.0', revision: 'aacccce0', time: '2018-08-02T20:19:58.91Z'
System info: host: 'DESKTOP-JEV6767', ip: '192.168.1.6', os.name: 'Windows 10', os.arch: 'amd64', os.version: '10.0', java.version: '1.8.0_171'
Driver info: org.openqa.selenium.chrome.ChromeDriver
Capabilities {acceptInsecureCerts: false, acceptSslCerts: false, applicationCacheEnabled: false, browserConnectionEnabled: false, browserName: chrome, chrome: {chromedriverVersion: 2.42.591088 (7b2b2dca23cca0..., userDataDir: C:\Users\JAVALE~1\AppData\L...}, cssSelectorsEnabled: true, databaseEnabled: false, goog:chromeOptions: {debuggerAddress: localhost:61947}, handlesAlerts: true, hasTouchScreen: false, javascriptEnabled: true, locationContextEnabled: true, mobileEmulationEnabled: false, nativeEvents: true, networkConnectionEnabled: false, pageLoadStrategy: normal, platform: XP, platformName: XP, rotatable: false, setWindowRect: true, takesHeapSnapshot: true, takesScreenshot: true, unexpectedAlertBehaviour: , unhandledPromptBehavior: , version: 69.0.3497.100, webStorageEnabled: true}
Session ID: 3022acd3f9b986a8b89b684eb73185d0
at org.openqa.selenium.remote.ErrorHandler.createThrowable(ErrorHandler.java:214)
at org.openqa.selenium.remote.ErrorHandler.throwIfResponseFailed(ErrorHandler.java:166)
at org.openqa.selenium.remote.http.JsonHttpResponseCodec.reconstructValue(JsonHttpResponseCodec.java:40)
at org.openqa.selenium.remote.http.AbstractHttpResponseCodec.decode(AbstractHttpResponseCodec.java:80)
at org.openqa.selenium.remote.http.AbstractHttpResponseCodec.decode(AbstractHttpResponseCodec.java:44)
at org.openqa.selenium.remote.HttpCommandExecutor.execute(HttpCommandExecutor.java:158)
at org.openqa.selenium.remote.service.DriverCommandExecutor.execute(DriverCommandExecutor.java:83)
at org.openqa.selenium.remote.RemoteWebDriver.execute(RemoteWebDriver.java:548)
at org.openqa.selenium.remote.RemoteWebDriver.execute(RemoteWebDriver.java:605)
at org.openqa.selenium.remote.RemoteWebDriver$RemoteWebDriverOptions.deleteAllCookies(RemoteWebDriver.java:690)
at org.openqa.selenium.support.events.EventFiringWebDriver$EventFiringOptions.deleteAllCookies(EventFiringWebDriver.java:629)
at com.cvs.qa.testcases.ShopPageTest.tearDown(ShopPageTest.java:61)
... Removed 32 stack frames]]>
    </failure>
  </testcase> <!-- @AfterMethod tearDown -->
  <testcase name="@BeforeMethod setUp" time="0.0" classname="com.cvs.qa.testcases.ShopPageTest">
    <skipped/>
  </testcase> <!-- @BeforeMethod setUp -->
  <testcase name="@AfterMethod tearDown" time="0.0" classname="com.cvs.qa.testcases.ShopPageTest">
    <skipped/>
  </testcase> <!-- @AfterMethod tearDown -->
  <testcase name="@BeforeMethod setUp" time="0.0" classname="com.cvs.qa.testcases.ShopPageTest">
    <skipped/>
  </testcase> <!-- @BeforeMethod setUp -->
  <testcase name="@AfterMethod tearDown" time="0.0" classname="com.cvs.qa.testcases.ShopPageTest">
    <skipped/>
  </testcase> <!-- @AfterMethod tearDown -->
  <testcase name="verifyShopPageTitleTest" time="4.508" classname="com.cvs.qa.testcases.ShopPageTest">
    <skipped/>
  </testcase> <!-- verifyShopPageTitleTest -->
  <testcase name="verifyShopPageTitleTest" time="3.927" classname="com.cvs.qa.testcases.ShopPageTest">
    <skipped/>
  </testcase> <!-- verifyShopPageTitleTest -->
  <testcase name="verifyShopPageTitleTest" time="4.251" classname="com.cvs.qa.testcases.ShopPageTest">
    <skipped/>
  </testcase> <!-- verifyShopPageTitleTest -->
  <testcase name="verifyShopPageTitleTest" time="5.133" classname="com.cvs.qa.testcases.ShopPageTest">
    <failure type="java.lang.AssertionError" message="expected [Beauty, Vitamins, Medicine &amp;amp; Everyday Essentials | CVS.com] but found [Beauty Products, Wellness Products, and Home Essentials - CVS pharmacy]">
      <![CDATA[java.lang.AssertionError: expected [Beauty, Vitamins, Medicine & Everyday Essentials | CVS.com] but found [Beauty Products, Wellness Products, and Home Essentials - CVS pharmacy]
at com.cvs.qa.testcases.ShopPageTest.verifyShopPageTitleTest(ShopPageTest.java:33)
... Removed 31 stack frames]]>
    </failure>
  </testcase> <!-- verifyShopPageTitleTest -->
  <testcase name="verifyClickonShopAllCategoriesTest" time="7.087" classname="com.cvs.qa.testcases.ShopPageTest">
    <skipped/>
  </testcase> <!-- verifyClickonShopAllCategoriesTest -->
  <testcase name="verifyClickonShopAllCategoriesTest" time="0.0" classname="com.cvs.qa.testcases.ShopPageTest">
    <skipped/>
  </testcase> <!-- verifyClickonShopAllCategoriesTest -->
  <testcase name="verifyAddCSLW2CartTest" time="0.0" classname="com.cvs.qa.testcases.ShopPageTest">
    <skipped/>
  </testcase> <!-- verifyAddCSLW2CartTest -->
  <testcase name="verifyClickonVitaminLink" time="0.0" classname="com.cvs.qa.testcases.ShopPageTest">
    <ignored/>
  </testcase> <!-- verifyClickonVitaminLink -->
  <testcase name="verifyShopPageLinkTest" time="0.0" classname="com.cvs.qa.testcases.ShopPageTest">
    <ignored/>
  </testcase> <!-- verifyShopPageLinkTest -->
</testsuite> <!--  CVS ShopPageTest(failed) -->
